****************************************
Report : constraint
	-all_violators
	-path slack_only
Design : user_project_wrapper
Version: T-2022.03-SP3
Date   : Sun May  7 08:27:28 2023
****************************************



   min_delay/hold ('clock_gating_default' group)

   Endpoint                                                  Slack
   -----------------------------------------------------------------
   _0663_/A_N                                             -15.1133  (VIOLATED)
   _0664_/A_N                                             -14.8092  (VIOLATED)
   _0664_/B                                               -14.6318  (VIOLATED)
   _0666_/B                                               -14.4742  (VIOLATED)
   _0665_/C                                               -14.4535  (VIOLATED)
   _0666_/A                                               -14.2115  (VIOLATED)
   _0665_/A                                               -14.1042  (VIOLATED)
   _0663_/B                                               -13.4801  (VIOLATED)



   clock_gating_hold

   Endpoint                                                  Slack
   -----------------------------------------------------------------
   _0663_/A_N                                             -15.1133  (VIOLATED)
   _0664_/A_N                                             -14.8092  (VIOLATED)
   _0664_/B                                               -14.6318  (VIOLATED)
   _0666_/B                                               -14.4742  (VIOLATED)
   _0665_/C                                               -14.4535  (VIOLATED)
   _0666_/A                                               -14.2115  (VIOLATED)
   _0665_/A                                               -14.1042  (VIOLATED)
   _0663_/B                                               -13.4801  (VIOLATED)


1
