****************************************
Report : analysis_coverage
	-status_details {untested}
	-sort_by slack
Design : user_project_wrapper
Version: T-2022.03-SP3
Date   : Sun May  7 08:28:09 2023
****************************************

Type of Check         Total              Met         Violated         Untested
--------------------------------------------------------------------------------
setup                   244       244 (100%)         0 (  0%)         0 (  0%)
hold                    244       244 (100%)         0 (  0%)         0 (  0%)
min_pulse_width         488       488 (100%)         0 (  0%)         0 (  0%)
clock_gating_setup        8         8 (100%)         0 (  0%)         0 (  0%)
clock_gating_hold         8         0 (  0%)         8 (100%)         0 (  0%)
out_setup               269       140 ( 52%)         0 (  0%)       129 ( 48%)
out_hold                269       140 ( 52%)         0 (  0%)       129 ( 48%)
--------------------------------------------------------------------------------
All Checks             1530      1264 ( 83%)         8 (  1%)       258 ( 17%)


Constrained                  Related             Check
Pin                          Pin       Clock     Type         Slack  Reason
--------------------------------------------------------------------------------
analog_io[28]                -         clk       out_hold  untested  no_paths
analog_io[28]                -         clk       out_setup untested  no_paths
analog_io[27]                -         clk       out_hold  untested  no_paths
analog_io[27]                -         clk       out_setup untested  no_paths
analog_io[26]                -         clk       out_hold  untested  no_paths
analog_io[26]                -         clk       out_setup untested  no_paths
analog_io[25]                -         clk       out_hold  untested  no_paths
analog_io[25]                -         clk       out_setup untested  no_paths
analog_io[24]                -         clk       out_hold  untested  no_paths
analog_io[24]                -         clk       out_setup untested  no_paths
analog_io[23]                -         clk       out_hold  untested  no_paths
analog_io[23]                -         clk       out_setup untested  no_paths
analog_io[22]                -         clk       out_hold  untested  no_paths
analog_io[22]                -         clk       out_setup untested  no_paths
analog_io[21]                -         clk       out_hold  untested  no_paths
analog_io[21]                -         clk       out_setup untested  no_paths
analog_io[20]                -         clk       out_hold  untested  no_paths
analog_io[20]                -         clk       out_setup untested  no_paths
analog_io[19]                -         clk       out_hold  untested  no_paths
analog_io[19]                -         clk       out_setup untested  no_paths
analog_io[18]                -         clk       out_hold  untested  no_paths
analog_io[18]                -         clk       out_setup untested  no_paths
analog_io[17]                -         clk       out_hold  untested  no_paths
analog_io[17]                -         clk       out_setup untested  no_paths
analog_io[16]                -         clk       out_hold  untested  no_paths
analog_io[16]                -         clk       out_setup untested  no_paths
analog_io[15]                -         clk       out_hold  untested  no_paths
analog_io[15]                -         clk       out_setup untested  no_paths
analog_io[14]                -         clk       out_hold  untested  no_paths
analog_io[14]                -         clk       out_setup untested  no_paths
analog_io[13]                -         clk       out_hold  untested  no_paths
analog_io[13]                -         clk       out_setup untested  no_paths
analog_io[12]                -         clk       out_hold  untested  no_paths
analog_io[12]                -         clk       out_setup untested  no_paths
analog_io[11]                -         clk       out_hold  untested  no_paths
analog_io[11]                -         clk       out_setup untested  no_paths
analog_io[10]                -         clk       out_hold  untested  no_paths
analog_io[10]                -         clk       out_setup untested  no_paths
analog_io[9]                 -         clk       out_hold  untested  no_paths
analog_io[9]                 -         clk       out_setup untested  no_paths
analog_io[8]                 -         clk       out_hold  untested  no_paths
analog_io[8]                 -         clk       out_setup untested  no_paths
analog_io[7]                 -         clk       out_hold  untested  no_paths
analog_io[7]                 -         clk       out_setup untested  no_paths
analog_io[6]                 -         clk       out_hold  untested  no_paths
analog_io[6]                 -         clk       out_setup untested  no_paths
analog_io[5]                 -         clk       out_hold  untested  no_paths
analog_io[5]                 -         clk       out_setup untested  no_paths
analog_io[4]                 -         clk       out_hold  untested  no_paths
analog_io[4]                 -         clk       out_setup untested  no_paths
analog_io[3]                 -         clk       out_hold  untested  no_paths
analog_io[3]                 -         clk       out_setup untested  no_paths
analog_io[2]                 -         clk       out_hold  untested  no_paths
analog_io[2]                 -         clk       out_setup untested  no_paths
analog_io[1]                 -         clk       out_hold  untested  no_paths
analog_io[1]                 -         clk       out_setup untested  no_paths
analog_io[0]                 -         clk       out_hold  untested  no_paths
analog_io[0]                 -         clk       out_setup untested  no_paths
io_oeb[37]                   -         clk       out_hold  untested  no_paths
io_oeb[37]                   -         clk       out_setup untested  no_paths
io_oeb[36]                   -         clk       out_hold  untested  no_paths
io_oeb[36]                   -         clk       out_setup untested  no_paths
io_out[37]                   -         clk       out_hold  untested  no_paths
io_out[37]                   -         clk       out_setup untested  no_paths
io_out[36]                   -         clk       out_hold  untested  no_paths
io_out[36]                   -         clk       out_setup untested  no_paths
la_data_out[127]             -         clk       out_hold  untested  no_paths
la_data_out[127]             -         clk       out_setup untested  no_paths
la_data_out[126]             -         clk       out_hold  untested  no_paths
la_data_out[126]             -         clk       out_setup untested  no_paths
la_data_out[125]             -         clk       out_hold  untested  no_paths
la_data_out[125]             -         clk       out_setup untested  no_paths
la_data_out[124]             -         clk       out_hold  untested  no_paths
la_data_out[124]             -         clk       out_setup untested  no_paths
la_data_out[123]             -         clk       out_hold  untested  no_paths
la_data_out[123]             -         clk       out_setup untested  no_paths
la_data_out[122]             -         clk       out_hold  untested  no_paths
la_data_out[122]             -         clk       out_setup untested  no_paths
la_data_out[121]             -         clk       out_hold  untested  no_paths
la_data_out[121]             -         clk       out_setup untested  no_paths
la_data_out[120]             -         clk       out_hold  untested  no_paths
la_data_out[120]             -         clk       out_setup untested  no_paths
la_data_out[119]             -         clk       out_hold  untested  no_paths
la_data_out[119]             -         clk       out_setup untested  no_paths
la_data_out[118]             -         clk       out_hold  untested  no_paths
la_data_out[118]             -         clk       out_setup untested  no_paths
la_data_out[117]             -         clk       out_hold  untested  no_paths
la_data_out[117]             -         clk       out_setup untested  no_paths
la_data_out[116]             -         clk       out_hold  untested  no_paths
la_data_out[116]             -         clk       out_setup untested  no_paths
la_data_out[115]             -         clk       out_hold  untested  no_paths
la_data_out[115]             -         clk       out_setup untested  no_paths
la_data_out[114]             -         clk       out_hold  untested  no_paths
la_data_out[114]             -         clk       out_setup untested  no_paths
la_data_out[113]             -         clk       out_hold  untested  no_paths
la_data_out[113]             -         clk       out_setup untested  no_paths
la_data_out[112]             -         clk       out_hold  untested  no_paths
la_data_out[112]             -         clk       out_setup untested  no_paths
la_data_out[111]             -         clk       out_hold  untested  no_paths
la_data_out[111]             -         clk       out_setup untested  no_paths
la_data_out[110]             -         clk       out_hold  untested  no_paths
la_data_out[110]             -         clk       out_setup untested  no_paths
la_data_out[109]             -         clk       out_hold  untested  no_paths
la_data_out[109]             -         clk       out_setup untested  no_paths
la_data_out[108]             -         clk       out_hold  untested  no_paths
la_data_out[108]             -         clk       out_setup untested  no_paths
la_data_out[107]             -         clk       out_hold  untested  no_paths
la_data_out[107]             -         clk       out_setup untested  no_paths
la_data_out[106]             -         clk       out_hold  untested  no_paths
la_data_out[106]             -         clk       out_setup untested  no_paths
la_data_out[105]             -         clk       out_hold  untested  no_paths
la_data_out[105]             -         clk       out_setup untested  no_paths
la_data_out[104]             -         clk       out_hold  untested  no_paths
la_data_out[104]             -         clk       out_setup untested  no_paths
la_data_out[103]             -         clk       out_hold  untested  no_paths
la_data_out[103]             -         clk       out_setup untested  no_paths
la_data_out[102]             -         clk       out_hold  untested  no_paths
la_data_out[102]             -         clk       out_setup untested  no_paths
la_data_out[101]             -         clk       out_hold  untested  no_paths
la_data_out[101]             -         clk       out_setup untested  no_paths
la_data_out[100]             -         clk       out_hold  untested  no_paths
la_data_out[100]             -         clk       out_setup untested  no_paths
la_data_out[99]              -         clk       out_hold  untested  no_paths
la_data_out[99]              -         clk       out_setup untested  no_paths
la_data_out[98]              -         clk       out_hold  untested  no_paths
la_data_out[98]              -         clk       out_setup untested  no_paths
la_data_out[97]              -         clk       out_hold  untested  no_paths
la_data_out[97]              -         clk       out_setup untested  no_paths
la_data_out[96]              -         clk       out_hold  untested  no_paths
la_data_out[96]              -         clk       out_setup untested  no_paths
la_data_out[95]              -         clk       out_hold  untested  no_paths
la_data_out[95]              -         clk       out_setup untested  no_paths
la_data_out[94]              -         clk       out_hold  untested  no_paths
la_data_out[94]              -         clk       out_setup untested  no_paths
la_data_out[93]              -         clk       out_hold  untested  no_paths
la_data_out[93]              -         clk       out_setup untested  no_paths
la_data_out[92]              -         clk       out_hold  untested  no_paths
la_data_out[92]              -         clk       out_setup untested  no_paths
la_data_out[91]              -         clk       out_hold  untested  no_paths
la_data_out[91]              -         clk       out_setup untested  no_paths
la_data_out[90]              -         clk       out_hold  untested  no_paths
la_data_out[90]              -         clk       out_setup untested  no_paths
la_data_out[89]              -         clk       out_hold  untested  no_paths
la_data_out[89]              -         clk       out_setup untested  no_paths
la_data_out[88]              -         clk       out_hold  untested  no_paths
la_data_out[88]              -         clk       out_setup untested  no_paths
la_data_out[87]              -         clk       out_hold  untested  no_paths
la_data_out[87]              -         clk       out_setup untested  no_paths
la_data_out[86]              -         clk       out_hold  untested  no_paths
la_data_out[86]              -         clk       out_setup untested  no_paths
la_data_out[85]              -         clk       out_hold  untested  no_paths
la_data_out[85]              -         clk       out_setup untested  no_paths
la_data_out[84]              -         clk       out_hold  untested  no_paths
la_data_out[84]              -         clk       out_setup untested  no_paths
la_data_out[83]              -         clk       out_hold  untested  no_paths
la_data_out[83]              -         clk       out_setup untested  no_paths
la_data_out[82]              -         clk       out_hold  untested  no_paths
la_data_out[82]              -         clk       out_setup untested  no_paths
la_data_out[81]              -         clk       out_hold  untested  no_paths
la_data_out[81]              -         clk       out_setup untested  no_paths
la_data_out[80]              -         clk       out_hold  untested  no_paths
la_data_out[80]              -         clk       out_setup untested  no_paths
la_data_out[79]              -         clk       out_hold  untested  no_paths
la_data_out[79]              -         clk       out_setup untested  no_paths
la_data_out[78]              -         clk       out_hold  untested  no_paths
la_data_out[78]              -         clk       out_setup untested  no_paths
la_data_out[77]              -         clk       out_hold  untested  no_paths
la_data_out[77]              -         clk       out_setup untested  no_paths
la_data_out[76]              -         clk       out_hold  untested  no_paths
la_data_out[76]              -         clk       out_setup untested  no_paths
la_data_out[75]              -         clk       out_hold  untested  no_paths
la_data_out[75]              -         clk       out_setup untested  no_paths
la_data_out[74]              -         clk       out_hold  untested  no_paths
la_data_out[74]              -         clk       out_setup untested  no_paths
la_data_out[73]              -         clk       out_hold  untested  no_paths
la_data_out[73]              -         clk       out_setup untested  no_paths
la_data_out[72]              -         clk       out_hold  untested  no_paths
la_data_out[72]              -         clk       out_setup untested  no_paths
la_data_out[71]              -         clk       out_hold  untested  no_paths
la_data_out[71]              -         clk       out_setup untested  no_paths
la_data_out[70]              -         clk       out_hold  untested  no_paths
la_data_out[70]              -         clk       out_setup untested  no_paths
la_data_out[69]              -         clk       out_hold  untested  no_paths
la_data_out[69]              -         clk       out_setup untested  no_paths
la_data_out[68]              -         clk       out_hold  untested  no_paths
la_data_out[68]              -         clk       out_setup untested  no_paths
la_data_out[67]              -         clk       out_hold  untested  no_paths
la_data_out[67]              -         clk       out_setup untested  no_paths
la_data_out[66]              -         clk       out_hold  untested  no_paths
la_data_out[66]              -         clk       out_setup untested  no_paths
la_data_out[65]              -         clk       out_hold  untested  no_paths
la_data_out[65]              -         clk       out_setup untested  no_paths
la_data_out[64]              -         clk       out_hold  untested  no_paths
la_data_out[64]              -         clk       out_setup untested  no_paths
la_data_out[63]              -         clk       out_hold  untested  no_paths
la_data_out[63]              -         clk       out_setup untested  no_paths
la_data_out[62]              -         clk       out_hold  untested  no_paths
la_data_out[62]              -         clk       out_setup untested  no_paths
la_data_out[61]              -         clk       out_hold  untested  no_paths
la_data_out[61]              -         clk       out_setup untested  no_paths
la_data_out[60]              -         clk       out_hold  untested  no_paths
la_data_out[60]              -         clk       out_setup untested  no_paths
la_data_out[59]              -         clk       out_hold  untested  no_paths
la_data_out[59]              -         clk       out_setup untested  no_paths
la_data_out[58]              -         clk       out_hold  untested  no_paths
la_data_out[58]              -         clk       out_setup untested  no_paths
la_data_out[57]              -         clk       out_hold  untested  no_paths
la_data_out[57]              -         clk       out_setup untested  no_paths
la_data_out[56]              -         clk       out_hold  untested  no_paths
la_data_out[56]              -         clk       out_setup untested  no_paths
la_data_out[55]              -         clk       out_hold  untested  no_paths
la_data_out[55]              -         clk       out_setup untested  no_paths
la_data_out[54]              -         clk       out_hold  untested  no_paths
la_data_out[54]              -         clk       out_setup untested  no_paths
la_data_out[53]              -         clk       out_hold  untested  no_paths
la_data_out[53]              -         clk       out_setup untested  no_paths
la_data_out[52]              -         clk       out_hold  untested  no_paths
la_data_out[52]              -         clk       out_setup untested  no_paths
la_data_out[51]              -         clk       out_hold  untested  no_paths
la_data_out[51]              -         clk       out_setup untested  no_paths
la_data_out[50]              -         clk       out_hold  untested  no_paths
la_data_out[50]              -         clk       out_setup untested  no_paths
la_data_out[49]              -         clk       out_hold  untested  no_paths
la_data_out[49]              -         clk       out_setup untested  no_paths
la_data_out[48]              -         clk       out_hold  untested  no_paths
la_data_out[48]              -         clk       out_setup untested  no_paths
la_data_out[47]              -         clk       out_hold  untested  no_paths
la_data_out[47]              -         clk       out_setup untested  no_paths
la_data_out[46]              -         clk       out_hold  untested  no_paths
la_data_out[46]              -         clk       out_setup untested  no_paths
la_data_out[45]              -         clk       out_hold  untested  no_paths
la_data_out[45]              -         clk       out_setup untested  no_paths
la_data_out[44]              -         clk       out_hold  untested  no_paths
la_data_out[44]              -         clk       out_setup untested  no_paths
la_data_out[43]              -         clk       out_hold  untested  no_paths
la_data_out[43]              -         clk       out_setup untested  no_paths
la_data_out[42]              -         clk       out_hold  untested  no_paths
la_data_out[42]              -         clk       out_setup untested  no_paths
la_data_out[41]              -         clk       out_hold  untested  no_paths
la_data_out[41]              -         clk       out_setup untested  no_paths
la_data_out[40]              -         clk       out_hold  untested  no_paths
la_data_out[40]              -         clk       out_setup untested  no_paths
la_data_out[39]              -         clk       out_hold  untested  no_paths
la_data_out[39]              -         clk       out_setup untested  no_paths
la_data_out[38]              -         clk       out_hold  untested  no_paths
la_data_out[38]              -         clk       out_setup untested  no_paths
la_data_out[37]              -         clk       out_hold  untested  no_paths
la_data_out[37]              -         clk       out_setup untested  no_paths
la_data_out[36]              -         clk       out_hold  untested  no_paths
la_data_out[36]              -         clk       out_setup untested  no_paths
la_data_out[35]              -         clk       out_hold  untested  no_paths
la_data_out[35]              -         clk       out_setup untested  no_paths
la_data_out[34]              -         clk       out_hold  untested  no_paths
la_data_out[34]              -         clk       out_setup untested  no_paths
la_data_out[33]              -         clk       out_hold  untested  no_paths
la_data_out[33]              -         clk       out_setup untested  no_paths
la_data_out[32]              -         clk       out_hold  untested  no_paths
la_data_out[32]              -         clk       out_setup untested  no_paths
1
