
===========================================================================
report_checks -unconstrained
============================================================================
Startpoint: la_oenb[23] (input port clocked by clk)
Endpoint: _621_ (rising edge-triggered flip-flop clocked by clk)
Path Group: clk
Path Type: max

Fanout     Cap    Slew   Delay    Time   Description
-----------------------------------------------------------------------------
                          0.00    0.00   clock clk (rise edge)
                          6.00    6.00   clock network delay (propagated)
                         10.00   16.00 ^ input external delay
                  0.44    0.00   16.00 ^ la_oenb[23] (in)
     2    0.00                           la_oenb[23] (net)
                  0.44    0.00   16.00 ^ hold477/A (sky130_fd_sc_hd__dlygate4sd3_1)
                  0.08    0.68   16.68 ^ hold477/X (sky130_fd_sc_hd__dlygate4sd3_1)
     1    0.01                           net901 (net)
                  0.08    0.00   16.68 ^ input48/A (sky130_fd_sc_hd__buf_6)
                  0.02    0.10   16.78 ^ input48/X (sky130_fd_sc_hd__buf_6)
     1    0.00                           net48 (net)
                  0.02    0.00   16.78 ^ hold478/A (sky130_fd_sc_hd__dlygate4sd3_1)
                  0.10    0.62   17.39 ^ hold478/X (sky130_fd_sc_hd__dlygate4sd3_1)
     1    0.01                           net902 (net)
                  0.10    0.00   17.39 ^ wire353/A (sky130_fd_sc_hd__buf_8)
                  0.13    0.19   17.58 ^ wire353/X (sky130_fd_sc_hd__buf_8)
     4    0.08                           net353 (net)
                  0.13    0.02   17.60 ^ hold479/A (sky130_fd_sc_hd__dlygate4sd3_1)
                  0.79    1.17   18.77 ^ hold479/X (sky130_fd_sc_hd__dlygate4sd3_1)
     4    0.08                           net903 (net)
                  0.79    0.00   18.78 ^ _355_/B (sky130_fd_sc_hd__and4_1)
                  0.15    0.42   19.20 ^ _355_/X (sky130_fd_sc_hd__and4_1)
     1    0.01                           _102_ (net)
                  0.15    0.00   19.20 ^ _358_/A (sky130_fd_sc_hd__and3_2)
                  0.09    0.26   19.46 ^ _358_/X (sky130_fd_sc_hd__and3_2)
     1    0.01                           _105_ (net)
                  0.09    0.00   19.46 ^ hold657/A (sky130_fd_sc_hd__dlygate4sd3_1)
                  0.16    0.69   20.15 ^ hold657/X (sky130_fd_sc_hd__dlygate4sd3_1)
     1    0.02                           net1081 (net)
                  0.16    0.00   20.15 ^ _364_/A1 (sky130_fd_sc_hd__a21bo_2)
                  0.11    0.23   20.38 ^ _364_/X (sky130_fd_sc_hd__a21bo_2)
     1    0.02                           _111_ (net)
                  0.11    0.00   20.38 ^ hold658/A (sky130_fd_sc_hd__dlygate4sd3_1)
                  0.28    0.79   21.17 ^ hold658/X (sky130_fd_sc_hd__dlygate4sd3_1)
     3    0.03                           net1082 (net)
                  0.28    0.00   21.17 ^ _394_/B (sky130_fd_sc_hd__and4_1)
                  0.07    0.27   21.44 ^ _394_/X (sky130_fd_sc_hd__and4_1)
     1    0.00                           _138_ (net)
                  0.07    0.00   21.44 ^ hold659/A (sky130_fd_sc_hd__dlygate4sd3_1)
                  0.08    0.62   22.06 ^ hold659/X (sky130_fd_sc_hd__dlygate4sd3_1)
     1    0.01                           net1083 (net)
                  0.08    0.00   22.06 ^ hold429/A (sky130_fd_sc_hd__clkbuf_2)
                  0.08    0.16   22.22 ^ hold429/X (sky130_fd_sc_hd__clkbuf_2)
     3    0.01                           net853 (net)
                  0.08    0.00   22.22 ^ hold660/A (sky130_fd_sc_hd__dlygate4sd3_1)
                  0.20    0.72   22.93 ^ hold660/X (sky130_fd_sc_hd__dlygate4sd3_1)
     4    0.02                           net1084 (net)
                  0.20    0.00   22.93 ^ _413_/D (sky130_fd_sc_hd__and4_2)
                  0.20    0.41   23.34 ^ _413_/X (sky130_fd_sc_hd__and4_2)
     7    0.03                           _154_ (net)
                  0.20    0.00   23.35 ^ _455_/C (sky130_fd_sc_hd__and4_1)
                  0.08    0.26   23.60 ^ _455_/X (sky130_fd_sc_hd__and4_1)
     2    0.01                           _190_ (net)
                  0.08    0.00   23.60 ^ _459_/D (sky130_fd_sc_hd__and4_1)
                  0.14    0.29   23.89 ^ _459_/X (sky130_fd_sc_hd__and4_1)
     3    0.01                           _193_ (net)
                  0.14    0.00   23.89 ^ _486_/C (sky130_fd_sc_hd__and4_1)
                  0.18    0.33   24.22 ^ _486_/X (sky130_fd_sc_hd__and4_1)
     3    0.02                           _216_ (net)
                  0.18    0.00   24.22 ^ _510_/C (sky130_fd_sc_hd__and4_2)
                  0.19    0.39   24.61 ^ _510_/X (sky130_fd_sc_hd__and4_2)
     4    0.03                           _236_ (net)
                  0.19    0.00   24.61 ^ _535_/C (sky130_fd_sc_hd__and4_2)
                  0.20    0.41   25.03 ^ _535_/X (sky130_fd_sc_hd__and4_2)
     6    0.04                           _257_ (net)
                  0.20    0.00   25.03 ^ _541_/B (sky130_fd_sc_hd__xor2_1)
                  0.22    0.27   25.30 ^ _541_/X (sky130_fd_sc_hd__xor2_1)
     1    0.01                           _262_ (net)
                  0.22    0.00   25.30 ^ _544_/A2 (sky130_fd_sc_hd__a21oi_2)
                  0.08    0.11   25.41 v _544_/Y (sky130_fd_sc_hd__a21oi_2)
     1    0.01                           _265_ (net)
                  0.08    0.00   25.41 v hold492/A (sky130_fd_sc_hd__dlygate4sd3_1)
                  0.08    0.66   26.07 v hold492/X (sky130_fd_sc_hd__dlygate4sd3_1)
     1    0.01                           net916 (net)
                  0.08    0.00   26.07 v hold200/A (sky130_fd_sc_hd__dlymetal6s2s_1)
                  0.06    0.19   26.25 v hold200/X (sky130_fd_sc_hd__dlymetal6s2s_1)
     1    0.01                           net624 (net)
                  0.06    0.00   26.25 v hold493/A (sky130_fd_sc_hd__dlygate4sd3_1)
                  0.10    0.66   26.91 v hold493/X (sky130_fd_sc_hd__dlygate4sd3_1)
     1    0.01                           net917 (net)
                  0.10    0.00   26.91 v wire195/A (sky130_fd_sc_hd__buf_6)
                  0.03    0.16   27.07 v wire195/X (sky130_fd_sc_hd__buf_6)
     1    0.02                           net195 (net)
                  0.03    0.00   27.07 v hold494/A (sky130_fd_sc_hd__dlygate4sd3_1)
                  0.12    0.67   27.75 v hold494/X (sky130_fd_sc_hd__dlygate4sd3_1)
     1    0.02                           net918 (net)
                  0.12    0.00   27.75 v hold201/A (sky130_fd_sc_hd__buf_2)
                  0.05    0.20   27.94 v hold201/X (sky130_fd_sc_hd__buf_2)
     1    0.02                           net625 (net)
                  0.05    0.00   27.95 v hold495/A (sky130_fd_sc_hd__dlygate4sd3_1)
                  0.13    0.70   28.64 v hold495/X (sky130_fd_sc_hd__dlygate4sd3_1)
     1    0.02                           net919 (net)
                  0.13    0.00   28.64 v _545_/B (sky130_fd_sc_hd__nor2_2)
                  0.17    0.20   28.85 ^ _545_/Y (sky130_fd_sc_hd__nor2_2)
     1    0.01                           _057_ (net)
                  0.17    0.00   28.85 ^ hold496/A (sky130_fd_sc_hd__dlygate4sd3_1)
                  0.24    0.77   29.62 ^ hold496/X (sky130_fd_sc_hd__dlygate4sd3_1)
     1    0.02                           net920 (net)
                  0.24    0.00   29.62 ^ hold202/A (sky130_fd_sc_hd__clkbuf_2)
                  0.10    0.22   29.85 ^ hold202/X (sky130_fd_sc_hd__clkbuf_2)
     1    0.02                           net626 (net)
                  0.10    0.00   29.85 ^ hold497/A (sky130_fd_sc_hd__dlygate4sd3_1)
                  0.18    0.71   30.55 ^ hold497/X (sky130_fd_sc_hd__dlygate4sd3_1)
     1    0.02                           net921 (net)
                  0.18    0.00   30.56 ^ wire194/A (sky130_fd_sc_hd__buf_6)
                  0.05    0.15   30.71 ^ wire194/X (sky130_fd_sc_hd__buf_6)
     1    0.02                           net194 (net)
                  0.05    0.00   30.71 ^ hold498/A (sky130_fd_sc_hd__dlygate4sd3_1)
                  0.17    0.69   31.39 ^ hold498/X (sky130_fd_sc_hd__dlygate4sd3_1)
     1    0.02                           net922 (net)
                  0.17    0.00   31.40 ^ hold203/A (sky130_fd_sc_hd__clkbuf_2)
                  0.17    0.25   31.65 ^ hold203/X (sky130_fd_sc_hd__clkbuf_2)
     1    0.03                           net627 (net)
                  0.17    0.00   31.65 ^ _621_/D (sky130_fd_sc_hd__dfxtp_4)
                                 31.65   data arrival time

                         30.00   30.00   clock clk (rise edge)
                          4.50   34.50   clock source latency
                  0.60    0.00   34.50 ^ wb_clk_i (in)
     2    0.01                           wb_clk_i (net)
                  0.60    0.00   34.50 ^ _281_/A1 (sky130_fd_sc_hd__mux2_2)
                  0.07    0.28   34.78 ^ _281_/X (sky130_fd_sc_hd__mux2_2)
     1    0.01                           _061_ (net)
                  0.07    0.00   34.78 ^ _282_/A (sky130_fd_sc_hd__buf_1)
                  0.74    0.52   35.29 ^ _282_/X (sky130_fd_sc_hd__buf_1)
     2    0.06                           count.clk (net)
                  0.74    0.01   35.31 ^ clkbuf_0_count.clk/A (sky130_fd_sc_hd__clkbuf_16)
                  0.11    0.30   35.60 ^ clkbuf_0_count.clk/X (sky130_fd_sc_hd__clkbuf_16)
     8    0.08                           clknet_0_count.clk (net)
                  0.11    0.00   35.61 ^ clkbuf_3_2__f_count.clk/A (sky130_fd_sc_hd__clkbuf_16)
                  0.04    0.14   35.74 ^ clkbuf_3_2__f_count.clk/X (sky130_fd_sc_hd__clkbuf_16)
     7    0.02                           clknet_3_2__leaf_count.clk (net)
                  0.04    0.00   35.75 ^ _621_/CLK (sky130_fd_sc_hd__dfxtp_4)
                         -0.30   35.45   clock uncertainty
                          0.00   35.45   clock reconvergence pessimism
                         -0.09   35.36   library setup time
                                 35.36   data required time
-----------------------------------------------------------------------------
                                 35.36   data required time
                                -31.65   data arrival time
-----------------------------------------------------------------------------
                                  3.71   slack (MET)



===========================================================================
report_checks --slack_max -0.01
============================================================================
No paths found.
