
===========================================================================
report_checks -path_delay max (Setup)
============================================================================
Startpoint: la_oenb[23] (input port clocked by clk)
Endpoint: _621_ (rising edge-triggered flip-flop clocked by clk)
Path Group: clk
Path Type: max

Fanout     Cap    Slew   Delay    Time   Description
-----------------------------------------------------------------------------
                          0.00    0.00   clock clk (rise edge)
                          6.00    6.00   clock network delay (propagated)
                         10.00   16.00 ^ input external delay
                  0.44    0.00   16.00 ^ la_oenb[23] (in)
     2    0.00                           la_oenb[23] (net)
                  0.44    0.00   16.00 ^ hold477/A (sky130_fd_sc_hd__dlygate4sd3_1)
                  0.08    0.68   16.68 ^ hold477/X (sky130_fd_sc_hd__dlygate4sd3_1)
     1    0.01                           net901 (net)
                  0.08    0.00   16.68 ^ input48/A (sky130_fd_sc_hd__buf_6)
                  0.02    0.10   16.78 ^ input48/X (sky130_fd_sc_hd__buf_6)
     1    0.00                           net48 (net)
                  0.02    0.00   16.78 ^ hold478/A (sky130_fd_sc_hd__dlygate4sd3_1)
                  0.10    0.62   17.39 ^ hold478/X (sky130_fd_sc_hd__dlygate4sd3_1)
     1    0.01                           net902 (net)
                  0.10    0.00   17.39 ^ wire353/A (sky130_fd_sc_hd__buf_8)
                  0.13    0.19   17.58 ^ wire353/X (sky130_fd_sc_hd__buf_8)
     4    0.08                           net353 (net)
                  0.13    0.02   17.60 ^ hold479/A (sky130_fd_sc_hd__dlygate4sd3_1)
                  0.79    1.17   18.77 ^ hold479/X (sky130_fd_sc_hd__dlygate4sd3_1)
     4    0.08                           net903 (net)
                  0.79    0.00   18.78 ^ _355_/B (sky130_fd_sc_hd__and4_1)
                  0.15    0.42   19.20 ^ _355_/X (sky130_fd_sc_hd__and4_1)
     1    0.01                           _102_ (net)
                  0.15    0.00   19.20 ^ _358_/A (sky130_fd_sc_hd__and3_2)
                  0.09    0.26   19.46 ^ _358_/X (sky130_fd_sc_hd__and3_2)
     1    0.01                           _105_ (net)
                  0.09    0.00   19.46 ^ hold657/A (sky130_fd_sc_hd__dlygate4sd3_1)
                  0.16    0.69   20.15 ^ hold657/X (sky130_fd_sc_hd__dlygate4sd3_1)
     1    0.02                           net1081 (net)
                  0.16    0.00   20.15 ^ _364_/A1 (sky130_fd_sc_hd__a21bo_2)
                  0.11    0.23   20.38 ^ _364_/X (sky130_fd_sc_hd__a21bo_2)
     1    0.02                           _111_ (net)
                  0.11    0.00   20.38 ^ hold658/A (sky130_fd_sc_hd__dlygate4sd3_1)
                  0.28    0.79   21.17 ^ hold658/X (sky130_fd_sc_hd__dlygate4sd3_1)
     3    0.03                           net1082 (net)
                  0.28    0.00   21.17 ^ _394_/B (sky130_fd_sc_hd__and4_1)
                  0.07    0.27   21.44 ^ _394_/X (sky130_fd_sc_hd__and4_1)
     1    0.00                           _138_ (net)
                  0.07    0.00   21.44 ^ hold659/A (sky130_fd_sc_hd__dlygate4sd3_1)
                  0.08    0.62   22.06 ^ hold659/X (sky130_fd_sc_hd__dlygate4sd3_1)
     1    0.01                           net1083 (net)
                  0.08    0.00   22.06 ^ hold429/A (sky130_fd_sc_hd__clkbuf_2)
                  0.08    0.16   22.22 ^ hold429/X (sky130_fd_sc_hd__clkbuf_2)
     3    0.01                           net853 (net)
                  0.08    0.00   22.22 ^ hold660/A (sky130_fd_sc_hd__dlygate4sd3_1)
                  0.20    0.72   22.93 ^ hold660/X (sky130_fd_sc_hd__dlygate4sd3_1)
     4    0.02                           net1084 (net)
                  0.20    0.00   22.93 ^ _413_/D (sky130_fd_sc_hd__and4_2)
                  0.20    0.41   23.34 ^ _413_/X (sky130_fd_sc_hd__and4_2)
     7    0.03                           _154_ (net)
                  0.20    0.00   23.35 ^ _455_/C (sky130_fd_sc_hd__and4_1)
                  0.08    0.26   23.60 ^ _455_/X (sky130_fd_sc_hd__and4_1)
     2    0.01                           _190_ (net)
                  0.08    0.00   23.60 ^ _459_/D (sky130_fd_sc_hd__and4_1)
                  0.14    0.29   23.89 ^ _459_/X (sky130_fd_sc_hd__and4_1)
     3    0.01                           _193_ (net)
                  0.14    0.00   23.89 ^ _486_/C (sky130_fd_sc_hd__and4_1)
                  0.18    0.33   24.22 ^ _486_/X (sky130_fd_sc_hd__and4_1)
     3    0.02                           _216_ (net)
                  0.18    0.00   24.22 ^ _510_/C (sky130_fd_sc_hd__and4_2)
                  0.19    0.39   24.61 ^ _510_/X (sky130_fd_sc_hd__and4_2)
     4    0.03                           _236_ (net)
                  0.19    0.00   24.61 ^ _535_/C (sky130_fd_sc_hd__and4_2)
                  0.20    0.41   25.03 ^ _535_/X (sky130_fd_sc_hd__and4_2)
     6    0.04                           _257_ (net)
                  0.20    0.00   25.03 ^ _541_/B (sky130_fd_sc_hd__xor2_1)
                  0.22    0.27   25.30 ^ _541_/X (sky130_fd_sc_hd__xor2_1)
     1    0.01                           _262_ (net)
                  0.22    0.00   25.30 ^ _544_/A2 (sky130_fd_sc_hd__a21oi_2)
                  0.08    0.11   25.41 v _544_/Y (sky130_fd_sc_hd__a21oi_2)
     1    0.01                           _265_ (net)
                  0.08    0.00   25.41 v hold492/A (sky130_fd_sc_hd__dlygate4sd3_1)
                  0.08    0.66   26.07 v hold492/X (sky130_fd_sc_hd__dlygate4sd3_1)
     1    0.01                           net916 (net)
                  0.08    0.00   26.07 v hold200/A (sky130_fd_sc_hd__dlymetal6s2s_1)
                  0.06    0.19   26.25 v hold200/X (sky130_fd_sc_hd__dlymetal6s2s_1)
     1    0.01                           net624 (net)
                  0.06    0.00   26.25 v hold493/A (sky130_fd_sc_hd__dlygate4sd3_1)
                  0.10    0.66   26.91 v hold493/X (sky130_fd_sc_hd__dlygate4sd3_1)
     1    0.01                           net917 (net)
                  0.10    0.00   26.91 v wire195/A (sky130_fd_sc_hd__buf_6)
                  0.03    0.16   27.07 v wire195/X (sky130_fd_sc_hd__buf_6)
     1    0.02                           net195 (net)
                  0.03    0.00   27.07 v hold494/A (sky130_fd_sc_hd__dlygate4sd3_1)
                  0.12    0.67   27.75 v hold494/X (sky130_fd_sc_hd__dlygate4sd3_1)
     1    0.02                           net918 (net)
                  0.12    0.00   27.75 v hold201/A (sky130_fd_sc_hd__buf_2)
                  0.05    0.20   27.94 v hold201/X (sky130_fd_sc_hd__buf_2)
     1    0.02                           net625 (net)
                  0.05    0.00   27.95 v hold495/A (sky130_fd_sc_hd__dlygate4sd3_1)
                  0.13    0.70   28.64 v hold495/X (sky130_fd_sc_hd__dlygate4sd3_1)
     1    0.02                           net919 (net)
                  0.13    0.00   28.64 v _545_/B (sky130_fd_sc_hd__nor2_2)
                  0.17    0.20   28.85 ^ _545_/Y (sky130_fd_sc_hd__nor2_2)
     1    0.01                           _057_ (net)
                  0.17    0.00   28.85 ^ hold496/A (sky130_fd_sc_hd__dlygate4sd3_1)
                  0.24    0.77   29.62 ^ hold496/X (sky130_fd_sc_hd__dlygate4sd3_1)
     1    0.02                           net920 (net)
                  0.24    0.00   29.62 ^ hold202/A (sky130_fd_sc_hd__clkbuf_2)
                  0.10    0.22   29.85 ^ hold202/X (sky130_fd_sc_hd__clkbuf_2)
     1    0.02                           net626 (net)
                  0.10    0.00   29.85 ^ hold497/A (sky130_fd_sc_hd__dlygate4sd3_1)
                  0.18    0.71   30.55 ^ hold497/X (sky130_fd_sc_hd__dlygate4sd3_1)
     1    0.02                           net921 (net)
                  0.18    0.00   30.56 ^ wire194/A (sky130_fd_sc_hd__buf_6)
                  0.05    0.15   30.71 ^ wire194/X (sky130_fd_sc_hd__buf_6)
     1    0.02                           net194 (net)
                  0.05    0.00   30.71 ^ hold498/A (sky130_fd_sc_hd__dlygate4sd3_1)
                  0.17    0.69   31.39 ^ hold498/X (sky130_fd_sc_hd__dlygate4sd3_1)
     1    0.02                           net922 (net)
                  0.17    0.00   31.40 ^ hold203/A (sky130_fd_sc_hd__clkbuf_2)
                  0.17    0.25   31.65 ^ hold203/X (sky130_fd_sc_hd__clkbuf_2)
     1    0.03                           net627 (net)
                  0.17    0.00   31.65 ^ _621_/D (sky130_fd_sc_hd__dfxtp_4)
                                 31.65   data arrival time

                         30.00   30.00   clock clk (rise edge)
                          4.50   34.50   clock source latency
                  0.60    0.00   34.50 ^ wb_clk_i (in)
     2    0.01                           wb_clk_i (net)
                  0.60    0.00   34.50 ^ _281_/A1 (sky130_fd_sc_hd__mux2_2)
                  0.07    0.28   34.78 ^ _281_/X (sky130_fd_sc_hd__mux2_2)
     1    0.01                           _061_ (net)
                  0.07    0.00   34.78 ^ _282_/A (sky130_fd_sc_hd__buf_1)
                  0.74    0.52   35.29 ^ _282_/X (sky130_fd_sc_hd__buf_1)
     2    0.06                           count.clk (net)
                  0.74    0.01   35.31 ^ clkbuf_0_count.clk/A (sky130_fd_sc_hd__clkbuf_16)
                  0.11    0.30   35.60 ^ clkbuf_0_count.clk/X (sky130_fd_sc_hd__clkbuf_16)
     8    0.08                           clknet_0_count.clk (net)
                  0.11    0.00   35.61 ^ clkbuf_3_2__f_count.clk/A (sky130_fd_sc_hd__clkbuf_16)
                  0.04    0.14   35.74 ^ clkbuf_3_2__f_count.clk/X (sky130_fd_sc_hd__clkbuf_16)
     7    0.02                           clknet_3_2__leaf_count.clk (net)
                  0.04    0.00   35.75 ^ _621_/CLK (sky130_fd_sc_hd__dfxtp_4)
                         -0.30   35.45   clock uncertainty
                          0.00   35.45   clock reconvergence pessimism
                         -0.09   35.36   library setup time
                                 35.36   data required time
-----------------------------------------------------------------------------
                                 35.36   data required time
                                -31.65   data arrival time
-----------------------------------------------------------------------------
                                  3.71   slack (MET)


Startpoint: la_oenb[23] (input port clocked by clk)
Endpoint: _614_ (rising edge-triggered flip-flop clocked by clk)
Path Group: clk
Path Type: max

Fanout     Cap    Slew   Delay    Time   Description
-----------------------------------------------------------------------------
                          0.00    0.00   clock clk (rise edge)
                          6.00    6.00   clock network delay (propagated)
                         10.00   16.00 ^ input external delay
                  0.44    0.00   16.00 ^ la_oenb[23] (in)
     2    0.00                           la_oenb[23] (net)
                  0.44    0.00   16.00 ^ hold477/A (sky130_fd_sc_hd__dlygate4sd3_1)
                  0.08    0.68   16.68 ^ hold477/X (sky130_fd_sc_hd__dlygate4sd3_1)
     1    0.01                           net901 (net)
                  0.08    0.00   16.68 ^ input48/A (sky130_fd_sc_hd__buf_6)
                  0.02    0.10   16.78 ^ input48/X (sky130_fd_sc_hd__buf_6)
     1    0.00                           net48 (net)
                  0.02    0.00   16.78 ^ hold478/A (sky130_fd_sc_hd__dlygate4sd3_1)
                  0.10    0.62   17.39 ^ hold478/X (sky130_fd_sc_hd__dlygate4sd3_1)
     1    0.01                           net902 (net)
                  0.10    0.00   17.39 ^ wire353/A (sky130_fd_sc_hd__buf_8)
                  0.13    0.19   17.58 ^ wire353/X (sky130_fd_sc_hd__buf_8)
     4    0.08                           net353 (net)
                  0.13    0.02   17.60 ^ hold479/A (sky130_fd_sc_hd__dlygate4sd3_1)
                  0.79    1.17   18.77 ^ hold479/X (sky130_fd_sc_hd__dlygate4sd3_1)
     4    0.08                           net903 (net)
                  0.79    0.00   18.78 ^ _355_/B (sky130_fd_sc_hd__and4_1)
                  0.15    0.42   19.20 ^ _355_/X (sky130_fd_sc_hd__and4_1)
     1    0.01                           _102_ (net)
                  0.15    0.00   19.20 ^ _358_/A (sky130_fd_sc_hd__and3_2)
                  0.09    0.26   19.46 ^ _358_/X (sky130_fd_sc_hd__and3_2)
     1    0.01                           _105_ (net)
                  0.09    0.00   19.46 ^ hold657/A (sky130_fd_sc_hd__dlygate4sd3_1)
                  0.16    0.69   20.15 ^ hold657/X (sky130_fd_sc_hd__dlygate4sd3_1)
     1    0.02                           net1081 (net)
                  0.16    0.00   20.15 ^ _364_/A1 (sky130_fd_sc_hd__a21bo_2)
                  0.11    0.23   20.38 ^ _364_/X (sky130_fd_sc_hd__a21bo_2)
     1    0.02                           _111_ (net)
                  0.11    0.00   20.38 ^ hold658/A (sky130_fd_sc_hd__dlygate4sd3_1)
                  0.28    0.79   21.17 ^ hold658/X (sky130_fd_sc_hd__dlygate4sd3_1)
     3    0.03                           net1082 (net)
                  0.28    0.00   21.17 ^ _394_/B (sky130_fd_sc_hd__and4_1)
                  0.07    0.27   21.44 ^ _394_/X (sky130_fd_sc_hd__and4_1)
     1    0.00                           _138_ (net)
                  0.07    0.00   21.44 ^ hold659/A (sky130_fd_sc_hd__dlygate4sd3_1)
                  0.08    0.62   22.06 ^ hold659/X (sky130_fd_sc_hd__dlygate4sd3_1)
     1    0.01                           net1083 (net)
                  0.08    0.00   22.06 ^ hold429/A (sky130_fd_sc_hd__clkbuf_2)
                  0.08    0.16   22.22 ^ hold429/X (sky130_fd_sc_hd__clkbuf_2)
     3    0.01                           net853 (net)
                  0.08    0.00   22.22 ^ hold660/A (sky130_fd_sc_hd__dlygate4sd3_1)
                  0.20    0.72   22.93 ^ hold660/X (sky130_fd_sc_hd__dlygate4sd3_1)
     4    0.02                           net1084 (net)
                  0.20    0.00   22.93 ^ _413_/D (sky130_fd_sc_hd__and4_2)
                  0.20    0.41   23.34 ^ _413_/X (sky130_fd_sc_hd__and4_2)
     7    0.03                           _154_ (net)
                  0.20    0.00   23.35 ^ _433_/D (sky130_fd_sc_hd__and4_1)
                  0.21    0.37   23.71 ^ _433_/X (sky130_fd_sc_hd__and4_1)
     4    0.02                           _171_ (net)
                  0.21    0.00   23.71 ^ _453_/D (sky130_fd_sc_hd__and4_1)
                  0.18    0.34   24.06 ^ _453_/X (sky130_fd_sc_hd__and4_1)
     4    0.02                           _188_ (net)
                  0.18    0.00   24.06 ^ _471_/D (sky130_fd_sc_hd__and4_2)
                  0.20    0.40   24.46 ^ _471_/X (sky130_fd_sc_hd__and4_2)
     6    0.03                           _203_ (net)
                  0.20    0.00   24.46 ^ _494_/B (sky130_fd_sc_hd__and3_1)
                  0.13    0.27   24.73 ^ _494_/X (sky130_fd_sc_hd__and3_1)
     2    0.01                           _223_ (net)
                  0.13    0.00   24.73 ^ _499_/A2 (sky130_fd_sc_hd__o21ai_1)
                  0.12    0.13   24.86 v _499_/Y (sky130_fd_sc_hd__o21ai_1)
     1    0.01                           _227_ (net)
                  0.12    0.00   24.86 v _502_/A2 (sky130_fd_sc_hd__o21ba_2)
                  0.06    0.28   25.14 v _502_/X (sky130_fd_sc_hd__o21ba_2)
     1    0.02                           _230_ (net)
                  0.06    0.00   25.14 v hold648/A (sky130_fd_sc_hd__dlygate4sd3_1)
                  0.11    0.68   25.82 v hold648/X (sky130_fd_sc_hd__dlygate4sd3_1)
     1    0.02                           net1072 (net)
                  0.11    0.00   25.82 v hold214/A (sky130_fd_sc_hd__clkbuf_2)
                  0.07    0.19   26.00 v hold214/X (sky130_fd_sc_hd__clkbuf_2)
     1    0.02                           net638 (net)
                  0.07    0.00   26.00 v hold649/A (sky130_fd_sc_hd__dlygate4sd3_1)
                  0.14    0.71   26.72 v hold649/X (sky130_fd_sc_hd__dlygate4sd3_1)
     1    0.02                           net1073 (net)
                  0.14    0.00   26.72 v wire199/A (sky130_fd_sc_hd__buf_6)
                  0.03    0.18   26.90 v wire199/X (sky130_fd_sc_hd__buf_6)
     1    0.02                           net199 (net)
                  0.03    0.00   26.90 v hold650/A (sky130_fd_sc_hd__dlygate4sd3_1)
                  0.14    0.70   27.60 v hold650/X (sky130_fd_sc_hd__dlygate4sd3_1)
     1    0.02                           net1074 (net)
                  0.14    0.00   27.61 v hold215/A (sky130_fd_sc_hd__buf_2)
                  0.11    0.26   27.87 v hold215/X (sky130_fd_sc_hd__buf_2)
     1    0.05                           net639 (net)
                  0.11    0.01   27.88 v _503_/B (sky130_fd_sc_hd__nor2_2)
                  0.24    0.25   28.12 ^ _503_/Y (sky130_fd_sc_hd__nor2_2)
     1    0.02                           _050_ (net)
                  0.24    0.00   28.12 ^ hold651/A (sky130_fd_sc_hd__dlygate4sd3_1)
                  0.21    0.76   28.89 ^ hold651/X (sky130_fd_sc_hd__dlygate4sd3_1)
     1    0.02                           net1075 (net)
                  0.21    0.00   28.89 ^ hold216/A (sky130_fd_sc_hd__clkbuf_2)
                  0.09    0.20   29.09 ^ hold216/X (sky130_fd_sc_hd__clkbuf_2)
     1    0.02                           net640 (net)
                  0.09    0.00   29.09 ^ hold652/A (sky130_fd_sc_hd__dlygate4sd3_1)
                  0.23    0.74   29.83 ^ hold652/X (sky130_fd_sc_hd__dlygate4sd3_1)
     1    0.02                           net1076 (net)
                  0.23    0.00   29.84 ^ wire197/A (sky130_fd_sc_hd__buf_6)
                  0.05    0.17   30.00 ^ wire197/X (sky130_fd_sc_hd__buf_6)
     1    0.02                           net197 (net)
                  0.05    0.00   30.00 ^ hold653/A (sky130_fd_sc_hd__dlygate4sd3_1)
                  0.18    0.69   30.69 ^ hold653/X (sky130_fd_sc_hd__dlygate4sd3_1)
     1    0.02                           net1077 (net)
                  0.18    0.00   30.69 ^ hold217/A (sky130_fd_sc_hd__clkbuf_2)
                  0.17    0.25   30.95 ^ hold217/X (sky130_fd_sc_hd__clkbuf_2)
     1    0.03                           net641 (net)
                  0.17    0.00   30.95 ^ _614_/D (sky130_fd_sc_hd__dfxtp_4)
                                 30.95   data arrival time

                         30.00   30.00   clock clk (rise edge)
                          4.50   34.50   clock source latency
                  0.60    0.00   34.50 ^ wb_clk_i (in)
     2    0.01                           wb_clk_i (net)
                  0.60    0.00   34.50 ^ _281_/A1 (sky130_fd_sc_hd__mux2_2)
                  0.07    0.28   34.78 ^ _281_/X (sky130_fd_sc_hd__mux2_2)
     1    0.01                           _061_ (net)
                  0.07    0.00   34.78 ^ _282_/A (sky130_fd_sc_hd__buf_1)
                  0.74    0.52   35.29 ^ _282_/X (sky130_fd_sc_hd__buf_1)
     2    0.06                           count.clk (net)
                  0.74    0.01   35.31 ^ clkbuf_0_count.clk/A (sky130_fd_sc_hd__clkbuf_16)
                  0.11    0.30   35.60 ^ clkbuf_0_count.clk/X (sky130_fd_sc_hd__clkbuf_16)
     8    0.08                           clknet_0_count.clk (net)
                  0.11    0.00   35.61 ^ clkbuf_3_2__f_count.clk/A (sky130_fd_sc_hd__clkbuf_16)
                  0.04    0.14   35.74 ^ clkbuf_3_2__f_count.clk/X (sky130_fd_sc_hd__clkbuf_16)
     7    0.02                           clknet_3_2__leaf_count.clk (net)
                  0.04    0.00   35.75 ^ _614_/CLK (sky130_fd_sc_hd__dfxtp_4)
                         -0.30   35.45   clock uncertainty
                          0.00   35.45   clock reconvergence pessimism
                         -0.09   35.36   library setup time
                                 35.36   data required time
-----------------------------------------------------------------------------
                                 35.36   data required time
                                -30.95   data arrival time
-----------------------------------------------------------------------------
                                  4.41   slack (MET)


Startpoint: la_oenb[23] (input port clocked by clk)
Endpoint: _606_ (rising edge-triggered flip-flop clocked by clk)
Path Group: clk
Path Type: max

Fanout     Cap    Slew   Delay    Time   Description
-----------------------------------------------------------------------------
                          0.00    0.00   clock clk (rise edge)
                          6.00    6.00   clock network delay (propagated)
                         10.00   16.00 ^ input external delay
                  0.44    0.00   16.00 ^ la_oenb[23] (in)
     2    0.00                           la_oenb[23] (net)
                  0.44    0.00   16.00 ^ hold477/A (sky130_fd_sc_hd__dlygate4sd3_1)
                  0.08    0.68   16.68 ^ hold477/X (sky130_fd_sc_hd__dlygate4sd3_1)
     1    0.01                           net901 (net)
                  0.08    0.00   16.68 ^ input48/A (sky130_fd_sc_hd__buf_6)
                  0.02    0.10   16.78 ^ input48/X (sky130_fd_sc_hd__buf_6)
     1    0.00                           net48 (net)
                  0.02    0.00   16.78 ^ hold478/A (sky130_fd_sc_hd__dlygate4sd3_1)
                  0.10    0.62   17.39 ^ hold478/X (sky130_fd_sc_hd__dlygate4sd3_1)
     1    0.01                           net902 (net)
                  0.10    0.00   17.39 ^ wire353/A (sky130_fd_sc_hd__buf_8)
                  0.13    0.19   17.58 ^ wire353/X (sky130_fd_sc_hd__buf_8)
     4    0.08                           net353 (net)
                  0.13    0.02   17.60 ^ hold479/A (sky130_fd_sc_hd__dlygate4sd3_1)
                  0.79    1.17   18.77 ^ hold479/X (sky130_fd_sc_hd__dlygate4sd3_1)
     4    0.08                           net903 (net)
                  0.79    0.00   18.78 ^ _355_/B (sky130_fd_sc_hd__and4_1)
                  0.15    0.42   19.20 ^ _355_/X (sky130_fd_sc_hd__and4_1)
     1    0.01                           _102_ (net)
                  0.15    0.00   19.20 ^ _358_/A (sky130_fd_sc_hd__and3_2)
                  0.09    0.26   19.46 ^ _358_/X (sky130_fd_sc_hd__and3_2)
     1    0.01                           _105_ (net)
                  0.09    0.00   19.46 ^ hold657/A (sky130_fd_sc_hd__dlygate4sd3_1)
                  0.16    0.69   20.15 ^ hold657/X (sky130_fd_sc_hd__dlygate4sd3_1)
     1    0.02                           net1081 (net)
                  0.16    0.00   20.15 ^ _364_/A1 (sky130_fd_sc_hd__a21bo_2)
                  0.11    0.23   20.38 ^ _364_/X (sky130_fd_sc_hd__a21bo_2)
     1    0.02                           _111_ (net)
                  0.11    0.00   20.38 ^ hold658/A (sky130_fd_sc_hd__dlygate4sd3_1)
                  0.28    0.79   21.17 ^ hold658/X (sky130_fd_sc_hd__dlygate4sd3_1)
     3    0.03                           net1082 (net)
                  0.28    0.00   21.17 ^ _394_/B (sky130_fd_sc_hd__and4_1)
                  0.07    0.27   21.44 ^ _394_/X (sky130_fd_sc_hd__and4_1)
     1    0.00                           _138_ (net)
                  0.07    0.00   21.44 ^ hold659/A (sky130_fd_sc_hd__dlygate4sd3_1)
                  0.08    0.62   22.06 ^ hold659/X (sky130_fd_sc_hd__dlygate4sd3_1)
     1    0.01                           net1083 (net)
                  0.08    0.00   22.06 ^ hold429/A (sky130_fd_sc_hd__clkbuf_2)
                  0.08    0.16   22.22 ^ hold429/X (sky130_fd_sc_hd__clkbuf_2)
     3    0.01                           net853 (net)
                  0.08    0.00   22.22 ^ hold660/A (sky130_fd_sc_hd__dlygate4sd3_1)
                  0.20    0.72   22.93 ^ hold660/X (sky130_fd_sc_hd__dlygate4sd3_1)
     4    0.02                           net1084 (net)
                  0.20    0.00   22.93 ^ _413_/D (sky130_fd_sc_hd__and4_2)
                  0.20    0.41   23.34 ^ _413_/X (sky130_fd_sc_hd__and4_2)
     7    0.03                           _154_ (net)
                  0.20    0.00   23.35 ^ _433_/D (sky130_fd_sc_hd__and4_1)
                  0.21    0.37   23.71 ^ _433_/X (sky130_fd_sc_hd__and4_1)
     4    0.02                           _171_ (net)
                  0.21    0.00   23.72 ^ _439_/B (sky130_fd_sc_hd__nand2_1)
                  0.13    0.17   23.89 v _439_/Y (sky130_fd_sc_hd__nand2_1)
     2    0.01                           _176_ (net)
                  0.13    0.00   23.89 v _446_/B (sky130_fd_sc_hd__xnor2_1)
                  0.11    0.21   24.10 v _446_/Y (sky130_fd_sc_hd__xnor2_1)
     1    0.01                           _182_ (net)
                  0.11    0.00   24.10 v _448_/B2 (sky130_fd_sc_hd__a221o_1)
                  0.05    0.36   24.46 v _448_/X (sky130_fd_sc_hd__a221o_1)
     1    0.00                           _184_ (net)
                  0.05    0.00   24.46 v hold593/A (sky130_fd_sc_hd__dlygate4sd3_1)
                  0.06    0.60   25.06 v hold593/X (sky130_fd_sc_hd__dlygate4sd3_1)
     1    0.00                           net1017 (net)
                  0.06    0.00   25.06 v hold424/A (sky130_fd_sc_hd__clkdlybuf4s25_1)
                  0.04    0.27   25.33 v hold424/X (sky130_fd_sc_hd__clkdlybuf4s25_1)
     1    0.00                           net848 (net)
                  0.04    0.00   25.33 v hold594/A (sky130_fd_sc_hd__dlygate4sd3_1)
                  0.05    0.59   25.92 v hold594/X (sky130_fd_sc_hd__dlygate4sd3_1)
     1    0.00                           net1018 (net)
                  0.05    0.00   25.92 v hold67/A (sky130_fd_sc_hd__clkdlybuf4s25_1)
                  0.04    0.26   26.18 v hold67/X (sky130_fd_sc_hd__clkdlybuf4s25_1)
     1    0.00                           net491 (net)
                  0.04    0.00   26.18 v hold595/A (sky130_fd_sc_hd__dlygate4sd3_1)
                  0.06    0.60   26.78 v hold595/X (sky130_fd_sc_hd__dlygate4sd3_1)
     1    0.00                           net1019 (net)
                  0.06    0.00   26.78 v hold425/A (sky130_fd_sc_hd__clkdlybuf4s25_1)
                  0.04    0.27   27.05 v hold425/X (sky130_fd_sc_hd__clkdlybuf4s25_1)
     1    0.00                           net849 (net)
                  0.04    0.00   27.05 v hold596/A (sky130_fd_sc_hd__dlygate4sd3_1)
                  0.06    0.59   27.64 v hold596/X (sky130_fd_sc_hd__dlygate4sd3_1)
     1    0.00                           net1020 (net)
                  0.06    0.00   27.64 v _449_/B (sky130_fd_sc_hd__and2_1)
                  0.04    0.17   27.81 v _449_/X (sky130_fd_sc_hd__and2_1)
     1    0.00                           _185_ (net)
                  0.04    0.00   27.81 v hold597/A (sky130_fd_sc_hd__dlygate4sd3_1)
                  0.06    0.60   28.41 v hold597/X (sky130_fd_sc_hd__dlygate4sd3_1)
     1    0.00                           net1021 (net)
                  0.06    0.00   28.41 v hold68/A (sky130_fd_sc_hd__clkdlybuf4s25_1)
                  0.05    0.27   28.69 v hold68/X (sky130_fd_sc_hd__clkdlybuf4s25_1)
     1    0.00                           net492 (net)
                  0.05    0.00   28.69 v hold598/A (sky130_fd_sc_hd__dlygate4sd3_1)
                  0.06    0.60   29.29 v hold598/X (sky130_fd_sc_hd__dlygate4sd3_1)
     1    0.00                           net1022 (net)
                  0.06    0.00   29.29 v _450_/A (sky130_fd_sc_hd__clkbuf_1)
                  0.03    0.10   29.39 v _450_/X (sky130_fd_sc_hd__clkbuf_1)
     1    0.00                           _042_ (net)
                  0.03    0.00   29.39 v hold599/A (sky130_fd_sc_hd__dlygate4sd3_1)
                  0.06    0.60   30.00 v hold599/X (sky130_fd_sc_hd__dlygate4sd3_1)
     1    0.01                           net1023 (net)
                  0.06    0.00   30.00 v hold69/A (sky130_fd_sc_hd__clkdlybuf4s25_1)
                  0.06    0.29   30.29 v hold69/X (sky130_fd_sc_hd__clkdlybuf4s25_1)
     1    0.01                           net493 (net)
                  0.06    0.00   30.29 v hold600/A (sky130_fd_sc_hd__dlygate4sd3_1)
                  0.06    0.60   30.89 v hold600/X (sky130_fd_sc_hd__dlygate4sd3_1)
     1    0.00                           net1024 (net)
                  0.06    0.00   30.89 v _606_/D (sky130_fd_sc_hd__dfxtp_4)
                                 30.89   data arrival time

                         30.00   30.00   clock clk (rise edge)
                          4.50   34.50   clock source latency
                  0.60    0.00   34.50 ^ wb_clk_i (in)
     2    0.01                           wb_clk_i (net)
                  0.60    0.00   34.50 ^ _281_/A1 (sky130_fd_sc_hd__mux2_2)
                  0.07    0.28   34.78 ^ _281_/X (sky130_fd_sc_hd__mux2_2)
     1    0.01                           _061_ (net)
                  0.07    0.00   34.78 ^ _282_/A (sky130_fd_sc_hd__buf_1)
                  0.74    0.52   35.29 ^ _282_/X (sky130_fd_sc_hd__buf_1)
     2    0.06                           count.clk (net)
                  0.74    0.01   35.31 ^ clkbuf_0_count.clk/A (sky130_fd_sc_hd__clkbuf_16)
                  0.11    0.30   35.60 ^ clkbuf_0_count.clk/X (sky130_fd_sc_hd__clkbuf_16)
     8    0.08                           clknet_0_count.clk (net)
                  0.11    0.00   35.61 ^ clkbuf_3_1__f_count.clk/A (sky130_fd_sc_hd__clkbuf_16)
                  0.04    0.13   35.74 ^ clkbuf_3_1__f_count.clk/X (sky130_fd_sc_hd__clkbuf_16)
     4    0.01                           clknet_3_1__leaf_count.clk (net)
                  0.04    0.00   35.74 ^ _606_/CLK (sky130_fd_sc_hd__dfxtp_4)
                         -0.30   35.44   clock uncertainty
                          0.00   35.44   clock reconvergence pessimism
                         -0.12   35.32   library setup time
                                 35.32   data required time
-----------------------------------------------------------------------------
                                 35.32   data required time
                                -30.89   data arrival time
-----------------------------------------------------------------------------
                                  4.43   slack (MET)


Startpoint: la_oenb[23] (input port clocked by clk)
Endpoint: _610_ (rising edge-triggered flip-flop clocked by clk)
Path Group: clk
Path Type: max

Fanout     Cap    Slew   Delay    Time   Description
-----------------------------------------------------------------------------
                          0.00    0.00   clock clk (rise edge)
                          6.00    6.00   clock network delay (propagated)
                         10.00   16.00 ^ input external delay
                  0.44    0.00   16.00 ^ la_oenb[23] (in)
     2    0.00                           la_oenb[23] (net)
                  0.44    0.00   16.00 ^ hold477/A (sky130_fd_sc_hd__dlygate4sd3_1)
                  0.08    0.68   16.68 ^ hold477/X (sky130_fd_sc_hd__dlygate4sd3_1)
     1    0.01                           net901 (net)
                  0.08    0.00   16.68 ^ input48/A (sky130_fd_sc_hd__buf_6)
                  0.02    0.10   16.78 ^ input48/X (sky130_fd_sc_hd__buf_6)
     1    0.00                           net48 (net)
                  0.02    0.00   16.78 ^ hold478/A (sky130_fd_sc_hd__dlygate4sd3_1)
                  0.10    0.62   17.39 ^ hold478/X (sky130_fd_sc_hd__dlygate4sd3_1)
     1    0.01                           net902 (net)
                  0.10    0.00   17.39 ^ wire353/A (sky130_fd_sc_hd__buf_8)
                  0.13    0.19   17.58 ^ wire353/X (sky130_fd_sc_hd__buf_8)
     4    0.08                           net353 (net)
                  0.13    0.02   17.60 ^ hold479/A (sky130_fd_sc_hd__dlygate4sd3_1)
                  0.79    1.17   18.77 ^ hold479/X (sky130_fd_sc_hd__dlygate4sd3_1)
     4    0.08                           net903 (net)
                  0.79    0.00   18.78 ^ _355_/B (sky130_fd_sc_hd__and4_1)
                  0.15    0.42   19.20 ^ _355_/X (sky130_fd_sc_hd__and4_1)
     1    0.01                           _102_ (net)
                  0.15    0.00   19.20 ^ _358_/A (sky130_fd_sc_hd__and3_2)
                  0.09    0.26   19.46 ^ _358_/X (sky130_fd_sc_hd__and3_2)
     1    0.01                           _105_ (net)
                  0.09    0.00   19.46 ^ hold657/A (sky130_fd_sc_hd__dlygate4sd3_1)
                  0.16    0.69   20.15 ^ hold657/X (sky130_fd_sc_hd__dlygate4sd3_1)
     1    0.02                           net1081 (net)
                  0.16    0.00   20.15 ^ _364_/A1 (sky130_fd_sc_hd__a21bo_2)
                  0.11    0.23   20.38 ^ _364_/X (sky130_fd_sc_hd__a21bo_2)
     1    0.02                           _111_ (net)
                  0.11    0.00   20.38 ^ hold658/A (sky130_fd_sc_hd__dlygate4sd3_1)
                  0.28    0.79   21.17 ^ hold658/X (sky130_fd_sc_hd__dlygate4sd3_1)
     3    0.03                           net1082 (net)
                  0.28    0.00   21.17 ^ _394_/B (sky130_fd_sc_hd__and4_1)
                  0.07    0.27   21.44 ^ _394_/X (sky130_fd_sc_hd__and4_1)
     1    0.00                           _138_ (net)
                  0.07    0.00   21.44 ^ hold659/A (sky130_fd_sc_hd__dlygate4sd3_1)
                  0.08    0.62   22.06 ^ hold659/X (sky130_fd_sc_hd__dlygate4sd3_1)
     1    0.01                           net1083 (net)
                  0.08    0.00   22.06 ^ hold429/A (sky130_fd_sc_hd__clkbuf_2)
                  0.08    0.16   22.22 ^ hold429/X (sky130_fd_sc_hd__clkbuf_2)
     3    0.01                           net853 (net)
                  0.08    0.00   22.22 ^ hold660/A (sky130_fd_sc_hd__dlygate4sd3_1)
                  0.20    0.72   22.93 ^ hold660/X (sky130_fd_sc_hd__dlygate4sd3_1)
     4    0.02                           net1084 (net)
                  0.20    0.00   22.93 ^ _413_/D (sky130_fd_sc_hd__and4_2)
                  0.20    0.41   23.34 ^ _413_/X (sky130_fd_sc_hd__and4_2)
     7    0.03                           _154_ (net)
                  0.20    0.00   23.35 ^ _433_/D (sky130_fd_sc_hd__and4_1)
                  0.21    0.37   23.71 ^ _433_/X (sky130_fd_sc_hd__and4_1)
     4    0.02                           _171_ (net)
                  0.21    0.00   23.71 ^ _453_/D (sky130_fd_sc_hd__and4_1)
                  0.18    0.34   24.06 ^ _453_/X (sky130_fd_sc_hd__and4_1)
     4    0.02                           _188_ (net)
                  0.18    0.00   24.06 ^ _465_/C (sky130_fd_sc_hd__and3_1)
                  0.14    0.27   24.33 ^ _465_/X (sky130_fd_sc_hd__and3_1)
     2    0.01                           _198_ (net)
                  0.14    0.00   24.33 ^ _472_/A2 (sky130_fd_sc_hd__o21ai_1)
                  0.14    0.14   24.47 v _472_/Y (sky130_fd_sc_hd__o21ai_1)
     1    0.01                           _204_ (net)
                  0.14    0.00   24.47 v _475_/A2 (sky130_fd_sc_hd__o21ba_2)
                  0.06    0.29   24.76 v _475_/X (sky130_fd_sc_hd__o21ba_2)
     1    0.01                           _207_ (net)
                  0.06    0.00   24.76 v hold625/A (sky130_fd_sc_hd__dlygate4sd3_1)
                  0.11    0.68   25.44 v hold625/X (sky130_fd_sc_hd__dlygate4sd3_1)
     1    0.02                           net1049 (net)
                  0.11    0.00   25.44 v hold207/A (sky130_fd_sc_hd__clkbuf_2)
                  0.07    0.19   25.63 v hold207/X (sky130_fd_sc_hd__clkbuf_2)
     1    0.02                           net631 (net)
                  0.07    0.00   25.63 v hold626/A (sky130_fd_sc_hd__dlygate4sd3_1)
                  0.14    0.71   26.34 v hold626/X (sky130_fd_sc_hd__dlygate4sd3_1)
     1    0.02                           net1050 (net)
                  0.14    0.00   26.34 v wire201/A (sky130_fd_sc_hd__buf_6)
                  0.03    0.18   26.52 v wire201/X (sky130_fd_sc_hd__buf_6)
     1    0.02                           net201 (net)
                  0.03    0.00   26.52 v hold627/A (sky130_fd_sc_hd__dlygate4sd3_1)
                  0.14    0.70   27.22 v hold627/X (sky130_fd_sc_hd__dlygate4sd3_1)
     1    0.02                           net1051 (net)
                  0.14    0.00   27.22 v hold208/A (sky130_fd_sc_hd__buf_2)
                  0.11    0.26   27.48 v hold208/X (sky130_fd_sc_hd__buf_2)
     1    0.05                           net632 (net)
                  0.11    0.01   27.49 v _476_/B (sky130_fd_sc_hd__nor2_2)
                  0.23    0.24   27.73 ^ _476_/Y (sky130_fd_sc_hd__nor2_2)
     1    0.02                           _046_ (net)
                  0.23    0.00   27.73 ^ hold628/A (sky130_fd_sc_hd__dlygate4sd3_1)
                  0.25    0.79   28.52 ^ hold628/X (sky130_fd_sc_hd__dlygate4sd3_1)
     1    0.02                           net1052 (net)
                  0.25    0.00   28.52 ^ hold209/A (sky130_fd_sc_hd__clkbuf_2)
                  0.10    0.22   28.75 ^ hold209/X (sky130_fd_sc_hd__clkbuf_2)
     1    0.02                           net633 (net)
                  0.10    0.00   28.75 ^ hold629/A (sky130_fd_sc_hd__dlygate4sd3_1)
                  0.23    0.75   29.49 ^ hold629/X (sky130_fd_sc_hd__dlygate4sd3_1)
     1    0.02                           net1053 (net)
                  0.23    0.00   29.50 ^ wire200/A (sky130_fd_sc_hd__buf_6)
                  0.05    0.17   29.66 ^ wire200/X (sky130_fd_sc_hd__buf_6)
     1    0.02                           net200 (net)
                  0.05    0.00   29.67 ^ hold630/A (sky130_fd_sc_hd__dlygate4sd3_1)
                  0.18    0.69   30.36 ^ hold630/X (sky130_fd_sc_hd__dlygate4sd3_1)
     1    0.02                           net1054 (net)
                  0.18    0.00   30.36 ^ hold210/A (sky130_fd_sc_hd__clkbuf_2)
                  0.21    0.28   30.64 ^ hold210/X (sky130_fd_sc_hd__clkbuf_2)
     1    0.04                           net634 (net)
                  0.21    0.01   30.65 ^ _610_/D (sky130_fd_sc_hd__dfxtp_4)
                                 30.65   data arrival time

                         30.00   30.00   clock clk (rise edge)
                          4.50   34.50   clock source latency
                  0.60    0.00   34.50 ^ wb_clk_i (in)
     2    0.01                           wb_clk_i (net)
                  0.60    0.00   34.50 ^ _281_/A1 (sky130_fd_sc_hd__mux2_2)
                  0.07    0.28   34.78 ^ _281_/X (sky130_fd_sc_hd__mux2_2)
     1    0.01                           _061_ (net)
                  0.07    0.00   34.78 ^ _282_/A (sky130_fd_sc_hd__buf_1)
                  0.74    0.52   35.29 ^ _282_/X (sky130_fd_sc_hd__buf_1)
     2    0.06                           count.clk (net)
                  0.74    0.01   35.31 ^ clkbuf_0_count.clk/A (sky130_fd_sc_hd__clkbuf_16)
                  0.11    0.30   35.60 ^ clkbuf_0_count.clk/X (sky130_fd_sc_hd__clkbuf_16)
     8    0.08                           clknet_0_count.clk (net)
                  0.11    0.00   35.61 ^ clkbuf_3_2__f_count.clk/A (sky130_fd_sc_hd__clkbuf_16)
                  0.04    0.14   35.74 ^ clkbuf_3_2__f_count.clk/X (sky130_fd_sc_hd__clkbuf_16)
     7    0.02                           clknet_3_2__leaf_count.clk (net)
                  0.04    0.00   35.75 ^ _610_/CLK (sky130_fd_sc_hd__dfxtp_4)
                         -0.30   35.45   clock uncertainty
                          0.00   35.45   clock reconvergence pessimism
                         -0.10   35.34   library setup time
                                 35.34   data required time
-----------------------------------------------------------------------------
                                 35.34   data required time
                                -30.65   data arrival time
-----------------------------------------------------------------------------
                                  4.70   slack (MET)


Startpoint: la_oenb[23] (input port clocked by clk)
Endpoint: _622_ (rising edge-triggered flip-flop clocked by clk)
Path Group: clk
Path Type: max

Fanout     Cap    Slew   Delay    Time   Description
-----------------------------------------------------------------------------
                          0.00    0.00   clock clk (rise edge)
                          6.00    6.00   clock network delay (propagated)
                         10.00   16.00 ^ input external delay
                  0.44    0.00   16.00 ^ la_oenb[23] (in)
     2    0.00                           la_oenb[23] (net)
                  0.44    0.00   16.00 ^ hold477/A (sky130_fd_sc_hd__dlygate4sd3_1)
                  0.08    0.68   16.68 ^ hold477/X (sky130_fd_sc_hd__dlygate4sd3_1)
     1    0.01                           net901 (net)
                  0.08    0.00   16.68 ^ input48/A (sky130_fd_sc_hd__buf_6)
                  0.02    0.10   16.78 ^ input48/X (sky130_fd_sc_hd__buf_6)
     1    0.00                           net48 (net)
                  0.02    0.00   16.78 ^ hold478/A (sky130_fd_sc_hd__dlygate4sd3_1)
                  0.10    0.62   17.39 ^ hold478/X (sky130_fd_sc_hd__dlygate4sd3_1)
     1    0.01                           net902 (net)
                  0.10    0.00   17.39 ^ wire353/A (sky130_fd_sc_hd__buf_8)
                  0.13    0.19   17.58 ^ wire353/X (sky130_fd_sc_hd__buf_8)
     4    0.08                           net353 (net)
                  0.13    0.02   17.60 ^ hold479/A (sky130_fd_sc_hd__dlygate4sd3_1)
                  0.79    1.17   18.77 ^ hold479/X (sky130_fd_sc_hd__dlygate4sd3_1)
     4    0.08                           net903 (net)
                  0.79    0.00   18.78 ^ _355_/B (sky130_fd_sc_hd__and4_1)
                  0.15    0.42   19.20 ^ _355_/X (sky130_fd_sc_hd__and4_1)
     1    0.01                           _102_ (net)
                  0.15    0.00   19.20 ^ _358_/A (sky130_fd_sc_hd__and3_2)
                  0.09    0.26   19.46 ^ _358_/X (sky130_fd_sc_hd__and3_2)
     1    0.01                           _105_ (net)
                  0.09    0.00   19.46 ^ hold657/A (sky130_fd_sc_hd__dlygate4sd3_1)
                  0.16    0.69   20.15 ^ hold657/X (sky130_fd_sc_hd__dlygate4sd3_1)
     1    0.02                           net1081 (net)
                  0.16    0.00   20.15 ^ _364_/A1 (sky130_fd_sc_hd__a21bo_2)
                  0.11    0.23   20.38 ^ _364_/X (sky130_fd_sc_hd__a21bo_2)
     1    0.02                           _111_ (net)
                  0.11    0.00   20.38 ^ hold658/A (sky130_fd_sc_hd__dlygate4sd3_1)
                  0.28    0.79   21.17 ^ hold658/X (sky130_fd_sc_hd__dlygate4sd3_1)
     3    0.03                           net1082 (net)
                  0.28    0.00   21.17 ^ _394_/B (sky130_fd_sc_hd__and4_1)
                  0.07    0.27   21.44 ^ _394_/X (sky130_fd_sc_hd__and4_1)
     1    0.00                           _138_ (net)
                  0.07    0.00   21.44 ^ hold659/A (sky130_fd_sc_hd__dlygate4sd3_1)
                  0.08    0.62   22.06 ^ hold659/X (sky130_fd_sc_hd__dlygate4sd3_1)
     1    0.01                           net1083 (net)
                  0.08    0.00   22.06 ^ hold429/A (sky130_fd_sc_hd__clkbuf_2)
                  0.08    0.16   22.22 ^ hold429/X (sky130_fd_sc_hd__clkbuf_2)
     3    0.01                           net853 (net)
                  0.08    0.00   22.22 ^ hold660/A (sky130_fd_sc_hd__dlygate4sd3_1)
                  0.20    0.72   22.93 ^ hold660/X (sky130_fd_sc_hd__dlygate4sd3_1)
     4    0.02                           net1084 (net)
                  0.20    0.00   22.93 ^ _413_/D (sky130_fd_sc_hd__and4_2)
                  0.20    0.41   23.34 ^ _413_/X (sky130_fd_sc_hd__and4_2)
     7    0.03                           _154_ (net)
                  0.20    0.00   23.35 ^ _433_/D (sky130_fd_sc_hd__and4_1)
                  0.21    0.37   23.71 ^ _433_/X (sky130_fd_sc_hd__and4_1)
     4    0.02                           _171_ (net)
                  0.21    0.00   23.71 ^ _453_/D (sky130_fd_sc_hd__and4_1)
                  0.18    0.34   24.06 ^ _453_/X (sky130_fd_sc_hd__and4_1)
     4    0.02                           _188_ (net)
                  0.18    0.00   24.06 ^ _471_/D (sky130_fd_sc_hd__and4_2)
                  0.20    0.40   24.46 ^ _471_/X (sky130_fd_sc_hd__and4_2)
     6    0.03                           _203_ (net)
                  0.20    0.00   24.46 ^ _498_/C (sky130_fd_sc_hd__and4_2)
                  0.20    0.41   24.88 ^ _498_/X (sky130_fd_sc_hd__and4_2)
     5    0.04                           _226_ (net)
                  0.20    0.00   24.88 ^ _521_/C (sky130_fd_sc_hd__and4_2)
                  0.21    0.42   25.30 ^ _521_/X (sky130_fd_sc_hd__and4_2)
     5    0.04                           _245_ (net)
                  0.21    0.00   25.31 ^ _546_/C (sky130_fd_sc_hd__nand4_2)
                  0.16    0.19   25.50 v _546_/Y (sky130_fd_sc_hd__nand4_2)
     2    0.01                           _266_ (net)
                  0.16    0.00   25.50 v _550_/A2 (sky130_fd_sc_hd__a31o_1)
                  0.03    0.26   25.76 v _550_/X (sky130_fd_sc_hd__a31o_1)
     1    0.00                           _270_ (net)
                  0.03    0.00   25.76 v hold616/A (sky130_fd_sc_hd__dlygate4sd3_1)
                  0.06    0.60   26.36 v hold616/X (sky130_fd_sc_hd__dlygate4sd3_1)
     1    0.00                           net1040 (net)
                  0.06    0.00   26.36 v hold406/A (sky130_fd_sc_hd__clkdlybuf4s25_1)
                  0.04    0.27   26.63 v hold406/X (sky130_fd_sc_hd__clkdlybuf4s25_1)
     1    0.00                           net830 (net)
                  0.04    0.00   26.63 v hold617/A (sky130_fd_sc_hd__dlygate4sd3_1)
                  0.05    0.59   27.22 v hold617/X (sky130_fd_sc_hd__dlygate4sd3_1)
     1    0.00                           net1041 (net)
                  0.05    0.00   27.22 v _551_/B (sky130_fd_sc_hd__and2_1)
                  0.03    0.16   27.38 v _551_/X (sky130_fd_sc_hd__and2_1)
     1    0.00                           _271_ (net)
                  0.03    0.00   27.38 v hold618/A (sky130_fd_sc_hd__dlygate4sd3_1)
                  0.06    0.59   27.98 v hold618/X (sky130_fd_sc_hd__dlygate4sd3_1)
     1    0.00                           net1042 (net)
                  0.06    0.00   27.98 v hold407/A (sky130_fd_sc_hd__clkdlybuf4s25_1)
                  0.04    0.26   28.24 v hold407/X (sky130_fd_sc_hd__clkdlybuf4s25_1)
     1    0.00                           net831 (net)
                  0.04    0.00   28.24 v hold619/A (sky130_fd_sc_hd__dlygate4sd3_1)
                  0.06    0.60   28.84 v hold619/X (sky130_fd_sc_hd__dlygate4sd3_1)
     1    0.00                           net1043 (net)
                  0.06    0.00   28.84 v hold102/A (sky130_fd_sc_hd__clkdlybuf4s25_1)
                  0.03    0.26   29.11 v hold102/X (sky130_fd_sc_hd__clkdlybuf4s25_1)
     1    0.00                           net526 (net)
                  0.03    0.00   29.11 v hold620/A (sky130_fd_sc_hd__dlygate4sd3_1)
                  0.06    0.60   29.70 v hold620/X (sky130_fd_sc_hd__dlygate4sd3_1)
     1    0.00                           net1044 (net)
                  0.06    0.00   29.70 v hold408/A (sky130_fd_sc_hd__clkdlybuf4s25_1)
                  0.06    0.28   29.98 v hold408/X (sky130_fd_sc_hd__clkdlybuf4s25_1)
     1    0.01                           net832 (net)
                  0.06    0.00   29.98 v _552_/A (sky130_fd_sc_hd__clkbuf_1)
                  0.04    0.11   30.10 v _552_/X (sky130_fd_sc_hd__clkbuf_1)
     1    0.01                           _058_ (net)
                  0.04    0.00   30.10 v hold103/A (sky130_fd_sc_hd__clkdlybuf4s25_1)
                  0.07    0.28   30.38 v hold103/X (sky130_fd_sc_hd__clkdlybuf4s25_1)
     1    0.01                           net527 (net)
                  0.07    0.00   30.38 v _622_/D (sky130_fd_sc_hd__dfxtp_4)
                                 30.38   data arrival time

                         30.00   30.00   clock clk (rise edge)
                          4.50   34.50   clock source latency
                  0.60    0.00   34.50 ^ wb_clk_i (in)
     2    0.01                           wb_clk_i (net)
                  0.60    0.00   34.50 ^ _281_/A1 (sky130_fd_sc_hd__mux2_2)
                  0.07    0.28   34.78 ^ _281_/X (sky130_fd_sc_hd__mux2_2)
     1    0.01                           _061_ (net)
                  0.07    0.00   34.78 ^ _282_/A (sky130_fd_sc_hd__buf_1)
                  0.74    0.52   35.29 ^ _282_/X (sky130_fd_sc_hd__buf_1)
     2    0.06                           count.clk (net)
                  0.74    0.01   35.31 ^ clkbuf_0_count.clk/A (sky130_fd_sc_hd__clkbuf_16)
                  0.11    0.30   35.60 ^ clkbuf_0_count.clk/X (sky130_fd_sc_hd__clkbuf_16)
     8    0.08                           clknet_0_count.clk (net)
                  0.11    0.00   35.61 ^ clkbuf_3_3__f_count.clk/A (sky130_fd_sc_hd__clkbuf_16)
                  0.05    0.14   35.75 ^ clkbuf_3_3__f_count.clk/X (sky130_fd_sc_hd__clkbuf_16)
     9    0.03                           clknet_3_3__leaf_count.clk (net)
                  0.05    0.00   35.75 ^ _622_/CLK (sky130_fd_sc_hd__dfxtp_4)
                         -0.30   35.45   clock uncertainty
                          0.00   35.45   clock reconvergence pessimism
                         -0.12   35.33   library setup time
                                 35.33   data required time
-----------------------------------------------------------------------------
                                 35.33   data required time
                                -30.38   data arrival time
-----------------------------------------------------------------------------
                                  4.95   slack (MET)


