
===========================================================================
report_checks -unconstrained
============================================================================
Startpoint: wbs_cyc_i (input port clocked by clk)
Endpoint: _701_ (rising edge-triggered flip-flop clocked by clk)
Path Group: clk
Path Type: max

Fanout     Cap    Slew   Delay    Time   Description
-----------------------------------------------------------------------------
                          0.00    0.00   clock clk (rise edge)
                          6.00    6.00   clock network delay (propagated)
                         10.00   16.00 v input external delay
                  0.44    0.00   16.00 v wbs_cyc_i (in)
     2    0.00                           wbs_cyc_i (net)
                  0.44    0.00   16.00 v hold141/A (sky130_fd_sc_hd__clkdlybuf4s25_1)
                  0.03    0.39   16.39 v hold141/X (sky130_fd_sc_hd__clkdlybuf4s25_1)
     1    0.00                           net578 (net)
                  0.03    0.00   16.39 v input66/A (sky130_fd_sc_hd__buf_2)
                  0.07    0.17   16.56 v input66/X (sky130_fd_sc_hd__buf_2)
     2    0.03                           net66 (net)
                  0.07    0.00   16.56 v hold142/A (sky130_fd_sc_hd__clkbuf_2)
                  0.14    0.22   16.78 v hold142/X (sky130_fd_sc_hd__clkbuf_2)
     2    0.04                           net579 (net)
                  0.14    0.00   16.78 v _325_/B (sky130_fd_sc_hd__nand2_1)
                  0.08    0.13   16.92 ^ _325_/Y (sky130_fd_sc_hd__nand2_1)
     1    0.01                           _064_ (net)
                  0.08    0.00   16.92 ^ hold860/A (sky130_fd_sc_hd__dlygate4sd3_1)
                  0.08    0.61   17.53 ^ hold860/X (sky130_fd_sc_hd__dlygate4sd3_1)
     1    0.01                           net1297 (net)
                  0.08    0.00   17.53 ^ hold143/A (sky130_fd_sc_hd__clkdlybuf4s50_1)
                  0.07    0.53   18.06 ^ hold143/X (sky130_fd_sc_hd__clkdlybuf4s50_1)
     1    0.00                           net580 (net)
                  0.07    0.00   18.06 ^ hold861/A (sky130_fd_sc_hd__dlygate4sd3_1)
                  0.07    0.60   18.66 ^ hold861/X (sky130_fd_sc_hd__dlygate4sd3_1)
     1    0.00                           net1298 (net)
                  0.07    0.00   18.66 ^ hold127/A (sky130_fd_sc_hd__dlymetal6s2s_1)
                  0.14    0.18   18.84 ^ hold127/X (sky130_fd_sc_hd__dlymetal6s2s_1)
     2    0.01                           net564 (net)
                  0.14    0.00   18.84 ^ hold862/A (sky130_fd_sc_hd__dlygate4sd3_1)
                  0.11    0.66   19.51 ^ hold862/X (sky130_fd_sc_hd__dlygate4sd3_1)
     1    0.01                           net1299 (net)
                  0.11    0.00   19.51 ^ _326_/B (sky130_fd_sc_hd__nor2_1)
                  0.09    0.08   19.59 v _326_/Y (sky130_fd_sc_hd__nor2_1)
     1    0.01                           _065_ (net)
                  0.09    0.00   19.59 v hold863/A (sky130_fd_sc_hd__dlygate4sd3_1)
                  0.08    0.65   20.24 v hold863/X (sky130_fd_sc_hd__dlygate4sd3_1)
     1    0.01                           net1300 (net)
                  0.08    0.00   20.24 v hold128/A (sky130_fd_sc_hd__dlymetal6s2s_1)
                  0.08    0.20   20.44 v hold128/X (sky130_fd_sc_hd__dlymetal6s2s_1)
     2    0.01                           net565 (net)
                  0.08    0.00   20.44 v hold864/A (sky130_fd_sc_hd__dlygate4sd3_1)
                  0.08    0.65   21.09 v hold864/X (sky130_fd_sc_hd__dlygate4sd3_1)
     1    0.01                           net1301 (net)
                  0.08    0.00   21.10 v _327_/B (sky130_fd_sc_hd__nand2_1)
                  0.05    0.09   21.18 ^ _327_/Y (sky130_fd_sc_hd__nand2_1)
     1    0.00                           _066_ (net)
                  0.05    0.00   21.18 ^ hold865/A (sky130_fd_sc_hd__dlygate4sd3_1)
                  0.06    0.58   21.77 ^ hold865/X (sky130_fd_sc_hd__dlygate4sd3_1)
     1    0.00                           net1302 (net)
                  0.06    0.00   21.77 ^ hold138/A (sky130_fd_sc_hd__clkdlybuf4s25_1)
                  0.05    0.27   22.03 ^ hold138/X (sky130_fd_sc_hd__clkdlybuf4s25_1)
     1    0.00                           net575 (net)
                  0.05    0.00   22.03 ^ hold866/A (sky130_fd_sc_hd__dlygate4sd3_1)
                  0.05    0.58   22.61 ^ hold866/X (sky130_fd_sc_hd__dlygate4sd3_1)
     1    0.00                           net1303 (net)
                  0.05    0.00   22.61 ^ hold129/A (sky130_fd_sc_hd__clkdlybuf4s50_1)
                  0.06    0.52   23.13 ^ hold129/X (sky130_fd_sc_hd__clkdlybuf4s50_1)
     1    0.00                           net566 (net)
                  0.06    0.00   23.13 ^ hold867/A (sky130_fd_sc_hd__dlygate4sd3_1)
                  0.10    0.62   23.75 ^ hold867/X (sky130_fd_sc_hd__dlygate4sd3_1)
     2    0.01                           net1304 (net)
                  0.10    0.00   23.75 ^ hold139/A (sky130_fd_sc_hd__buf_2)
                  0.18    0.24   23.99 ^ hold139/X (sky130_fd_sc_hd__buf_2)
     4    0.04                           net576 (net)
                  0.18    0.00   23.99 ^ _390_/A (sky130_fd_sc_hd__inv_2)
                  0.13    0.17   24.16 v _390_/Y (sky130_fd_sc_hd__inv_2)
     8    0.06                           _099_ (net)
                  0.13    0.00   24.17 v _635_/A1 (sky130_fd_sc_hd__a32o_1)
                  0.04    0.27   24.44 v _635_/X (sky130_fd_sc_hd__a32o_1)
     1    0.00                           _059_ (net)
                  0.04    0.00   24.44 v hold715/A (sky130_fd_sc_hd__dlygate4sd3_1)
                  0.06    0.60   25.04 v hold715/X (sky130_fd_sc_hd__dlygate4sd3_1)
     1    0.00                           net1152 (net)
                  0.06    0.00   25.04 v hold471/A (sky130_fd_sc_hd__clkdlybuf4s25_1)
                  0.04    0.27   25.31 v hold471/X (sky130_fd_sc_hd__clkdlybuf4s25_1)
     1    0.00                           net908 (net)
                  0.04    0.00   25.31 v hold716/A (sky130_fd_sc_hd__dlygate4sd3_1)
                  0.06    0.60   25.91 v hold716/X (sky130_fd_sc_hd__dlygate4sd3_1)
     1    0.00                           net1153 (net)
                  0.06    0.00   25.91 v hold280/A (sky130_fd_sc_hd__clkdlybuf4s25_1)
                  0.03    0.26   26.17 v hold280/X (sky130_fd_sc_hd__clkdlybuf4s25_1)
     1    0.00                           net717 (net)
                  0.03    0.00   26.17 v hold717/A (sky130_fd_sc_hd__dlygate4sd3_1)
                  0.06    0.59   26.76 v hold717/X (sky130_fd_sc_hd__dlygate4sd3_1)
     1    0.00                           net1154 (net)
                  0.06    0.00   26.76 v hold472/A (sky130_fd_sc_hd__clkdlybuf4s25_1)
                  0.04    0.27   27.03 v hold472/X (sky130_fd_sc_hd__clkdlybuf4s25_1)
     1    0.00                           net909 (net)
                  0.04    0.00   27.03 v hold718/A (sky130_fd_sc_hd__dlygate4sd3_1)
                  0.07    0.61   27.64 v hold718/X (sky130_fd_sc_hd__dlygate4sd3_1)
     1    0.01                           net1155 (net)
                  0.07    0.00   27.64 v hold55/A (sky130_fd_sc_hd__clkdlybuf4s25_1)
                  0.05    0.28   27.92 v hold55/X (sky130_fd_sc_hd__clkdlybuf4s25_1)
     1    0.00                           net492 (net)
                  0.05    0.00   27.92 v hold719/A (sky130_fd_sc_hd__dlygate4sd3_1)
                  0.06    0.60   28.52 v hold719/X (sky130_fd_sc_hd__dlygate4sd3_1)
     1    0.00                           net1156 (net)
                  0.06    0.00   28.52 v hold473/A (sky130_fd_sc_hd__clkdlybuf4s25_1)
                  0.05    0.27   28.80 v hold473/X (sky130_fd_sc_hd__clkdlybuf4s25_1)
     1    0.00                           net910 (net)
                  0.05    0.00   28.80 v hold281/A (sky130_fd_sc_hd__clkdlybuf4s25_1)
                  0.08    0.30   29.10 v hold281/X (sky130_fd_sc_hd__clkdlybuf4s25_1)
     1    0.01                           net718 (net)
                  0.08    0.00   29.10 v _701_/D (sky130_fd_sc_hd__dfxtp_4)
                                 29.10   data arrival time

                         30.00   30.00   clock clk (rise edge)
                          4.50   34.50   clock source latency
                  0.60    0.00   34.50 ^ wb_clk_i (in)
     2    0.02                           wb_clk_i (net)
                  0.60    0.00   34.50 ^ _320_/A1 (sky130_fd_sc_hd__mux2_2)
                  0.11    0.31   34.81 ^ _320_/X (sky130_fd_sc_hd__mux2_2)
     1    0.02                           _061_ (net)
                  0.11    0.00   34.81 ^ _321_/A (sky130_fd_sc_hd__buf_1)
                  0.08    0.11   34.92 ^ _321_/X (sky130_fd_sc_hd__buf_1)
     1    0.01                           count.clk (net)
                  0.08    0.00   34.92 ^ wire2/A (sky130_fd_sc_hd__buf_4)
                  0.17    0.19   35.12 ^ wire2/X (sky130_fd_sc_hd__buf_4)
     2    0.06                           net434 (net)
                  0.17    0.01   35.13 ^ wire1/A (sky130_fd_sc_hd__buf_8)
                  0.12    0.17   35.30 ^ wire1/X (sky130_fd_sc_hd__buf_8)
     2    0.07                           net433 (net)
                  0.13    0.02   35.32 ^ clkbuf_0_count.clk/A (sky130_fd_sc_hd__clkbuf_16)
                  0.10    0.18   35.50 ^ clkbuf_0_count.clk/X (sky130_fd_sc_hd__clkbuf_16)
     8    0.08                           clknet_0_count.clk (net)
                  0.10    0.02   35.51 ^ clkbuf_2_0_0_count.clk/A (sky130_fd_sc_hd__clkbuf_4)
                  0.13    0.20   35.72 ^ clkbuf_2_0_0_count.clk/X (sky130_fd_sc_hd__clkbuf_4)
     2    0.04                           clknet_2_0_0_count.clk (net)
                  0.13    0.00   35.72 ^ clkbuf_3_1__f_count.clk/A (sky130_fd_sc_hd__clkbuf_16)
                  0.06    0.16   35.88 ^ clkbuf_3_1__f_count.clk/X (sky130_fd_sc_hd__clkbuf_16)
     9    0.04                           clknet_3_1__leaf_count.clk (net)
                  0.06    0.00   35.88 ^ _701_/CLK (sky130_fd_sc_hd__dfxtp_4)
                         -0.30   35.58   clock uncertainty
                          0.00   35.58   clock reconvergence pessimism
                         -0.12   35.46   library setup time
                                 35.46   data required time
-----------------------------------------------------------------------------
                                 35.46   data required time
                                -29.10   data arrival time
-----------------------------------------------------------------------------
                                  6.36   slack (MET)



===========================================================================
report_checks --slack_max -0.01
============================================================================
No paths found.
