
===========================================================================
report_checks -path_delay max (Setup)
============================================================================
Startpoint: wbs_cyc_i (input port clocked by clk)
Endpoint: _701_ (rising edge-triggered flip-flop clocked by clk)
Path Group: clk
Path Type: max

Fanout     Cap    Slew   Delay    Time   Description
-----------------------------------------------------------------------------
                          0.00    0.00   clock clk (rise edge)
                          6.00    6.00   clock network delay (propagated)
                         10.00   16.00 v input external delay
                  0.44    0.00   16.00 v wbs_cyc_i (in)
     2    0.00                           wbs_cyc_i (net)
                  0.44    0.00   16.00 v hold141/A (sky130_fd_sc_hd__clkdlybuf4s25_1)
                  0.03    0.39   16.39 v hold141/X (sky130_fd_sc_hd__clkdlybuf4s25_1)
     1    0.00                           net578 (net)
                  0.03    0.00   16.39 v input66/A (sky130_fd_sc_hd__buf_2)
                  0.07    0.17   16.56 v input66/X (sky130_fd_sc_hd__buf_2)
     2    0.03                           net66 (net)
                  0.07    0.00   16.56 v hold142/A (sky130_fd_sc_hd__clkbuf_2)
                  0.14    0.22   16.78 v hold142/X (sky130_fd_sc_hd__clkbuf_2)
     2    0.04                           net579 (net)
                  0.14    0.00   16.78 v _325_/B (sky130_fd_sc_hd__nand2_1)
                  0.08    0.13   16.92 ^ _325_/Y (sky130_fd_sc_hd__nand2_1)
     1    0.01                           _064_ (net)
                  0.08    0.00   16.92 ^ hold860/A (sky130_fd_sc_hd__dlygate4sd3_1)
                  0.08    0.61   17.53 ^ hold860/X (sky130_fd_sc_hd__dlygate4sd3_1)
     1    0.01                           net1297 (net)
                  0.08    0.00   17.53 ^ hold143/A (sky130_fd_sc_hd__clkdlybuf4s50_1)
                  0.07    0.53   18.06 ^ hold143/X (sky130_fd_sc_hd__clkdlybuf4s50_1)
     1    0.00                           net580 (net)
                  0.07    0.00   18.06 ^ hold861/A (sky130_fd_sc_hd__dlygate4sd3_1)
                  0.07    0.60   18.66 ^ hold861/X (sky130_fd_sc_hd__dlygate4sd3_1)
     1    0.00                           net1298 (net)
                  0.07    0.00   18.66 ^ hold127/A (sky130_fd_sc_hd__dlymetal6s2s_1)
                  0.14    0.18   18.84 ^ hold127/X (sky130_fd_sc_hd__dlymetal6s2s_1)
     2    0.01                           net564 (net)
                  0.14    0.00   18.84 ^ hold862/A (sky130_fd_sc_hd__dlygate4sd3_1)
                  0.11    0.66   19.51 ^ hold862/X (sky130_fd_sc_hd__dlygate4sd3_1)
     1    0.01                           net1299 (net)
                  0.11    0.00   19.51 ^ _326_/B (sky130_fd_sc_hd__nor2_1)
                  0.09    0.08   19.59 v _326_/Y (sky130_fd_sc_hd__nor2_1)
     1    0.01                           _065_ (net)
                  0.09    0.00   19.59 v hold863/A (sky130_fd_sc_hd__dlygate4sd3_1)
                  0.08    0.65   20.24 v hold863/X (sky130_fd_sc_hd__dlygate4sd3_1)
     1    0.01                           net1300 (net)
                  0.08    0.00   20.24 v hold128/A (sky130_fd_sc_hd__dlymetal6s2s_1)
                  0.08    0.20   20.44 v hold128/X (sky130_fd_sc_hd__dlymetal6s2s_1)
     2    0.01                           net565 (net)
                  0.08    0.00   20.44 v hold864/A (sky130_fd_sc_hd__dlygate4sd3_1)
                  0.08    0.65   21.09 v hold864/X (sky130_fd_sc_hd__dlygate4sd3_1)
     1    0.01                           net1301 (net)
                  0.08    0.00   21.10 v _327_/B (sky130_fd_sc_hd__nand2_1)
                  0.05    0.09   21.18 ^ _327_/Y (sky130_fd_sc_hd__nand2_1)
     1    0.00                           _066_ (net)
                  0.05    0.00   21.18 ^ hold865/A (sky130_fd_sc_hd__dlygate4sd3_1)
                  0.06    0.58   21.77 ^ hold865/X (sky130_fd_sc_hd__dlygate4sd3_1)
     1    0.00                           net1302 (net)
                  0.06    0.00   21.77 ^ hold138/A (sky130_fd_sc_hd__clkdlybuf4s25_1)
                  0.05    0.27   22.03 ^ hold138/X (sky130_fd_sc_hd__clkdlybuf4s25_1)
     1    0.00                           net575 (net)
                  0.05    0.00   22.03 ^ hold866/A (sky130_fd_sc_hd__dlygate4sd3_1)
                  0.05    0.58   22.61 ^ hold866/X (sky130_fd_sc_hd__dlygate4sd3_1)
     1    0.00                           net1303 (net)
                  0.05    0.00   22.61 ^ hold129/A (sky130_fd_sc_hd__clkdlybuf4s50_1)
                  0.06    0.52   23.13 ^ hold129/X (sky130_fd_sc_hd__clkdlybuf4s50_1)
     1    0.00                           net566 (net)
                  0.06    0.00   23.13 ^ hold867/A (sky130_fd_sc_hd__dlygate4sd3_1)
                  0.10    0.62   23.75 ^ hold867/X (sky130_fd_sc_hd__dlygate4sd3_1)
     2    0.01                           net1304 (net)
                  0.10    0.00   23.75 ^ hold139/A (sky130_fd_sc_hd__buf_2)
                  0.18    0.24   23.99 ^ hold139/X (sky130_fd_sc_hd__buf_2)
     4    0.04                           net576 (net)
                  0.18    0.00   23.99 ^ _390_/A (sky130_fd_sc_hd__inv_2)
                  0.13    0.17   24.16 v _390_/Y (sky130_fd_sc_hd__inv_2)
     8    0.06                           _099_ (net)
                  0.13    0.00   24.17 v _635_/A1 (sky130_fd_sc_hd__a32o_1)
                  0.04    0.27   24.44 v _635_/X (sky130_fd_sc_hd__a32o_1)
     1    0.00                           _059_ (net)
                  0.04    0.00   24.44 v hold715/A (sky130_fd_sc_hd__dlygate4sd3_1)
                  0.06    0.60   25.04 v hold715/X (sky130_fd_sc_hd__dlygate4sd3_1)
     1    0.00                           net1152 (net)
                  0.06    0.00   25.04 v hold471/A (sky130_fd_sc_hd__clkdlybuf4s25_1)
                  0.04    0.27   25.31 v hold471/X (sky130_fd_sc_hd__clkdlybuf4s25_1)
     1    0.00                           net908 (net)
                  0.04    0.00   25.31 v hold716/A (sky130_fd_sc_hd__dlygate4sd3_1)
                  0.06    0.60   25.91 v hold716/X (sky130_fd_sc_hd__dlygate4sd3_1)
     1    0.00                           net1153 (net)
                  0.06    0.00   25.91 v hold280/A (sky130_fd_sc_hd__clkdlybuf4s25_1)
                  0.03    0.26   26.17 v hold280/X (sky130_fd_sc_hd__clkdlybuf4s25_1)
     1    0.00                           net717 (net)
                  0.03    0.00   26.17 v hold717/A (sky130_fd_sc_hd__dlygate4sd3_1)
                  0.06    0.59   26.76 v hold717/X (sky130_fd_sc_hd__dlygate4sd3_1)
     1    0.00                           net1154 (net)
                  0.06    0.00   26.76 v hold472/A (sky130_fd_sc_hd__clkdlybuf4s25_1)
                  0.04    0.27   27.03 v hold472/X (sky130_fd_sc_hd__clkdlybuf4s25_1)
     1    0.00                           net909 (net)
                  0.04    0.00   27.03 v hold718/A (sky130_fd_sc_hd__dlygate4sd3_1)
                  0.07    0.61   27.64 v hold718/X (sky130_fd_sc_hd__dlygate4sd3_1)
     1    0.01                           net1155 (net)
                  0.07    0.00   27.64 v hold55/A (sky130_fd_sc_hd__clkdlybuf4s25_1)
                  0.05    0.28   27.92 v hold55/X (sky130_fd_sc_hd__clkdlybuf4s25_1)
     1    0.00                           net492 (net)
                  0.05    0.00   27.92 v hold719/A (sky130_fd_sc_hd__dlygate4sd3_1)
                  0.06    0.60   28.52 v hold719/X (sky130_fd_sc_hd__dlygate4sd3_1)
     1    0.00                           net1156 (net)
                  0.06    0.00   28.52 v hold473/A (sky130_fd_sc_hd__clkdlybuf4s25_1)
                  0.05    0.27   28.80 v hold473/X (sky130_fd_sc_hd__clkdlybuf4s25_1)
     1    0.00                           net910 (net)
                  0.05    0.00   28.80 v hold281/A (sky130_fd_sc_hd__clkdlybuf4s25_1)
                  0.08    0.30   29.10 v hold281/X (sky130_fd_sc_hd__clkdlybuf4s25_1)
     1    0.01                           net718 (net)
                  0.08    0.00   29.10 v _701_/D (sky130_fd_sc_hd__dfxtp_4)
                                 29.10   data arrival time

                         30.00   30.00   clock clk (rise edge)
                          4.50   34.50   clock source latency
                  0.60    0.00   34.50 ^ wb_clk_i (in)
     2    0.02                           wb_clk_i (net)
                  0.60    0.00   34.50 ^ _320_/A1 (sky130_fd_sc_hd__mux2_2)
                  0.11    0.31   34.81 ^ _320_/X (sky130_fd_sc_hd__mux2_2)
     1    0.02                           _061_ (net)
                  0.11    0.00   34.81 ^ _321_/A (sky130_fd_sc_hd__buf_1)
                  0.08    0.11   34.92 ^ _321_/X (sky130_fd_sc_hd__buf_1)
     1    0.01                           count.clk (net)
                  0.08    0.00   34.92 ^ wire2/A (sky130_fd_sc_hd__buf_4)
                  0.17    0.19   35.12 ^ wire2/X (sky130_fd_sc_hd__buf_4)
     2    0.06                           net434 (net)
                  0.17    0.01   35.13 ^ wire1/A (sky130_fd_sc_hd__buf_8)
                  0.12    0.17   35.30 ^ wire1/X (sky130_fd_sc_hd__buf_8)
     2    0.07                           net433 (net)
                  0.13    0.02   35.32 ^ clkbuf_0_count.clk/A (sky130_fd_sc_hd__clkbuf_16)
                  0.10    0.18   35.50 ^ clkbuf_0_count.clk/X (sky130_fd_sc_hd__clkbuf_16)
     8    0.08                           clknet_0_count.clk (net)
                  0.10    0.02   35.51 ^ clkbuf_2_0_0_count.clk/A (sky130_fd_sc_hd__clkbuf_4)
                  0.13    0.20   35.72 ^ clkbuf_2_0_0_count.clk/X (sky130_fd_sc_hd__clkbuf_4)
     2    0.04                           clknet_2_0_0_count.clk (net)
                  0.13    0.00   35.72 ^ clkbuf_3_1__f_count.clk/A (sky130_fd_sc_hd__clkbuf_16)
                  0.06    0.16   35.88 ^ clkbuf_3_1__f_count.clk/X (sky130_fd_sc_hd__clkbuf_16)
     9    0.04                           clknet_3_1__leaf_count.clk (net)
                  0.06    0.00   35.88 ^ _701_/CLK (sky130_fd_sc_hd__dfxtp_4)
                         -0.30   35.58   clock uncertainty
                          0.00   35.58   clock reconvergence pessimism
                         -0.12   35.46   library setup time
                                 35.46   data required time
-----------------------------------------------------------------------------
                                 35.46   data required time
                                -29.10   data arrival time
-----------------------------------------------------------------------------
                                  6.36   slack (MET)


Startpoint: wbs_cyc_i (input port clocked by clk)
Endpoint: _686_ (rising edge-triggered flip-flop clocked by clk)
Path Group: clk
Path Type: max

Fanout     Cap    Slew   Delay    Time   Description
-----------------------------------------------------------------------------
                          0.00    0.00   clock clk (rise edge)
                          6.00    6.00   clock network delay (propagated)
                         10.00   16.00 ^ input external delay
                  0.44    0.00   16.00 ^ wbs_cyc_i (in)
     2    0.00                           wbs_cyc_i (net)
                  0.44    0.00   16.00 ^ hold141/A (sky130_fd_sc_hd__clkdlybuf4s25_1)
                  0.04    0.35   16.35 ^ hold141/X (sky130_fd_sc_hd__clkdlybuf4s25_1)
     1    0.00                           net578 (net)
                  0.04    0.00   16.35 ^ input66/A (sky130_fd_sc_hd__buf_2)
                  0.13    0.18   16.53 ^ input66/X (sky130_fd_sc_hd__buf_2)
     2    0.03                           net66 (net)
                  0.13    0.00   16.53 ^ hold142/A (sky130_fd_sc_hd__clkbuf_2)
                  0.20    0.26   16.79 ^ hold142/X (sky130_fd_sc_hd__clkbuf_2)
     2    0.04                           net579 (net)
                  0.20    0.00   16.80 ^ _325_/B (sky130_fd_sc_hd__nand2_1)
                  0.07    0.11   16.91 v _325_/Y (sky130_fd_sc_hd__nand2_1)
     1    0.01                           _064_ (net)
                  0.07    0.00   16.91 v hold860/A (sky130_fd_sc_hd__dlygate4sd3_1)
                  0.07    0.62   17.53 v hold860/X (sky130_fd_sc_hd__dlygate4sd3_1)
     1    0.01                           net1297 (net)
                  0.07    0.00   17.53 v hold143/A (sky130_fd_sc_hd__clkdlybuf4s50_1)
                  0.06    0.48   18.01 v hold143/X (sky130_fd_sc_hd__clkdlybuf4s50_1)
     1    0.00                           net580 (net)
                  0.06    0.00   18.01 v hold861/A (sky130_fd_sc_hd__dlygate4sd3_1)
                  0.06    0.61   18.62 v hold861/X (sky130_fd_sc_hd__dlygate4sd3_1)
     1    0.00                           net1298 (net)
                  0.06    0.00   18.62 v hold127/A (sky130_fd_sc_hd__dlymetal6s2s_1)
                  0.07    0.19   18.81 v hold127/X (sky130_fd_sc_hd__dlymetal6s2s_1)
     2    0.01                           net564 (net)
                  0.07    0.00   18.81 v hold862/A (sky130_fd_sc_hd__dlygate4sd3_1)
                  0.08    0.65   19.47 v hold862/X (sky130_fd_sc_hd__dlygate4sd3_1)
     1    0.01                           net1299 (net)
                  0.08    0.00   19.47 v _326_/B (sky130_fd_sc_hd__nor2_1)
                  0.16    0.17   19.64 ^ _326_/Y (sky130_fd_sc_hd__nor2_1)
     1    0.01                           _065_ (net)
                  0.16    0.00   19.64 ^ hold863/A (sky130_fd_sc_hd__dlygate4sd3_1)
                  0.10    0.65   20.29 ^ hold863/X (sky130_fd_sc_hd__dlygate4sd3_1)
     1    0.01                           net1300 (net)
                  0.10    0.00   20.29 ^ hold128/A (sky130_fd_sc_hd__dlymetal6s2s_1)
                  0.15    0.19   20.49 ^ hold128/X (sky130_fd_sc_hd__dlymetal6s2s_1)
     2    0.01                           net565 (net)
                  0.15    0.00   20.49 ^ hold864/A (sky130_fd_sc_hd__dlygate4sd3_1)
                  0.11    0.67   21.15 ^ hold864/X (sky130_fd_sc_hd__dlygate4sd3_1)
     1    0.01                           net1301 (net)
                  0.11    0.00   21.15 ^ _327_/B (sky130_fd_sc_hd__nand2_1)
                  0.07    0.07   21.22 v _327_/Y (sky130_fd_sc_hd__nand2_1)
     1    0.00                           _066_ (net)
                  0.07    0.00   21.22 v hold865/A (sky130_fd_sc_hd__dlygate4sd3_1)
                  0.06    0.60   21.83 v hold865/X (sky130_fd_sc_hd__dlygate4sd3_1)
     1    0.00                           net1302 (net)
                  0.06    0.00   21.83 v hold138/A (sky130_fd_sc_hd__clkdlybuf4s25_1)
                  0.04    0.27   22.09 v hold138/X (sky130_fd_sc_hd__clkdlybuf4s25_1)
     1    0.00                           net575 (net)
                  0.04    0.00   22.09 v hold866/A (sky130_fd_sc_hd__dlygate4sd3_1)
                  0.05    0.59   22.68 v hold866/X (sky130_fd_sc_hd__dlygate4sd3_1)
     1    0.00                           net1303 (net)
                  0.05    0.00   22.68 v hold129/A (sky130_fd_sc_hd__clkdlybuf4s50_1)
                  0.06    0.46   23.14 v hold129/X (sky130_fd_sc_hd__clkdlybuf4s50_1)
     1    0.00                           net566 (net)
                  0.06    0.00   23.14 v hold867/A (sky130_fd_sc_hd__dlygate4sd3_1)
                  0.08    0.63   23.77 v hold867/X (sky130_fd_sc_hd__dlygate4sd3_1)
     2    0.01                           net1304 (net)
                  0.08    0.00   23.77 v hold139/A (sky130_fd_sc_hd__buf_2)
                  0.09    0.21   23.98 v hold139/X (sky130_fd_sc_hd__buf_2)
     4    0.03                           net576 (net)
                  0.09    0.00   23.98 v _390_/A (sky130_fd_sc_hd__inv_2)
                  0.26    0.25   24.23 ^ _390_/Y (sky130_fd_sc_hd__inv_2)
     8    0.06                           _099_ (net)
                  0.26    0.00   24.23 ^ _391_/A (sky130_fd_sc_hd__buf_4)
                  0.24    0.34   24.57 ^ _391_/X (sky130_fd_sc_hd__buf_4)
    12    0.09                           _030_ (net)
                  0.24    0.01   24.58 ^ _518_/B2 (sky130_fd_sc_hd__a22o_1)
                  0.09    0.22   24.79 ^ _518_/X (sky130_fd_sc_hd__a22o_1)
     1    0.01                           _044_ (net)
                  0.09    0.00   24.80 ^ hold674/A (sky130_fd_sc_hd__dlygate4sd3_1)
                  0.08    0.62   25.42 ^ hold674/X (sky130_fd_sc_hd__dlygate4sd3_1)
     1    0.01                           net1111 (net)
                  0.08    0.00   25.42 ^ hold410/A (sky130_fd_sc_hd__clkdlybuf4s50_1)
                  0.09    0.56   25.98 ^ hold410/X (sky130_fd_sc_hd__clkdlybuf4s50_1)
     1    0.01                           net847 (net)
                  0.09    0.00   25.98 ^ hold675/A (sky130_fd_sc_hd__dlygate4sd3_1)
                  0.08    0.62   26.60 ^ hold675/X (sky130_fd_sc_hd__dlygate4sd3_1)
     1    0.01                           net1112 (net)
                  0.08    0.00   26.60 ^ hold37/A (sky130_fd_sc_hd__clkdlybuf4s50_1)
                  0.10    0.56   27.16 ^ hold37/X (sky130_fd_sc_hd__clkdlybuf4s50_1)
     1    0.01                           net474 (net)
                  0.10    0.00   27.16 ^ hold676/A (sky130_fd_sc_hd__dlygate4sd3_1)
                  0.09    0.63   27.79 ^ hold676/X (sky130_fd_sc_hd__dlygate4sd3_1)
     1    0.01                           net1113 (net)
                  0.09    0.00   27.79 ^ hold411/A (sky130_fd_sc_hd__clkbuf_1)
                  0.09    0.13   27.92 ^ hold411/X (sky130_fd_sc_hd__clkbuf_1)
     1    0.01                           net848 (net)
                  0.09    0.00   27.92 ^ hold677/A (sky130_fd_sc_hd__dlygate4sd3_1)
                  0.11    0.64   28.56 ^ hold677/X (sky130_fd_sc_hd__dlygate4sd3_1)
     1    0.01                           net1114 (net)
                  0.11    0.00   28.56 ^ wire195/A (sky130_fd_sc_hd__buf_6)
                  0.04    0.13   28.69 ^ wire195/X (sky130_fd_sc_hd__buf_6)
     1    0.02                           net195 (net)
                  0.04    0.00   28.69 ^ hold412/A (sky130_fd_sc_hd__dlymetal6s2s_1)
                  0.18    0.20   28.89 ^ hold412/X (sky130_fd_sc_hd__dlymetal6s2s_1)
     1    0.02                           net849 (net)
                  0.18    0.00   28.90 ^ hold38/A (sky130_fd_sc_hd__clkbuf_2)
                  0.17    0.26   29.15 ^ hold38/X (sky130_fd_sc_hd__clkbuf_2)
     2    0.03                           net475 (net)
                  0.17    0.01   29.16 ^ _686_/D (sky130_fd_sc_hd__dfxtp_1)
                                 29.16   data arrival time

                         30.00   30.00   clock clk (rise edge)
                          4.50   34.50   clock source latency
                  0.60    0.00   34.50 ^ wb_clk_i (in)
     2    0.02                           wb_clk_i (net)
                  0.60    0.00   34.50 ^ _320_/A1 (sky130_fd_sc_hd__mux2_2)
                  0.11    0.31   34.81 ^ _320_/X (sky130_fd_sc_hd__mux2_2)
     1    0.02                           _061_ (net)
                  0.11    0.00   34.81 ^ _321_/A (sky130_fd_sc_hd__buf_1)
                  0.08    0.11   34.92 ^ _321_/X (sky130_fd_sc_hd__buf_1)
     1    0.01                           count.clk (net)
                  0.08    0.00   34.92 ^ wire2/A (sky130_fd_sc_hd__buf_4)
                  0.17    0.19   35.12 ^ wire2/X (sky130_fd_sc_hd__buf_4)
     2    0.06                           net434 (net)
                  0.17    0.01   35.13 ^ wire1/A (sky130_fd_sc_hd__buf_8)
                  0.12    0.17   35.30 ^ wire1/X (sky130_fd_sc_hd__buf_8)
     2    0.07                           net433 (net)
                  0.13    0.02   35.32 ^ clkbuf_0_count.clk/A (sky130_fd_sc_hd__clkbuf_16)
                  0.10    0.18   35.50 ^ clkbuf_0_count.clk/X (sky130_fd_sc_hd__clkbuf_16)
     8    0.08                           clknet_0_count.clk (net)
                  0.10    0.01   35.51 ^ clkbuf_2_3_0_count.clk/A (sky130_fd_sc_hd__clkbuf_4)
                  0.13    0.20   35.71 ^ clkbuf_2_3_0_count.clk/X (sky130_fd_sc_hd__clkbuf_4)
     2    0.04                           clknet_2_3_0_count.clk (net)
                  0.13    0.00   35.71 ^ clkbuf_3_7__f_count.clk/A (sky130_fd_sc_hd__clkbuf_16)
                  0.09    0.18   35.89 ^ clkbuf_3_7__f_count.clk/X (sky130_fd_sc_hd__clkbuf_16)
     8    0.07                           clknet_3_7__leaf_count.clk (net)
                  0.09    0.00   35.89 ^ wire5/A (sky130_fd_sc_hd__buf_4)
                  0.17    0.20   36.09 ^ wire5/X (sky130_fd_sc_hd__buf_4)
     2    0.06                           net437 (net)
                  0.17    0.01   36.10 ^ _686_/CLK (sky130_fd_sc_hd__dfxtp_1)
                         -0.30   35.80   clock uncertainty
                          0.00   35.80   clock reconvergence pessimism
                         -0.06   35.74   library setup time
                                 35.74   data required time
-----------------------------------------------------------------------------
                                 35.74   data required time
                                -29.16   data arrival time
-----------------------------------------------------------------------------
                                  6.58   slack (MET)


Startpoint: wbs_cyc_i (input port clocked by clk)
Endpoint: _689_ (rising edge-triggered flip-flop clocked by clk)
Path Group: clk
Path Type: max

Fanout     Cap    Slew   Delay    Time   Description
-----------------------------------------------------------------------------
                          0.00    0.00   clock clk (rise edge)
                          6.00    6.00   clock network delay (propagated)
                         10.00   16.00 ^ input external delay
                  0.44    0.00   16.00 ^ wbs_cyc_i (in)
     2    0.00                           wbs_cyc_i (net)
                  0.44    0.00   16.00 ^ hold141/A (sky130_fd_sc_hd__clkdlybuf4s25_1)
                  0.04    0.35   16.35 ^ hold141/X (sky130_fd_sc_hd__clkdlybuf4s25_1)
     1    0.00                           net578 (net)
                  0.04    0.00   16.35 ^ input66/A (sky130_fd_sc_hd__buf_2)
                  0.13    0.18   16.53 ^ input66/X (sky130_fd_sc_hd__buf_2)
     2    0.03                           net66 (net)
                  0.13    0.00   16.53 ^ hold142/A (sky130_fd_sc_hd__clkbuf_2)
                  0.20    0.26   16.79 ^ hold142/X (sky130_fd_sc_hd__clkbuf_2)
     2    0.04                           net579 (net)
                  0.20    0.00   16.80 ^ _325_/B (sky130_fd_sc_hd__nand2_1)
                  0.07    0.11   16.91 v _325_/Y (sky130_fd_sc_hd__nand2_1)
     1    0.01                           _064_ (net)
                  0.07    0.00   16.91 v hold860/A (sky130_fd_sc_hd__dlygate4sd3_1)
                  0.07    0.62   17.53 v hold860/X (sky130_fd_sc_hd__dlygate4sd3_1)
     1    0.01                           net1297 (net)
                  0.07    0.00   17.53 v hold143/A (sky130_fd_sc_hd__clkdlybuf4s50_1)
                  0.06    0.48   18.01 v hold143/X (sky130_fd_sc_hd__clkdlybuf4s50_1)
     1    0.00                           net580 (net)
                  0.06    0.00   18.01 v hold861/A (sky130_fd_sc_hd__dlygate4sd3_1)
                  0.06    0.61   18.62 v hold861/X (sky130_fd_sc_hd__dlygate4sd3_1)
     1    0.00                           net1298 (net)
                  0.06    0.00   18.62 v hold127/A (sky130_fd_sc_hd__dlymetal6s2s_1)
                  0.07    0.19   18.81 v hold127/X (sky130_fd_sc_hd__dlymetal6s2s_1)
     2    0.01                           net564 (net)
                  0.07    0.00   18.81 v hold862/A (sky130_fd_sc_hd__dlygate4sd3_1)
                  0.08    0.65   19.47 v hold862/X (sky130_fd_sc_hd__dlygate4sd3_1)
     1    0.01                           net1299 (net)
                  0.08    0.00   19.47 v _326_/B (sky130_fd_sc_hd__nor2_1)
                  0.16    0.17   19.64 ^ _326_/Y (sky130_fd_sc_hd__nor2_1)
     1    0.01                           _065_ (net)
                  0.16    0.00   19.64 ^ hold863/A (sky130_fd_sc_hd__dlygate4sd3_1)
                  0.10    0.65   20.29 ^ hold863/X (sky130_fd_sc_hd__dlygate4sd3_1)
     1    0.01                           net1300 (net)
                  0.10    0.00   20.29 ^ hold128/A (sky130_fd_sc_hd__dlymetal6s2s_1)
                  0.15    0.19   20.49 ^ hold128/X (sky130_fd_sc_hd__dlymetal6s2s_1)
     2    0.01                           net565 (net)
                  0.15    0.00   20.49 ^ hold864/A (sky130_fd_sc_hd__dlygate4sd3_1)
                  0.11    0.67   21.15 ^ hold864/X (sky130_fd_sc_hd__dlygate4sd3_1)
     1    0.01                           net1301 (net)
                  0.11    0.00   21.15 ^ _327_/B (sky130_fd_sc_hd__nand2_1)
                  0.07    0.07   21.22 v _327_/Y (sky130_fd_sc_hd__nand2_1)
     1    0.00                           _066_ (net)
                  0.07    0.00   21.22 v hold865/A (sky130_fd_sc_hd__dlygate4sd3_1)
                  0.06    0.60   21.83 v hold865/X (sky130_fd_sc_hd__dlygate4sd3_1)
     1    0.00                           net1302 (net)
                  0.06    0.00   21.83 v hold138/A (sky130_fd_sc_hd__clkdlybuf4s25_1)
                  0.04    0.27   22.09 v hold138/X (sky130_fd_sc_hd__clkdlybuf4s25_1)
     1    0.00                           net575 (net)
                  0.04    0.00   22.09 v hold866/A (sky130_fd_sc_hd__dlygate4sd3_1)
                  0.05    0.59   22.68 v hold866/X (sky130_fd_sc_hd__dlygate4sd3_1)
     1    0.00                           net1303 (net)
                  0.05    0.00   22.68 v hold129/A (sky130_fd_sc_hd__clkdlybuf4s50_1)
                  0.06    0.46   23.14 v hold129/X (sky130_fd_sc_hd__clkdlybuf4s50_1)
     1    0.00                           net566 (net)
                  0.06    0.00   23.14 v hold867/A (sky130_fd_sc_hd__dlygate4sd3_1)
                  0.08    0.63   23.77 v hold867/X (sky130_fd_sc_hd__dlygate4sd3_1)
     2    0.01                           net1304 (net)
                  0.08    0.00   23.77 v hold139/A (sky130_fd_sc_hd__buf_2)
                  0.09    0.21   23.98 v hold139/X (sky130_fd_sc_hd__buf_2)
     4    0.03                           net576 (net)
                  0.09    0.00   23.98 v _390_/A (sky130_fd_sc_hd__inv_2)
                  0.26    0.25   24.23 ^ _390_/Y (sky130_fd_sc_hd__inv_2)
     8    0.06                           _099_ (net)
                  0.26    0.00   24.23 ^ _391_/A (sky130_fd_sc_hd__buf_4)
                  0.24    0.34   24.57 ^ _391_/X (sky130_fd_sc_hd__buf_4)
    12    0.09                           _030_ (net)
                  0.24    0.00   24.57 ^ _543_/B2 (sky130_fd_sc_hd__a22o_1)
                  0.05    0.18   24.75 ^ _543_/X (sky130_fd_sc_hd__a22o_1)
     1    0.00                           _047_ (net)
                  0.05    0.00   24.75 ^ hold626/A (sky130_fd_sc_hd__dlygate4sd3_1)
                  0.07    0.60   25.35 ^ hold626/X (sky130_fd_sc_hd__dlygate4sd3_1)
     1    0.00                           net1063 (net)
                  0.07    0.00   25.35 ^ hold438/A (sky130_fd_sc_hd__clkdlybuf4s25_1)
                  0.04    0.27   25.62 ^ hold438/X (sky130_fd_sc_hd__clkdlybuf4s25_1)
     1    0.00                           net875 (net)
                  0.04    0.00   25.62 ^ hold627/A (sky130_fd_sc_hd__dlygate4sd3_1)
                  0.07    0.59   26.22 ^ hold627/X (sky130_fd_sc_hd__dlygate4sd3_1)
     1    0.00                           net1064 (net)
                  0.07    0.00   26.22 ^ hold322/A (sky130_fd_sc_hd__clkdlybuf4s25_1)
                  0.04    0.27   26.49 ^ hold322/X (sky130_fd_sc_hd__clkdlybuf4s25_1)
     1    0.00                           net759 (net)
                  0.04    0.00   26.49 ^ hold628/A (sky130_fd_sc_hd__dlygate4sd3_1)
                  0.07    0.59   27.08 ^ hold628/X (sky130_fd_sc_hd__dlygate4sd3_1)
     1    0.00                           net1065 (net)
                  0.07    0.00   27.08 ^ hold439/A (sky130_fd_sc_hd__clkdlybuf4s25_1)
                  0.04    0.27   27.34 ^ hold439/X (sky130_fd_sc_hd__clkdlybuf4s25_1)
     1    0.00                           net876 (net)
                  0.04    0.00   27.34 ^ hold629/A (sky130_fd_sc_hd__dlygate4sd3_1)
                  0.08    0.60   27.94 ^ hold629/X (sky130_fd_sc_hd__dlygate4sd3_1)
     1    0.01                           net1066 (net)
                  0.08    0.00   27.94 ^ hold9/A (sky130_fd_sc_hd__clkdlybuf4s25_1)
                  0.05    0.28   28.22 ^ hold9/X (sky130_fd_sc_hd__clkdlybuf4s25_1)
     1    0.00                           net446 (net)
                  0.05    0.00   28.22 ^ hold440/A (sky130_fd_sc_hd__clkdlybuf4s25_1)
                  0.05    0.27   28.49 ^ hold440/X (sky130_fd_sc_hd__clkdlybuf4s25_1)
     1    0.00                           net877 (net)
                  0.05    0.00   28.49 ^ hold323/A (sky130_fd_sc_hd__clkdlybuf4s25_1)
                  0.06    0.28   28.77 ^ hold323/X (sky130_fd_sc_hd__clkdlybuf4s25_1)
     1    0.00                           net760 (net)
                  0.06    0.00   28.77 ^ _689_/D (sky130_fd_sc_hd__dfxtp_1)
                                 28.77   data arrival time

                         30.00   30.00   clock clk (rise edge)
                          4.50   34.50   clock source latency
                  0.60    0.00   34.50 ^ wb_clk_i (in)
     2    0.02                           wb_clk_i (net)
                  0.60    0.00   34.50 ^ _320_/A1 (sky130_fd_sc_hd__mux2_2)
                  0.11    0.31   34.81 ^ _320_/X (sky130_fd_sc_hd__mux2_2)
     1    0.02                           _061_ (net)
                  0.11    0.00   34.81 ^ _321_/A (sky130_fd_sc_hd__buf_1)
                  0.08    0.11   34.92 ^ _321_/X (sky130_fd_sc_hd__buf_1)
     1    0.01                           count.clk (net)
                  0.08    0.00   34.92 ^ wire2/A (sky130_fd_sc_hd__buf_4)
                  0.17    0.19   35.12 ^ wire2/X (sky130_fd_sc_hd__buf_4)
     2    0.06                           net434 (net)
                  0.17    0.01   35.13 ^ wire1/A (sky130_fd_sc_hd__buf_8)
                  0.12    0.17   35.30 ^ wire1/X (sky130_fd_sc_hd__buf_8)
     2    0.07                           net433 (net)
                  0.13    0.02   35.32 ^ clkbuf_0_count.clk/A (sky130_fd_sc_hd__clkbuf_16)
                  0.10    0.18   35.50 ^ clkbuf_0_count.clk/X (sky130_fd_sc_hd__clkbuf_16)
     8    0.08                           clknet_0_count.clk (net)
                  0.10    0.02   35.51 ^ clkbuf_2_0_0_count.clk/A (sky130_fd_sc_hd__clkbuf_4)
                  0.13    0.20   35.72 ^ clkbuf_2_0_0_count.clk/X (sky130_fd_sc_hd__clkbuf_4)
     2    0.04                           clknet_2_0_0_count.clk (net)
                  0.13    0.00   35.72 ^ clkbuf_3_1__f_count.clk/A (sky130_fd_sc_hd__clkbuf_16)
                  0.06    0.16   35.88 ^ clkbuf_3_1__f_count.clk/X (sky130_fd_sc_hd__clkbuf_16)
     9    0.04                           clknet_3_1__leaf_count.clk (net)
                  0.06    0.00   35.88 ^ _689_/CLK (sky130_fd_sc_hd__dfxtp_1)
                         -0.30   35.58   clock uncertainty
                          0.00   35.58   clock reconvergence pessimism
                         -0.05   35.53   library setup time
                                 35.53   data required time
-----------------------------------------------------------------------------
                                 35.53   data required time
                                -28.77   data arrival time
-----------------------------------------------------------------------------
                                  6.76   slack (MET)


Startpoint: wbs_cyc_i (input port clocked by clk)
Endpoint: _697_ (rising edge-triggered flip-flop clocked by clk)
Path Group: clk
Path Type: max

Fanout     Cap    Slew   Delay    Time   Description
-----------------------------------------------------------------------------
                          0.00    0.00   clock clk (rise edge)
                          6.00    6.00   clock network delay (propagated)
                         10.00   16.00 ^ input external delay
                  0.44    0.00   16.00 ^ wbs_cyc_i (in)
     2    0.00                           wbs_cyc_i (net)
                  0.44    0.00   16.00 ^ hold141/A (sky130_fd_sc_hd__clkdlybuf4s25_1)
                  0.04    0.35   16.35 ^ hold141/X (sky130_fd_sc_hd__clkdlybuf4s25_1)
     1    0.00                           net578 (net)
                  0.04    0.00   16.35 ^ input66/A (sky130_fd_sc_hd__buf_2)
                  0.13    0.18   16.53 ^ input66/X (sky130_fd_sc_hd__buf_2)
     2    0.03                           net66 (net)
                  0.13    0.00   16.53 ^ hold142/A (sky130_fd_sc_hd__clkbuf_2)
                  0.20    0.26   16.79 ^ hold142/X (sky130_fd_sc_hd__clkbuf_2)
     2    0.04                           net579 (net)
                  0.20    0.00   16.80 ^ _325_/B (sky130_fd_sc_hd__nand2_1)
                  0.07    0.11   16.91 v _325_/Y (sky130_fd_sc_hd__nand2_1)
     1    0.01                           _064_ (net)
                  0.07    0.00   16.91 v hold860/A (sky130_fd_sc_hd__dlygate4sd3_1)
                  0.07    0.62   17.53 v hold860/X (sky130_fd_sc_hd__dlygate4sd3_1)
     1    0.01                           net1297 (net)
                  0.07    0.00   17.53 v hold143/A (sky130_fd_sc_hd__clkdlybuf4s50_1)
                  0.06    0.48   18.01 v hold143/X (sky130_fd_sc_hd__clkdlybuf4s50_1)
     1    0.00                           net580 (net)
                  0.06    0.00   18.01 v hold861/A (sky130_fd_sc_hd__dlygate4sd3_1)
                  0.06    0.61   18.62 v hold861/X (sky130_fd_sc_hd__dlygate4sd3_1)
     1    0.00                           net1298 (net)
                  0.06    0.00   18.62 v hold127/A (sky130_fd_sc_hd__dlymetal6s2s_1)
                  0.07    0.19   18.81 v hold127/X (sky130_fd_sc_hd__dlymetal6s2s_1)
     2    0.01                           net564 (net)
                  0.07    0.00   18.81 v hold862/A (sky130_fd_sc_hd__dlygate4sd3_1)
                  0.08    0.65   19.47 v hold862/X (sky130_fd_sc_hd__dlygate4sd3_1)
     1    0.01                           net1299 (net)
                  0.08    0.00   19.47 v _326_/B (sky130_fd_sc_hd__nor2_1)
                  0.16    0.17   19.64 ^ _326_/Y (sky130_fd_sc_hd__nor2_1)
     1    0.01                           _065_ (net)
                  0.16    0.00   19.64 ^ hold863/A (sky130_fd_sc_hd__dlygate4sd3_1)
                  0.10    0.65   20.29 ^ hold863/X (sky130_fd_sc_hd__dlygate4sd3_1)
     1    0.01                           net1300 (net)
                  0.10    0.00   20.29 ^ hold128/A (sky130_fd_sc_hd__dlymetal6s2s_1)
                  0.15    0.19   20.49 ^ hold128/X (sky130_fd_sc_hd__dlymetal6s2s_1)
     2    0.01                           net565 (net)
                  0.15    0.00   20.49 ^ hold864/A (sky130_fd_sc_hd__dlygate4sd3_1)
                  0.11    0.67   21.15 ^ hold864/X (sky130_fd_sc_hd__dlygate4sd3_1)
     1    0.01                           net1301 (net)
                  0.11    0.00   21.15 ^ _327_/B (sky130_fd_sc_hd__nand2_1)
                  0.07    0.07   21.22 v _327_/Y (sky130_fd_sc_hd__nand2_1)
     1    0.00                           _066_ (net)
                  0.07    0.00   21.22 v hold865/A (sky130_fd_sc_hd__dlygate4sd3_1)
                  0.06    0.60   21.83 v hold865/X (sky130_fd_sc_hd__dlygate4sd3_1)
     1    0.00                           net1302 (net)
                  0.06    0.00   21.83 v hold138/A (sky130_fd_sc_hd__clkdlybuf4s25_1)
                  0.04    0.27   22.09 v hold138/X (sky130_fd_sc_hd__clkdlybuf4s25_1)
     1    0.00                           net575 (net)
                  0.04    0.00   22.09 v hold866/A (sky130_fd_sc_hd__dlygate4sd3_1)
                  0.05    0.59   22.68 v hold866/X (sky130_fd_sc_hd__dlygate4sd3_1)
     1    0.00                           net1303 (net)
                  0.05    0.00   22.68 v hold129/A (sky130_fd_sc_hd__clkdlybuf4s50_1)
                  0.06    0.46   23.14 v hold129/X (sky130_fd_sc_hd__clkdlybuf4s50_1)
     1    0.00                           net566 (net)
                  0.06    0.00   23.14 v hold867/A (sky130_fd_sc_hd__dlygate4sd3_1)
                  0.08    0.63   23.77 v hold867/X (sky130_fd_sc_hd__dlygate4sd3_1)
     2    0.01                           net1304 (net)
                  0.08    0.00   23.77 v hold139/A (sky130_fd_sc_hd__buf_2)
                  0.09    0.21   23.98 v hold139/X (sky130_fd_sc_hd__buf_2)
     4    0.03                           net576 (net)
                  0.09    0.00   23.98 v _390_/A (sky130_fd_sc_hd__inv_2)
                  0.26    0.25   24.23 ^ _390_/Y (sky130_fd_sc_hd__inv_2)
     8    0.06                           _099_ (net)
                  0.26    0.01   24.23 ^ _604_/B2 (sky130_fd_sc_hd__a22o_1)
                  0.09    0.22   24.45 ^ _604_/X (sky130_fd_sc_hd__a22o_1)
     1    0.01                           _055_ (net)
                  0.09    0.00   24.45 ^ hold684/A (sky130_fd_sc_hd__dlygate4sd3_1)
                  0.10    0.64   25.09 ^ hold684/X (sky130_fd_sc_hd__dlygate4sd3_1)
     1    0.01                           net1121 (net)
                  0.10    0.00   25.09 ^ hold403/A (sky130_fd_sc_hd__dlygate4sd3_1)
                  0.10    0.64   25.72 ^ hold403/X (sky130_fd_sc_hd__dlygate4sd3_1)
     1    0.01                           net840 (net)
                  0.10    0.00   25.73 ^ hold685/A (sky130_fd_sc_hd__dlygate4sd3_1)
                  0.10    0.64   26.37 ^ hold685/X (sky130_fd_sc_hd__dlygate4sd3_1)
     1    0.01                           net1122 (net)
                  0.10    0.00   26.37 ^ hold4/A (sky130_fd_sc_hd__clkdlybuf4s50_1)
                  0.08    0.56   26.93 ^ hold4/X (sky130_fd_sc_hd__clkdlybuf4s50_1)
     1    0.01                           net441 (net)
                  0.08    0.00   26.93 ^ hold686/A (sky130_fd_sc_hd__dlygate4sd3_1)
                  0.09    0.63   27.55 ^ hold686/X (sky130_fd_sc_hd__dlygate4sd3_1)
     1    0.01                           net1123 (net)
                  0.09    0.00   27.55 ^ hold404/A (sky130_fd_sc_hd__dlymetal6s2s_1)
                  0.09    0.15   27.70 ^ hold404/X (sky130_fd_sc_hd__dlymetal6s2s_1)
     1    0.01                           net841 (net)
                  0.09    0.00   27.70 ^ hold687/A (sky130_fd_sc_hd__dlygate4sd3_1)
                  0.13    0.66   28.36 ^ hold687/X (sky130_fd_sc_hd__dlygate4sd3_1)
     1    0.01                           net1124 (net)
                  0.13    0.00   28.36 ^ wire194/A (sky130_fd_sc_hd__buf_6)
                  0.05    0.14   28.50 ^ wire194/X (sky130_fd_sc_hd__buf_6)
     1    0.02                           net194 (net)
                  0.05    0.00   28.50 ^ hold405/A (sky130_fd_sc_hd__dlymetal6s2s_1)
                  0.18    0.20   28.70 ^ hold405/X (sky130_fd_sc_hd__dlymetal6s2s_1)
     1    0.02                           net842 (net)
                  0.18    0.00   28.71 ^ hold5/A (sky130_fd_sc_hd__clkbuf_2)
                  0.19    0.27   28.98 ^ hold5/X (sky130_fd_sc_hd__clkbuf_2)
     1    0.04                           net442 (net)
                  0.19    0.01   28.98 ^ _697_/D (sky130_fd_sc_hd__dfxtp_1)
                                 28.98   data arrival time

                         30.00   30.00   clock clk (rise edge)
                          4.50   34.50   clock source latency
                  0.60    0.00   34.50 ^ wb_clk_i (in)
     2    0.02                           wb_clk_i (net)
                  0.60    0.00   34.50 ^ _320_/A1 (sky130_fd_sc_hd__mux2_2)
                  0.11    0.31   34.81 ^ _320_/X (sky130_fd_sc_hd__mux2_2)
     1    0.02                           _061_ (net)
                  0.11    0.00   34.81 ^ _321_/A (sky130_fd_sc_hd__buf_1)
                  0.08    0.11   34.92 ^ _321_/X (sky130_fd_sc_hd__buf_1)
     1    0.01                           count.clk (net)
                  0.08    0.00   34.92 ^ wire2/A (sky130_fd_sc_hd__buf_4)
                  0.17    0.19   35.12 ^ wire2/X (sky130_fd_sc_hd__buf_4)
     2    0.06                           net434 (net)
                  0.17    0.01   35.13 ^ wire1/A (sky130_fd_sc_hd__buf_8)
                  0.12    0.17   35.30 ^ wire1/X (sky130_fd_sc_hd__buf_8)
     2    0.07                           net433 (net)
                  0.13    0.02   35.32 ^ clkbuf_0_count.clk/A (sky130_fd_sc_hd__clkbuf_16)
                  0.10    0.18   35.50 ^ clkbuf_0_count.clk/X (sky130_fd_sc_hd__clkbuf_16)
     8    0.08                           clknet_0_count.clk (net)
                  0.10    0.02   35.51 ^ clkbuf_2_1_0_count.clk/A (sky130_fd_sc_hd__clkbuf_4)
                  0.14    0.21   35.72 ^ clkbuf_2_1_0_count.clk/X (sky130_fd_sc_hd__clkbuf_4)
     2    0.04                           clknet_2_1_0_count.clk (net)
                  0.14    0.00   35.72 ^ clkbuf_3_2__f_count.clk/A (sky130_fd_sc_hd__clkbuf_16)
                  0.06    0.16   35.88 ^ clkbuf_3_2__f_count.clk/X (sky130_fd_sc_hd__clkbuf_16)
     6    0.04                           clknet_3_2__leaf_count.clk (net)
                  0.06    0.00   35.88 ^ max_length4/A (sky130_fd_sc_hd__buf_4)
                  0.13    0.16   36.04 ^ max_length4/X (sky130_fd_sc_hd__buf_4)
     1    0.04                           net436 (net)
                  0.13    0.01   36.05 ^ wire3/A (sky130_fd_sc_hd__buf_6)
                  0.11    0.16   36.21 ^ wire3/X (sky130_fd_sc_hd__buf_6)
     2    0.05                           net435 (net)
                  0.11    0.01   36.22 ^ _697_/CLK (sky130_fd_sc_hd__dfxtp_1)
                         -0.30   35.92   clock uncertainty
                          0.00   35.92   clock reconvergence pessimism
                         -0.08   35.84   library setup time
                                 35.84   data required time
-----------------------------------------------------------------------------
                                 35.84   data required time
                                -28.98   data arrival time
-----------------------------------------------------------------------------
                                  6.86   slack (MET)


Startpoint: wbs_cyc_i (input port clocked by clk)
Endpoint: _702_ (rising edge-triggered flip-flop clocked by clk)
Path Group: clk
Path Type: max

Fanout     Cap    Slew   Delay    Time   Description
-----------------------------------------------------------------------------
                          0.00    0.00   clock clk (rise edge)
                          6.00    6.00   clock network delay (propagated)
                         10.00   16.00 v input external delay
                  0.44    0.00   16.00 v wbs_cyc_i (in)
     2    0.00                           wbs_cyc_i (net)
                  0.44    0.00   16.00 v hold141/A (sky130_fd_sc_hd__clkdlybuf4s25_1)
                  0.03    0.39   16.39 v hold141/X (sky130_fd_sc_hd__clkdlybuf4s25_1)
     1    0.00                           net578 (net)
                  0.03    0.00   16.39 v input66/A (sky130_fd_sc_hd__buf_2)
                  0.07    0.17   16.56 v input66/X (sky130_fd_sc_hd__buf_2)
     2    0.03                           net66 (net)
                  0.07    0.00   16.56 v hold142/A (sky130_fd_sc_hd__clkbuf_2)
                  0.14    0.22   16.78 v hold142/X (sky130_fd_sc_hd__clkbuf_2)
     2    0.04                           net579 (net)
                  0.14    0.00   16.78 v _325_/B (sky130_fd_sc_hd__nand2_1)
                  0.08    0.13   16.92 ^ _325_/Y (sky130_fd_sc_hd__nand2_1)
     1    0.01                           _064_ (net)
                  0.08    0.00   16.92 ^ hold860/A (sky130_fd_sc_hd__dlygate4sd3_1)
                  0.08    0.61   17.53 ^ hold860/X (sky130_fd_sc_hd__dlygate4sd3_1)
     1    0.01                           net1297 (net)
                  0.08    0.00   17.53 ^ hold143/A (sky130_fd_sc_hd__clkdlybuf4s50_1)
                  0.07    0.53   18.06 ^ hold143/X (sky130_fd_sc_hd__clkdlybuf4s50_1)
     1    0.00                           net580 (net)
                  0.07    0.00   18.06 ^ hold861/A (sky130_fd_sc_hd__dlygate4sd3_1)
                  0.07    0.60   18.66 ^ hold861/X (sky130_fd_sc_hd__dlygate4sd3_1)
     1    0.00                           net1298 (net)
                  0.07    0.00   18.66 ^ hold127/A (sky130_fd_sc_hd__dlymetal6s2s_1)
                  0.14    0.18   18.84 ^ hold127/X (sky130_fd_sc_hd__dlymetal6s2s_1)
     2    0.01                           net564 (net)
                  0.14    0.00   18.84 ^ hold862/A (sky130_fd_sc_hd__dlygate4sd3_1)
                  0.11    0.66   19.51 ^ hold862/X (sky130_fd_sc_hd__dlygate4sd3_1)
     1    0.01                           net1299 (net)
                  0.11    0.00   19.51 ^ _326_/B (sky130_fd_sc_hd__nor2_1)
                  0.09    0.08   19.59 v _326_/Y (sky130_fd_sc_hd__nor2_1)
     1    0.01                           _065_ (net)
                  0.09    0.00   19.59 v hold863/A (sky130_fd_sc_hd__dlygate4sd3_1)
                  0.08    0.65   20.24 v hold863/X (sky130_fd_sc_hd__dlygate4sd3_1)
     1    0.01                           net1300 (net)
                  0.08    0.00   20.24 v hold128/A (sky130_fd_sc_hd__dlymetal6s2s_1)
                  0.08    0.20   20.44 v hold128/X (sky130_fd_sc_hd__dlymetal6s2s_1)
     2    0.01                           net565 (net)
                  0.08    0.00   20.44 v hold864/A (sky130_fd_sc_hd__dlygate4sd3_1)
                  0.08    0.65   21.09 v hold864/X (sky130_fd_sc_hd__dlygate4sd3_1)
     1    0.01                           net1301 (net)
                  0.08    0.00   21.10 v _327_/B (sky130_fd_sc_hd__nand2_1)
                  0.05    0.09   21.18 ^ _327_/Y (sky130_fd_sc_hd__nand2_1)
     1    0.00                           _066_ (net)
                  0.05    0.00   21.18 ^ hold865/A (sky130_fd_sc_hd__dlygate4sd3_1)
                  0.06    0.58   21.77 ^ hold865/X (sky130_fd_sc_hd__dlygate4sd3_1)
     1    0.00                           net1302 (net)
                  0.06    0.00   21.77 ^ hold138/A (sky130_fd_sc_hd__clkdlybuf4s25_1)
                  0.05    0.27   22.03 ^ hold138/X (sky130_fd_sc_hd__clkdlybuf4s25_1)
     1    0.00                           net575 (net)
                  0.05    0.00   22.03 ^ hold866/A (sky130_fd_sc_hd__dlygate4sd3_1)
                  0.05    0.58   22.61 ^ hold866/X (sky130_fd_sc_hd__dlygate4sd3_1)
     1    0.00                           net1303 (net)
                  0.05    0.00   22.61 ^ hold129/A (sky130_fd_sc_hd__clkdlybuf4s50_1)
                  0.06    0.52   23.13 ^ hold129/X (sky130_fd_sc_hd__clkdlybuf4s50_1)
     1    0.00                           net566 (net)
                  0.06    0.00   23.13 ^ hold867/A (sky130_fd_sc_hd__dlygate4sd3_1)
                  0.10    0.62   23.75 ^ hold867/X (sky130_fd_sc_hd__dlygate4sd3_1)
     2    0.01                           net1304 (net)
                  0.10    0.00   23.75 ^ hold139/A (sky130_fd_sc_hd__buf_2)
                  0.18    0.24   23.99 ^ hold139/X (sky130_fd_sc_hd__buf_2)
     4    0.04                           net576 (net)
                  0.18    0.00   23.99 ^ _390_/A (sky130_fd_sc_hd__inv_2)
                  0.13    0.17   24.16 v _390_/Y (sky130_fd_sc_hd__inv_2)
     8    0.06                           _099_ (net)
                  0.13    0.00   24.17 v _641_/A1 (sky130_fd_sc_hd__a32o_1)
                  0.04    0.27   24.44 v _641_/X (sky130_fd_sc_hd__a32o_1)
     1    0.00                           _060_ (net)
                  0.04    0.00   24.44 v hold726/A (sky130_fd_sc_hd__dlygate4sd3_1)
                  0.06    0.60   25.04 v hold726/X (sky130_fd_sc_hd__dlygate4sd3_1)
     1    0.00                           net1163 (net)
                  0.06    0.00   25.04 v hold416/A (sky130_fd_sc_hd__clkdlybuf4s25_1)
                  0.04    0.27   25.31 v hold416/X (sky130_fd_sc_hd__clkdlybuf4s25_1)
     1    0.00                           net853 (net)
                  0.04    0.00   25.31 v hold727/A (sky130_fd_sc_hd__dlygate4sd3_1)
                  0.06    0.60   25.91 v hold727/X (sky130_fd_sc_hd__dlygate4sd3_1)
     1    0.00                           net1164 (net)
                  0.06    0.00   25.91 v hold252/A (sky130_fd_sc_hd__clkdlybuf4s25_1)
                  0.04    0.27   26.17 v hold252/X (sky130_fd_sc_hd__clkdlybuf4s25_1)
     1    0.00                           net689 (net)
                  0.04    0.00   26.17 v hold728/A (sky130_fd_sc_hd__dlygate4sd3_1)
                  0.06    0.60   26.77 v hold728/X (sky130_fd_sc_hd__dlygate4sd3_1)
     1    0.00                           net1165 (net)
                  0.06    0.00   26.77 v hold417/A (sky130_fd_sc_hd__clkdlybuf4s25_1)
                  0.05    0.28   27.05 v hold417/X (sky130_fd_sc_hd__clkdlybuf4s25_1)
     1    0.00                           net854 (net)
                  0.05    0.00   27.05 v hold729/A (sky130_fd_sc_hd__dlygate4sd3_1)
                  0.06    0.60   27.66 v hold729/X (sky130_fd_sc_hd__dlygate4sd3_1)
     1    0.00                           net1166 (net)
                  0.06    0.00   27.66 v hold77/A (sky130_fd_sc_hd__clkdlybuf4s25_1)
                  0.07    0.30   27.95 v hold77/X (sky130_fd_sc_hd__clkdlybuf4s25_1)
     1    0.01                           net514 (net)
                  0.07    0.00   27.95 v hold418/A (sky130_fd_sc_hd__clkdlybuf4s25_1)
                  0.05    0.29   28.24 v hold418/X (sky130_fd_sc_hd__clkdlybuf4s25_1)
     1    0.00                           net855 (net)
                  0.05    0.00   28.24 v hold253/A (sky130_fd_sc_hd__clkdlybuf4s25_1)
                  0.07    0.30   28.53 v hold253/X (sky130_fd_sc_hd__clkdlybuf4s25_1)
     1    0.01                           net690 (net)
                  0.07    0.00   28.54 v _702_/D (sky130_fd_sc_hd__dfxtp_2)
                                 28.54   data arrival time

                         30.00   30.00   clock clk (rise edge)
                          4.50   34.50   clock source latency
                  0.60    0.00   34.50 ^ wb_clk_i (in)
     2    0.02                           wb_clk_i (net)
                  0.60    0.00   34.50 ^ _320_/A1 (sky130_fd_sc_hd__mux2_2)
                  0.11    0.31   34.81 ^ _320_/X (sky130_fd_sc_hd__mux2_2)
     1    0.02                           _061_ (net)
                  0.11    0.00   34.81 ^ _321_/A (sky130_fd_sc_hd__buf_1)
                  0.08    0.11   34.92 ^ _321_/X (sky130_fd_sc_hd__buf_1)
     1    0.01                           count.clk (net)
                  0.08    0.00   34.92 ^ wire2/A (sky130_fd_sc_hd__buf_4)
                  0.17    0.19   35.12 ^ wire2/X (sky130_fd_sc_hd__buf_4)
     2    0.06                           net434 (net)
                  0.17    0.01   35.13 ^ wire1/A (sky130_fd_sc_hd__buf_8)
                  0.12    0.17   35.30 ^ wire1/X (sky130_fd_sc_hd__buf_8)
     2    0.07                           net433 (net)
                  0.13    0.02   35.32 ^ clkbuf_0_count.clk/A (sky130_fd_sc_hd__clkbuf_16)
                  0.10    0.18   35.50 ^ clkbuf_0_count.clk/X (sky130_fd_sc_hd__clkbuf_16)
     8    0.08                           clknet_0_count.clk (net)
                  0.10    0.02   35.51 ^ clkbuf_2_0_0_count.clk/A (sky130_fd_sc_hd__clkbuf_4)
                  0.13    0.20   35.72 ^ clkbuf_2_0_0_count.clk/X (sky130_fd_sc_hd__clkbuf_4)
     2    0.04                           clknet_2_0_0_count.clk (net)
                  0.13    0.00   35.72 ^ clkbuf_3_1__f_count.clk/A (sky130_fd_sc_hd__clkbuf_16)
                  0.06    0.16   35.88 ^ clkbuf_3_1__f_count.clk/X (sky130_fd_sc_hd__clkbuf_16)
     9    0.04                           clknet_3_1__leaf_count.clk (net)
                  0.06    0.00   35.88 ^ _702_/CLK (sky130_fd_sc_hd__dfxtp_2)
                         -0.30   35.58   clock uncertainty
                          0.00   35.58   clock reconvergence pessimism
                         -0.12   35.46   library setup time
                                 35.46   data required time
-----------------------------------------------------------------------------
                                 35.46   data required time
                                -28.54   data arrival time
-----------------------------------------------------------------------------
                                  6.93   slack (MET)


