****************************************
Report : global_timing
	-format { narrow }
	-separate_all_groups
Design : user_project_wrapper
Version: T-2022.03-SP3
Date   : Sun May  7 08:26:48 2023
****************************************

Setup violations for paths in clk
---------------------------------------------------------
         Total  reg->reg   in->reg  reg->out   in->out
---------------------------------------------------------
WNS    -1.7831    0.0000   -1.7831    0.0000   -0.3407
TNS    -3.3471    0.0000   -3.0064    0.0000   -0.3407
NUM          4         0         3         0         1
---------------------------------------------------------


Hold violations for paths in **clock_gating_default**
---------------------------------------------------------
         Total  reg->reg   in->reg  reg->out   in->out
---------------------------------------------------------
WNS   -15.8157    0.0000  -15.8157    0.0000    0.0000
TNS  -111.3661    0.0000 -111.3661    0.0000    0.0000
NUM          8         0         8         0         0
---------------------------------------------------------

1
