****************************************
Report : global_timing
	-format { narrow }
	-separate_all_groups
Design : user_project_wrapper
Version: T-2022.03-SP3
Date   : Sun May  7 08:25:40 2023
****************************************

Setup violations for paths in clk
---------------------------------------------------------
         Total  reg->reg   in->reg  reg->out   in->out
---------------------------------------------------------
WNS    -2.6995    0.0000   -2.6995    0.0000   -1.5272
TNS    -9.7449    0.0000   -5.5129    0.0000   -4.2319
NUM         13         0         4         0         9
---------------------------------------------------------


Hold violations for paths in **clock_gating_default**
---------------------------------------------------------
         Total  reg->reg   in->reg  reg->out   in->out
---------------------------------------------------------
WNS   -15.8297    0.0000  -15.8297    0.0000    0.0000
TNS  -110.7047    0.0000 -110.7047    0.0000    0.0000
NUM          8         0         8         0         0
---------------------------------------------------------

1
