****************************************
Report : constraint
	-all_violators
	-path slack_only
Design : user_project_wrapper
Version: T-2022.03-SP3
Date   : Sun May  7 08:25:40 2023
****************************************


   max_delay/setup ('clk' group)

   Endpoint                                                  Slack
   -----------------------------------------------------------------
   user_projects[3].genblk1.user_project/_620_/D           -2.6995  (VIOLATED)
   io_oeb[1]                                               -1.5272  (VIOLATED)
   user_projects[3].genblk1.user_project/_618_/D           -1.5142  (VIOLATED)
   user_projects[2].genblk1.user_project/_621_/D           -1.2335  (VIOLATED)
   io_oeb[5]                                               -0.8566  (VIOLATED)
   io_oeb[4]                                               -0.6552  (VIOLATED)
   io_oeb[26]                                              -0.4929  (VIOLATED)
   io_oeb[0]                                               -0.3570  (VIOLATED)
   io_oeb[2]                                               -0.1551  (VIOLATED)
   io_oeb[16]                                              -0.1295  (VIOLATED)
   user_projects[3].genblk1.user_project/_621_/D           -0.0657  (VIOLATED)
   io_oeb[28]                                              -0.0522  (VIOLATED)
   io_oeb[29]                                              -0.0062  (VIOLATED)


   min_delay/hold ('clock_gating_default' group)

   Endpoint                                                  Slack
   -----------------------------------------------------------------
   _0663_/A_N                                             -15.8297  (VIOLATED)
   _0664_/A_N                                             -15.0057  (VIOLATED)
   _0664_/B                                               -14.5372  (VIOLATED)
   _0665_/C                                               -14.0290  (VIOLATED)
   _0666_/B                                               -14.0159  (VIOLATED)
   _0666_/A                                               -13.1315  (VIOLATED)
   _0665_/A                                               -12.8984  (VIOLATED)
   _0663_/B                                               -11.2573  (VIOLATED)



   clock_gating_hold

   Endpoint                                                  Slack
   -----------------------------------------------------------------
   _0663_/A_N                                             -15.8297  (VIOLATED)
   _0664_/A_N                                             -15.0057  (VIOLATED)
   _0664_/B                                               -14.5372  (VIOLATED)
   _0665_/C                                               -14.0290  (VIOLATED)
   _0666_/B                                               -14.0159  (VIOLATED)
   _0666_/A                                               -13.1315  (VIOLATED)
   _0665_/A                                               -12.8984  (VIOLATED)
   _0663_/B                                               -11.2573  (VIOLATED)


   max_capacitance

                             Required        Actual
   Pin                      Capacitance    Capacitance       Slack
   -----------------------------------------------------------------
   output374/X                0.1007         0.1238        -0.0231  (VIOLATED)
   output402/X                0.1007         0.1234        -0.0227  (VIOLATED)
   output375/X                0.1007         0.1184        -0.0176  (VIOLATED)
   _1060_/Y                   0.0549         0.0708        -0.0158  (VIOLATED)
   output401/X                0.1007         0.1153        -0.0145  (VIOLATED)
   _1214_/Y                   0.0549         0.0694        -0.0144  (VIOLATED)
   output358/X                0.1007         0.1137        -0.0130  (VIOLATED)
   output365/X                0.1007         0.1133        -0.0125  (VIOLATED)
   output403/X                0.1007         0.1121        -0.0114  (VIOLATED)
   output396/X                0.1007         0.1113        -0.0106  (VIOLATED)
   _1427_/Y                   0.0549         0.0655        -0.0105  (VIOLATED)
   output394/X                0.1007         0.1104        -0.0097  (VIOLATED)
   output395/X                0.1007         0.1103        -0.0096  (VIOLATED)
   output364/X                0.1007         0.1097        -0.0090  (VIOLATED)
   _1208_/Y                   0.0549         0.0631        -0.0081  (VIOLATED)
   output363/X                0.1007         0.1083        -0.0076  (VIOLATED)
   _1072_/Y                   0.0549         0.0617        -0.0068  (VIOLATED)
   output356/X                0.1007         0.1070        -0.0063  (VIOLATED)
   output393/X                0.1007         0.1068        -0.0061  (VIOLATED)
   _1219_/Y                   0.0549         0.0598        -0.0048  (VIOLATED)
   _1225_/Y                   0.0549         0.0595        -0.0046  (VIOLATED)
   _1421_/Y                   0.0549         0.0584        -0.0034  (VIOLATED)
   _1130_/Y                   0.0549         0.0552        -0.0003  (VIOLATED)


   max_transition

                             Required        Actual
   Pin                      Transition     Transition        Slack
   -----------------------------------------------------------------
   _1060_/Y                   1.4940         1.8827        -0.3887  (VIOLATED)
   wire4529/A                 1.5000         1.8882        -0.3882  (VIOLATED)
   ANTENNA_wire4529_A/DIODE   1.5000         1.8882        -0.3882  (VIOLATED)
   output374/X                1.4904         1.8454        -0.3550  (VIOLATED)
   output402/X                1.4904         1.8418        -0.3514  (VIOLATED)
   _1214_/Y                   1.4940         1.8449        -0.3509  (VIOLATED)
   wire4648/A                 1.5000         1.8508        -0.3508  (VIOLATED)
   ANTENNA_wire4648_A/DIODE   1.5000         1.8507        -0.3507  (VIOLATED)
   io_oeb[30]                 1.5000         1.8470        -0.3470  (VIOLATED)
   io_out[23]                 1.5000         1.8438        -0.3438  (VIOLATED)
   output375/X                1.4904         1.7648        -0.2744  (VIOLATED)
   io_oeb[31]                 1.5000         1.7660        -0.2660  (VIOLATED)
   _1427_/Y                   1.4940         1.7471        -0.2531  (VIOLATED)
   wire4632/A                 1.5000         1.7517        -0.2517  (VIOLATED)
   ANTENNA_wire4632_A/DIODE   1.5000         1.7517        -0.2517  (VIOLATED)
   output401/X                1.4904         1.7187        -0.2283  (VIOLATED)
   io_out[22]                 1.5000         1.7196        -0.2196  (VIOLATED)
   output358/X                1.4904         1.6955        -0.2050  (VIOLATED)
   output365/X                1.4904         1.6880        -0.1976  (VIOLATED)
   io_oeb[16]                 1.5000         1.6964        -0.1964  (VIOLATED)
   _1208_/Y                   1.4940         1.6879        -0.1939  (VIOLATED)
   wire4987/A                 1.5000         1.6911        -0.1911  (VIOLATED)
   ANTENNA_wire4987_A/DIODE   1.5000         1.6911        -0.1911  (VIOLATED)
   io_oeb[22]                 1.5000         1.6889        -0.1889  (VIOLATED)
   output403/X                1.4904         1.6709        -0.1805  (VIOLATED)
   io_out[24]                 1.5000         1.6715        -0.1715  (VIOLATED)
   output396/X                1.4904         1.6604        -0.1700  (VIOLATED)
   io_out[18]                 1.5000         1.6612        -0.1612  (VIOLATED)
   _1072_/Y                   1.4940         1.6532        -0.1592  (VIOLATED)
   wire92/A                   1.5000         1.6575        -0.1575  (VIOLATED)
   ANTENNA_wire92_A/DIODE     1.5000         1.6575        -0.1575  (VIOLATED)
   output394/X                1.4904         1.6466        -0.1562  (VIOLATED)
   output395/X                1.4904         1.6444        -0.1539  (VIOLATED)
   io_out[16]                 1.5000         1.6473        -0.1473  (VIOLATED)
   io_out[17]                 1.5000         1.6450        -0.1450  (VIOLATED)
   output364/X                1.4904         1.6340        -0.1436  (VIOLATED)
   io_oeb[21]                 1.5000         1.6345        -0.1345  (VIOLATED)
   output363/X                1.4904         1.6136        -0.1232  (VIOLATED)
   io_oeb[20]                 1.5000         1.6140        -0.1140  (VIOLATED)
   _1219_/Y                   1.4940         1.6039        -0.1099  (VIOLATED)
   wire4984/A                 1.5000         1.6078        -0.1078  (VIOLATED)
   ANTENNA_wire4984_A/DIODE   1.5000         1.6078        -0.1078  (VIOLATED)
   _1225_/Y                   1.4940         1.5989        -0.1049  (VIOLATED)
   output356/X                1.4904         1.5926        -0.1022  (VIOLATED)
   wire4592/A                 1.5000         1.6018        -0.1018  (VIOLATED)
   ANTENNA_wire4592_A/DIODE   1.5000         1.6018        -0.1018  (VIOLATED)
   output393/X                1.4904         1.5903        -0.0999  (VIOLATED)
   io_oeb[14]                 1.5000         1.5929        -0.0929  (VIOLATED)
   io_out[15]                 1.5000         1.5906        -0.0906  (VIOLATED)
   _1421_/Y                   1.4940         1.5710        -0.0770  (VIOLATED)
   wire98/A                   1.5000         1.5756        -0.0756  (VIOLATED)
   ANTENNA_wire98_A/DIODE     1.5000         1.5755        -0.0755  (VIOLATED)
   fanout5024/X               1.4904         1.5031        -0.0126  (VIOLATED)
   ANTENNA_wire6056_A/DIODE   1.5000         1.5048        -0.0048  (VIOLATED)
   wire6056/A                 1.5000         1.5048        -0.0048  (VIOLATED)


1
