****************************************
Report : global_timing
	-format { narrow }
	-separate_all_groups
Design : user_project_wrapper
Version: T-2022.03-SP3
Date   : Sun May  7 08:26:14 2023
****************************************

Setup violations for paths in clk
---------------------------------------------------------
         Total  reg->reg   in->reg  reg->out   in->out
---------------------------------------------------------
WNS    -3.3919    0.0000   -3.3919    0.0000   -2.4658
TNS   -25.0120    0.0000   -8.9506    0.0000  -16.0615
NUM         23         0         7         0        16
---------------------------------------------------------


Hold violations for paths in **clock_gating_default**
---------------------------------------------------------
         Total  reg->reg   in->reg  reg->out   in->out
---------------------------------------------------------
WNS   -15.8376    0.0000  -15.8376    0.0000    0.0000
TNS  -110.1975    0.0000 -110.1975    0.0000    0.0000
NUM          8         0         8         0         0
---------------------------------------------------------

1
