Tue Feb 28 13:38:27 UTC 2023 - Executing "openroad -exit -no_init -python /openlane/scripts/odbpy/lefutil.py get_metal_layers -o /home/hosni/mpc/openlane/user_project_wrapper/runs/23_02_28_05_38/tmp/layers.list /home/hosni/swift/OpenLane/pdks/sky130A/libs.ref/sky130_fd_sc_hd/techlef/sky130_fd_sc_hd__nom.tlef"

Tue Feb 28 13:38:27 UTC 2023 - Executing "/openlane/scripts/mergeLef.py -o /home/hosni/mpc/openlane/user_project_wrapper/runs/23_02_28_05_38/tmp/merged.nom.lef -i /home/hosni/swift/OpenLane/pdks/sky130A/libs.ref/sky130_fd_sc_hd/techlef/sky130_fd_sc_hd__nom.tlef {/home/hosni/swift/OpenLane/pdks/sky130A/libs.ref/sky130_fd_sc_hd/lef/sky130_ef_sc_hd.lef /home/hosni/swift/OpenLane/pdks/sky130A/libs.ref/sky130_fd_sc_hd/lef/sky130_fd_sc_hd.lef} |& tee /dev/null"

Tue Feb 28 13:38:27 UTC 2023 - Executing "/openlane/scripts/mergeLef.py -o /home/hosni/mpc/openlane/user_project_wrapper/runs/23_02_28_05_38/tmp/merged.nom.lef -i /home/hosni/mpc/openlane/user_project_wrapper/runs/23_02_28_05_38/tmp/merged.nom.lef /home/hosni/mpc/openlane/user_project_wrapper/../../lef/user_project.lef |& tee /dev/null"

Tue Feb 28 13:38:27 UTC 2023 - Executing "/openlane/scripts/mergeLef.py -o /home/hosni/mpc/openlane/user_project_wrapper/runs/23_02_28_05_38/tmp/merged.min.lef -i /home/hosni/swift/OpenLane/pdks/sky130A/libs.ref/sky130_fd_sc_hd/techlef/sky130_fd_sc_hd__min.tlef {/home/hosni/swift/OpenLane/pdks/sky130A/libs.ref/sky130_fd_sc_hd/lef/sky130_ef_sc_hd.lef /home/hosni/swift/OpenLane/pdks/sky130A/libs.ref/sky130_fd_sc_hd/lef/sky130_fd_sc_hd.lef} |& tee /dev/null"

Tue Feb 28 13:38:27 UTC 2023 - Executing "/openlane/scripts/mergeLef.py -o /home/hosni/mpc/openlane/user_project_wrapper/runs/23_02_28_05_38/tmp/merged.min.lef -i /home/hosni/mpc/openlane/user_project_wrapper/runs/23_02_28_05_38/tmp/merged.min.lef /home/hosni/mpc/openlane/user_project_wrapper/../../lef/user_project.lef |& tee /dev/null"

Tue Feb 28 13:38:27 UTC 2023 - Executing "/openlane/scripts/mergeLef.py -o /home/hosni/mpc/openlane/user_project_wrapper/runs/23_02_28_05_38/tmp/merged.max.lef -i /home/hosni/swift/OpenLane/pdks/sky130A/libs.ref/sky130_fd_sc_hd/techlef/sky130_fd_sc_hd__max.tlef {/home/hosni/swift/OpenLane/pdks/sky130A/libs.ref/sky130_fd_sc_hd/lef/sky130_ef_sc_hd.lef /home/hosni/swift/OpenLane/pdks/sky130A/libs.ref/sky130_fd_sc_hd/lef/sky130_fd_sc_hd.lef} |& tee /dev/null"

Tue Feb 28 13:38:27 UTC 2023 - Executing "/openlane/scripts/mergeLef.py -o /home/hosni/mpc/openlane/user_project_wrapper/runs/23_02_28_05_38/tmp/merged.max.lef -i /home/hosni/mpc/openlane/user_project_wrapper/runs/23_02_28_05_38/tmp/merged.max.lef /home/hosni/mpc/openlane/user_project_wrapper/../../lef/user_project.lef |& tee /dev/null"

Tue Feb 28 13:38:27 UTC 2023 - Executing "python3 /openlane/scripts/mergeLib.py --output /home/hosni/mpc/openlane/user_project_wrapper/runs/23_02_28_05_38/tmp/synthesis/merged.lib --name sky130A_merged /home/hosni/swift/OpenLane/pdks/sky130A/libs.ref/sky130_fd_sc_hd/lib/sky130_fd_sc_hd__tt_025C_1v80.lib"

Tue Feb 28 13:38:28 UTC 2023 - Executing "python3 /openlane/scripts/libtrim.py --cell-file /home/hosni/mpc/openlane/user_project_wrapper/runs/23_02_28_05_38/tmp/synthesis/trimmed.lib.exclude.list --output /home/hosni/mpc/openlane/user_project_wrapper/runs/23_02_28_05_38/tmp/synthesis/trimmed.lib /home/hosni/mpc/openlane/user_project_wrapper/runs/23_02_28_05_38/tmp/synthesis/merged.lib"

Tue Feb 28 13:38:28 UTC 2023 - Executing "python3 /openlane/scripts/libtrim.py --cell-file /home/hosni/mpc/openlane/user_project_wrapper/runs/23_02_28_05_38/tmp/cts/cts.lib.exclude.list --output /home/hosni/mpc/openlane/user_project_wrapper/runs/23_02_28_05_38/tmp/cts/cts.lib /home/hosni/swift/OpenLane/pdks/sky130A/libs.ref/sky130_fd_sc_hd/lib/sky130_fd_sc_hd__tt_025C_1v80.lib"

Tue Feb 28 13:38:28 UTC 2023 - Executing "python3 /openlane/scripts/new_tracks.py -i /home/hosni/swift/OpenLane/pdks/sky130A/libs.tech/openlane/sky130_fd_sc_hd/tracks.info -o /home/hosni/mpc/openlane/user_project_wrapper/runs/23_02_28_05_38/tmp/routing/config.tracks"

Tue Feb 28 13:38:28 UTC 2023 - Executing "echo {OpenLane 1ed36219093ce86ddbc1b981e461c5f38e5bba72} > /home/hosni/mpc/openlane/user_project_wrapper/runs/23_02_28_05_38/OPENLANE_VERSION"

Tue Feb 28 13:38:28 UTC 2023 - Executing "sed -E {s/^([[:space:]]+)pg_pin(.*)/\1pin\2\n\1    direction : "inout";/g} /home/hosni/swift/OpenLane/pdks/sky130A/libs.ref/sky130_fd_sc_hd/lib/sky130_fd_sc_hd__tt_025C_1v80.lib > /home/hosni/mpc/openlane/user_project_wrapper/runs/23_02_28_05_38/tmp/synthesis/1-sky130_fd_sc_hd__tt_025C_1v80.no_pg.lib"

Tue Feb 28 13:38:29 UTC 2023 - Executing "sed -E {s/^([[:space:]]+)pg_pin(.*)/\1pin\2\n\1    direction : "inout";/g} /home/hosni/mpc/openlane/user_project_wrapper/runs/23_02_28_05_38/tmp/synthesis/trimmed.lib > /home/hosni/mpc/openlane/user_project_wrapper/runs/23_02_28_05_38/tmp/synthesis/1-trimmed.no_pg.lib"

Tue Feb 28 13:38:29 UTC 2023 - Executing "yosys -c /openlane/scripts/yosys/synth.tcl |& tee /dev/null /home/hosni/mpc/openlane/user_project_wrapper/runs/23_02_28_05_38/logs/synthesis/1-synthesis.log"

Tue Feb 28 13:38:32 UTC 2023 - Executing "sed -i -e {s/\(set ::env(CURRENT_NETLIST)\).*/\1 \/home\/hosni\/mpc\/openlane\/user_project_wrapper\/runs\/23_02_28_05_38\/results\/synthesis\/user_project_wrapper.v/} /home/hosni/mpc/openlane/user_project_wrapper/runs/23_02_28_05_38/config.tcl"

Tue Feb 28 13:38:32 UTC 2023 - Executing "sed -i /defparam/d /home/hosni/mpc/openlane/user_project_wrapper/runs/23_02_28_05_38/results/synthesis/user_project_wrapper.v"

Tue Feb 28 13:38:32 UTC 2023 - Executing "openroad -exit /openlane/scripts/openroad/sta.tcl |& tee /dev/null /home/hosni/mpc/openlane/user_project_wrapper/runs/23_02_28_05_38/logs/synthesis/2-sta.log"

Tue Feb 28 13:38:33 UTC 2023 - Executing "sed -E {s/^([[:space:]]+)pg_pin(.*)/\1pin\2\n\1    direction : "inout";/g} /home/hosni/swift/OpenLane/pdks/sky130A/libs.ref/sky130_fd_sc_hd/lib/sky130_fd_sc_hd__tt_025C_1v80.lib > /home/hosni/mpc/openlane/user_project_wrapper/runs/23_02_28_05_38/tmp/synthesis/2-sky130_fd_sc_hd__tt_025C_1v80.no_pg.lib"

Tue Feb 28 13:38:33 UTC 2023 - Executing "sed -E {s/^([[:space:]]+)pg_pin(.*)/\1pin\2\n\1    direction : "inout";/g} /home/hosni/mpc/openlane/user_project_wrapper/runs/23_02_28_05_38/tmp/synthesis/trimmed.lib > /home/hosni/mpc/openlane/user_project_wrapper/runs/23_02_28_05_38/tmp/synthesis/2-trimmed.no_pg.lib"

Tue Feb 28 13:38:33 UTC 2023 - Executing "yosys -c /openlane/scripts/yosys/synth.tcl |& tee /dev/null /dev/null"

Tue Feb 28 13:38:37 UTC 2023 - Executing "sed -i /defparam/d /home/hosni/mpc/openlane/user_project_wrapper/runs/23_02_28_05_38/results/synthesis/user_project_wrapper.v"

Tue Feb 28 13:38:37 UTC 2023 - Executing "openroad -exit /openlane/scripts/openroad/floorplan.tcl |& tee /dev/null /home/hosni/mpc/openlane/user_project_wrapper/runs/23_02_28_05_38/logs/floorplan/3-initial_fp.log"

Tue Feb 28 13:38:38 UTC 2023 - Executing "openroad -exit -no_init -python /openlane/scripts/odbpy/defutil.py extract_core_dims --output-data /home/hosni/mpc/openlane/user_project_wrapper/runs/23_02_28_05_38/tmp/dimensions.txt --input-lef /home/hosni/mpc/openlane/user_project_wrapper/runs/23_02_28_05_38/tmp/merged.nom.lef /home/hosni/mpc/openlane/user_project_wrapper/runs/23_02_28_05_38/tmp/floorplan/3-initial_fp.def"

Tue Feb 28 13:38:38 UTC 2023 - Executing "openroad -exit -no_init -python /openlane/scripts/odbpy/io_place.py --config /home/hosni/mpc/openlane/user_project_wrapper/pin_order.cfg --hor-layer met3 --ver-layer met2 --ver-width-mult 4 --hor-width-mult 4 --hor-extension 4.8 --ver-extension 4.8 --length 2.4 --unmatched-error --input-lef /home/hosni/mpc/openlane/user_project_wrapper/runs/23_02_28_05_38/tmp/merged.nom.lef --output-def /home/hosni/mpc/openlane/user_project_wrapper/runs/23_02_28_05_38/tmp/floorplan/4-io.def --output /home/hosni/mpc/openlane/user_project_wrapper/runs/23_02_28_05_38/tmp/floorplan/4-io.odb /home/hosni/mpc/openlane/user_project_wrapper/runs/23_02_28_05_38/tmp/floorplan/3-initial_fp.odb |& tee /dev/null /home/hosni/mpc/openlane/user_project_wrapper/runs/23_02_28_05_38/logs/floorplan/4-place_io.log"

Tue Feb 28 13:38:39 UTC 2023 - Executing "openroad -exit -no_init -python /openlane/scripts/odbpy/manual_macro_place.py --config /home/hosni/mpc/openlane/user_project_wrapper/runs/23_02_28_05_38/tmp/placement/macro_placement.cfg --fixed --input-lef /home/hosni/mpc/openlane/user_project_wrapper/runs/23_02_28_05_38/tmp/merged.nom.lef --output-def /home/hosni/mpc/openlane/user_project_wrapper/runs/23_02_28_05_38/tmp/floorplan/4-io.macro_placement.def --output /home/hosni/mpc/openlane/user_project_wrapper/runs/23_02_28_05_38/tmp/floorplan/4-io.macro_placement.odb /home/hosni/mpc/openlane/user_project_wrapper/runs/23_02_28_05_38/tmp/floorplan/4-io.odb |& tee /dev/null /home/hosni/mpc/openlane/user_project_wrapper/runs/23_02_28_05_38/logs/placement/5-macro_placement.log"

Tue Feb 28 13:38:39 UTC 2023 - Executing "openroad -exit /openlane/scripts/openroad/tapcell.tcl |& tee /dev/null /home/hosni/mpc/openlane/user_project_wrapper/runs/23_02_28_05_38/logs/floorplan/6-tap.log"

Tue Feb 28 13:38:40 UTC 2023 - Executing "openroad -exit /openlane/scripts/openroad/pdn.tcl |& tee /dev/null /home/hosni/mpc/openlane/user_project_wrapper/runs/23_02_28_05_38/logs/floorplan/7-pdn.log"

Tue Feb 28 13:38:44 UTC 2023 - Executing "openroad -exit /openlane/scripts/openroad/gpl.tcl |& tee /dev/null /home/hosni/mpc/openlane/user_project_wrapper/runs/23_02_28_05_38/logs/placement/8-global.log"

Tue Feb 28 13:38:51 UTC 2023 - Executing "openroad -exit /openlane/scripts/openroad/resizer.tcl |& tee /dev/null /home/hosni/mpc/openlane/user_project_wrapper/runs/23_02_28_05_38/logs/placement/9-resizer.log"

Tue Feb 28 13:38:54 UTC 2023 - Executing "sed -i -e {s/\(set ::env(CURRENT_NETLIST)\).*/\1 \/home\/hosni\/mpc\/openlane\/user_project_wrapper\/runs\/23_02_28_05_38\/tmp\/placement\/9-resizer.nl.v/} /home/hosni/mpc/openlane/user_project_wrapper/runs/23_02_28_05_38/config.tcl"

Tue Feb 28 13:38:54 UTC 2023 - Executing "openroad -exit /openlane/scripts/openroad/dpl.tcl |& tee /dev/null /home/hosni/mpc/openlane/user_project_wrapper/runs/23_02_28_05_38/logs/placement/10-detailed.log"

Tue Feb 28 13:38:55 UTC 2023 - Executing "sed -i -e {s/\(set ::env(CURRENT_NETLIST)\).*/\1 \/home\/hosni\/mpc\/openlane\/user_project_wrapper\/runs\/23_02_28_05_38\/results\/placement\/user_project_wrapper.nl.v/} /home/hosni/mpc/openlane/user_project_wrapper/runs/23_02_28_05_38/config.tcl"

Tue Feb 28 13:38:56 UTC 2023 - Executing "openroad -exit /openlane/scripts/openroad/cts.tcl |& tee /dev/null /home/hosni/mpc/openlane/user_project_wrapper/runs/23_02_28_05_38/logs/cts/11-cts.log"

Tue Feb 28 13:39:07 UTC 2023 - Executing "openroad -exit /openlane/scripts/openroad/resizer_routing_timing.tcl |& tee /dev/null /home/hosni/mpc/openlane/user_project_wrapper/runs/23_02_28_05_38/logs/routing/12-resizer.log"

Tue Feb 28 13:47:41 UTC 2023 - Executing "sed -i -e {s/\(set ::env(CURRENT_NETLIST)\).*/\1 \/home\/hosni\/mpc\/openlane\/user_project_wrapper\/runs\/23_02_28_05_38\/tmp\/12-user_project_wrapper.nl.v/} /home/hosni/mpc/openlane/user_project_wrapper/runs/23_02_28_05_38/config.tcl"

Tue Feb 28 13:47:41 UTC 2023 - Executing "openroad -exit /openlane/scripts/openroad/gpl.tcl |& tee /dev/null /home/hosni/mpc/openlane/user_project_wrapper/runs/23_02_28_05_38/logs/placement/13-global.log"

Tue Feb 28 13:47:50 UTC 2023 - Executing "openroad -exit /openlane/scripts/openroad/resizer.tcl |& tee /dev/null /home/hosni/mpc/openlane/user_project_wrapper/runs/23_02_28_05_38/logs/placement/14-resizer.log"

Tue Feb 28 13:47:54 UTC 2023 - Executing "sed -i -e {s/\(set ::env(CURRENT_NETLIST)\).*/\1 \/home\/hosni\/mpc\/openlane\/user_project_wrapper\/runs\/23_02_28_05_38\/tmp\/placement\/14-resizer.nl.v/} /home/hosni/mpc/openlane/user_project_wrapper/runs/23_02_28_05_38/config.tcl"

Tue Feb 28 13:47:54 UTC 2023 - Executing "openroad -exit /openlane/scripts/openroad/dpl.tcl |& tee /dev/null /home/hosni/mpc/openlane/user_project_wrapper/runs/23_02_28_05_38/logs/placement/15-detailed.log"

Tue Feb 28 13:47:56 UTC 2023 - Executing "sed -i -e {s/\(set ::env(CURRENT_NETLIST)\).*/\1 \/home\/hosni\/mpc\/openlane\/user_project_wrapper\/runs\/23_02_28_05_38\/results\/placement\/user_project_wrapper.nl.v/} /home/hosni/mpc/openlane/user_project_wrapper/runs/23_02_28_05_38/config.tcl"

Tue Feb 28 13:47:56 UTC 2023 - Executing "openroad -exit /openlane/scripts/openroad/cts.tcl |& tee /dev/null /home/hosni/mpc/openlane/user_project_wrapper/runs/23_02_28_05_38/logs/cts/16-cts.log"

Tue Feb 28 13:48:09 UTC 2023 - Executing "openroad -exit /openlane/scripts/openroad/resizer_timing.tcl |& tee /dev/null /home/hosni/mpc/openlane/user_project_wrapper/runs/23_02_28_05_38/logs/cts/17-resizer.log"

Tue Feb 28 13:48:13 UTC 2023 - Executing "sed -i -e {s/\(set ::env(CURRENT_NETLIST)\).*/\1 \/home\/hosni\/mpc\/openlane\/user_project_wrapper\/runs\/23_02_28_05_38\/tmp\/cts\/17-user_project_wrapper.resized.nl.v/} /home/hosni/mpc/openlane/user_project_wrapper/runs/23_02_28_05_38/config.tcl"

Tue Feb 28 13:48:13 UTC 2023 - Executing "openroad -exit /openlane/scripts/openroad/resizer_routing_timing.tcl |& tee /dev/null /home/hosni/mpc/openlane/user_project_wrapper/runs/23_02_28_05_38/logs/routing/18-resizer.log"

Tue Feb 28 13:50:05 UTC 2023 - Executing "sed -i -e {s/\(set ::env(CURRENT_NETLIST)\).*/\1 \/home\/hosni\/mpc\/openlane\/user_project_wrapper\/runs\/23_02_28_05_38\/tmp\/18-user_project_wrapper.nl.v/} /home/hosni/mpc/openlane/user_project_wrapper/runs/23_02_28_05_38/config.tcl"

Tue Feb 28 13:50:05 UTC 2023 - Executing "openroad -exit -no_init -python /openlane/scripts/odbpy/defutil.py add_obstructions --obstructions { met5 86 116 1386 1716,  met5 1534 116 2834 1716,  met5 86 1830 1386 3430,  met5 1534 1830 2834 3430  } --input-lef /home/hosni/mpc/openlane/user_project_wrapper/runs/23_02_28_05_38/tmp/merged.nom.lef --output-def /home/hosni/mpc/openlane/user_project_wrapper/runs/23_02_28_05_38/tmp/18-user_project_wrapper.obs.def --output /home/hosni/mpc/openlane/user_project_wrapper/runs/23_02_28_05_38/tmp/18-user_project_wrapper.obs.odb /home/hosni/mpc/openlane/user_project_wrapper/runs/23_02_28_05_38/tmp/18-user_project_wrapper.odb |& tee /dev/null /home/hosni/mpc/openlane/user_project_wrapper/runs/23_02_28_05_38/logs/routing/19-obs.log"

Tue Feb 28 13:50:07 UTC 2023 - Executing "openroad -exit /openlane/scripts/openroad/dpl.tcl |& tee /dev/null /home/hosni/mpc/openlane/user_project_wrapper/runs/23_02_28_05_38/logs/routing/20-diode_legalization.log"

Tue Feb 28 13:50:09 UTC 2023 - Executing "sed -i -e {s/\(set ::env(CURRENT_NETLIST)\).*/\1 \/home\/hosni\/mpc\/openlane\/user_project_wrapper\/runs\/23_02_28_05_38\/tmp\/routing\/diode.nl.v/} /home/hosni/mpc/openlane/user_project_wrapper/runs/23_02_28_05_38/config.tcl"

Tue Feb 28 13:50:09 UTC 2023 - Executing "openroad -exit /openlane/scripts/openroad/groute.tcl |& tee /dev/null /home/hosni/mpc/openlane/user_project_wrapper/runs/23_02_28_05_38/logs/routing/21-global.log"

Tue Feb 28 13:50:23 UTC 2023 - Executing "openroad -exit -no_init -python /openlane/scripts/odbpy/defutil.py replace_instance_prefixes --original-prefix ANTENNA --new-prefix INSDIODE1 --input-lef /home/hosni/mpc/openlane/user_project_wrapper/runs/23_02_28_05_38/tmp/merged.nom.lef --output-def /home/hosni/mpc/openlane/user_project_wrapper/runs/23_02_28_05_38/tmp/routing/diode.def --output /home/hosni/mpc/openlane/user_project_wrapper/runs/23_02_28_05_38/tmp/routing/diode.odb /home/hosni/mpc/openlane/user_project_wrapper/runs/23_02_28_05_38/tmp/routing/diode.odb |& tee /dev/null /home/hosni/mpc/openlane/user_project_wrapper/runs/23_02_28_05_38/logs/routing/21-antenna_diodes_1.log"

Tue Feb 28 13:50:25 UTC 2023 - Executing "openroad -exit /openlane/scripts/openroad/groute.tcl |& tee /dev/null /home/hosni/mpc/openlane/user_project_wrapper/runs/23_02_28_05_38/logs/routing/21-antenna_route_1.log"

Tue Feb 28 13:50:39 UTC 2023 - Executing "openroad -exit /openlane/scripts/openroad/write_views.tcl |& tee /dev/null /home/hosni/mpc/openlane/user_project_wrapper/runs/23_02_28_05_38/logs/routing/21-global_write_netlist.log"

Tue Feb 28 13:50:41 UTC 2023 - Executing "sed -i -e {s/\(set ::env(CURRENT_NETLIST)\).*/\1 \/home\/hosni\/mpc\/openlane\/user_project_wrapper\/runs\/23_02_28_05_38\/tmp\/routing\/global.nl.v/} /home/hosni/mpc/openlane/user_project_wrapper/runs/23_02_28_05_38/config.tcl"

Tue Feb 28 13:50:41 UTC 2023 - Executing "openroad -exit /openlane/scripts/openroad/fill.tcl |& tee /dev/null /home/hosni/mpc/openlane/user_project_wrapper/runs/23_02_28_05_38/logs/routing/23-fill.log"

Tue Feb 28 13:50:44 UTC 2023 - Executing "sed -i -e {s/\(set ::env(CURRENT_NETLIST)\).*/\1 \/home\/hosni\/mpc\/openlane\/user_project_wrapper\/runs\/23_02_28_05_38\/tmp\/routing\/23-fill.nl.v/} /home/hosni/mpc/openlane/user_project_wrapper/runs/23_02_28_05_38/config.tcl"

Tue Feb 28 13:50:45 UTC 2023 - Executing "openroad -exit /openlane/scripts/openroad/droute.tcl |& tee /dev/null /home/hosni/mpc/openlane/user_project_wrapper/runs/23_02_28_05_38/logs/routing/24-detailed.log"

Tue Feb 28 14:01:50 UTC 2023 - Executing "sed -i -e {s/\(set ::env(CURRENT_NETLIST)\).*/\1 \/home\/hosni\/mpc\/openlane\/user_project_wrapper\/runs\/23_02_28_05_38\/results\/routing\/user_project_wrapper.nl.v/} /home/hosni/mpc/openlane/user_project_wrapper/runs/23_02_28_05_38/config.tcl"

Tue Feb 28 14:01:50 UTC 2023 - Executing "python3 /openlane/scripts/drc_rosetta.py tr to_klayout -o /home/hosni/mpc/openlane/user_project_wrapper/runs/23_02_28_05_38/reports/routing/drt.klayout.xml --design-name user_project_wrapper /home/hosni/mpc/openlane/user_project_wrapper/runs/23_02_28_05_38/reports/routing/drt.drc"

Tue Feb 28 14:01:50 UTC 2023 - Executing "openroad -exit -no_init -python /openlane/scripts/odbpy/wire_lengths.py --report-out /home/hosni/mpc/openlane/user_project_wrapper/runs/23_02_28_05_38/reports/routing/25-wire_lengths.csv --input-lef /home/hosni/mpc/openlane/user_project_wrapper/runs/23_02_28_05_38/tmp/merged.nom.lef --output-def /dev/null --output /home/hosni/mpc/openlane/user_project_wrapper/runs/23_02_28_05_38/results/routing/user_project_wrapper.odb /home/hosni/mpc/openlane/user_project_wrapper/runs/23_02_28_05_38/results/routing/user_project_wrapper.odb |& tee /dev/null /home/hosni/mpc/openlane/user_project_wrapper/runs/23_02_28_05_38/logs/routing/25-wire_lengths.log"

Tue Feb 28 14:01:52 UTC 2023 - Executing "openroad -exit /openlane/scripts/openroad/rcx.tcl |& tee /dev/null /home/hosni/mpc/openlane/user_project_wrapper/runs/23_02_28_05_38/logs/signoff/26-parasitics_extraction.min.log"

Tue Feb 28 14:01:59 UTC 2023 - Executing "openroad -exit /openlane/scripts/openroad/sta_multi_corner.tcl |& tee /dev/null /home/hosni/mpc/openlane/user_project_wrapper/runs/23_02_28_05_38/logs/signoff/27-rcx_mcsta.min.log"

Tue Feb 28 14:02:11 UTC 2023 - Executing "openroad -exit /openlane/scripts/openroad/rcx.tcl |& tee /dev/null /home/hosni/mpc/openlane/user_project_wrapper/runs/23_02_28_05_38/logs/signoff/28-parasitics_extraction.max.log"

Tue Feb 28 14:02:17 UTC 2023 - Executing "openroad -exit /openlane/scripts/openroad/sta_multi_corner.tcl |& tee /dev/null /home/hosni/mpc/openlane/user_project_wrapper/runs/23_02_28_05_38/logs/signoff/29-rcx_mcsta.max.log"

Tue Feb 28 14:02:30 UTC 2023 - Executing "openroad -exit /openlane/scripts/openroad/rcx.tcl |& tee /dev/null /home/hosni/mpc/openlane/user_project_wrapper/runs/23_02_28_05_38/logs/signoff/30-parasitics_extraction.nom.log"

Tue Feb 28 14:02:36 UTC 2023 - Executing "openroad -exit /openlane/scripts/openroad/sta_multi_corner.tcl |& tee /dev/null /home/hosni/mpc/openlane/user_project_wrapper/runs/23_02_28_05_38/logs/signoff/31-rcx_mcsta.nom.log"

Tue Feb 28 14:02:48 UTC 2023 - Executing "openroad -exit /openlane/scripts/openroad/sta.tcl |& tee /dev/null /home/hosni/mpc/openlane/user_project_wrapper/runs/23_02_28_05_38/logs/signoff/32-rcx_sta.log"

Tue Feb 28 14:02:53 UTC 2023 - Executing "openroad -exit /openlane/scripts/openroad/antenna_check.tcl |& tee /dev/null /home/hosni/mpc/openlane/user_project_wrapper/runs/23_02_28_05_38/logs/signoff/33-antenna.log"

Tue Feb 28 14:02:56 UTC 2023 - Executing "python3 /openlane/scripts/extract_antenna_violators.py --output /home/hosni/mpc/openlane/user_project_wrapper/runs/23_02_28_05_38/reports/signoff/33-antenna_violators.rpt /home/hosni/mpc/openlane/user_project_wrapper/runs/23_02_28_05_38/logs/signoff/33-antenna.log"

Tue Feb 28 14:02:56 UTC 2023 - Executing "magic -noconsole -dnull -rcfile /home/hosni/swift/OpenLane/pdks/sky130A/libs.tech/magic/sky130A.magicrc < /openlane/scripts/magic/def/mag_gds.tcl |& tee /dev/null /home/hosni/mpc/openlane/user_project_wrapper/runs/23_02_28_05_38/logs/signoff/34-gdsii.log"

Tue Feb 28 14:03:24 UTC 2023 - Executing "magic -noconsole -dnull -rcfile /home/hosni/swift/OpenLane/pdks/sky130A/libs.tech/magic/sky130A.magicrc < /openlane/scripts/magic/gds/mag_with_pointers.tcl |& tee /dev/null /home/hosni/mpc/openlane/user_project_wrapper/runs/23_02_28_05_38/logs/signoff/34-gds_ptrs.log"

Tue Feb 28 14:03:45 UTC 2023 - Executing "sed -i -n {/^<< properties >>/,/^<< end >>/p} /home/hosni/mpc/openlane/user_project_wrapper/runs/23_02_28_05_38/tmp/signoff/gds_ptrs.mag"

Tue Feb 28 14:03:45 UTC 2023 - Executing "magic -noconsole -dnull -rcfile /home/hosni/swift/OpenLane/pdks/sky130A/libs.tech/magic/sky130A.magicrc < /openlane/scripts/magic/mag/lef.tcl |& tee /dev/null /home/hosni/mpc/openlane/user_project_wrapper/runs/23_02_28_05_38/logs/signoff/34-lef.log"

Tue Feb 28 14:04:33 UTC 2023 - Executing "magic -noconsole -dnull -rcfile /home/hosni/swift/OpenLane/pdks/sky130A/libs.tech/magic/sky130A.magicrc < /openlane/scripts/magic/lef/maglef.tcl |& tee /dev/null /home/hosni/mpc/openlane/user_project_wrapper/runs/23_02_28_05_38/logs/signoff/34-maglef.log"

Tue Feb 28 14:04:34 UTC 2023 - Executing "python3 /openlane/scripts/generate_reports.py -d /home/hosni/mpc/openlane/user_project_wrapper --design_name user_project_wrapper --tag 23_02_28_05_38 --output_file /home/hosni/mpc/openlane/user_project_wrapper/runs/23_02_28_05_38/reports/metrics.csv --man_report /home/hosni/mpc/openlane/user_project_wrapper/runs/23_02_28_05_38/reports/manufacturability.rpt --run_path /home/hosni/mpc/openlane/user_project_wrapper/runs/23_02_28_05_38"

