****************************************
Report : global_timing
	-format { narrow }
	-separate_all_groups
Design : caravel
Version: T-2022.03-SP3
Date   : Sun May  7 05:07:05 2023
****************************************

Setup violations for paths in **clock_gating_default**
--------------------------------------------------------------
          Total   reg->reg    in->reg   reg->out    in->out
--------------------------------------------------------------
WNS     -2.9533    -2.9533     0.0000     0.0000     0.0000
TNS  -1494.8309 -1494.8309     0.0000     0.0000     0.0000
NUM        1024       1024          0          0          0
--------------------------------------------------------------

Setup violations for paths in clk
--------------------------------------------------------------
          Total   reg->reg    in->reg   reg->out    in->out
--------------------------------------------------------------
WNS    -14.0041   -14.0041     0.0000     0.0000     0.0000
TNS  -1627.4620 -1627.4620     0.0000     0.0000     0.0000
NUM         522        522          0          0          0
--------------------------------------------------------------


1
