****************************************
Report : global_timing
	-format { narrow }
	-separate_all_groups
Design : caravel
Version: T-2022.03-SP3
Date   : Sun May  7 05:05:57 2023
****************************************

Setup violations for paths in **clock_gating_default**
---------------------------------------------------------
         Total  reg->reg   in->reg  reg->out   in->out
---------------------------------------------------------
WNS    -2.0717   -2.0717    0.0000    0.0000    0.0000
TNS  -672.4378 -672.4378    0.0000    0.0000    0.0000
NUM        815       815         0         0         0
---------------------------------------------------------

Setup violations for paths in clk
--------------------------------------------------------------
          Total   reg->reg    in->reg   reg->out    in->out
--------------------------------------------------------------
WNS    -13.8656   -13.8656     0.0000     0.0000     0.0000
TNS  -1382.9533 -1382.9533     0.0000     0.0000     0.0000
NUM         302        302          0          0          0
--------------------------------------------------------------


1
