
===========================================================================
report_checks -path_delay max (Setup)
============================================================================
Startpoint: wb_rst_i (input port clocked by clk)
Endpoint: _662_ (rising edge-triggered flip-flop clocked by clk)
Path Group: clk
Path Type: max

Fanout     Cap    Slew   Delay    Time   Description
-----------------------------------------------------------------------------
                          0.00    0.00   clock clk (rise edge)
                          6.00    6.00   clock network delay (propagated)
                         10.00   16.00 v input external delay
                  0.44    0.00   16.00 v wb_rst_i (in)
     2    0.00                           wb_rst_i (net)
                  0.44    0.00   16.00 v hold867/A (sky130_fd_sc_hd__dlygate4sd3_1)
                  0.05    0.77   16.77 v hold867/X (sky130_fd_sc_hd__dlygate4sd3_1)
     1    0.00                           net1268 (net)
                  0.05    0.00   16.77 v hold1/A (sky130_fd_sc_hd__clkdlybuf4s25_1)
                  0.03    0.26   17.02 v hold1/X (sky130_fd_sc_hd__clkdlybuf4s25_1)
     1    0.00                           net402 (net)
                  0.03    0.00   17.02 v hold868/A (sky130_fd_sc_hd__dlygate4sd3_1)
                  0.06    0.59   17.61 v hold868/X (sky130_fd_sc_hd__dlygate4sd3_1)
     1    0.00                           net1269 (net)
                  0.06    0.00   17.61 v input65/A (sky130_fd_sc_hd__buf_4)
                  0.04    0.17   17.78 v input65/X (sky130_fd_sc_hd__buf_4)
     2    0.02                           net65 (net)
                  0.04    0.00   17.78 v hold869/A (sky130_fd_sc_hd__dlygate4sd3_1)
                  0.14    0.70   18.48 v hold869/X (sky130_fd_sc_hd__dlygate4sd3_1)
     2    0.02                           net1270 (net)
                  0.14    0.00   18.48 v hold2/A (sky130_fd_sc_hd__buf_2)
                  0.11    0.26   18.74 v hold2/X (sky130_fd_sc_hd__buf_2)
     2    0.05                           net403 (net)
                  0.11    0.01   18.75 v _313_/A1 (sky130_fd_sc_hd__a21oi_1)
                  0.20    0.24   18.99 ^ _313_/Y (sky130_fd_sc_hd__a21oi_1)
     1    0.01                           _063_ (net)
                  0.20    0.00   18.99 ^ hold870/A (sky130_fd_sc_hd__dlygate4sd3_1)
                  0.08    0.65   19.63 ^ hold870/X (sky130_fd_sc_hd__dlygate4sd3_1)
     1    0.01                           net1271 (net)
                  0.08    0.00   19.63 ^ hold129/A (sky130_fd_sc_hd__clkdlybuf4s50_1)
                  0.09    0.56   20.19 ^ hold129/X (sky130_fd_sc_hd__clkdlybuf4s50_1)
     1    0.01                           net530 (net)
                  0.09    0.00   20.19 ^ hold871/A (sky130_fd_sc_hd__dlygate4sd3_1)
                  0.08    0.62   20.81 ^ hold871/X (sky130_fd_sc_hd__dlygate4sd3_1)
     1    0.01                           net1272 (net)
                  0.08    0.00   20.81 ^ hold3/A (sky130_fd_sc_hd__clkdlybuf4s50_1)
                  0.09    0.55   21.37 ^ hold3/X (sky130_fd_sc_hd__clkdlybuf4s50_1)
     1    0.01                           net404 (net)
                  0.09    0.00   21.37 ^ hold872/A (sky130_fd_sc_hd__dlygate4sd3_1)
                  0.11    0.65   22.02 ^ hold872/X (sky130_fd_sc_hd__dlygate4sd3_1)
     1    0.01                           net1273 (net)
                  0.11    0.00   22.02 ^ hold130/A (sky130_fd_sc_hd__buf_4)
                  0.19    0.26   22.28 ^ hold130/X (sky130_fd_sc_hd__buf_4)
    10    0.07                           net531 (net)
                  0.19    0.00   22.28 ^ _317_/A (sky130_fd_sc_hd__nand2_1)
                  0.06    0.08   22.36 v _317_/Y (sky130_fd_sc_hd__nand2_1)
     1    0.00                           _066_ (net)
                  0.06    0.00   22.36 v hold663/A (sky130_fd_sc_hd__dlygate4sd3_1)
                  0.05    0.60   22.96 v hold663/X (sky130_fd_sc_hd__dlygate4sd3_1)
     1    0.00                           net1064 (net)
                  0.05    0.00   22.96 v hold131/A (sky130_fd_sc_hd__clkdlybuf4s25_1)
                  0.04    0.27   23.23 v hold131/X (sky130_fd_sc_hd__clkdlybuf4s25_1)
     1    0.00                           net532 (net)
                  0.04    0.00   23.23 v hold664/A (sky130_fd_sc_hd__dlygate4sd3_1)
                  0.06    0.60   23.83 v hold664/X (sky130_fd_sc_hd__dlygate4sd3_1)
     1    0.00                           net1065 (net)
                  0.06    0.00   23.83 v hold123/A (sky130_fd_sc_hd__buf_2)
                  0.02    0.13   23.96 v hold123/X (sky130_fd_sc_hd__buf_2)
     1    0.00                           net524 (net)
                  0.02    0.00   23.96 v hold665/A (sky130_fd_sc_hd__dlygate4sd3_1)
                  0.23    0.78   24.74 v hold665/X (sky130_fd_sc_hd__dlygate4sd3_1)
     5    0.04                           net1066 (net)
                  0.23    0.00   24.74 v _380_/A (sky130_fd_sc_hd__inv_2)
                  0.18    0.25   24.99 ^ _380_/Y (sky130_fd_sc_hd__inv_2)
     8    0.04                           _099_ (net)
                  0.18    0.00   24.99 ^ hold666/A (sky130_fd_sc_hd__dlygate4sd3_1)
                  0.08    0.64   25.63 ^ hold666/X (sky130_fd_sc_hd__dlygate4sd3_1)
     1    0.01                           net1067 (net)
                  0.08    0.00   25.63 ^ _381_/A (sky130_fd_sc_hd__buf_4)
                  0.20    0.26   25.89 ^ _381_/X (sky130_fd_sc_hd__buf_4)
    12    0.07                           _030_ (net)
                  0.20    0.00   25.89 ^ _473_/B2 (sky130_fd_sc_hd__a22o_1)
                  0.05    0.17   26.06 ^ _473_/X (sky130_fd_sc_hd__a22o_1)
     1    0.00                           _040_ (net)
                  0.05    0.00   26.06 ^ hold593/A (sky130_fd_sc_hd__dlygate4sd3_1)
                  0.05    0.58   26.64 ^ hold593/X (sky130_fd_sc_hd__dlygate4sd3_1)
     1    0.00                           net994 (net)
                  0.05    0.00   26.64 ^ hold433/A (sky130_fd_sc_hd__clkdlybuf4s25_1)
                  0.04    0.26   26.91 ^ hold433/X (sky130_fd_sc_hd__clkdlybuf4s25_1)
     1    0.00                           net834 (net)
                  0.04    0.00   26.91 ^ hold594/A (sky130_fd_sc_hd__dlygate4sd3_1)
                  0.05    0.58   27.49 ^ hold594/X (sky130_fd_sc_hd__dlygate4sd3_1)
     1    0.00                           net995 (net)
                  0.05    0.00   27.49 ^ hold257/A (sky130_fd_sc_hd__clkdlybuf4s25_1)
                  0.05    0.27   27.76 ^ hold257/X (sky130_fd_sc_hd__clkdlybuf4s25_1)
     1    0.00                           net658 (net)
                  0.05    0.00   27.76 ^ hold595/A (sky130_fd_sc_hd__dlygate4sd3_1)
                  0.06    0.59   28.35 ^ hold595/X (sky130_fd_sc_hd__dlygate4sd3_1)
     1    0.00                           net996 (net)
                  0.06    0.00   28.35 ^ hold58/A (sky130_fd_sc_hd__clkdlybuf4s25_1)
                  0.05    0.27   28.63 ^ hold58/X (sky130_fd_sc_hd__clkdlybuf4s25_1)
     1    0.00                           net459 (net)
                  0.05    0.00   28.63 ^ hold596/A (sky130_fd_sc_hd__dlygate4sd3_1)
                  0.06    0.59   29.22 ^ hold596/X (sky130_fd_sc_hd__dlygate4sd3_1)
     1    0.00                           net997 (net)
                  0.06    0.00   29.22 ^ hold258/A (sky130_fd_sc_hd__clkdlybuf4s25_1)
                  0.05    0.28   29.50 ^ hold258/X (sky130_fd_sc_hd__clkdlybuf4s25_1)
     1    0.00                           net659 (net)
                  0.05    0.00   29.50 ^ hold597/A (sky130_fd_sc_hd__dlygate4sd3_1)
                  0.06    0.59   30.08 ^ hold597/X (sky130_fd_sc_hd__dlygate4sd3_1)
     1    0.00                           net998 (net)
                  0.06    0.00   30.08 ^ _662_/D (sky130_fd_sc_hd__dfxtp_4)
                                 30.08   data arrival time

                         30.00   30.00   clock clk (rise edge)
                          4.50   34.50   clock source latency
                  0.60    0.00   34.50 ^ wb_clk_i (in)
     2    0.02                           wb_clk_i (net)
                  0.60    0.00   34.50 ^ _310_/A1 (sky130_fd_sc_hd__mux2_2)
                  0.11    0.31   34.82 ^ _310_/X (sky130_fd_sc_hd__mux2_2)
     2    0.02                           _061_ (net)
                  0.11    0.00   34.82 ^ _311_/A (sky130_fd_sc_hd__buf_1)
                  0.41    0.32   35.14 ^ _311_/X (sky130_fd_sc_hd__buf_1)
     1    0.03                           count.clk (net)
                  0.41    0.01   35.15 ^ wire1/A (sky130_fd_sc_hd__buf_6)
                  0.14    0.22   35.36 ^ wire1/X (sky130_fd_sc_hd__buf_6)
     2    0.07                           net401 (net)
                  0.14    0.02   35.38 ^ clkbuf_0_count.clk/A (sky130_fd_sc_hd__clkbuf_16)
                  0.10    0.19   35.56 ^ clkbuf_0_count.clk/X (sky130_fd_sc_hd__clkbuf_16)
     8    0.08                           clknet_0_count.clk (net)
                  0.10    0.00   35.57 ^ clkbuf_3_3_0_count.clk/A (sky130_fd_sc_hd__clkbuf_4)
                  0.16    0.22   35.79 ^ clkbuf_3_3_0_count.clk/X (sky130_fd_sc_hd__clkbuf_4)
    13    0.05                           clknet_3_3_0_count.clk (net)
                  0.16    0.00   35.79 ^ _662_/CLK (sky130_fd_sc_hd__dfxtp_4)
                         -0.30   35.49   clock uncertainty
                          0.00   35.49   clock reconvergence pessimism
                         -0.05   35.45   library setup time
                                 35.45   data required time
-----------------------------------------------------------------------------
                                 35.45   data required time
                                -30.08   data arrival time
-----------------------------------------------------------------------------
                                  5.37   slack (MET)


Startpoint: wb_rst_i (input port clocked by clk)
Endpoint: _661_ (rising edge-triggered flip-flop clocked by clk)
Path Group: clk
Path Type: max

Fanout     Cap    Slew   Delay    Time   Description
-----------------------------------------------------------------------------
                          0.00    0.00   clock clk (rise edge)
                          6.00    6.00   clock network delay (propagated)
                         10.00   16.00 v input external delay
                  0.44    0.00   16.00 v wb_rst_i (in)
     2    0.00                           wb_rst_i (net)
                  0.44    0.00   16.00 v hold867/A (sky130_fd_sc_hd__dlygate4sd3_1)
                  0.05    0.77   16.77 v hold867/X (sky130_fd_sc_hd__dlygate4sd3_1)
     1    0.00                           net1268 (net)
                  0.05    0.00   16.77 v hold1/A (sky130_fd_sc_hd__clkdlybuf4s25_1)
                  0.03    0.26   17.02 v hold1/X (sky130_fd_sc_hd__clkdlybuf4s25_1)
     1    0.00                           net402 (net)
                  0.03    0.00   17.02 v hold868/A (sky130_fd_sc_hd__dlygate4sd3_1)
                  0.06    0.59   17.61 v hold868/X (sky130_fd_sc_hd__dlygate4sd3_1)
     1    0.00                           net1269 (net)
                  0.06    0.00   17.61 v input65/A (sky130_fd_sc_hd__buf_4)
                  0.04    0.17   17.78 v input65/X (sky130_fd_sc_hd__buf_4)
     2    0.02                           net65 (net)
                  0.04    0.00   17.78 v hold869/A (sky130_fd_sc_hd__dlygate4sd3_1)
                  0.14    0.70   18.48 v hold869/X (sky130_fd_sc_hd__dlygate4sd3_1)
     2    0.02                           net1270 (net)
                  0.14    0.00   18.48 v hold2/A (sky130_fd_sc_hd__buf_2)
                  0.11    0.26   18.74 v hold2/X (sky130_fd_sc_hd__buf_2)
     2    0.05                           net403 (net)
                  0.11    0.01   18.75 v _313_/A1 (sky130_fd_sc_hd__a21oi_1)
                  0.20    0.24   18.99 ^ _313_/Y (sky130_fd_sc_hd__a21oi_1)
     1    0.01                           _063_ (net)
                  0.20    0.00   18.99 ^ hold870/A (sky130_fd_sc_hd__dlygate4sd3_1)
                  0.08    0.65   19.63 ^ hold870/X (sky130_fd_sc_hd__dlygate4sd3_1)
     1    0.01                           net1271 (net)
                  0.08    0.00   19.63 ^ hold129/A (sky130_fd_sc_hd__clkdlybuf4s50_1)
                  0.09    0.56   20.19 ^ hold129/X (sky130_fd_sc_hd__clkdlybuf4s50_1)
     1    0.01                           net530 (net)
                  0.09    0.00   20.19 ^ hold871/A (sky130_fd_sc_hd__dlygate4sd3_1)
                  0.08    0.62   20.81 ^ hold871/X (sky130_fd_sc_hd__dlygate4sd3_1)
     1    0.01                           net1272 (net)
                  0.08    0.00   20.81 ^ hold3/A (sky130_fd_sc_hd__clkdlybuf4s50_1)
                  0.09    0.55   21.37 ^ hold3/X (sky130_fd_sc_hd__clkdlybuf4s50_1)
     1    0.01                           net404 (net)
                  0.09    0.00   21.37 ^ hold872/A (sky130_fd_sc_hd__dlygate4sd3_1)
                  0.11    0.65   22.02 ^ hold872/X (sky130_fd_sc_hd__dlygate4sd3_1)
     1    0.01                           net1273 (net)
                  0.11    0.00   22.02 ^ hold130/A (sky130_fd_sc_hd__buf_4)
                  0.19    0.26   22.28 ^ hold130/X (sky130_fd_sc_hd__buf_4)
    10    0.07                           net531 (net)
                  0.19    0.00   22.28 ^ _317_/A (sky130_fd_sc_hd__nand2_1)
                  0.06    0.08   22.36 v _317_/Y (sky130_fd_sc_hd__nand2_1)
     1    0.00                           _066_ (net)
                  0.06    0.00   22.36 v hold663/A (sky130_fd_sc_hd__dlygate4sd3_1)
                  0.05    0.60   22.96 v hold663/X (sky130_fd_sc_hd__dlygate4sd3_1)
     1    0.00                           net1064 (net)
                  0.05    0.00   22.96 v hold131/A (sky130_fd_sc_hd__clkdlybuf4s25_1)
                  0.04    0.27   23.23 v hold131/X (sky130_fd_sc_hd__clkdlybuf4s25_1)
     1    0.00                           net532 (net)
                  0.04    0.00   23.23 v hold664/A (sky130_fd_sc_hd__dlygate4sd3_1)
                  0.06    0.60   23.83 v hold664/X (sky130_fd_sc_hd__dlygate4sd3_1)
     1    0.00                           net1065 (net)
                  0.06    0.00   23.83 v hold123/A (sky130_fd_sc_hd__buf_2)
                  0.02    0.13   23.96 v hold123/X (sky130_fd_sc_hd__buf_2)
     1    0.00                           net524 (net)
                  0.02    0.00   23.96 v hold665/A (sky130_fd_sc_hd__dlygate4sd3_1)
                  0.23    0.78   24.74 v hold665/X (sky130_fd_sc_hd__dlygate4sd3_1)
     5    0.04                           net1066 (net)
                  0.23    0.00   24.74 v _380_/A (sky130_fd_sc_hd__inv_2)
                  0.18    0.25   24.99 ^ _380_/Y (sky130_fd_sc_hd__inv_2)
     8    0.04                           _099_ (net)
                  0.18    0.00   24.99 ^ hold666/A (sky130_fd_sc_hd__dlygate4sd3_1)
                  0.08    0.64   25.63 ^ hold666/X (sky130_fd_sc_hd__dlygate4sd3_1)
     1    0.01                           net1067 (net)
                  0.08    0.00   25.63 ^ _381_/A (sky130_fd_sc_hd__buf_4)
                  0.20    0.26   25.89 ^ _381_/X (sky130_fd_sc_hd__buf_4)
    12    0.07                           _030_ (net)
                  0.20    0.00   25.89 ^ _465_/B2 (sky130_fd_sc_hd__a22o_1)
                  0.05    0.17   26.07 ^ _465_/X (sky130_fd_sc_hd__a22o_1)
     1    0.00                           _039_ (net)
                  0.05    0.00   26.07 ^ hold604/A (sky130_fd_sc_hd__dlygate4sd3_1)
                  0.05    0.58   26.65 ^ hold604/X (sky130_fd_sc_hd__dlygate4sd3_1)
     1    0.00                           net1005 (net)
                  0.05    0.00   26.65 ^ hold450/A (sky130_fd_sc_hd__clkdlybuf4s25_1)
                  0.04    0.26   26.91 ^ hold450/X (sky130_fd_sc_hd__clkdlybuf4s25_1)
     1    0.00                           net851 (net)
                  0.04    0.00   26.91 ^ hold605/A (sky130_fd_sc_hd__dlygate4sd3_1)
                  0.06    0.58   27.49 ^ hold605/X (sky130_fd_sc_hd__dlygate4sd3_1)
     1    0.00                           net1006 (net)
                  0.06    0.00   27.49 ^ hold274/A (sky130_fd_sc_hd__clkdlybuf4s25_1)
                  0.05    0.27   27.76 ^ hold274/X (sky130_fd_sc_hd__clkdlybuf4s25_1)
     1    0.00                           net675 (net)
                  0.05    0.00   27.76 ^ hold606/A (sky130_fd_sc_hd__dlygate4sd3_1)
                  0.06    0.59   28.35 ^ hold606/X (sky130_fd_sc_hd__dlygate4sd3_1)
     1    0.00                           net1007 (net)
                  0.06    0.00   28.35 ^ hold74/A (sky130_fd_sc_hd__clkdlybuf4s25_1)
                  0.05    0.28   28.63 ^ hold74/X (sky130_fd_sc_hd__clkdlybuf4s25_1)
     1    0.00                           net475 (net)
                  0.05    0.00   28.63 ^ hold607/A (sky130_fd_sc_hd__dlygate4sd3_1)
                  0.07    0.59   29.22 ^ hold607/X (sky130_fd_sc_hd__dlygate4sd3_1)
     1    0.00                           net1008 (net)
                  0.07    0.00   29.22 ^ hold275/A (sky130_fd_sc_hd__clkdlybuf4s25_1)
                  0.05    0.27   29.50 ^ hold275/X (sky130_fd_sc_hd__clkdlybuf4s25_1)
     1    0.00                           net676 (net)
                  0.05    0.00   29.50 ^ hold608/A (sky130_fd_sc_hd__dlygate4sd3_1)
                  0.06    0.58   30.08 ^ hold608/X (sky130_fd_sc_hd__dlygate4sd3_1)
     1    0.00                           net1009 (net)
                  0.06    0.00   30.08 ^ _661_/D (sky130_fd_sc_hd__dfxtp_4)
                                 30.08   data arrival time

                         30.00   30.00   clock clk (rise edge)
                          4.50   34.50   clock source latency
                  0.60    0.00   34.50 ^ wb_clk_i (in)
     2    0.02                           wb_clk_i (net)
                  0.60    0.00   34.50 ^ _310_/A1 (sky130_fd_sc_hd__mux2_2)
                  0.11    0.31   34.82 ^ _310_/X (sky130_fd_sc_hd__mux2_2)
     2    0.02                           _061_ (net)
                  0.11    0.00   34.82 ^ _311_/A (sky130_fd_sc_hd__buf_1)
                  0.41    0.32   35.14 ^ _311_/X (sky130_fd_sc_hd__buf_1)
     1    0.03                           count.clk (net)
                  0.41    0.01   35.15 ^ wire1/A (sky130_fd_sc_hd__buf_6)
                  0.14    0.22   35.36 ^ wire1/X (sky130_fd_sc_hd__buf_6)
     2    0.07                           net401 (net)
                  0.14    0.02   35.38 ^ clkbuf_0_count.clk/A (sky130_fd_sc_hd__clkbuf_16)
                  0.10    0.19   35.56 ^ clkbuf_0_count.clk/X (sky130_fd_sc_hd__clkbuf_16)
     8    0.08                           clknet_0_count.clk (net)
                  0.10    0.00   35.57 ^ clkbuf_3_3_0_count.clk/A (sky130_fd_sc_hd__clkbuf_4)
                  0.16    0.22   35.79 ^ clkbuf_3_3_0_count.clk/X (sky130_fd_sc_hd__clkbuf_4)
    13    0.05                           clknet_3_3_0_count.clk (net)
                  0.16    0.00   35.79 ^ _661_/CLK (sky130_fd_sc_hd__dfxtp_4)
                         -0.30   35.49   clock uncertainty
                          0.00   35.49   clock reconvergence pessimism
                         -0.05   35.45   library setup time
                                 35.45   data required time
-----------------------------------------------------------------------------
                                 35.45   data required time
                                -30.08   data arrival time
-----------------------------------------------------------------------------
                                  5.37   slack (MET)


Startpoint: wb_rst_i (input port clocked by clk)
Endpoint: _667_ (rising edge-triggered flip-flop clocked by clk)
Path Group: clk
Path Type: max

Fanout     Cap    Slew   Delay    Time   Description
-----------------------------------------------------------------------------
                          0.00    0.00   clock clk (rise edge)
                          6.00    6.00   clock network delay (propagated)
                         10.00   16.00 v input external delay
                  0.44    0.00   16.00 v wb_rst_i (in)
     2    0.00                           wb_rst_i (net)
                  0.44    0.00   16.00 v hold867/A (sky130_fd_sc_hd__dlygate4sd3_1)
                  0.05    0.77   16.77 v hold867/X (sky130_fd_sc_hd__dlygate4sd3_1)
     1    0.00                           net1268 (net)
                  0.05    0.00   16.77 v hold1/A (sky130_fd_sc_hd__clkdlybuf4s25_1)
                  0.03    0.26   17.02 v hold1/X (sky130_fd_sc_hd__clkdlybuf4s25_1)
     1    0.00                           net402 (net)
                  0.03    0.00   17.02 v hold868/A (sky130_fd_sc_hd__dlygate4sd3_1)
                  0.06    0.59   17.61 v hold868/X (sky130_fd_sc_hd__dlygate4sd3_1)
     1    0.00                           net1269 (net)
                  0.06    0.00   17.61 v input65/A (sky130_fd_sc_hd__buf_4)
                  0.04    0.17   17.78 v input65/X (sky130_fd_sc_hd__buf_4)
     2    0.02                           net65 (net)
                  0.04    0.00   17.78 v hold869/A (sky130_fd_sc_hd__dlygate4sd3_1)
                  0.14    0.70   18.48 v hold869/X (sky130_fd_sc_hd__dlygate4sd3_1)
     2    0.02                           net1270 (net)
                  0.14    0.00   18.48 v hold2/A (sky130_fd_sc_hd__buf_2)
                  0.11    0.26   18.74 v hold2/X (sky130_fd_sc_hd__buf_2)
     2    0.05                           net403 (net)
                  0.11    0.01   18.75 v _313_/A1 (sky130_fd_sc_hd__a21oi_1)
                  0.20    0.24   18.99 ^ _313_/Y (sky130_fd_sc_hd__a21oi_1)
     1    0.01                           _063_ (net)
                  0.20    0.00   18.99 ^ hold870/A (sky130_fd_sc_hd__dlygate4sd3_1)
                  0.08    0.65   19.63 ^ hold870/X (sky130_fd_sc_hd__dlygate4sd3_1)
     1    0.01                           net1271 (net)
                  0.08    0.00   19.63 ^ hold129/A (sky130_fd_sc_hd__clkdlybuf4s50_1)
                  0.09    0.56   20.19 ^ hold129/X (sky130_fd_sc_hd__clkdlybuf4s50_1)
     1    0.01                           net530 (net)
                  0.09    0.00   20.19 ^ hold871/A (sky130_fd_sc_hd__dlygate4sd3_1)
                  0.08    0.62   20.81 ^ hold871/X (sky130_fd_sc_hd__dlygate4sd3_1)
     1    0.01                           net1272 (net)
                  0.08    0.00   20.81 ^ hold3/A (sky130_fd_sc_hd__clkdlybuf4s50_1)
                  0.09    0.55   21.37 ^ hold3/X (sky130_fd_sc_hd__clkdlybuf4s50_1)
     1    0.01                           net404 (net)
                  0.09    0.00   21.37 ^ hold872/A (sky130_fd_sc_hd__dlygate4sd3_1)
                  0.11    0.65   22.02 ^ hold872/X (sky130_fd_sc_hd__dlygate4sd3_1)
     1    0.01                           net1273 (net)
                  0.11    0.00   22.02 ^ hold130/A (sky130_fd_sc_hd__buf_4)
                  0.19    0.26   22.28 ^ hold130/X (sky130_fd_sc_hd__buf_4)
    10    0.07                           net531 (net)
                  0.19    0.00   22.28 ^ _317_/A (sky130_fd_sc_hd__nand2_1)
                  0.06    0.08   22.36 v _317_/Y (sky130_fd_sc_hd__nand2_1)
     1    0.00                           _066_ (net)
                  0.06    0.00   22.36 v hold663/A (sky130_fd_sc_hd__dlygate4sd3_1)
                  0.05    0.60   22.96 v hold663/X (sky130_fd_sc_hd__dlygate4sd3_1)
     1    0.00                           net1064 (net)
                  0.05    0.00   22.96 v hold131/A (sky130_fd_sc_hd__clkdlybuf4s25_1)
                  0.04    0.27   23.23 v hold131/X (sky130_fd_sc_hd__clkdlybuf4s25_1)
     1    0.00                           net532 (net)
                  0.04    0.00   23.23 v hold664/A (sky130_fd_sc_hd__dlygate4sd3_1)
                  0.06    0.60   23.83 v hold664/X (sky130_fd_sc_hd__dlygate4sd3_1)
     1    0.00                           net1065 (net)
                  0.06    0.00   23.83 v hold123/A (sky130_fd_sc_hd__buf_2)
                  0.02    0.13   23.96 v hold123/X (sky130_fd_sc_hd__buf_2)
     1    0.00                           net524 (net)
                  0.02    0.00   23.96 v hold665/A (sky130_fd_sc_hd__dlygate4sd3_1)
                  0.23    0.78   24.74 v hold665/X (sky130_fd_sc_hd__dlygate4sd3_1)
     5    0.04                           net1066 (net)
                  0.23    0.00   24.74 v _380_/A (sky130_fd_sc_hd__inv_2)
                  0.18    0.25   24.99 ^ _380_/Y (sky130_fd_sc_hd__inv_2)
     8    0.04                           _099_ (net)
                  0.18    0.00   24.99 ^ hold666/A (sky130_fd_sc_hd__dlygate4sd3_1)
                  0.08    0.64   25.63 ^ hold666/X (sky130_fd_sc_hd__dlygate4sd3_1)
     1    0.01                           net1067 (net)
                  0.08    0.00   25.63 ^ _381_/A (sky130_fd_sc_hd__buf_4)
                  0.20    0.26   25.89 ^ _381_/X (sky130_fd_sc_hd__buf_4)
    12    0.07                           _030_ (net)
                  0.20    0.00   25.89 ^ _508_/B2 (sky130_fd_sc_hd__a22o_1)
                  0.08    0.20   26.09 ^ _508_/X (sky130_fd_sc_hd__a22o_1)
     1    0.01                           _045_ (net)
                  0.08    0.00   26.09 ^ hold806/A (sky130_fd_sc_hd__dlygate4sd3_1)
                  0.07    0.61   26.70 ^ hold806/X (sky130_fd_sc_hd__dlygate4sd3_1)
     1    0.01                           net1207 (net)
                  0.07    0.00   26.70 ^ hold262/A (sky130_fd_sc_hd__clkdlybuf4s50_1)
                  0.08    0.54   27.24 ^ hold262/X (sky130_fd_sc_hd__clkdlybuf4s50_1)
     1    0.01                           net663 (net)
                  0.08    0.00   27.24 ^ hold807/A (sky130_fd_sc_hd__dlygate4sd3_1)
                  0.07    0.61   27.85 ^ hold807/X (sky130_fd_sc_hd__dlygate4sd3_1)
     1    0.01                           net1208 (net)
                  0.07    0.00   27.85 ^ hold102/A (sky130_fd_sc_hd__clkdlybuf4s50_1)
                  0.07    0.53   28.38 ^ hold102/X (sky130_fd_sc_hd__clkdlybuf4s50_1)
     1    0.01                           net503 (net)
                  0.07    0.00   28.38 ^ hold808/A (sky130_fd_sc_hd__dlygate4sd3_1)
                  0.07    0.60   28.98 ^ hold808/X (sky130_fd_sc_hd__dlygate4sd3_1)
     1    0.00                           net1209 (net)
                  0.07    0.00   28.98 ^ hold263/A (sky130_fd_sc_hd__clkdlybuf4s50_1)
                  0.06    0.53   29.51 ^ hold263/X (sky130_fd_sc_hd__clkdlybuf4s50_1)
     1    0.00                           net664 (net)
                  0.06    0.00   29.51 ^ hold809/A (sky130_fd_sc_hd__dlygate4sd3_1)
                  0.06    0.59   30.10 ^ hold809/X (sky130_fd_sc_hd__dlygate4sd3_1)
     1    0.00                           net1210 (net)
                  0.06    0.00   30.10 ^ _667_/D (sky130_fd_sc_hd__dfxtp_1)
                                 30.10   data arrival time

                         30.00   30.00   clock clk (rise edge)
                          4.50   34.50   clock source latency
                  0.60    0.00   34.50 ^ wb_clk_i (in)
     2    0.02                           wb_clk_i (net)
                  0.60    0.00   34.50 ^ _310_/A1 (sky130_fd_sc_hd__mux2_2)
                  0.11    0.31   34.82 ^ _310_/X (sky130_fd_sc_hd__mux2_2)
     2    0.02                           _061_ (net)
                  0.11    0.00   34.82 ^ _311_/A (sky130_fd_sc_hd__buf_1)
                  0.41    0.32   35.14 ^ _311_/X (sky130_fd_sc_hd__buf_1)
     1    0.03                           count.clk (net)
                  0.41    0.01   35.15 ^ wire1/A (sky130_fd_sc_hd__buf_6)
                  0.14    0.22   35.36 ^ wire1/X (sky130_fd_sc_hd__buf_6)
     2    0.07                           net401 (net)
                  0.14    0.02   35.38 ^ clkbuf_0_count.clk/A (sky130_fd_sc_hd__clkbuf_16)
                  0.10    0.19   35.56 ^ clkbuf_0_count.clk/X (sky130_fd_sc_hd__clkbuf_16)
     8    0.08                           clknet_0_count.clk (net)
                  0.10    0.01   35.57 ^ clkbuf_3_7_0_count.clk/A (sky130_fd_sc_hd__clkbuf_4)
                  0.18    0.23   35.80 ^ clkbuf_3_7_0_count.clk/X (sky130_fd_sc_hd__clkbuf_4)
     5    0.06                           clknet_3_7_0_count.clk (net)
                  0.18    0.01   35.81 ^ _667_/CLK (sky130_fd_sc_hd__dfxtp_1)
                         -0.30   35.51   clock uncertainty
                          0.00   35.51   clock reconvergence pessimism
                         -0.04   35.47   library setup time
                                 35.47   data required time
-----------------------------------------------------------------------------
                                 35.47   data required time
                                -30.10   data arrival time
-----------------------------------------------------------------------------
                                  5.37   slack (MET)


Startpoint: wb_rst_i (input port clocked by clk)
Endpoint: _664_ (rising edge-triggered flip-flop clocked by clk)
Path Group: clk
Path Type: max

Fanout     Cap    Slew   Delay    Time   Description
-----------------------------------------------------------------------------
                          0.00    0.00   clock clk (rise edge)
                          6.00    6.00   clock network delay (propagated)
                         10.00   16.00 v input external delay
                  0.44    0.00   16.00 v wb_rst_i (in)
     2    0.00                           wb_rst_i (net)
                  0.44    0.00   16.00 v hold867/A (sky130_fd_sc_hd__dlygate4sd3_1)
                  0.05    0.77   16.77 v hold867/X (sky130_fd_sc_hd__dlygate4sd3_1)
     1    0.00                           net1268 (net)
                  0.05    0.00   16.77 v hold1/A (sky130_fd_sc_hd__clkdlybuf4s25_1)
                  0.03    0.26   17.02 v hold1/X (sky130_fd_sc_hd__clkdlybuf4s25_1)
     1    0.00                           net402 (net)
                  0.03    0.00   17.02 v hold868/A (sky130_fd_sc_hd__dlygate4sd3_1)
                  0.06    0.59   17.61 v hold868/X (sky130_fd_sc_hd__dlygate4sd3_1)
     1    0.00                           net1269 (net)
                  0.06    0.00   17.61 v input65/A (sky130_fd_sc_hd__buf_4)
                  0.04    0.17   17.78 v input65/X (sky130_fd_sc_hd__buf_4)
     2    0.02                           net65 (net)
                  0.04    0.00   17.78 v hold869/A (sky130_fd_sc_hd__dlygate4sd3_1)
                  0.14    0.70   18.48 v hold869/X (sky130_fd_sc_hd__dlygate4sd3_1)
     2    0.02                           net1270 (net)
                  0.14    0.00   18.48 v hold2/A (sky130_fd_sc_hd__buf_2)
                  0.11    0.26   18.74 v hold2/X (sky130_fd_sc_hd__buf_2)
     2    0.05                           net403 (net)
                  0.11    0.01   18.75 v _313_/A1 (sky130_fd_sc_hd__a21oi_1)
                  0.20    0.24   18.99 ^ _313_/Y (sky130_fd_sc_hd__a21oi_1)
     1    0.01                           _063_ (net)
                  0.20    0.00   18.99 ^ hold870/A (sky130_fd_sc_hd__dlygate4sd3_1)
                  0.08    0.65   19.63 ^ hold870/X (sky130_fd_sc_hd__dlygate4sd3_1)
     1    0.01                           net1271 (net)
                  0.08    0.00   19.63 ^ hold129/A (sky130_fd_sc_hd__clkdlybuf4s50_1)
                  0.09    0.56   20.19 ^ hold129/X (sky130_fd_sc_hd__clkdlybuf4s50_1)
     1    0.01                           net530 (net)
                  0.09    0.00   20.19 ^ hold871/A (sky130_fd_sc_hd__dlygate4sd3_1)
                  0.08    0.62   20.81 ^ hold871/X (sky130_fd_sc_hd__dlygate4sd3_1)
     1    0.01                           net1272 (net)
                  0.08    0.00   20.81 ^ hold3/A (sky130_fd_sc_hd__clkdlybuf4s50_1)
                  0.09    0.55   21.37 ^ hold3/X (sky130_fd_sc_hd__clkdlybuf4s50_1)
     1    0.01                           net404 (net)
                  0.09    0.00   21.37 ^ hold872/A (sky130_fd_sc_hd__dlygate4sd3_1)
                  0.11    0.65   22.02 ^ hold872/X (sky130_fd_sc_hd__dlygate4sd3_1)
     1    0.01                           net1273 (net)
                  0.11    0.00   22.02 ^ hold130/A (sky130_fd_sc_hd__buf_4)
                  0.19    0.26   22.28 ^ hold130/X (sky130_fd_sc_hd__buf_4)
    10    0.07                           net531 (net)
                  0.19    0.00   22.28 ^ _317_/A (sky130_fd_sc_hd__nand2_1)
                  0.06    0.08   22.36 v _317_/Y (sky130_fd_sc_hd__nand2_1)
     1    0.00                           _066_ (net)
                  0.06    0.00   22.36 v hold663/A (sky130_fd_sc_hd__dlygate4sd3_1)
                  0.05    0.60   22.96 v hold663/X (sky130_fd_sc_hd__dlygate4sd3_1)
     1    0.00                           net1064 (net)
                  0.05    0.00   22.96 v hold131/A (sky130_fd_sc_hd__clkdlybuf4s25_1)
                  0.04    0.27   23.23 v hold131/X (sky130_fd_sc_hd__clkdlybuf4s25_1)
     1    0.00                           net532 (net)
                  0.04    0.00   23.23 v hold664/A (sky130_fd_sc_hd__dlygate4sd3_1)
                  0.06    0.60   23.83 v hold664/X (sky130_fd_sc_hd__dlygate4sd3_1)
     1    0.00                           net1065 (net)
                  0.06    0.00   23.83 v hold123/A (sky130_fd_sc_hd__buf_2)
                  0.02    0.13   23.96 v hold123/X (sky130_fd_sc_hd__buf_2)
     1    0.00                           net524 (net)
                  0.02    0.00   23.96 v hold665/A (sky130_fd_sc_hd__dlygate4sd3_1)
                  0.23    0.78   24.74 v hold665/X (sky130_fd_sc_hd__dlygate4sd3_1)
     5    0.04                           net1066 (net)
                  0.23    0.00   24.74 v _380_/A (sky130_fd_sc_hd__inv_2)
                  0.18    0.25   24.99 ^ _380_/Y (sky130_fd_sc_hd__inv_2)
     8    0.04                           _099_ (net)
                  0.18    0.00   24.99 ^ hold666/A (sky130_fd_sc_hd__dlygate4sd3_1)
                  0.08    0.64   25.63 ^ hold666/X (sky130_fd_sc_hd__dlygate4sd3_1)
     1    0.01                           net1067 (net)
                  0.08    0.00   25.63 ^ _381_/A (sky130_fd_sc_hd__buf_4)
                  0.20    0.26   25.89 ^ _381_/X (sky130_fd_sc_hd__buf_4)
    12    0.07                           _030_ (net)
                  0.20    0.00   25.89 ^ _486_/B2 (sky130_fd_sc_hd__a22o_1)
                  0.06    0.18   26.07 ^ _486_/X (sky130_fd_sc_hd__a22o_1)
     1    0.00                           _042_ (net)
                  0.06    0.00   26.07 ^ hold683/A (sky130_fd_sc_hd__dlygate4sd3_1)
                  0.06    0.59   26.66 ^ hold683/X (sky130_fd_sc_hd__dlygate4sd3_1)
     1    0.00                           net1084 (net)
                  0.06    0.00   26.66 ^ hold475/A (sky130_fd_sc_hd__clkdlybuf4s25_1)
                  0.04    0.26   26.92 ^ hold475/X (sky130_fd_sc_hd__clkdlybuf4s25_1)
     1    0.00                           net876 (net)
                  0.04    0.00   26.92 ^ hold684/A (sky130_fd_sc_hd__dlygate4sd3_1)
                  0.07    0.59   27.51 ^ hold684/X (sky130_fd_sc_hd__dlygate4sd3_1)
     1    0.00                           net1085 (net)
                  0.07    0.00   27.51 ^ hold298/A (sky130_fd_sc_hd__clkdlybuf4s25_1)
                  0.06    0.28   27.79 ^ hold298/X (sky130_fd_sc_hd__clkdlybuf4s25_1)
     1    0.00                           net699 (net)
                  0.06    0.00   27.79 ^ hold685/A (sky130_fd_sc_hd__dlygate4sd3_1)
                  0.07    0.60   28.39 ^ hold685/X (sky130_fd_sc_hd__dlygate4sd3_1)
     1    0.00                           net1086 (net)
                  0.07    0.00   28.39 ^ hold78/A (sky130_fd_sc_hd__clkdlybuf4s50_1)
                  0.05    0.51   28.90 ^ hold78/X (sky130_fd_sc_hd__clkdlybuf4s50_1)
     1    0.00                           net479 (net)
                  0.05    0.00   28.90 ^ hold686/A (sky130_fd_sc_hd__dlygate4sd3_1)
                  0.07    0.60   29.50 ^ hold686/X (sky130_fd_sc_hd__dlygate4sd3_1)
     1    0.00                           net1087 (net)
                  0.07    0.00   29.50 ^ hold299/A (sky130_fd_sc_hd__clkdlybuf4s25_1)
                  0.06    0.29   29.78 ^ hold299/X (sky130_fd_sc_hd__clkdlybuf4s25_1)
     1    0.00                           net700 (net)
                  0.06    0.00   29.78 ^ _664_/D (sky130_fd_sc_hd__dfxtp_1)
                                 29.78   data arrival time

                         30.00   30.00   clock clk (rise edge)
                          4.50   34.50   clock source latency
                  0.60    0.00   34.50 ^ wb_clk_i (in)
     2    0.02                           wb_clk_i (net)
                  0.60    0.00   34.50 ^ _310_/A1 (sky130_fd_sc_hd__mux2_2)
                  0.11    0.31   34.82 ^ _310_/X (sky130_fd_sc_hd__mux2_2)
     2    0.02                           _061_ (net)
                  0.11    0.00   34.82 ^ _311_/A (sky130_fd_sc_hd__buf_1)
                  0.41    0.32   35.14 ^ _311_/X (sky130_fd_sc_hd__buf_1)
     1    0.03                           count.clk (net)
                  0.41    0.01   35.15 ^ wire1/A (sky130_fd_sc_hd__buf_6)
                  0.14    0.22   35.36 ^ wire1/X (sky130_fd_sc_hd__buf_6)
     2    0.07                           net401 (net)
                  0.14    0.02   35.38 ^ clkbuf_0_count.clk/A (sky130_fd_sc_hd__clkbuf_16)
                  0.10    0.19   35.56 ^ clkbuf_0_count.clk/X (sky130_fd_sc_hd__clkbuf_16)
     8    0.08                           clknet_0_count.clk (net)
                  0.10    0.01   35.57 ^ clkbuf_3_6_0_count.clk/A (sky130_fd_sc_hd__clkbuf_4)
                  0.14    0.21   35.78 ^ clkbuf_3_6_0_count.clk/X (sky130_fd_sc_hd__clkbuf_4)
     6    0.04                           clknet_3_6_0_count.clk (net)
                  0.14    0.00   35.78 ^ _664_/CLK (sky130_fd_sc_hd__dfxtp_1)
                         -0.30   35.48   clock uncertainty
                          0.00   35.48   clock reconvergence pessimism
                         -0.04   35.43   library setup time
                                 35.43   data required time
-----------------------------------------------------------------------------
                                 35.43   data required time
                                -29.78   data arrival time
-----------------------------------------------------------------------------
                                  5.65   slack (MET)


Startpoint: wb_rst_i (input port clocked by clk)
Endpoint: _656_ (rising edge-triggered flip-flop clocked by clk)
Path Group: clk
Path Type: max

Fanout     Cap    Slew   Delay    Time   Description
-----------------------------------------------------------------------------
                          0.00    0.00   clock clk (rise edge)
                          6.00    6.00   clock network delay (propagated)
                         10.00   16.00 v input external delay
                  0.44    0.00   16.00 v wb_rst_i (in)
     2    0.00                           wb_rst_i (net)
                  0.44    0.00   16.00 v hold867/A (sky130_fd_sc_hd__dlygate4sd3_1)
                  0.05    0.77   16.77 v hold867/X (sky130_fd_sc_hd__dlygate4sd3_1)
     1    0.00                           net1268 (net)
                  0.05    0.00   16.77 v hold1/A (sky130_fd_sc_hd__clkdlybuf4s25_1)
                  0.03    0.26   17.02 v hold1/X (sky130_fd_sc_hd__clkdlybuf4s25_1)
     1    0.00                           net402 (net)
                  0.03    0.00   17.02 v hold868/A (sky130_fd_sc_hd__dlygate4sd3_1)
                  0.06    0.59   17.61 v hold868/X (sky130_fd_sc_hd__dlygate4sd3_1)
     1    0.00                           net1269 (net)
                  0.06    0.00   17.61 v input65/A (sky130_fd_sc_hd__buf_4)
                  0.04    0.17   17.78 v input65/X (sky130_fd_sc_hd__buf_4)
     2    0.02                           net65 (net)
                  0.04    0.00   17.78 v hold869/A (sky130_fd_sc_hd__dlygate4sd3_1)
                  0.14    0.70   18.48 v hold869/X (sky130_fd_sc_hd__dlygate4sd3_1)
     2    0.02                           net1270 (net)
                  0.14    0.00   18.48 v hold2/A (sky130_fd_sc_hd__buf_2)
                  0.11    0.26   18.74 v hold2/X (sky130_fd_sc_hd__buf_2)
     2    0.05                           net403 (net)
                  0.11    0.01   18.75 v _313_/A1 (sky130_fd_sc_hd__a21oi_1)
                  0.20    0.24   18.99 ^ _313_/Y (sky130_fd_sc_hd__a21oi_1)
     1    0.01                           _063_ (net)
                  0.20    0.00   18.99 ^ hold870/A (sky130_fd_sc_hd__dlygate4sd3_1)
                  0.08    0.65   19.63 ^ hold870/X (sky130_fd_sc_hd__dlygate4sd3_1)
     1    0.01                           net1271 (net)
                  0.08    0.00   19.63 ^ hold129/A (sky130_fd_sc_hd__clkdlybuf4s50_1)
                  0.09    0.56   20.19 ^ hold129/X (sky130_fd_sc_hd__clkdlybuf4s50_1)
     1    0.01                           net530 (net)
                  0.09    0.00   20.19 ^ hold871/A (sky130_fd_sc_hd__dlygate4sd3_1)
                  0.08    0.62   20.81 ^ hold871/X (sky130_fd_sc_hd__dlygate4sd3_1)
     1    0.01                           net1272 (net)
                  0.08    0.00   20.81 ^ hold3/A (sky130_fd_sc_hd__clkdlybuf4s50_1)
                  0.09    0.55   21.37 ^ hold3/X (sky130_fd_sc_hd__clkdlybuf4s50_1)
     1    0.01                           net404 (net)
                  0.09    0.00   21.37 ^ hold872/A (sky130_fd_sc_hd__dlygate4sd3_1)
                  0.11    0.65   22.02 ^ hold872/X (sky130_fd_sc_hd__dlygate4sd3_1)
     1    0.01                           net1273 (net)
                  0.11    0.00   22.02 ^ hold130/A (sky130_fd_sc_hd__buf_4)
                  0.19    0.26   22.28 ^ hold130/X (sky130_fd_sc_hd__buf_4)
    10    0.07                           net531 (net)
                  0.19    0.00   22.28 ^ _317_/A (sky130_fd_sc_hd__nand2_1)
                  0.06    0.08   22.36 v _317_/Y (sky130_fd_sc_hd__nand2_1)
     1    0.00                           _066_ (net)
                  0.06    0.00   22.36 v hold663/A (sky130_fd_sc_hd__dlygate4sd3_1)
                  0.05    0.60   22.96 v hold663/X (sky130_fd_sc_hd__dlygate4sd3_1)
     1    0.00                           net1064 (net)
                  0.05    0.00   22.96 v hold131/A (sky130_fd_sc_hd__clkdlybuf4s25_1)
                  0.04    0.27   23.23 v hold131/X (sky130_fd_sc_hd__clkdlybuf4s25_1)
     1    0.00                           net532 (net)
                  0.04    0.00   23.23 v hold664/A (sky130_fd_sc_hd__dlygate4sd3_1)
                  0.06    0.60   23.83 v hold664/X (sky130_fd_sc_hd__dlygate4sd3_1)
     1    0.00                           net1065 (net)
                  0.06    0.00   23.83 v hold123/A (sky130_fd_sc_hd__buf_2)
                  0.02    0.13   23.96 v hold123/X (sky130_fd_sc_hd__buf_2)
     1    0.00                           net524 (net)
                  0.02    0.00   23.96 v hold665/A (sky130_fd_sc_hd__dlygate4sd3_1)
                  0.23    0.78   24.74 v hold665/X (sky130_fd_sc_hd__dlygate4sd3_1)
     5    0.04                           net1066 (net)
                  0.23    0.00   24.74 v _380_/A (sky130_fd_sc_hd__inv_2)
                  0.18    0.25   24.99 ^ _380_/Y (sky130_fd_sc_hd__inv_2)
     8    0.04                           _099_ (net)
                  0.18    0.00   24.99 ^ hold666/A (sky130_fd_sc_hd__dlygate4sd3_1)
                  0.08    0.64   25.63 ^ hold666/X (sky130_fd_sc_hd__dlygate4sd3_1)
     1    0.01                           net1067 (net)
                  0.08    0.00   25.63 ^ _381_/A (sky130_fd_sc_hd__buf_4)
                  0.20    0.26   25.89 ^ _381_/X (sky130_fd_sc_hd__buf_4)
    12    0.07                           _030_ (net)
                  0.20    0.00   25.89 ^ _431_/B2 (sky130_fd_sc_hd__a22o_1)
                  0.05    0.17   26.07 ^ _431_/X (sky130_fd_sc_hd__a22o_1)
     1    0.00                           _034_ (net)
                  0.05    0.00   26.07 ^ hold752/A (sky130_fd_sc_hd__dlygate4sd3_1)
                  0.07    0.60   26.67 ^ hold752/X (sky130_fd_sc_hd__dlygate4sd3_1)
     1    0.00                           net1153 (net)
                  0.07    0.00   26.67 ^ hold251/A (sky130_fd_sc_hd__clkdlybuf4s50_1)
                  0.05    0.52   27.19 ^ hold251/X (sky130_fd_sc_hd__clkdlybuf4s50_1)
     1    0.00                           net652 (net)
                  0.05    0.00   27.19 ^ hold753/A (sky130_fd_sc_hd__dlygate4sd3_1)
                  0.06    0.59   27.78 ^ hold753/X (sky130_fd_sc_hd__dlygate4sd3_1)
     1    0.00                           net1154 (net)
                  0.06    0.00   27.78 ^ hold94/A (sky130_fd_sc_hd__clkdlybuf4s50_1)
                  0.06    0.52   28.29 ^ hold94/X (sky130_fd_sc_hd__clkdlybuf4s50_1)
     1    0.00                           net495 (net)
                  0.06    0.00   28.29 ^ hold754/A (sky130_fd_sc_hd__dlygate4sd3_1)
                  0.06    0.59   28.89 ^ hold754/X (sky130_fd_sc_hd__dlygate4sd3_1)
     1    0.00                           net1155 (net)
                  0.06    0.00   28.89 ^ hold252/A (sky130_fd_sc_hd__clkdlybuf4s25_1)
                  0.08    0.30   29.19 ^ hold252/X (sky130_fd_sc_hd__clkdlybuf4s25_1)
     1    0.01                           net653 (net)
                  0.08    0.00   29.19 ^ hold755/A (sky130_fd_sc_hd__dlygate4sd3_1)
                  0.06    0.59   29.78 ^ hold755/X (sky130_fd_sc_hd__dlygate4sd3_1)
     1    0.00                           net1156 (net)
                  0.06    0.00   29.78 ^ _656_/D (sky130_fd_sc_hd__dfxtp_1)
                                 29.78   data arrival time

                         30.00   30.00   clock clk (rise edge)
                          4.50   34.50   clock source latency
                  0.60    0.00   34.50 ^ wb_clk_i (in)
     2    0.02                           wb_clk_i (net)
                  0.60    0.00   34.50 ^ _310_/A1 (sky130_fd_sc_hd__mux2_2)
                  0.11    0.31   34.82 ^ _310_/X (sky130_fd_sc_hd__mux2_2)
     2    0.02                           _061_ (net)
                  0.11    0.00   34.82 ^ _311_/A (sky130_fd_sc_hd__buf_1)
                  0.41    0.32   35.14 ^ _311_/X (sky130_fd_sc_hd__buf_1)
     1    0.03                           count.clk (net)
                  0.41    0.01   35.15 ^ wire1/A (sky130_fd_sc_hd__buf_6)
                  0.14    0.22   35.36 ^ wire1/X (sky130_fd_sc_hd__buf_6)
     2    0.07                           net401 (net)
                  0.14    0.02   35.38 ^ clkbuf_0_count.clk/A (sky130_fd_sc_hd__clkbuf_16)
                  0.10    0.19   35.56 ^ clkbuf_0_count.clk/X (sky130_fd_sc_hd__clkbuf_16)
     8    0.08                           clknet_0_count.clk (net)
                  0.10    0.00   35.57 ^ clkbuf_3_3_0_count.clk/A (sky130_fd_sc_hd__clkbuf_4)
                  0.16    0.22   35.79 ^ clkbuf_3_3_0_count.clk/X (sky130_fd_sc_hd__clkbuf_4)
    13    0.05                           clknet_3_3_0_count.clk (net)
                  0.16    0.00   35.79 ^ _656_/CLK (sky130_fd_sc_hd__dfxtp_1)
                         -0.30   35.49   clock uncertainty
                          0.00   35.49   clock reconvergence pessimism
                         -0.04   35.45   library setup time
                                 35.45   data required time
-----------------------------------------------------------------------------
                                 35.45   data required time
                                -29.78   data arrival time
-----------------------------------------------------------------------------
                                  5.67   slack (MET)


