1.  vdda1 (driver: port vdda1)
2.  vdda2 (driver: port vdda2)
3.  vssa1 (driver: port vssa1)
4.  vssa2 (driver: port vssa2)
5.  analog_io[28] (driver: port analog_io[28])
6.  analog_io[27] (driver: port analog_io[27])
7.  analog_io[26] (driver: port analog_io[26])
8.  analog_io[25] (driver: port analog_io[25])
9.  analog_io[24] (driver: port analog_io[24])
10.  analog_io[23] (driver: port analog_io[23])
11.  analog_io[22] (driver: port analog_io[22])
12.  analog_io[21] (driver: port analog_io[21])
13.  analog_io[20] (driver: port analog_io[20])
14.  analog_io[19] (driver: port analog_io[19])
15.  analog_io[18] (driver: port analog_io[18])
16.  analog_io[17] (driver: port analog_io[17])
17.  analog_io[16] (driver: port analog_io[16])
18.  analog_io[15] (driver: port analog_io[15])
19.  analog_io[14] (driver: port analog_io[14])
20.  analog_io[13] (driver: port analog_io[13])
21.  analog_io[12] (driver: port analog_io[12])
22.  analog_io[11] (driver: port analog_io[11])
23.  analog_io[10] (driver: port analog_io[10])
24.  analog_io[9] (driver: port analog_io[9])
25.  analog_io[8] (driver: port analog_io[8])
26.  analog_io[7] (driver: port analog_io[7])
27.  analog_io[6] (driver: port analog_io[6])
28.  analog_io[5] (driver: port analog_io[5])
29.  analog_io[4] (driver: port analog_io[4])
30.  analog_io[3] (driver: port analog_io[3])
31.  analog_io[2] (driver: port analog_io[2])
32.  analog_io[1] (driver: port analog_io[1])
33.  analog_io[0] (driver: port analog_io[0])
34.  la_data_in[127] (driver: port la_data_in[127])
35.  la_data_in[126] (driver: port la_data_in[126])
36.  la_data_in[125] (driver: port la_data_in[125])
37.  la_data_in[124] (driver: port la_data_in[124])
38.  la_data_in[123] (driver: port la_data_in[123])
39.  la_data_in[122] (driver: port la_data_in[122])
40.  la_data_in[121] (driver: port la_data_in[121])
41.  la_data_in[120] (driver: port la_data_in[120])
42.  la_data_in[119] (driver: port la_data_in[119])
43.  la_data_in[118] (driver: port la_data_in[118])
44.  la_data_in[117] (driver: port la_data_in[117])
45.  la_data_in[116] (driver: port la_data_in[116])
46.  la_data_in[115] (driver: port la_data_in[115])
47.  la_data_in[114] (driver: port la_data_in[114])
48.  la_data_in[113] (driver: port la_data_in[113])
49.  la_data_in[112] (driver: port la_data_in[112])
50.  la_data_in[111] (driver: port la_data_in[111])
51.  la_data_in[110] (driver: port la_data_in[110])
52.  la_data_in[109] (driver: port la_data_in[109])
53.  la_data_in[108] (driver: port la_data_in[108])
54.  la_data_in[107] (driver: port la_data_in[107])
55.  la_data_in[106] (driver: port la_data_in[106])
56.  la_data_in[105] (driver: port la_data_in[105])
57.  la_data_in[104] (driver: port la_data_in[104])
58.  la_data_in[103] (driver: port la_data_in[103])
59.  la_data_in[102] (driver: port la_data_in[102])
60.  la_data_in[101] (driver: port la_data_in[101])
61.  la_data_in[100] (driver: port la_data_in[100])
62.  la_data_in[99] (driver: port la_data_in[99])
63.  la_data_in[98] (driver: port la_data_in[98])
64.  la_data_in[97] (driver: port la_data_in[97])
65.  la_data_in[96] (driver: port la_data_in[96])
66.  la_data_in[95] (driver: port la_data_in[95])
67.  la_data_in[94] (driver: port la_data_in[94])
68.  la_data_in[93] (driver: port la_data_in[93])
69.  la_data_in[92] (driver: port la_data_in[92])
70.  la_data_in[91] (driver: port la_data_in[91])
71.  la_data_in[90] (driver: port la_data_in[90])
72.  la_data_in[89] (driver: port la_data_in[89])
73.  la_data_in[88] (driver: port la_data_in[88])
74.  la_data_in[87] (driver: port la_data_in[87])
75.  la_data_in[86] (driver: port la_data_in[86])
76.  la_data_in[85] (driver: port la_data_in[85])
77.  la_data_in[84] (driver: port la_data_in[84])
78.  la_data_in[83] (driver: port la_data_in[83])
79.  la_data_in[82] (driver: port la_data_in[82])
80.  la_data_in[81] (driver: port la_data_in[81])
81.  la_data_in[80] (driver: port la_data_in[80])
82.  la_data_in[79] (driver: port la_data_in[79])
83.  la_data_in[78] (driver: port la_data_in[78])
84.  la_data_in[77] (driver: port la_data_in[77])
85.  la_data_in[76] (driver: port la_data_in[76])
86.  la_data_in[75] (driver: port la_data_in[75])
87.  la_data_in[74] (driver: port la_data_in[74])
88.  la_data_in[73] (driver: port la_data_in[73])
89.  la_data_in[72] (driver: port la_data_in[72])
90.  la_data_in[71] (driver: port la_data_in[71])
91.  la_data_in[70] (driver: port la_data_in[70])
92.  la_data_in[69] (driver: port la_data_in[69])
93.  la_data_in[68] (driver: port la_data_in[68])
94.  la_data_in[67] (driver: port la_data_in[67])
95.  la_data_in[66] (driver: port la_data_in[66])
96.  la_data_in[65] (driver: port la_data_in[65])
97.  la_data_in[64] (driver: port la_data_in[64])
98.  la_data_in[63] (driver: port la_data_in[63])
99.  la_data_in[62] (driver: port la_data_in[62])
100.  la_data_in[61] (driver: port la_data_in[61])
101.  la_data_in[60] (driver: port la_data_in[60])
102.  la_data_in[59] (driver: port la_data_in[59])
103.  la_data_in[58] (driver: port la_data_in[58])
104.  la_data_in[57] (driver: port la_data_in[57])
105.  la_data_in[56] (driver: port la_data_in[56])
106.  la_data_in[55] (driver: port la_data_in[55])
107.  la_data_in[54] (driver: port la_data_in[54])
108.  la_data_in[53] (driver: port la_data_in[53])
109.  la_data_in[52] (driver: port la_data_in[52])
110.  la_data_in[51] (driver: port la_data_in[51])
111.  la_data_in[50] (driver: port la_data_in[50])
112.  la_data_in[49] (driver: port la_data_in[49])
113.  la_data_in[48] (driver: port la_data_in[48])
114.  la_data_in[47] (driver: port la_data_in[47])
115.  la_data_in[46] (driver: port la_data_in[46])
116.  la_data_in[45] (driver: port la_data_in[45])
117.  la_data_in[44] (driver: port la_data_in[44])
118.  la_data_in[43] (driver: port la_data_in[43])
119.  la_data_in[42] (driver: port la_data_in[42])
120.  la_data_in[41] (driver: port la_data_in[41])
121.  la_data_in[40] (driver: port la_data_in[40])
122.  la_data_in[39] (driver: port la_data_in[39])
123.  la_data_in[38] (driver: port la_data_in[38])
124.  la_data_in[37] (driver: port la_data_in[37])
125.  la_data_in[36] (driver: port la_data_in[36])
126.  la_data_in[35] (driver: port la_data_in[35])
127.  la_data_in[34] (driver: port la_data_in[34])
128.  la_data_in[33] (driver: port la_data_in[33])
129.  la_data_in[32] (driver: port la_data_in[32])
130.  la_oenb[127] (driver: port la_oenb[127])
131.  la_oenb[126] (driver: port la_oenb[126])
132.  la_oenb[125] (driver: port la_oenb[125])
133.  la_oenb[124] (driver: port la_oenb[124])
134.  la_oenb[123] (driver: port la_oenb[123])
135.  la_oenb[122] (driver: port la_oenb[122])
136.  la_oenb[121] (driver: port la_oenb[121])
137.  la_oenb[120] (driver: port la_oenb[120])
138.  la_oenb[119] (driver: port la_oenb[119])
139.  la_oenb[118] (driver: port la_oenb[118])
140.  la_oenb[117] (driver: port la_oenb[117])
141.  la_oenb[116] (driver: port la_oenb[116])
142.  la_oenb[115] (driver: port la_oenb[115])
143.  la_oenb[114] (driver: port la_oenb[114])
144.  la_oenb[113] (driver: port la_oenb[113])
145.  la_oenb[112] (driver: port la_oenb[112])
146.  la_oenb[111] (driver: port la_oenb[111])
147.  la_oenb[110] (driver: port la_oenb[110])
148.  la_oenb[109] (driver: port la_oenb[109])
149.  la_oenb[108] (driver: port la_oenb[108])
150.  la_oenb[107] (driver: port la_oenb[107])
151.  la_oenb[106] (driver: port la_oenb[106])
152.  la_oenb[105] (driver: port la_oenb[105])
153.  la_oenb[104] (driver: port la_oenb[104])
154.  la_oenb[103] (driver: port la_oenb[103])
155.  la_oenb[102] (driver: port la_oenb[102])
156.  la_oenb[101] (driver: port la_oenb[101])
157.  la_oenb[100] (driver: port la_oenb[100])
158.  la_oenb[99] (driver: port la_oenb[99])
159.  la_oenb[98] (driver: port la_oenb[98])
160.  la_oenb[97] (driver: port la_oenb[97])
161.  la_oenb[96] (driver: port la_oenb[96])
162.  la_oenb[95] (driver: port la_oenb[95])
163.  la_oenb[94] (driver: port la_oenb[94])
164.  la_oenb[93] (driver: port la_oenb[93])
165.  la_oenb[92] (driver: port la_oenb[92])
166.  la_oenb[91] (driver: port la_oenb[91])
167.  la_oenb[90] (driver: port la_oenb[90])
168.  la_oenb[89] (driver: port la_oenb[89])
169.  la_oenb[88] (driver: port la_oenb[88])
170.  la_oenb[87] (driver: port la_oenb[87])
171.  la_oenb[86] (driver: port la_oenb[86])
172.  la_oenb[85] (driver: port la_oenb[85])
173.  la_oenb[84] (driver: port la_oenb[84])
174.  la_oenb[83] (driver: port la_oenb[83])
175.  la_oenb[82] (driver: port la_oenb[82])
176.  la_oenb[81] (driver: port la_oenb[81])
177.  la_oenb[80] (driver: port la_oenb[80])
178.  la_oenb[79] (driver: port la_oenb[79])
179.  la_oenb[78] (driver: port la_oenb[78])
180.  la_oenb[77] (driver: port la_oenb[77])
181.  la_oenb[76] (driver: port la_oenb[76])
182.  la_oenb[75] (driver: port la_oenb[75])
183.  la_oenb[74] (driver: port la_oenb[74])
184.  la_oenb[73] (driver: port la_oenb[73])
185.  la_oenb[72] (driver: port la_oenb[72])
186.  la_oenb[71] (driver: port la_oenb[71])
187.  la_oenb[70] (driver: port la_oenb[70])
188.  la_oenb[69] (driver: port la_oenb[69])
189.  la_oenb[68] (driver: port la_oenb[68])
190.  la_oenb[67] (driver: port la_oenb[67])
191.  la_oenb[66] (driver: port la_oenb[66])
192.  la_oenb[65] (driver: port la_oenb[65])
193.  la_oenb[64] (driver: port la_oenb[64])
194.  la_oenb[63] (driver: port la_oenb[63])
195.  la_oenb[62] (driver: port la_oenb[62])
196.  la_oenb[61] (driver: port la_oenb[61])
197.  la_oenb[60] (driver: port la_oenb[60])
198.  la_oenb[59] (driver: port la_oenb[59])
199.  la_oenb[58] (driver: port la_oenb[58])
200.  la_oenb[57] (driver: port la_oenb[57])
201.  la_oenb[56] (driver: port la_oenb[56])
202.  la_oenb[55] (driver: port la_oenb[55])
203.  la_oenb[54] (driver: port la_oenb[54])
204.  la_oenb[53] (driver: port la_oenb[53])
205.  la_oenb[52] (driver: port la_oenb[52])
206.  la_oenb[51] (driver: port la_oenb[51])
207.  la_oenb[50] (driver: port la_oenb[50])
208.  la_oenb[49] (driver: port la_oenb[49])
209.  la_oenb[48] (driver: port la_oenb[48])
210.  la_oenb[47] (driver: port la_oenb[47])
211.  la_oenb[46] (driver: port la_oenb[46])
212.  la_oenb[45] (driver: port la_oenb[45])
213.  la_oenb[44] (driver: port la_oenb[44])
214.  la_oenb[43] (driver: port la_oenb[43])
215.  la_oenb[42] (driver: port la_oenb[42])
216.  la_oenb[41] (driver: port la_oenb[41])
217.  la_oenb[40] (driver: port la_oenb[40])
218.  la_oenb[39] (driver: port la_oenb[39])
219.  la_oenb[38] (driver: port la_oenb[38])
220.  la_oenb[37] (driver: port la_oenb[37])
221.  la_oenb[36] (driver: port la_oenb[36])
222.  la_oenb[35] (driver: port la_oenb[35])
223.  la_oenb[34] (driver: port la_oenb[34])
224.  la_oenb[33] (driver: port la_oenb[33])
225.  la_oenb[32] (driver: port la_oenb[32])
****************************************
Report : annotated_parasitics
	-check
	-internal_nets
	-boundary_nets
	-list_not_annotated
	-max_nets 5000
Design : user_project_wrapper
Version: T-2022.03-SP3
Date   : Sun May  7 08:28:48 2023
****************************************

                    |         |         |         |   RC    | Coupled |   Not   |
Net Type            |  Total  | Lumped  |  RC pi  | network | network |Annotated|
--------------------+---------+---------+---------+---------+---------+---------+
Internal nets       |         |         |         |         |         |         |
  - Pin to pin nets |   15184 |       0 |       0 |     653 |   14531 |       0 |
  - Driverless nets |       0 |       0 |       0 |       0 |       0 |       0 |
  - Loadless nets   |       0 |       0 |       0 |       0 |       0 |       0 |
--------------------+---------+---------+---------+---------+---------+---------+
Boundary/port nets  |         |         |         |         |         |         |
  - Pin to pin nets |     445 |       0 |       0 |     114 |     302 |      29 |
  - Driverless nets |       0 |       0 |       0 |       0 |       0 |       0 |
  - Loadless nets   |     196 |       0 |       0 |       0 |       0 |     196 |
--------------------+---------+---------+---------+---------+---------+---------+
                    |   15825 |       0 |       0 |     767 |   14833 |     225 |

