
===========================================================================
report_checks -path_delay max (Setup)
============================================================================
Startpoint: wb_rst_i (input port clocked by clk)
Endpoint: genblk1[3].user_project (recovery check against rising-edge clock clk)
Path Group: **async_default**
Path Type: max

Fanout     Cap    Slew   Delay    Time   Description
-----------------------------------------------------------------------------
                          0.00    0.00   clock clk (rise edge)
                          7.25    7.25   clock network delay (propagated)
                          1.72    8.97 ^ input external delay
                  0.12    0.00    8.97 ^ wb_rst_i (in)
     1    0.00                           wb_rst_i (net)
                  0.12    0.00    8.97 ^ hold6907/A (sky130_fd_sc_hd__clkdlybuf4s50_2)
                  0.03    0.52    9.49 ^ hold6907/X (sky130_fd_sc_hd__clkdlybuf4s50_2)
     1    0.00                           net7905 (net)
                  0.03    0.00    9.49 ^ hold1/A (sky130_fd_sc_hd__dlymetal6s2s_1)
                  0.05    0.09    9.58 ^ hold1/X (sky130_fd_sc_hd__dlymetal6s2s_1)
     1    0.00                           net5091 (net)
                  0.05    0.00    9.58 ^ input279/A (sky130_fd_sc_hd__dlymetal6s2s_1)
                  0.07    0.11    9.70 ^ input279/X (sky130_fd_sc_hd__dlymetal6s2s_1)
     1    0.00                           net7173 (net)
                  0.07    0.00    9.70 ^ hold6450/A (sky130_fd_sc_hd__dlymetal6s2s_1)
                  0.08    0.13    9.83 ^ hold6450/X (sky130_fd_sc_hd__dlymetal6s2s_1)
     1    0.01                           net7059 (net)
                  0.08    0.00    9.83 ^ hold6448/A (sky130_fd_sc_hd__dlymetal6s2s_1)
                  0.10    0.15    9.97 ^ hold6448/X (sky130_fd_sc_hd__dlymetal6s2s_1)
     1    0.01                           net7057 (net)
                  0.10    0.00    9.97 ^ hold6451/A (sky130_fd_sc_hd__dlymetal6s2s_1)
                  0.13    0.17   10.15 ^ hold6451/X (sky130_fd_sc_hd__dlymetal6s2s_1)
     1    0.01                           net7060 (net)
                  0.13    0.00   10.15 ^ input104/A (sky130_fd_sc_hd__buf_6)
                  0.03    0.12   10.27 ^ input104/X (sky130_fd_sc_hd__buf_6)
     1    0.01                           net104 (net)
                  0.03    0.00   10.27 ^ hold6449/A (sky130_fd_sc_hd__buf_6)
                  0.19    0.20   10.46 ^ hold6449/X (sky130_fd_sc_hd__buf_6)
     2    0.09                           net7058 (net)
                  0.19    0.02   10.49 ^ wire5060/A (sky130_fd_sc_hd__buf_6)
                  0.15    0.21   10.70 ^ wire5060/X (sky130_fd_sc_hd__buf_6)
     1    0.07                           net5060 (net)
                  0.15    0.02   10.72 ^ wire5923/A (sky130_fd_sc_hd__buf_6)
                  0.12    0.19   10.91 ^ wire5923/X (sky130_fd_sc_hd__buf_6)
     2    0.06                           net6532 (net)
                  0.12    0.01   10.92 ^ wire6525/A (sky130_fd_sc_hd__buf_8)
                  0.28    0.29   11.21 ^ wire6525/X (sky130_fd_sc_hd__buf_8)
     2    0.18                           net7523 (net)
                  0.29    0.03   11.23 ^ max_length5059/A (sky130_fd_sc_hd__buf_6)
                  0.10    0.20   11.44 ^ max_length5059/X (sky130_fd_sc_hd__buf_6)
     1    0.04                           net5059 (net)
                  0.10    0.01   11.44 ^ wire5875/A (sky130_fd_sc_hd__buf_12)
                  0.16    0.19   11.63 ^ wire5875/X (sky130_fd_sc_hd__buf_12)
     3    0.13                           net6484 (net)
                  0.18    0.05   11.68 ^ wire5058/A (sky130_fd_sc_hd__buf_6)
                  0.19    0.25   11.93 ^ wire5058/X (sky130_fd_sc_hd__buf_6)
     1    0.09                           net5058 (net)
                  0.19    0.01   11.94 ^ wire5371/A (sky130_fd_sc_hd__buf_6)
                  0.20    0.26   12.19 ^ wire5371/X (sky130_fd_sc_hd__buf_6)
     1    0.10                           net5980 (net)
                  0.20    0.01   12.20 ^ genblk1[3].user_project/wb_rst_i (user_project)
                                 12.20   data arrival time

                         30.00   30.00   clock clk (rise edge)
                          6.00   36.00   clock source latency
                  1.16    0.00   36.00 ^ wb_clk_i (in)
     1    0.03                           wb_clk_i (net)
                  1.16    0.00   36.00 ^ wire2/A (sky130_fd_sc_hd__buf_8)
                  0.06    0.19   36.19 ^ wire2/X (sky130_fd_sc_hd__buf_8)
     1    0.02                           net5186 (net)
                  0.06    0.00   36.19 ^ wire1/A (sky130_fd_sc_hd__buf_8)
                  0.05    0.11   36.30 ^ wire1/X (sky130_fd_sc_hd__buf_8)
     1    0.03                           net5185 (net)
                  0.05    0.00   36.30 ^ clkbuf_0_wb_clk_i/A (sky130_fd_sc_hd__clkbuf_16)
                  0.18    0.21   36.52 ^ clkbuf_0_wb_clk_i/X (sky130_fd_sc_hd__clkbuf_16)
     3    0.17                           clknet_0_wb_clk_i (net)
                  0.18    0.02   36.54 ^ clkbuf_1_1_0_wb_clk_i/A (sky130_fd_sc_hd__clkbuf_8)
                  0.13    0.22   36.76 ^ clkbuf_1_1_0_wb_clk_i/X (sky130_fd_sc_hd__clkbuf_8)
     1    0.07                           clknet_1_1_0_wb_clk_i (net)
                  0.14    0.02   36.78 ^ wire14/A (sky130_fd_sc_hd__clkbuf_16)
                  0.10    0.19   36.97 ^ wire14/X (sky130_fd_sc_hd__clkbuf_16)
     2    0.08                           net5198 (net)
                  0.11    0.02   36.99 ^ wire6076/A (sky130_fd_sc_hd__buf_6)
                  0.27    0.25   37.24 ^ wire6076/X (sky130_fd_sc_hd__buf_6)
     1    0.13                           net5090 (net)
                  0.27    0.02   37.27 ^ wire13/A (sky130_fd_sc_hd__buf_8)
                  0.18    0.23   37.50 ^ wire13/X (sky130_fd_sc_hd__buf_8)
     1    0.11                           net5197 (net)
                  0.19    0.03   37.53 ^ wire12/A (sky130_fd_sc_hd__buf_12)
                  0.30    0.23   37.76 ^ wire12/X (sky130_fd_sc_hd__buf_12)
     1    0.27                           net5196 (net)
                  0.37    0.11   37.87 ^ genblk1[3].user_project/wb_clk_i (user_project)
                         -0.10   37.77   clock uncertainty
                          0.00   37.77   clock reconvergence pessimism
                         -2.74   35.03   library recovery time
                                 35.03   data required time
-----------------------------------------------------------------------------
                                 35.03   data required time
                                -12.20   data arrival time
-----------------------------------------------------------------------------
                                 22.83   slack (MET)


Startpoint: wb_rst_i (input port clocked by clk)
Endpoint: genblk1[2].user_project (recovery check against rising-edge clock clk)
Path Group: **async_default**
Path Type: max

Fanout     Cap    Slew   Delay    Time   Description
-----------------------------------------------------------------------------
                          0.00    0.00   clock clk (rise edge)
                          7.25    7.25   clock network delay (propagated)
                          1.72    8.97 ^ input external delay
                  0.12    0.00    8.97 ^ wb_rst_i (in)
     1    0.00                           wb_rst_i (net)
                  0.12    0.00    8.97 ^ hold6907/A (sky130_fd_sc_hd__clkdlybuf4s50_2)
                  0.03    0.52    9.49 ^ hold6907/X (sky130_fd_sc_hd__clkdlybuf4s50_2)
     1    0.00                           net7905 (net)
                  0.03    0.00    9.49 ^ hold1/A (sky130_fd_sc_hd__dlymetal6s2s_1)
                  0.05    0.09    9.58 ^ hold1/X (sky130_fd_sc_hd__dlymetal6s2s_1)
     1    0.00                           net5091 (net)
                  0.05    0.00    9.58 ^ input279/A (sky130_fd_sc_hd__dlymetal6s2s_1)
                  0.07    0.11    9.70 ^ input279/X (sky130_fd_sc_hd__dlymetal6s2s_1)
     1    0.00                           net7173 (net)
                  0.07    0.00    9.70 ^ hold6450/A (sky130_fd_sc_hd__dlymetal6s2s_1)
                  0.08    0.13    9.83 ^ hold6450/X (sky130_fd_sc_hd__dlymetal6s2s_1)
     1    0.01                           net7059 (net)
                  0.08    0.00    9.83 ^ hold6448/A (sky130_fd_sc_hd__dlymetal6s2s_1)
                  0.10    0.15    9.97 ^ hold6448/X (sky130_fd_sc_hd__dlymetal6s2s_1)
     1    0.01                           net7057 (net)
                  0.10    0.00    9.97 ^ hold6451/A (sky130_fd_sc_hd__dlymetal6s2s_1)
                  0.13    0.17   10.15 ^ hold6451/X (sky130_fd_sc_hd__dlymetal6s2s_1)
     1    0.01                           net7060 (net)
                  0.13    0.00   10.15 ^ input104/A (sky130_fd_sc_hd__buf_6)
                  0.03    0.12   10.27 ^ input104/X (sky130_fd_sc_hd__buf_6)
     1    0.01                           net104 (net)
                  0.03    0.00   10.27 ^ hold6449/A (sky130_fd_sc_hd__buf_6)
                  0.19    0.20   10.46 ^ hold6449/X (sky130_fd_sc_hd__buf_6)
     2    0.09                           net7058 (net)
                  0.19    0.00   10.47 ^ wire6696/A (sky130_fd_sc_hd__buf_8)
                  0.20    0.23   10.70 ^ wire6696/X (sky130_fd_sc_hd__buf_8)
     2    0.13                           net7694 (net)
                  0.23    0.06   10.76 ^ wire6446/A (sky130_fd_sc_hd__buf_6)
                  0.16    0.22   10.98 ^ wire6446/X (sky130_fd_sc_hd__buf_6)
     1    0.08                           net7055 (net)
                  0.17    0.03   11.01 ^ wire5057/A (sky130_fd_sc_hd__buf_6)
                  0.16    0.21   11.22 ^ wire5057/X (sky130_fd_sc_hd__buf_6)
     1    0.08                           net5057 (net)
                  0.17    0.03   11.25 ^ wire5924/A (sky130_fd_sc_hd__buf_6)
                  0.17    0.22   11.46 ^ wire5924/X (sky130_fd_sc_hd__buf_6)
     1    0.08                           net6533 (net)
                  0.17    0.02   11.49 ^ genblk1[2].user_project/wb_rst_i (user_project)
                                 11.49   data arrival time

                         30.00   30.00   clock clk (rise edge)
                          6.00   36.00   clock source latency
                  1.16    0.00   36.00 ^ wb_clk_i (in)
     1    0.03                           wb_clk_i (net)
                  1.16    0.00   36.00 ^ wire2/A (sky130_fd_sc_hd__buf_8)
                  0.06    0.19   36.19 ^ wire2/X (sky130_fd_sc_hd__buf_8)
     1    0.02                           net5186 (net)
                  0.06    0.00   36.19 ^ wire1/A (sky130_fd_sc_hd__buf_8)
                  0.05    0.11   36.30 ^ wire1/X (sky130_fd_sc_hd__buf_8)
     1    0.03                           net5185 (net)
                  0.05    0.00   36.30 ^ clkbuf_0_wb_clk_i/A (sky130_fd_sc_hd__clkbuf_16)
                  0.18    0.21   36.52 ^ clkbuf_0_wb_clk_i/X (sky130_fd_sc_hd__clkbuf_16)
     3    0.17                           clknet_0_wb_clk_i (net)
                  0.18    0.02   36.54 ^ clkbuf_1_1_0_wb_clk_i/A (sky130_fd_sc_hd__clkbuf_8)
                  0.13    0.22   36.76 ^ clkbuf_1_1_0_wb_clk_i/X (sky130_fd_sc_hd__clkbuf_8)
     1    0.07                           clknet_1_1_0_wb_clk_i (net)
                  0.14    0.02   36.78 ^ wire14/A (sky130_fd_sc_hd__clkbuf_16)
                  0.10    0.19   36.97 ^ wire14/X (sky130_fd_sc_hd__clkbuf_16)
     2    0.08                           net5198 (net)
                  0.11    0.02   36.99 ^ wire11/A (sky130_fd_sc_hd__buf_8)
                  0.08    0.14   37.13 ^ wire11/X (sky130_fd_sc_hd__buf_8)
     1    0.05                           net5195 (net)
                  0.08    0.01   37.13 ^ wire10/A (sky130_fd_sc_hd__buf_12)
                  0.22    0.22   37.36 ^ wire10/X (sky130_fd_sc_hd__buf_12)
     1    0.19                           net5194 (net)
                  0.22    0.02   37.37 ^ genblk1[2].user_project/wb_clk_i (user_project)
                         -0.10   37.27   clock uncertainty
                          0.00   37.27   clock reconvergence pessimism
                         -2.76   34.52   library recovery time
                                 34.52   data required time
-----------------------------------------------------------------------------
                                 34.52   data required time
                                -11.49   data arrival time
-----------------------------------------------------------------------------
                                 23.03   slack (MET)


Startpoint: wb_rst_i (input port clocked by clk)
Endpoint: genblk1[1].user_project (recovery check against rising-edge clock clk)
Path Group: **async_default**
Path Type: max

Fanout     Cap    Slew   Delay    Time   Description
-----------------------------------------------------------------------------
                          0.00    0.00   clock clk (rise edge)
                          7.25    7.25   clock network delay (propagated)
                          1.72    8.97 ^ input external delay
                  0.12    0.00    8.97 ^ wb_rst_i (in)
     1    0.00                           wb_rst_i (net)
                  0.12    0.00    8.97 ^ hold6907/A (sky130_fd_sc_hd__clkdlybuf4s50_2)
                  0.03    0.52    9.49 ^ hold6907/X (sky130_fd_sc_hd__clkdlybuf4s50_2)
     1    0.00                           net7905 (net)
                  0.03    0.00    9.49 ^ hold1/A (sky130_fd_sc_hd__dlymetal6s2s_1)
                  0.05    0.09    9.58 ^ hold1/X (sky130_fd_sc_hd__dlymetal6s2s_1)
     1    0.00                           net5091 (net)
                  0.05    0.00    9.58 ^ input279/A (sky130_fd_sc_hd__dlymetal6s2s_1)
                  0.07    0.11    9.70 ^ input279/X (sky130_fd_sc_hd__dlymetal6s2s_1)
     1    0.00                           net7173 (net)
                  0.07    0.00    9.70 ^ hold6450/A (sky130_fd_sc_hd__dlymetal6s2s_1)
                  0.08    0.13    9.83 ^ hold6450/X (sky130_fd_sc_hd__dlymetal6s2s_1)
     1    0.01                           net7059 (net)
                  0.08    0.00    9.83 ^ hold6448/A (sky130_fd_sc_hd__dlymetal6s2s_1)
                  0.10    0.15    9.97 ^ hold6448/X (sky130_fd_sc_hd__dlymetal6s2s_1)
     1    0.01                           net7057 (net)
                  0.10    0.00    9.97 ^ hold6451/A (sky130_fd_sc_hd__dlymetal6s2s_1)
                  0.13    0.17   10.15 ^ hold6451/X (sky130_fd_sc_hd__dlymetal6s2s_1)
     1    0.01                           net7060 (net)
                  0.13    0.00   10.15 ^ input104/A (sky130_fd_sc_hd__buf_6)
                  0.03    0.12   10.27 ^ input104/X (sky130_fd_sc_hd__buf_6)
     1    0.01                           net104 (net)
                  0.03    0.00   10.27 ^ hold6449/A (sky130_fd_sc_hd__buf_6)
                  0.19    0.20   10.46 ^ hold6449/X (sky130_fd_sc_hd__buf_6)
     2    0.09                           net7058 (net)
                  0.19    0.02   10.49 ^ wire5060/A (sky130_fd_sc_hd__buf_6)
                  0.15    0.21   10.70 ^ wire5060/X (sky130_fd_sc_hd__buf_6)
     1    0.07                           net5060 (net)
                  0.15    0.02   10.72 ^ wire5923/A (sky130_fd_sc_hd__buf_6)
                  0.12    0.19   10.91 ^ wire5923/X (sky130_fd_sc_hd__buf_6)
     2    0.06                           net6532 (net)
                  0.12    0.01   10.92 ^ wire6525/A (sky130_fd_sc_hd__buf_8)
                  0.28    0.29   11.21 ^ wire6525/X (sky130_fd_sc_hd__buf_8)
     2    0.18                           net7523 (net)
                  0.29    0.02   11.23 ^ genblk1[1].user_project/wb_rst_i (user_project)
                                 11.23   data arrival time

                         30.00   30.00   clock clk (rise edge)
                          6.00   36.00   clock source latency
                  1.16    0.00   36.00 ^ wb_clk_i (in)
     1    0.03                           wb_clk_i (net)
                  1.16    0.00   36.00 ^ wire2/A (sky130_fd_sc_hd__buf_8)
                  0.06    0.19   36.19 ^ wire2/X (sky130_fd_sc_hd__buf_8)
     1    0.02                           net5186 (net)
                  0.06    0.00   36.19 ^ wire1/A (sky130_fd_sc_hd__buf_8)
                  0.05    0.11   36.30 ^ wire1/X (sky130_fd_sc_hd__buf_8)
     1    0.03                           net5185 (net)
                  0.05    0.00   36.30 ^ clkbuf_0_wb_clk_i/A (sky130_fd_sc_hd__clkbuf_16)
                  0.18    0.21   36.52 ^ clkbuf_0_wb_clk_i/X (sky130_fd_sc_hd__clkbuf_16)
     3    0.17                           clknet_0_wb_clk_i (net)
                  0.19    0.03   36.54 ^ clkbuf_1_0_0_wb_clk_i/A (sky130_fd_sc_hd__clkbuf_8)
                  0.12    0.22   36.76 ^ clkbuf_1_0_0_wb_clk_i/X (sky130_fd_sc_hd__clkbuf_8)
     1    0.06                           clknet_1_0_0_wb_clk_i (net)
                  0.12    0.01   36.77 ^ wire9/A (sky130_fd_sc_hd__buf_8)
                  0.19    0.20   36.97 ^ wire9/X (sky130_fd_sc_hd__buf_8)
     2    0.12                           net5193 (net)
                  0.20    0.03   37.00 ^ wire5/A (sky130_fd_sc_hd__clkbuf_8)
                  0.03    0.16   37.16 ^ wire5/X (sky130_fd_sc_hd__clkbuf_8)
     1    0.01                           net5189 (net)
                  0.03    0.00   37.16 ^ wire192/A (sky130_fd_sc_hd__buf_6)
                  0.29    0.23   37.39 ^ wire192/X (sky130_fd_sc_hd__buf_6)
     2    0.15                           net5089 (net)
                  0.31    0.06   37.45 ^ wire4/A (sky130_fd_sc_hd__buf_8)
                  0.06    0.16   37.60 ^ wire4/X (sky130_fd_sc_hd__buf_8)
     1    0.02                           net5188 (net)
                  0.06    0.00   37.61 ^ clkbuf_0_net5188/A (sky130_fd_sc_hd__clkbuf_16)
                  0.05    0.13   37.73 ^ clkbuf_0_net5188/X (sky130_fd_sc_hd__clkbuf_16)
     2    0.02                           clknet_0_net5188 (net)
                  0.05    0.00   37.74 ^ clkbuf_1_0__f_net5188/A (sky130_fd_sc_hd__clkbuf_16)
                  0.05    0.12   37.86 ^ clkbuf_1_0__f_net5188/X (sky130_fd_sc_hd__clkbuf_16)
     1    0.02                           clknet_1_0__leaf_net5188 (net)
                  0.05    0.00   37.86 ^ wire3/A (sky130_fd_sc_hd__buf_12)
                  0.24    0.21   38.07 ^ wire3/X (sky130_fd_sc_hd__buf_12)
     1    0.21                           net5187 (net)
                  0.25    0.04   38.10 ^ genblk1[1].user_project/wb_clk_i (user_project)
                         -0.10   38.00   clock uncertainty
                          0.00   38.00   clock reconvergence pessimism
                         -2.78   35.23   library recovery time
                                 35.23   data required time
-----------------------------------------------------------------------------
                                 35.23   data required time
                                -11.23   data arrival time
-----------------------------------------------------------------------------
                                 24.00   slack (MET)


Startpoint: wb_rst_i (input port clocked by clk)
Endpoint: genblk1[0].user_project (recovery check against rising-edge clock clk)
Path Group: **async_default**
Path Type: max

Fanout     Cap    Slew   Delay    Time   Description
-----------------------------------------------------------------------------
                          0.00    0.00   clock clk (rise edge)
                          7.25    7.25   clock network delay (propagated)
                          1.72    8.97 ^ input external delay
                  0.12    0.00    8.97 ^ wb_rst_i (in)
     1    0.00                           wb_rst_i (net)
                  0.12    0.00    8.97 ^ hold6907/A (sky130_fd_sc_hd__clkdlybuf4s50_2)
                  0.03    0.52    9.49 ^ hold6907/X (sky130_fd_sc_hd__clkdlybuf4s50_2)
     1    0.00                           net7905 (net)
                  0.03    0.00    9.49 ^ hold1/A (sky130_fd_sc_hd__dlymetal6s2s_1)
                  0.05    0.09    9.58 ^ hold1/X (sky130_fd_sc_hd__dlymetal6s2s_1)
     1    0.00                           net5091 (net)
                  0.05    0.00    9.58 ^ input279/A (sky130_fd_sc_hd__dlymetal6s2s_1)
                  0.07    0.11    9.70 ^ input279/X (sky130_fd_sc_hd__dlymetal6s2s_1)
     1    0.00                           net7173 (net)
                  0.07    0.00    9.70 ^ hold6450/A (sky130_fd_sc_hd__dlymetal6s2s_1)
                  0.08    0.13    9.83 ^ hold6450/X (sky130_fd_sc_hd__dlymetal6s2s_1)
     1    0.01                           net7059 (net)
                  0.08    0.00    9.83 ^ hold6448/A (sky130_fd_sc_hd__dlymetal6s2s_1)
                  0.10    0.15    9.97 ^ hold6448/X (sky130_fd_sc_hd__dlymetal6s2s_1)
     1    0.01                           net7057 (net)
                  0.10    0.00    9.97 ^ hold6451/A (sky130_fd_sc_hd__dlymetal6s2s_1)
                  0.13    0.17   10.15 ^ hold6451/X (sky130_fd_sc_hd__dlymetal6s2s_1)
     1    0.01                           net7060 (net)
                  0.13    0.00   10.15 ^ input104/A (sky130_fd_sc_hd__buf_6)
                  0.03    0.12   10.27 ^ input104/X (sky130_fd_sc_hd__buf_6)
     1    0.01                           net104 (net)
                  0.03    0.00   10.27 ^ hold6449/A (sky130_fd_sc_hd__buf_6)
                  0.19    0.20   10.46 ^ hold6449/X (sky130_fd_sc_hd__buf_6)
     2    0.09                           net7058 (net)
                  0.19    0.00   10.47 ^ wire6696/A (sky130_fd_sc_hd__buf_8)
                  0.20    0.23   10.70 ^ wire6696/X (sky130_fd_sc_hd__buf_8)
     2    0.13                           net7694 (net)
                  0.20    0.01   10.71 ^ genblk1[0].user_project/wb_rst_i (user_project)
                                 10.71   data arrival time

                         30.00   30.00   clock clk (rise edge)
                          6.00   36.00   clock source latency
                  1.16    0.00   36.00 ^ wb_clk_i (in)
     1    0.03                           wb_clk_i (net)
                  1.16    0.00   36.00 ^ wire2/A (sky130_fd_sc_hd__buf_8)
                  0.06    0.19   36.19 ^ wire2/X (sky130_fd_sc_hd__buf_8)
     1    0.02                           net5186 (net)
                  0.06    0.00   36.19 ^ wire1/A (sky130_fd_sc_hd__buf_8)
                  0.05    0.11   36.30 ^ wire1/X (sky130_fd_sc_hd__buf_8)
     1    0.03                           net5185 (net)
                  0.05    0.00   36.30 ^ clkbuf_0_wb_clk_i/A (sky130_fd_sc_hd__clkbuf_16)
                  0.18    0.21   36.52 ^ clkbuf_0_wb_clk_i/X (sky130_fd_sc_hd__clkbuf_16)
     3    0.17                           clknet_0_wb_clk_i (net)
                  0.19    0.03   36.54 ^ clkbuf_1_0_0_wb_clk_i/A (sky130_fd_sc_hd__clkbuf_8)
                  0.12    0.22   36.76 ^ clkbuf_1_0_0_wb_clk_i/X (sky130_fd_sc_hd__clkbuf_8)
     1    0.06                           clknet_1_0_0_wb_clk_i (net)
                  0.12    0.01   36.77 ^ wire9/A (sky130_fd_sc_hd__buf_8)
                  0.19    0.20   36.97 ^ wire9/X (sky130_fd_sc_hd__buf_8)
     2    0.12                           net5193 (net)
                  0.20    0.02   36.99 ^ wire8/A (sky130_fd_sc_hd__clkbuf_16)
                  0.10    0.21   37.21 ^ wire8/X (sky130_fd_sc_hd__clkbuf_16)
     2    0.09                           net5192 (net)
                  0.10    0.01   37.22 ^ wire7/A (sky130_fd_sc_hd__buf_8)
                  0.10    0.15   37.37 ^ wire7/X (sky130_fd_sc_hd__buf_8)
     1    0.06                           net5191 (net)
                  0.10    0.01   37.38 ^ wire6/A (sky130_fd_sc_hd__buf_12)
                  0.24    0.22   37.60 ^ wire6/X (sky130_fd_sc_hd__buf_12)
     1    0.21                           net5190 (net)
                  0.26    0.05   37.64 ^ genblk1[0].user_project/wb_clk_i (user_project)
                         -0.10   37.54   clock uncertainty
                          0.00   37.54   clock reconvergence pessimism
                         -2.76   34.78   library recovery time
                                 34.78   data required time
-----------------------------------------------------------------------------
                                 34.78   data required time
                                -10.71   data arrival time
-----------------------------------------------------------------------------
                                 24.07   slack (MET)


Startpoint: wb_rst_i (input port clocked by clk)
Endpoint: _1070_ (recovery check against rising-edge clock clk)
Path Group: **async_default**
Path Type: max

Fanout     Cap    Slew   Delay    Time   Description
-----------------------------------------------------------------------------
                          0.00    0.00   clock clk (rise edge)
                          7.25    7.25   clock network delay (propagated)
                          1.72    8.97 v input external delay
                  0.12    0.00    8.97 v wb_rst_i (in)
     1    0.00                           wb_rst_i (net)
                  0.12    0.00    8.97 v hold6907/A (sky130_fd_sc_hd__clkdlybuf4s50_2)
                  0.04    0.52    9.49 v hold6907/X (sky130_fd_sc_hd__clkdlybuf4s50_2)
     1    0.00                           net7905 (net)
                  0.04    0.00    9.49 v hold1/A (sky130_fd_sc_hd__dlymetal6s2s_1)
                  0.04    0.13    9.62 v hold1/X (sky130_fd_sc_hd__dlymetal6s2s_1)
     1    0.00                           net5091 (net)
                  0.04    0.00    9.62 v input279/A (sky130_fd_sc_hd__dlymetal6s2s_1)
                  0.04    0.14    9.76 v input279/X (sky130_fd_sc_hd__dlymetal6s2s_1)
     1    0.00                           net7173 (net)
                  0.04    0.00    9.76 v hold6450/A (sky130_fd_sc_hd__dlymetal6s2s_1)
                  0.05    0.15    9.91 v hold6450/X (sky130_fd_sc_hd__dlymetal6s2s_1)
     1    0.01                           net7059 (net)
                  0.05    0.00    9.91 v hold6448/A (sky130_fd_sc_hd__dlymetal6s2s_1)
                  0.06    0.16   10.07 v hold6448/X (sky130_fd_sc_hd__dlymetal6s2s_1)
     1    0.01                           net7057 (net)
                  0.06    0.00   10.08 v hold6451/A (sky130_fd_sc_hd__dlymetal6s2s_1)
                  0.07    0.18   10.25 v hold6451/X (sky130_fd_sc_hd__dlymetal6s2s_1)
     1    0.01                           net7060 (net)
                  0.07    0.00   10.25 v input104/A (sky130_fd_sc_hd__buf_6)
                  0.02    0.13   10.38 v input104/X (sky130_fd_sc_hd__buf_6)
     1    0.01                           net104 (net)
                  0.02    0.00   10.38 v hold6449/A (sky130_fd_sc_hd__buf_6)
                  0.09    0.16   10.54 v hold6449/X (sky130_fd_sc_hd__buf_6)
     2    0.09                           net7058 (net)
                  0.10    0.02   10.56 v wire5060/A (sky130_fd_sc_hd__buf_6)
                  0.07    0.18   10.74 v wire5060/X (sky130_fd_sc_hd__buf_6)
     1    0.07                           net5060 (net)
                  0.08    0.02   10.76 v wire5923/A (sky130_fd_sc_hd__buf_6)
                  0.06    0.17   10.93 v wire5923/X (sky130_fd_sc_hd__buf_6)
     2    0.05                           net6532 (net)
                  0.06    0.01   10.94 v wire6525/A (sky130_fd_sc_hd__buf_8)
                  0.13    0.21   11.15 v wire6525/X (sky130_fd_sc_hd__buf_8)
     2    0.18                           net7523 (net)
                  0.14    0.03   11.18 v max_length5059/A (sky130_fd_sc_hd__buf_6)
                  0.05    0.19   11.37 v max_length5059/X (sky130_fd_sc_hd__buf_6)
     1    0.04                           net5059 (net)
                  0.05    0.01   11.37 v wire5875/A (sky130_fd_sc_hd__buf_12)
                  0.07    0.16   11.53 v wire5875/X (sky130_fd_sc_hd__buf_12)
     3    0.13                           net6484 (net)
                  0.07    0.01   11.54 v _0464_/A (sky130_fd_sc_hd__clkinv_4)
                  0.08    0.10   11.64 ^ _0464_/Y (sky130_fd_sc_hd__clkinv_4)
     1    0.04                           _0001_ (net)
                  0.08    0.01   11.64 ^ _1070_/RESET_B (sky130_fd_sc_hd__dfrtp_4)
                                 11.64   data arrival time

                         30.00   30.00   clock clk (rise edge)
                          6.00   36.00   clock source latency
                  1.16    0.00   36.00 ^ wb_clk_i (in)
     1    0.03                           wb_clk_i (net)
                  1.16    0.00   36.00 ^ wire2/A (sky130_fd_sc_hd__buf_8)
                  0.06    0.19   36.19 ^ wire2/X (sky130_fd_sc_hd__buf_8)
     1    0.02                           net5186 (net)
                  0.06    0.00   36.19 ^ wire1/A (sky130_fd_sc_hd__buf_8)
                  0.05    0.11   36.30 ^ wire1/X (sky130_fd_sc_hd__buf_8)
     1    0.03                           net5185 (net)
                  0.05    0.00   36.30 ^ clkbuf_0_wb_clk_i/A (sky130_fd_sc_hd__clkbuf_16)
                  0.18    0.21   36.52 ^ clkbuf_0_wb_clk_i/X (sky130_fd_sc_hd__clkbuf_16)
     3    0.17                           clknet_0_wb_clk_i (net)
                  0.19    0.03   36.54 ^ clkbuf_1_0_0_wb_clk_i/A (sky130_fd_sc_hd__clkbuf_8)
                  0.12    0.22   36.76 ^ clkbuf_1_0_0_wb_clk_i/X (sky130_fd_sc_hd__clkbuf_8)
     1    0.06                           clknet_1_0_0_wb_clk_i (net)
                  0.12    0.01   36.77 ^ wire9/A (sky130_fd_sc_hd__buf_8)
                  0.19    0.20   36.97 ^ wire9/X (sky130_fd_sc_hd__buf_8)
     2    0.12                           net5193 (net)
                  0.20    0.03   37.00 ^ wire5/A (sky130_fd_sc_hd__clkbuf_8)
                  0.03    0.16   37.16 ^ wire5/X (sky130_fd_sc_hd__clkbuf_8)
     1    0.01                           net5189 (net)
                  0.03    0.00   37.16 ^ wire192/A (sky130_fd_sc_hd__buf_6)
                  0.29    0.23   37.39 ^ wire192/X (sky130_fd_sc_hd__buf_6)
     2    0.15                           net5089 (net)
                  0.32    0.06   37.45 ^ _1070_/CLK (sky130_fd_sc_hd__dfrtp_4)
                         -0.10   37.35   clock uncertainty
                          0.00   37.35   clock reconvergence pessimism
                          0.29   37.64   library recovery time
                                 37.64   data required time
-----------------------------------------------------------------------------
                                 37.64   data required time
                                -11.64   data arrival time
-----------------------------------------------------------------------------
                                 26.00   slack (MET)


Startpoint: genblk1[3].user_project
            (rising edge-triggered flip-flop clocked by clk)
Endpoint: wbs_ack_o (output port clocked by clk)
Path Group: clk
Path Type: max

Fanout     Cap    Slew   Delay    Time   Description
-----------------------------------------------------------------------------
                          0.00    0.00   clock clk (rise edge)
                          7.25    7.25   clock source latency
                  1.16    0.00    7.25 ^ wb_clk_i (in)
     1    0.03                           wb_clk_i (net)
                  1.16    0.00    7.25 ^ wire2/A (sky130_fd_sc_hd__buf_8)
                  0.06    0.21    7.46 ^ wire2/X (sky130_fd_sc_hd__buf_8)
     1    0.02                           net5186 (net)
                  0.06    0.00    7.46 ^ wire1/A (sky130_fd_sc_hd__buf_8)
                  0.05    0.12    7.58 ^ wire1/X (sky130_fd_sc_hd__buf_8)
     1    0.03                           net5185 (net)
                  0.05    0.00    7.58 ^ clkbuf_0_wb_clk_i/A (sky130_fd_sc_hd__clkbuf_16)
                  0.18    0.23    7.81 ^ clkbuf_0_wb_clk_i/X (sky130_fd_sc_hd__clkbuf_16)
     3    0.17                           clknet_0_wb_clk_i (net)
                  0.18    0.02    7.83 ^ clkbuf_1_1_0_wb_clk_i/A (sky130_fd_sc_hd__clkbuf_8)
                  0.13    0.24    8.07 ^ clkbuf_1_1_0_wb_clk_i/X (sky130_fd_sc_hd__clkbuf_8)
     1    0.07                           clknet_1_1_0_wb_clk_i (net)
                  0.14    0.02    8.09 ^ wire14/A (sky130_fd_sc_hd__clkbuf_16)
                  0.10    0.20    8.29 ^ wire14/X (sky130_fd_sc_hd__clkbuf_16)
     2    0.08                           net5198 (net)
                  0.11    0.03    8.32 ^ wire6076/A (sky130_fd_sc_hd__buf_6)
                  0.27    0.27    8.59 ^ wire6076/X (sky130_fd_sc_hd__buf_6)
     1    0.13                           net5090 (net)
                  0.27    0.03    8.62 ^ wire13/A (sky130_fd_sc_hd__buf_8)
                  0.18    0.24    8.86 ^ wire13/X (sky130_fd_sc_hd__buf_8)
     1    0.11                           net5197 (net)
                  0.19    0.03    8.90 ^ wire12/A (sky130_fd_sc_hd__buf_12)
                  0.30    0.25    9.14 ^ wire12/X (sky130_fd_sc_hd__buf_12)
     1    0.27                           net5196 (net)
                  0.37    0.12    9.26 ^ genblk1[3].user_project/wb_clk_i (user_project)
                  0.47   10.01   19.27 ^ genblk1[3].user_project/wbs_ack_o (user_project)
     1    0.05                           proj_wbs_ack_o[3] (net)
                  0.47    0.01   19.28 ^ wire1103/A (sky130_fd_sc_hd__buf_6)
                  0.10    0.23   19.51 ^ wire1103/X (sky130_fd_sc_hd__buf_6)
     1    0.05                           net1103 (net)
                  0.11    0.01   19.51 ^ wire1102/A (sky130_fd_sc_hd__buf_6)
                  0.08    0.15   19.67 ^ wire1102/X (sky130_fd_sc_hd__buf_6)
     1    0.04                           net1102 (net)
                  0.08    0.01   19.67 ^ wire1101/A (sky130_fd_sc_hd__buf_6)
                  0.08    0.14   19.81 ^ wire1101/X (sky130_fd_sc_hd__buf_6)
     1    0.03                           net1101 (net)
                  0.08    0.00   19.82 ^ wire1100/A (sky130_fd_sc_hd__buf_6)
                  0.08    0.14   19.96 ^ wire1100/X (sky130_fd_sc_hd__buf_6)
     1    0.03                           net1100 (net)
                  0.08    0.01   19.96 ^ wire1099/A (sky130_fd_sc_hd__buf_6)
                  0.07    0.14   20.10 ^ wire1099/X (sky130_fd_sc_hd__buf_6)
     1    0.03                           net1099 (net)
                  0.07    0.00   20.10 ^ wire1098/A (sky130_fd_sc_hd__buf_6)
                  0.09    0.14   20.25 ^ wire1098/X (sky130_fd_sc_hd__buf_6)
     1    0.04                           net1098 (net)
                  0.09    0.01   20.25 ^ _1063_/C (sky130_fd_sc_hd__nand3_4)
                  0.14    0.13   20.38 v _1063_/Y (sky130_fd_sc_hd__nand3_4)
     1    0.03                           _0282_ (net)
                  0.14    0.00   20.38 v wire576/A (sky130_fd_sc_hd__buf_6)
                  0.04    0.18   20.56 v wire576/X (sky130_fd_sc_hd__buf_6)
     1    0.03                           net576 (net)
                  0.04    0.00   20.57 v wire575/A (sky130_fd_sc_hd__buf_6)
                  0.04    0.13   20.70 v wire575/X (sky130_fd_sc_hd__buf_6)
     1    0.03                           net575 (net)
                  0.04    0.00   20.70 v wire4752/A (sky130_fd_sc_hd__buf_6)
                  0.05    0.14   20.84 v wire4752/X (sky130_fd_sc_hd__buf_6)
     1    0.04                           net5634 (net)
                  0.05    0.01   20.84 v _1066_/A1 (sky130_fd_sc_hd__a31oi_4)
                  1.04    0.82   21.66 ^ _1066_/Y (sky130_fd_sc_hd__a31oi_4)
     2    0.15                           _0285_ (net)
                  1.04    0.02   21.69 ^ wire450/A (sky130_fd_sc_hd__buf_6)
                  0.12    0.27   21.95 ^ wire450/X (sky130_fd_sc_hd__buf_6)
     1    0.05                           net450 (net)
                  0.12    0.01   21.97 ^ _1067_/B1 (sky130_fd_sc_hd__a211o_4)
                  0.22    0.25   22.22 ^ _1067_/X (sky130_fd_sc_hd__a211o_4)
     1    0.08                           net287 (net)
                  0.22    0.02   22.24 ^ output287/A (sky130_fd_sc_hd__buf_8)
                  0.12    0.20   22.44 ^ output287/X (sky130_fd_sc_hd__buf_8)
     1    0.07                           net7356 (net)
                  0.12    0.02   22.45 ^ output462/A (sky130_fd_sc_hd__buf_12)
                  0.19    0.24   22.69 ^ output462/X (sky130_fd_sc_hd__buf_12)
     1    0.16                           wbs_ack_o (net)
                  0.19    0.00   22.69 ^ wbs_ack_o (out)
                                 22.69   data arrival time

                         30.00   30.00   clock clk (rise edge)
                          6.00   36.00   clock network delay (propagated)
                         -0.10   35.90   clock uncertainty
                          0.00   35.90   clock reconvergence pessimism
                         -8.21   27.69   output external delay
                                 27.69   data required time
-----------------------------------------------------------------------------
                                 27.69   data required time
                                -22.69   data arrival time
-----------------------------------------------------------------------------
                                  5.00   slack (MET)


Startpoint: genblk1[3].user_project
            (rising edge-triggered flip-flop clocked by clk)
Endpoint: wbs_dat_o[19] (output port clocked by clk)
Path Group: clk
Path Type: max

Fanout     Cap    Slew   Delay    Time   Description
-----------------------------------------------------------------------------
                          0.00    0.00   clock clk (rise edge)
                          7.25    7.25   clock source latency
                  1.16    0.00    7.25 ^ wb_clk_i (in)
     1    0.03                           wb_clk_i (net)
                  1.16    0.00    7.25 ^ wire2/A (sky130_fd_sc_hd__buf_8)
                  0.06    0.21    7.46 ^ wire2/X (sky130_fd_sc_hd__buf_8)
     1    0.02                           net5186 (net)
                  0.06    0.00    7.46 ^ wire1/A (sky130_fd_sc_hd__buf_8)
                  0.05    0.12    7.58 ^ wire1/X (sky130_fd_sc_hd__buf_8)
     1    0.03                           net5185 (net)
                  0.05    0.00    7.58 ^ clkbuf_0_wb_clk_i/A (sky130_fd_sc_hd__clkbuf_16)
                  0.18    0.23    7.81 ^ clkbuf_0_wb_clk_i/X (sky130_fd_sc_hd__clkbuf_16)
     3    0.17                           clknet_0_wb_clk_i (net)
                  0.18    0.02    7.83 ^ clkbuf_1_1_0_wb_clk_i/A (sky130_fd_sc_hd__clkbuf_8)
                  0.13    0.24    8.07 ^ clkbuf_1_1_0_wb_clk_i/X (sky130_fd_sc_hd__clkbuf_8)
     1    0.07                           clknet_1_1_0_wb_clk_i (net)
                  0.14    0.02    8.09 ^ wire14/A (sky130_fd_sc_hd__clkbuf_16)
                  0.10    0.20    8.29 ^ wire14/X (sky130_fd_sc_hd__clkbuf_16)
     2    0.08                           net5198 (net)
                  0.11    0.03    8.32 ^ wire6076/A (sky130_fd_sc_hd__buf_6)
                  0.27    0.27    8.59 ^ wire6076/X (sky130_fd_sc_hd__buf_6)
     1    0.13                           net5090 (net)
                  0.27    0.03    8.62 ^ wire13/A (sky130_fd_sc_hd__buf_8)
                  0.18    0.24    8.86 ^ wire13/X (sky130_fd_sc_hd__buf_8)
     1    0.11                           net5197 (net)
                  0.19    0.03    8.90 ^ wire12/A (sky130_fd_sc_hd__buf_12)
                  0.30    0.25    9.14 ^ wire12/X (sky130_fd_sc_hd__buf_12)
     1    0.27                           net5196 (net)
                  0.37    0.12    9.26 ^ genblk1[3].user_project/wb_clk_i (user_project)
                  0.40   10.22   19.48 ^ genblk1[3].user_project/wbs_dat_o[19] (user_project)
     2    0.04                           proj_wbs_dat_o[3][19] (net)
                  0.40    0.00   19.48 ^ wire1009/A (sky130_fd_sc_hd__clkbuf_4)
                  0.12    0.31   19.79 ^ wire1009/X (sky130_fd_sc_hd__clkbuf_4)
     1    0.04                           net1009 (net)
                  0.12    0.00   19.80 ^ wire1008/A (sky130_fd_sc_hd__clkbuf_4)
                  0.12    0.23   20.02 ^ wire1008/X (sky130_fd_sc_hd__clkbuf_4)
     1    0.04                           net1008 (net)
                  0.12    0.01   20.03 ^ wire1007/A (sky130_fd_sc_hd__buf_6)
                  0.09    0.16   20.19 ^ wire1007/X (sky130_fd_sc_hd__buf_6)
     1    0.04                           net1007 (net)
                  0.09    0.00   20.20 ^ wire1006/A (sky130_fd_sc_hd__buf_6)
                  0.16    0.19   20.39 ^ wire1006/X (sky130_fd_sc_hd__buf_6)
     1    0.08                           net1006 (net)
                  0.16    0.02   20.41 ^ wire5266/A (sky130_fd_sc_hd__buf_6)
                  0.11    0.18   20.59 ^ wire5266/X (sky130_fd_sc_hd__buf_6)
     1    0.05                           net5875 (net)
                  0.11    0.01   20.60 ^ wire1005/A (sky130_fd_sc_hd__buf_6)
                  0.08    0.15   20.76 ^ wire1005/X (sky130_fd_sc_hd__buf_6)
     1    0.04                           net1005 (net)
                  0.08    0.01   20.76 ^ wire1004/A (sky130_fd_sc_hd__buf_6)
                  0.08    0.14   20.91 ^ wire1004/X (sky130_fd_sc_hd__buf_6)
     1    0.04                           net1004 (net)
                  0.08    0.01   20.91 ^ wire1003/A (sky130_fd_sc_hd__buf_6)
                  0.08    0.14   21.05 ^ wire1003/X (sky130_fd_sc_hd__buf_6)
     1    0.04                           net1003 (net)
                  0.08    0.01   21.06 ^ wire1002/A (sky130_fd_sc_hd__buf_6)
                  0.08    0.14   21.20 ^ wire1002/X (sky130_fd_sc_hd__buf_6)
     1    0.03                           net1002 (net)
                  0.08    0.01   21.21 ^ wire1001/A (sky130_fd_sc_hd__buf_6)
                  0.08    0.14   21.35 ^ wire1001/X (sky130_fd_sc_hd__buf_6)
     1    0.04                           net1001 (net)
                  0.08    0.00   21.35 ^ wire1000/A (sky130_fd_sc_hd__buf_6)
                  0.09    0.15   21.50 ^ wire1000/X (sky130_fd_sc_hd__buf_6)
     1    0.04                           net1000 (net)
                  0.09    0.01   21.51 ^ _0695_/C (sky130_fd_sc_hd__nand3_4)
                  0.18    0.17   21.68 v _0695_/Y (sky130_fd_sc_hd__nand3_4)
     1    0.04                           _0006_ (net)
                  0.18    0.01   21.68 v wire676/A (sky130_fd_sc_hd__buf_6)
                  0.07    0.22   21.91 v wire676/X (sky130_fd_sc_hd__buf_6)
     1    0.07                           net676 (net)
                  0.08    0.02   21.92 v wire784/A (sky130_fd_sc_hd__buf_6)
                  0.04    0.15   22.08 v wire784/X (sky130_fd_sc_hd__buf_6)
     2    0.03                           net5530 (net)
                  0.04    0.00   22.08 v _0698_/A2_N (sky130_fd_sc_hd__o2bb2a_2)
                  0.23    0.40   22.48 ^ _0698_/X (sky130_fd_sc_hd__o2bb2a_2)
     1    0.04                           net298 (net)
                  0.24    0.01   22.48 ^ wire416/A (sky130_fd_sc_hd__buf_6)
                  0.09    0.19   22.67 ^ wire416/X (sky130_fd_sc_hd__buf_6)
     1    0.04                           net416 (net)
                  0.09    0.01   22.68 ^ wire70/A (sky130_fd_sc_hd__buf_6)
                  0.09    0.16   22.84 ^ wire70/X (sky130_fd_sc_hd__buf_6)
     1    0.04                           net5254 (net)
                  0.10    0.01   22.84 ^ output298/A (sky130_fd_sc_hd__buf_6)
                  0.10    0.16   23.01 ^ output298/X (sky130_fd_sc_hd__buf_6)
     1    0.05                           net7367 (net)
                  0.10    0.01   23.01 ^ output473/A (sky130_fd_sc_hd__buf_12)
                  0.13    0.19   23.21 ^ output473/X (sky130_fd_sc_hd__buf_12)
     1    0.11                           wbs_dat_o[19] (net)
                  0.13    0.00   23.21 ^ wbs_dat_o[19] (out)
                                 23.21   data arrival time

                         30.00   30.00   clock clk (rise edge)
                          6.00   36.00   clock network delay (propagated)
                         -0.10   35.90   clock uncertainty
                          0.00   35.90   clock reconvergence pessimism
                         -3.00   32.90   output external delay
                                 32.90   data required time
-----------------------------------------------------------------------------
                                 32.90   data required time
                                -23.21   data arrival time
-----------------------------------------------------------------------------
                                  9.69   slack (MET)


Startpoint: genblk1[3].user_project
            (rising edge-triggered flip-flop clocked by clk)
Endpoint: wbs_dat_o[30] (output port clocked by clk)
Path Group: clk
Path Type: max

Fanout     Cap    Slew   Delay    Time   Description
-----------------------------------------------------------------------------
                          0.00    0.00   clock clk (rise edge)
                          7.25    7.25   clock source latency
                  1.16    0.00    7.25 ^ wb_clk_i (in)
     1    0.03                           wb_clk_i (net)
                  1.16    0.00    7.25 ^ wire2/A (sky130_fd_sc_hd__buf_8)
                  0.06    0.21    7.46 ^ wire2/X (sky130_fd_sc_hd__buf_8)
     1    0.02                           net5186 (net)
                  0.06    0.00    7.46 ^ wire1/A (sky130_fd_sc_hd__buf_8)
                  0.05    0.12    7.58 ^ wire1/X (sky130_fd_sc_hd__buf_8)
     1    0.03                           net5185 (net)
                  0.05    0.00    7.58 ^ clkbuf_0_wb_clk_i/A (sky130_fd_sc_hd__clkbuf_16)
                  0.18    0.23    7.81 ^ clkbuf_0_wb_clk_i/X (sky130_fd_sc_hd__clkbuf_16)
     3    0.17                           clknet_0_wb_clk_i (net)
                  0.18    0.02    7.83 ^ clkbuf_1_1_0_wb_clk_i/A (sky130_fd_sc_hd__clkbuf_8)
                  0.13    0.24    8.07 ^ clkbuf_1_1_0_wb_clk_i/X (sky130_fd_sc_hd__clkbuf_8)
     1    0.07                           clknet_1_1_0_wb_clk_i (net)
                  0.14    0.02    8.09 ^ wire14/A (sky130_fd_sc_hd__clkbuf_16)
                  0.10    0.20    8.29 ^ wire14/X (sky130_fd_sc_hd__clkbuf_16)
     2    0.08                           net5198 (net)
                  0.11    0.03    8.32 ^ wire6076/A (sky130_fd_sc_hd__buf_6)
                  0.27    0.27    8.59 ^ wire6076/X (sky130_fd_sc_hd__buf_6)
     1    0.13                           net5090 (net)
                  0.27    0.03    8.62 ^ wire13/A (sky130_fd_sc_hd__buf_8)
                  0.18    0.24    8.86 ^ wire13/X (sky130_fd_sc_hd__buf_8)
     1    0.11                           net5197 (net)
                  0.19    0.03    8.90 ^ wire12/A (sky130_fd_sc_hd__buf_12)
                  0.30    0.25    9.14 ^ wire12/X (sky130_fd_sc_hd__buf_12)
     1    0.27                           net5196 (net)
                  0.37    0.12    9.26 ^ genblk1[3].user_project/wb_clk_i (user_project)
                  0.42   10.28   19.54 ^ genblk1[3].user_project/wbs_dat_o[30] (user_project)
     1    0.04                           proj_wbs_dat_o[3][30] (net)
                  0.42    0.00   19.54 ^ wire883/A (sky130_fd_sc_hd__clkbuf_4)
                  0.12    0.31   19.85 ^ wire883/X (sky130_fd_sc_hd__clkbuf_4)
     1    0.04                           net883 (net)
                  0.12    0.01   19.86 ^ wire882/A (sky130_fd_sc_hd__clkbuf_4)
                  0.13    0.23   20.09 ^ wire882/X (sky130_fd_sc_hd__clkbuf_4)
     1    0.04                           net882 (net)
                  0.13    0.00   20.09 ^ wire881/A (sky130_fd_sc_hd__buf_6)
                  0.09    0.17   20.26 ^ wire881/X (sky130_fd_sc_hd__buf_6)
     1    0.04                           net881 (net)
                  0.09    0.01   20.27 ^ wire880/A (sky130_fd_sc_hd__buf_6)
                  0.09    0.16   20.43 ^ wire880/X (sky130_fd_sc_hd__buf_6)
     1    0.04                           net880 (net)
                  0.10    0.01   20.43 ^ wire879/A (sky130_fd_sc_hd__buf_6)
                  0.17    0.20   20.64 ^ wire879/X (sky130_fd_sc_hd__buf_6)
     1    0.08                           net879 (net)
                  0.17    0.02   20.66 ^ wire878/A (sky130_fd_sc_hd__buf_6)
                  0.08    0.17   20.82 ^ wire878/X (sky130_fd_sc_hd__buf_6)
     1    0.04                           net878 (net)
                  0.08    0.00   20.83 ^ wire877/A (sky130_fd_sc_hd__buf_6)
                  0.07    0.14   20.97 ^ wire877/X (sky130_fd_sc_hd__buf_6)
     1    0.03                           net877 (net)
                  0.07    0.00   20.97 ^ wire5096/A (sky130_fd_sc_hd__buf_6)
                  0.07    0.13   21.10 ^ wire5096/X (sky130_fd_sc_hd__buf_6)
     1    0.03                           net5705 (net)
                  0.07    0.00   21.10 ^ wire876/A (sky130_fd_sc_hd__buf_6)
                  0.07    0.13   21.23 ^ wire876/X (sky130_fd_sc_hd__buf_6)
     1    0.03                           net876 (net)
                  0.07    0.00   21.24 ^ wire875/A (sky130_fd_sc_hd__buf_6)
                  0.07    0.13   21.37 ^ wire875/X (sky130_fd_sc_hd__buf_6)
     1    0.03                           net875 (net)
                  0.07    0.00   21.38 ^ wire874/A (sky130_fd_sc_hd__buf_6)
                  0.07    0.13   21.51 ^ wire874/X (sky130_fd_sc_hd__buf_6)
     1    0.03                           net874 (net)
                  0.07    0.00   21.51 ^ wire873/A (sky130_fd_sc_hd__buf_6)
                  0.09    0.14   21.66 ^ wire873/X (sky130_fd_sc_hd__buf_6)
     1    0.04                           net873 (net)
                  0.09    0.01   21.66 ^ _0739_/C (sky130_fd_sc_hd__nand3_4)
                  0.15    0.14   21.80 v _0739_/Y (sky130_fd_sc_hd__nand3_4)
     1    0.03                           _0039_ (net)
                  0.15    0.00   21.81 v wire665/A (sky130_fd_sc_hd__buf_6)
                  0.04    0.19   22.00 v wire665/X (sky130_fd_sc_hd__buf_6)
     1    0.03                           net665 (net)
                  0.04    0.00   22.00 v wire304/A (sky130_fd_sc_hd__buf_6)
                  0.07    0.16   22.16 v wire304/X (sky130_fd_sc_hd__buf_6)
     1    0.06                           net5488 (net)
                  0.07    0.00   22.16 v _0742_/A1_N (sky130_fd_sc_hd__o2bb2a_2)
                  0.26    0.43   22.60 ^ _0742_/X (sky130_fd_sc_hd__o2bb2a_2)
     1    0.05                           net311 (net)
                  0.26    0.01   22.61 ^ wire102/A (sky130_fd_sc_hd__buf_6)
                  0.10    0.20   22.81 ^ wire102/X (sky130_fd_sc_hd__buf_6)
     1    0.05                           net5286 (net)
                  0.11    0.01   22.82 ^ wire405/A (sky130_fd_sc_hd__buf_6)
                  0.09    0.16   22.97 ^ wire405/X (sky130_fd_sc_hd__buf_6)
     1    0.04                           net405 (net)
                  0.09    0.01   22.98 ^ output311/A (sky130_fd_sc_hd__buf_6)
                  0.09    0.15   23.13 ^ output311/X (sky130_fd_sc_hd__buf_6)
     1    0.04                           net7380 (net)
                  0.09    0.01   23.14 ^ output486/A (sky130_fd_sc_hd__buf_12)
                  0.12    0.18   23.32 ^ output486/X (sky130_fd_sc_hd__buf_12)
     1    0.10                           wbs_dat_o[30] (net)
                  0.12    0.00   23.33 ^ wbs_dat_o[30] (out)
                                 23.33   data arrival time

                         30.00   30.00   clock clk (rise edge)
                          6.00   36.00   clock network delay (propagated)
                         -0.10   35.90   clock uncertainty
                          0.00   35.90   clock reconvergence pessimism
                         -2.68   33.22   output external delay
                                 33.22   data required time
-----------------------------------------------------------------------------
                                 33.22   data required time
                                -23.33   data arrival time
-----------------------------------------------------------------------------
                                  9.89   slack (MET)


Startpoint: genblk1[3].user_project
            (rising edge-triggered flip-flop clocked by clk)
Endpoint: wbs_dat_o[18] (output port clocked by clk)
Path Group: clk
Path Type: max

Fanout     Cap    Slew   Delay    Time   Description
-----------------------------------------------------------------------------
                          0.00    0.00   clock clk (rise edge)
                          7.25    7.25   clock source latency
                  1.16    0.00    7.25 ^ wb_clk_i (in)
     1    0.03                           wb_clk_i (net)
                  1.16    0.00    7.25 ^ wire2/A (sky130_fd_sc_hd__buf_8)
                  0.06    0.21    7.46 ^ wire2/X (sky130_fd_sc_hd__buf_8)
     1    0.02                           net5186 (net)
                  0.06    0.00    7.46 ^ wire1/A (sky130_fd_sc_hd__buf_8)
                  0.05    0.12    7.58 ^ wire1/X (sky130_fd_sc_hd__buf_8)
     1    0.03                           net5185 (net)
                  0.05    0.00    7.58 ^ clkbuf_0_wb_clk_i/A (sky130_fd_sc_hd__clkbuf_16)
                  0.18    0.23    7.81 ^ clkbuf_0_wb_clk_i/X (sky130_fd_sc_hd__clkbuf_16)
     3    0.17                           clknet_0_wb_clk_i (net)
                  0.18    0.02    7.83 ^ clkbuf_1_1_0_wb_clk_i/A (sky130_fd_sc_hd__clkbuf_8)
                  0.13    0.24    8.07 ^ clkbuf_1_1_0_wb_clk_i/X (sky130_fd_sc_hd__clkbuf_8)
     1    0.07                           clknet_1_1_0_wb_clk_i (net)
                  0.14    0.02    8.09 ^ wire14/A (sky130_fd_sc_hd__clkbuf_16)
                  0.10    0.20    8.29 ^ wire14/X (sky130_fd_sc_hd__clkbuf_16)
     2    0.08                           net5198 (net)
                  0.11    0.03    8.32 ^ wire6076/A (sky130_fd_sc_hd__buf_6)
                  0.27    0.27    8.59 ^ wire6076/X (sky130_fd_sc_hd__buf_6)
     1    0.13                           net5090 (net)
                  0.27    0.03    8.62 ^ wire13/A (sky130_fd_sc_hd__buf_8)
                  0.18    0.24    8.86 ^ wire13/X (sky130_fd_sc_hd__buf_8)
     1    0.11                           net5197 (net)
                  0.19    0.03    8.90 ^ wire12/A (sky130_fd_sc_hd__buf_12)
                  0.30    0.25    9.14 ^ wire12/X (sky130_fd_sc_hd__buf_12)
     1    0.27                           net5196 (net)
                  0.37    0.12    9.26 ^ genblk1[3].user_project/wb_clk_i (user_project)
                  0.39   10.11   19.38 ^ genblk1[3].user_project/wbs_dat_o[18] (user_project)
     2    0.04                           proj_wbs_dat_o[3][18] (net)
                  0.39    0.00   19.38 ^ wire1019/A (sky130_fd_sc_hd__clkbuf_4)
                  0.12    0.30   19.68 ^ wire1019/X (sky130_fd_sc_hd__clkbuf_4)
     1    0.04                           net1019 (net)
                  0.12    0.00   19.69 ^ wire1018/A (sky130_fd_sc_hd__clkbuf_4)
                  0.13    0.23   19.92 ^ wire1018/X (sky130_fd_sc_hd__clkbuf_4)
     1    0.04                           net1018 (net)
                  0.13    0.01   19.92 ^ wire1017/A (sky130_fd_sc_hd__buf_6)
                  0.08    0.16   20.08 ^ wire1017/X (sky130_fd_sc_hd__buf_6)
     1    0.04                           net1017 (net)
                  0.08    0.00   20.09 ^ wire1016/A (sky130_fd_sc_hd__buf_6)
                  0.13    0.18   20.27 ^ wire1016/X (sky130_fd_sc_hd__buf_6)
     1    0.06                           net1016 (net)
                  0.13    0.01   20.28 ^ wire5265/A (sky130_fd_sc_hd__buf_6)
                  0.09    0.16   20.44 ^ wire5265/X (sky130_fd_sc_hd__buf_6)
     1    0.04                           net5874 (net)
                  0.09    0.01   20.45 ^ wire1015/A (sky130_fd_sc_hd__clkbuf_4)
                  0.13    0.22   20.67 ^ wire1015/X (sky130_fd_sc_hd__clkbuf_4)
     1    0.04                           net1015 (net)
                  0.13    0.01   20.67 ^ wire1014/A (sky130_fd_sc_hd__buf_6)
                  0.08    0.16   20.84 ^ wire1014/X (sky130_fd_sc_hd__buf_6)
     1    0.04                           net1014 (net)
                  0.08    0.01   20.84 ^ wire1013/A (sky130_fd_sc_hd__buf_6)
                  0.08    0.14   20.98 ^ wire1013/X (sky130_fd_sc_hd__buf_6)
     1    0.04                           net1013 (net)
                  0.08    0.01   20.99 ^ wire1012/A (sky130_fd_sc_hd__buf_6)
                  0.08    0.14   21.13 ^ wire1012/X (sky130_fd_sc_hd__buf_6)
     1    0.04                           net1012 (net)
                  0.08    0.01   21.14 ^ wire1011/A (sky130_fd_sc_hd__buf_6)
                  0.08    0.14   21.28 ^ wire1011/X (sky130_fd_sc_hd__buf_6)
     1    0.04                           net1011 (net)
                  0.08    0.00   21.28 ^ wire1010/A (sky130_fd_sc_hd__buf_6)
                  0.09    0.15   21.43 ^ wire1010/X (sky130_fd_sc_hd__buf_6)
     1    0.04                           net1010 (net)
                  0.09    0.00   21.44 ^ _0691_/C (sky130_fd_sc_hd__nand3_4)
                  0.19    0.18   21.61 v _0691_/Y (sky130_fd_sc_hd__nand3_4)
     1    0.05                           _0460_ (net)
                  0.19    0.01   21.62 v wire677/A (sky130_fd_sc_hd__buf_6)
                  0.10    0.25   21.87 v wire677/X (sky130_fd_sc_hd__buf_6)
     1    0.11                           net677 (net)
                  0.11    0.02   21.89 v wire782/A (sky130_fd_sc_hd__buf_6)
                  0.05    0.17   22.06 v wire782/X (sky130_fd_sc_hd__buf_6)
     2    0.04                           net5529 (net)
                  0.05    0.01   22.06 v _0694_/A2_N (sky130_fd_sc_hd__o2bb2a_2)
                  0.24    0.40   22.47 ^ _0694_/X (sky130_fd_sc_hd__o2bb2a_2)
     1    0.05                           net297 (net)
                  0.24    0.01   22.47 ^ wire104/A (sky130_fd_sc_hd__buf_6)
                  0.09    0.19   22.66 ^ wire104/X (sky130_fd_sc_hd__buf_6)
     1    0.04                           net5288 (net)
                  0.09    0.01   22.67 ^ output297/A (sky130_fd_sc_hd__buf_6)
                  0.09    0.16   22.83 ^ output297/X (sky130_fd_sc_hd__buf_6)
     1    0.04                           net7366 (net)
                  0.09    0.01   22.83 ^ output472/A (sky130_fd_sc_hd__buf_12)
                  0.17    0.22   23.05 ^ output472/X (sky130_fd_sc_hd__buf_12)
     1    0.14                           wbs_dat_o[18] (net)
                  0.17    0.00   23.05 ^ wbs_dat_o[18] (out)
                                 23.05   data arrival time

                         30.00   30.00   clock clk (rise edge)
                          6.00   36.00   clock network delay (propagated)
                         -0.10   35.90   clock uncertainty
                          0.00   35.90   clock reconvergence pessimism
                         -2.94   32.96   output external delay
                                 32.96   data required time
-----------------------------------------------------------------------------
                                 32.96   data required time
                                -23.05   data arrival time
-----------------------------------------------------------------------------
                                  9.91   slack (MET)


Startpoint: genblk1[3].user_project
            (rising edge-triggered flip-flop clocked by clk)
Endpoint: wbs_dat_o[29] (output port clocked by clk)
Path Group: clk
Path Type: max

Fanout     Cap    Slew   Delay    Time   Description
-----------------------------------------------------------------------------
                          0.00    0.00   clock clk (rise edge)
                          7.25    7.25   clock source latency
                  1.16    0.00    7.25 ^ wb_clk_i (in)
     1    0.03                           wb_clk_i (net)
                  1.16    0.00    7.25 ^ wire2/A (sky130_fd_sc_hd__buf_8)
                  0.06    0.21    7.46 ^ wire2/X (sky130_fd_sc_hd__buf_8)
     1    0.02                           net5186 (net)
                  0.06    0.00    7.46 ^ wire1/A (sky130_fd_sc_hd__buf_8)
                  0.05    0.12    7.58 ^ wire1/X (sky130_fd_sc_hd__buf_8)
     1    0.03                           net5185 (net)
                  0.05    0.00    7.58 ^ clkbuf_0_wb_clk_i/A (sky130_fd_sc_hd__clkbuf_16)
                  0.18    0.23    7.81 ^ clkbuf_0_wb_clk_i/X (sky130_fd_sc_hd__clkbuf_16)
     3    0.17                           clknet_0_wb_clk_i (net)
                  0.18    0.02    7.83 ^ clkbuf_1_1_0_wb_clk_i/A (sky130_fd_sc_hd__clkbuf_8)
                  0.13    0.24    8.07 ^ clkbuf_1_1_0_wb_clk_i/X (sky130_fd_sc_hd__clkbuf_8)
     1    0.07                           clknet_1_1_0_wb_clk_i (net)
                  0.14    0.02    8.09 ^ wire14/A (sky130_fd_sc_hd__clkbuf_16)
                  0.10    0.20    8.29 ^ wire14/X (sky130_fd_sc_hd__clkbuf_16)
     2    0.08                           net5198 (net)
                  0.11    0.03    8.32 ^ wire6076/A (sky130_fd_sc_hd__buf_6)
                  0.27    0.27    8.59 ^ wire6076/X (sky130_fd_sc_hd__buf_6)
     1    0.13                           net5090 (net)
                  0.27    0.03    8.62 ^ wire13/A (sky130_fd_sc_hd__buf_8)
                  0.18    0.24    8.86 ^ wire13/X (sky130_fd_sc_hd__buf_8)
     1    0.11                           net5197 (net)
                  0.19    0.03    8.90 ^ wire12/A (sky130_fd_sc_hd__buf_12)
                  0.30    0.25    9.14 ^ wire12/X (sky130_fd_sc_hd__buf_12)
     1    0.27                           net5196 (net)
                  0.37    0.12    9.26 ^ genblk1[3].user_project/wb_clk_i (user_project)
                  0.39   10.08   19.35 ^ genblk1[3].user_project/wbs_dat_o[29] (user_project)
     1    0.04                           proj_wbs_dat_o[3][29] (net)
                  0.39    0.00   19.35 ^ wire900/A (sky130_fd_sc_hd__clkbuf_4)
                  0.13    0.31   19.66 ^ wire900/X (sky130_fd_sc_hd__clkbuf_4)
     1    0.04                           net900 (net)
                  0.13    0.00   19.66 ^ wire899/A (sky130_fd_sc_hd__buf_6)
                  0.08    0.16   19.82 ^ wire899/X (sky130_fd_sc_hd__buf_6)
     1    0.04                           net899 (net)
                  0.08    0.00   19.83 ^ wire898/A (sky130_fd_sc_hd__buf_6)
                  0.09    0.15   19.97 ^ wire898/X (sky130_fd_sc_hd__buf_6)
     1    0.04                           net898 (net)
                  0.09    0.00   19.98 ^ wire897/A (sky130_fd_sc_hd__buf_6)
                  0.09    0.15   20.13 ^ wire897/X (sky130_fd_sc_hd__buf_6)
     1    0.04                           net897 (net)
                  0.09    0.01   20.13 ^ wire896/A (sky130_fd_sc_hd__buf_6)
                  0.14    0.19   20.32 ^ wire896/X (sky130_fd_sc_hd__buf_6)
     1    0.07                           net896 (net)
                  0.15    0.02   20.34 ^ wire895/A (sky130_fd_sc_hd__buf_6)
                  0.08    0.16   20.50 ^ wire895/X (sky130_fd_sc_hd__buf_6)
     1    0.04                           net895 (net)
                  0.08    0.01   20.51 ^ wire5155/A (sky130_fd_sc_hd__clkbuf_4)
                  0.11    0.20   20.71 ^ wire5155/X (sky130_fd_sc_hd__clkbuf_4)
     1    0.03                           net5764 (net)
                  0.11    0.00   20.71 ^ wire894/A (sky130_fd_sc_hd__buf_6)
                  0.07    0.15   20.86 ^ wire894/X (sky130_fd_sc_hd__buf_6)
     1    0.03                           net894 (net)
                  0.07    0.00   20.87 ^ wire893/A (sky130_fd_sc_hd__buf_6)
                  0.08    0.14   21.01 ^ wire893/X (sky130_fd_sc_hd__buf_6)
     1    0.03                           net893 (net)
                  0.08    0.00   21.01 ^ wire892/A (sky130_fd_sc_hd__buf_6)
                  0.08    0.14   21.15 ^ wire892/X (sky130_fd_sc_hd__buf_6)
     1    0.04                           net892 (net)
                  0.08    0.01   21.16 ^ wire891/A (sky130_fd_sc_hd__buf_6)
                  0.09    0.15   21.31 ^ wire891/X (sky130_fd_sc_hd__buf_6)
     1    0.04                           net891 (net)
                  0.09    0.01   21.31 ^ _0735_/C (sky130_fd_sc_hd__nand3_4)
                  0.15    0.14   21.46 v _0735_/Y (sky130_fd_sc_hd__nand3_4)
     1    0.03                           _0036_ (net)
                  0.15    0.01   21.46 v wire666/A (sky130_fd_sc_hd__buf_6)
                  0.05    0.19   21.65 v wire666/X (sky130_fd_sc_hd__buf_6)
     1    0.04                           net666 (net)
                  0.05    0.01   21.66 v wire797/A (sky130_fd_sc_hd__buf_6)
                  0.05    0.15   21.80 v wire797/X (sky130_fd_sc_hd__buf_6)
     1    0.04                           net5536 (net)
                  0.05    0.00   21.81 v _0738_/A1_N (sky130_fd_sc_hd__o2bb2a_4)
                  0.26    0.36   22.17 ^ _0738_/X (sky130_fd_sc_hd__o2bb2a_4)
     1    0.08                           net309 (net)
                  0.26    0.02   22.19 ^ wire103/A (sky130_fd_sc_hd__buf_6)
                  0.11    0.21   22.40 ^ wire103/X (sky130_fd_sc_hd__buf_6)
     1    0.05                           net5287 (net)
                  0.11    0.01   22.40 ^ wire406/A (sky130_fd_sc_hd__buf_6)
                  0.10    0.17   22.57 ^ wire406/X (sky130_fd_sc_hd__buf_6)
     1    0.05                           net406 (net)
                  0.10    0.01   22.58 ^ output309/A (sky130_fd_sc_hd__buf_6)
                  0.09    0.15   22.73 ^ output309/X (sky130_fd_sc_hd__buf_6)
     1    0.04                           net7378 (net)
                  0.09    0.01   22.74 ^ output484/A (sky130_fd_sc_hd__buf_12)
                  0.13    0.19   22.93 ^ output484/X (sky130_fd_sc_hd__buf_12)
     1    0.11                           wbs_dat_o[29] (net)
                  0.13    0.00   22.93 ^ wbs_dat_o[29] (out)
                                 22.93   data arrival time

                         30.00   30.00   clock clk (rise edge)
                          6.00   36.00   clock network delay (propagated)
                         -0.10   35.90   clock uncertainty
                          0.00   35.90   clock reconvergence pessimism
                         -2.97   32.93   output external delay
                                 32.93   data required time
-----------------------------------------------------------------------------
                                 32.93   data required time
                                -22.93   data arrival time
-----------------------------------------------------------------------------
                                 10.00   slack (MET)


