
===========================================================================
report_checks -path_delay min (Hold)
============================================================================
Startpoint: wb_rst_i (input port clocked by clk)
Endpoint: _1071_ (removal check against rising-edge clock clk)
Path Group: **async_default**
Path Type: min

Fanout     Cap    Slew   Delay    Time   Description
-----------------------------------------------------------------------------
                          0.00    0.00   clock clk (rise edge)
                          6.00    6.00   clock network delay (propagated)
                          1.60    7.60 v input external delay
                  0.12    0.00    7.60 v wb_rst_i (in)
     1    0.00                           wb_rst_i (net)
                  0.12    0.00    7.60 v hold6907/A (sky130_fd_sc_hd__clkdlybuf4s50_2)
                  0.04    0.48    8.08 v hold6907/X (sky130_fd_sc_hd__clkdlybuf4s50_2)
     1    0.00                           net7905 (net)
                  0.04    0.00    8.08 v hold1/A (sky130_fd_sc_hd__dlymetal6s2s_1)
                  0.04    0.12    8.20 v hold1/X (sky130_fd_sc_hd__dlymetal6s2s_1)
     1    0.00                           net5091 (net)
                  0.04    0.00    8.20 v input279/A (sky130_fd_sc_hd__dlymetal6s2s_1)
                  0.04    0.13    8.34 v input279/X (sky130_fd_sc_hd__dlymetal6s2s_1)
     1    0.00                           net7173 (net)
                  0.04    0.00    8.34 v hold6450/A (sky130_fd_sc_hd__dlymetal6s2s_1)
                  0.05    0.14    8.48 v hold6450/X (sky130_fd_sc_hd__dlymetal6s2s_1)
     1    0.01                           net7059 (net)
                  0.05    0.00    8.48 v hold6448/A (sky130_fd_sc_hd__dlymetal6s2s_1)
                  0.06    0.15    8.62 v hold6448/X (sky130_fd_sc_hd__dlymetal6s2s_1)
     1    0.01                           net7057 (net)
                  0.06    0.00    8.63 v hold6451/A (sky130_fd_sc_hd__dlymetal6s2s_1)
                  0.07    0.16    8.79 v hold6451/X (sky130_fd_sc_hd__dlymetal6s2s_1)
     1    0.01                           net7060 (net)
                  0.07    0.00    8.79 v input104/A (sky130_fd_sc_hd__buf_6)
                  0.02    0.12    8.91 v input104/X (sky130_fd_sc_hd__buf_6)
     1    0.01                           net104 (net)
                  0.02    0.00    8.91 v hold6449/A (sky130_fd_sc_hd__buf_6)
                  0.09    0.15    9.06 v hold6449/X (sky130_fd_sc_hd__buf_6)
     2    0.09                           net7058 (net)
                  0.10    0.02    9.08 v wire5060/A (sky130_fd_sc_hd__buf_6)
                  0.07    0.17    9.25 v wire5060/X (sky130_fd_sc_hd__buf_6)
     1    0.07                           net5060 (net)
                  0.08    0.02    9.26 v wire5923/A (sky130_fd_sc_hd__buf_6)
                  0.06    0.16    9.42 v wire5923/X (sky130_fd_sc_hd__buf_6)
     2    0.05                           net6532 (net)
                  0.06    0.01    9.43 v wire6525/A (sky130_fd_sc_hd__buf_8)
                  0.13    0.19    9.62 v wire6525/X (sky130_fd_sc_hd__buf_8)
     2    0.18                           net7523 (net)
                  0.14    0.02    9.65 v max_length5059/A (sky130_fd_sc_hd__buf_6)
                  0.05    0.18    9.82 v max_length5059/X (sky130_fd_sc_hd__buf_6)
     1    0.04                           net5059 (net)
                  0.05    0.01    9.83 v wire5875/A (sky130_fd_sc_hd__buf_12)
                  0.07    0.15    9.98 v wire5875/X (sky130_fd_sc_hd__buf_12)
     3    0.13                           net6484 (net)
                  0.07    0.01    9.99 v _1068_/A (sky130_fd_sc_hd__clkinv_4)
                  0.06    0.08   10.06 ^ _1068_/Y (sky130_fd_sc_hd__clkinv_4)
     1    0.03                           _0002_ (net)
                  0.06    0.00   10.07 ^ _1071_/RESET_B (sky130_fd_sc_hd__dfrtp_4)
                                 10.07   data arrival time

                          0.00    0.00   clock clk (rise edge)
                          7.25    7.25   clock source latency
                  1.16    0.00    7.25 ^ wb_clk_i (in)
     1    0.03                           wb_clk_i (net)
                  1.16    0.00    7.25 ^ wire2/A (sky130_fd_sc_hd__buf_8)
                  0.06    0.21    7.46 ^ wire2/X (sky130_fd_sc_hd__buf_8)
     1    0.02                           net5186 (net)
                  0.06    0.00    7.46 ^ wire1/A (sky130_fd_sc_hd__buf_8)
                  0.05    0.12    7.58 ^ wire1/X (sky130_fd_sc_hd__buf_8)
     1    0.03                           net5185 (net)
                  0.05    0.00    7.58 ^ clkbuf_0_wb_clk_i/A (sky130_fd_sc_hd__clkbuf_16)
                  0.18    0.23    7.81 ^ clkbuf_0_wb_clk_i/X (sky130_fd_sc_hd__clkbuf_16)
     3    0.17                           clknet_0_wb_clk_i (net)
                  0.19    0.03    7.84 ^ clkbuf_1_0_0_wb_clk_i/A (sky130_fd_sc_hd__clkbuf_8)
                  0.12    0.23    8.07 ^ clkbuf_1_0_0_wb_clk_i/X (sky130_fd_sc_hd__clkbuf_8)
     1    0.06                           clknet_1_0_0_wb_clk_i (net)
                  0.12    0.01    8.08 ^ wire9/A (sky130_fd_sc_hd__buf_8)
                  0.19    0.22    8.30 ^ wire9/X (sky130_fd_sc_hd__buf_8)
     2    0.12                           net5193 (net)
                  0.20    0.03    8.33 ^ wire5/A (sky130_fd_sc_hd__clkbuf_8)
                  0.03    0.17    8.50 ^ wire5/X (sky130_fd_sc_hd__clkbuf_8)
     1    0.01                           net5189 (net)
                  0.03    0.00    8.50 ^ wire192/A (sky130_fd_sc_hd__buf_6)
                  0.29    0.25    8.75 ^ wire192/X (sky130_fd_sc_hd__buf_6)
     2    0.15                           net5089 (net)
                  0.31    0.06    8.81 ^ wire4/A (sky130_fd_sc_hd__buf_8)
                  0.06    0.17    8.98 ^ wire4/X (sky130_fd_sc_hd__buf_8)
     1    0.02                           net5188 (net)
                  0.06    0.00    8.98 ^ clkbuf_0_net5188/A (sky130_fd_sc_hd__clkbuf_16)
                  0.05    0.14    9.12 ^ clkbuf_0_net5188/X (sky130_fd_sc_hd__clkbuf_16)
     2    0.02                           clknet_0_net5188 (net)
                  0.05    0.00    9.12 ^ clkbuf_1_1__f_net5188/A (sky130_fd_sc_hd__clkbuf_16)
                  0.04    0.13    9.25 ^ clkbuf_1_1__f_net5188/X (sky130_fd_sc_hd__clkbuf_16)
     1    0.02                           clknet_1_1__leaf_net5188 (net)
                  0.04    0.00    9.25 ^ _1071_/CLK (sky130_fd_sc_hd__dfrtp_4)
                          0.10    9.35   clock uncertainty
                          0.00    9.35   clock reconvergence pessimism
                          0.32    9.67   library removal time
                                  9.67   data required time
-----------------------------------------------------------------------------
                                  9.67   data required time
                                -10.07   data arrival time
-----------------------------------------------------------------------------
                                  0.39   slack (MET)


Startpoint: wb_rst_i (input port clocked by clk)
Endpoint: _1072_ (removal check against rising-edge clock clk)
Path Group: **async_default**
Path Type: min

Fanout     Cap    Slew   Delay    Time   Description
-----------------------------------------------------------------------------
                          0.00    0.00   clock clk (rise edge)
                          6.00    6.00   clock network delay (propagated)
                          1.60    7.60 v input external delay
                  0.12    0.00    7.60 v wb_rst_i (in)
     1    0.00                           wb_rst_i (net)
                  0.12    0.00    7.60 v hold6907/A (sky130_fd_sc_hd__clkdlybuf4s50_2)
                  0.04    0.48    8.08 v hold6907/X (sky130_fd_sc_hd__clkdlybuf4s50_2)
     1    0.00                           net7905 (net)
                  0.04    0.00    8.08 v hold1/A (sky130_fd_sc_hd__dlymetal6s2s_1)
                  0.04    0.12    8.20 v hold1/X (sky130_fd_sc_hd__dlymetal6s2s_1)
     1    0.00                           net5091 (net)
                  0.04    0.00    8.20 v input279/A (sky130_fd_sc_hd__dlymetal6s2s_1)
                  0.04    0.13    8.34 v input279/X (sky130_fd_sc_hd__dlymetal6s2s_1)
     1    0.00                           net7173 (net)
                  0.04    0.00    8.34 v hold6450/A (sky130_fd_sc_hd__dlymetal6s2s_1)
                  0.05    0.14    8.48 v hold6450/X (sky130_fd_sc_hd__dlymetal6s2s_1)
     1    0.01                           net7059 (net)
                  0.05    0.00    8.48 v hold6448/A (sky130_fd_sc_hd__dlymetal6s2s_1)
                  0.06    0.15    8.62 v hold6448/X (sky130_fd_sc_hd__dlymetal6s2s_1)
     1    0.01                           net7057 (net)
                  0.06    0.00    8.63 v hold6451/A (sky130_fd_sc_hd__dlymetal6s2s_1)
                  0.07    0.16    8.79 v hold6451/X (sky130_fd_sc_hd__dlymetal6s2s_1)
     1    0.01                           net7060 (net)
                  0.07    0.00    8.79 v input104/A (sky130_fd_sc_hd__buf_6)
                  0.02    0.12    8.91 v input104/X (sky130_fd_sc_hd__buf_6)
     1    0.01                           net104 (net)
                  0.02    0.00    8.91 v hold6449/A (sky130_fd_sc_hd__buf_6)
                  0.09    0.15    9.06 v hold6449/X (sky130_fd_sc_hd__buf_6)
     2    0.09                           net7058 (net)
                  0.10    0.02    9.08 v wire5060/A (sky130_fd_sc_hd__buf_6)
                  0.07    0.17    9.25 v wire5060/X (sky130_fd_sc_hd__buf_6)
     1    0.07                           net5060 (net)
                  0.08    0.02    9.26 v wire5923/A (sky130_fd_sc_hd__buf_6)
                  0.06    0.16    9.42 v wire5923/X (sky130_fd_sc_hd__buf_6)
     2    0.05                           net6532 (net)
                  0.06    0.01    9.43 v _1069_/A (sky130_fd_sc_hd__clkinv_4)
                  0.07    0.08    9.51 ^ _1069_/Y (sky130_fd_sc_hd__clkinv_4)
     1    0.03                           _0003_ (net)
                  0.07    0.00    9.51 ^ _1072_/RESET_B (sky130_fd_sc_hd__dfrtp_4)
                                  9.51   data arrival time

                          0.00    0.00   clock clk (rise edge)
                          7.25    7.25   clock source latency
                  1.16    0.00    7.25 ^ wb_clk_i (in)
     1    0.03                           wb_clk_i (net)
                  1.16    0.00    7.25 ^ wire2/A (sky130_fd_sc_hd__buf_8)
                  0.06    0.21    7.46 ^ wire2/X (sky130_fd_sc_hd__buf_8)
     1    0.02                           net5186 (net)
                  0.06    0.00    7.46 ^ wire1/A (sky130_fd_sc_hd__buf_8)
                  0.05    0.12    7.58 ^ wire1/X (sky130_fd_sc_hd__buf_8)
     1    0.03                           net5185 (net)
                  0.05    0.00    7.58 ^ clkbuf_0_wb_clk_i/A (sky130_fd_sc_hd__clkbuf_16)
                  0.18    0.23    7.81 ^ clkbuf_0_wb_clk_i/X (sky130_fd_sc_hd__clkbuf_16)
     3    0.17                           clknet_0_wb_clk_i (net)
                  0.19    0.03    7.84 ^ clkbuf_1_0_0_wb_clk_i/A (sky130_fd_sc_hd__clkbuf_8)
                  0.12    0.23    8.07 ^ clkbuf_1_0_0_wb_clk_i/X (sky130_fd_sc_hd__clkbuf_8)
     1    0.06                           clknet_1_0_0_wb_clk_i (net)
                  0.12    0.01    8.08 ^ wire9/A (sky130_fd_sc_hd__buf_8)
                  0.19    0.22    8.30 ^ wire9/X (sky130_fd_sc_hd__buf_8)
     2    0.12                           net5193 (net)
                  0.20    0.02    8.32 ^ wire8/A (sky130_fd_sc_hd__clkbuf_16)
                  0.10    0.23    8.55 ^ wire8/X (sky130_fd_sc_hd__clkbuf_16)
     2    0.09                           net5192 (net)
                  0.10    0.01    8.56 ^ _1072_/CLK (sky130_fd_sc_hd__dfrtp_4)
                          0.10    8.66   clock uncertainty
                          0.00    8.66   clock reconvergence pessimism
                          0.34    9.00   library removal time
                                  9.00   data required time
-----------------------------------------------------------------------------
                                  9.00   data required time
                                 -9.51   data arrival time
-----------------------------------------------------------------------------
                                  0.51   slack (MET)


Startpoint: wb_rst_i (input port clocked by clk)
Endpoint: genblk1[0].user_project (removal check against rising-edge clock clk)
Path Group: **async_default**
Path Type: min

Fanout     Cap    Slew   Delay    Time   Description
-----------------------------------------------------------------------------
                          0.00    0.00   clock clk (rise edge)
                          6.00    6.00   clock network delay (propagated)
                          1.60    7.60 ^ input external delay
                  0.12    0.00    7.60 ^ wb_rst_i (in)
     1    0.00                           wb_rst_i (net)
                  0.12    0.00    7.60 ^ hold6907/A (sky130_fd_sc_hd__clkdlybuf4s50_2)
                  0.03    0.48    8.08 ^ hold6907/X (sky130_fd_sc_hd__clkdlybuf4s50_2)
     1    0.00                           net7905 (net)
                  0.03    0.00    8.08 ^ hold1/A (sky130_fd_sc_hd__dlymetal6s2s_1)
                  0.05    0.09    8.17 ^ hold1/X (sky130_fd_sc_hd__dlymetal6s2s_1)
     1    0.00                           net5091 (net)
                  0.05    0.00    8.17 ^ input279/A (sky130_fd_sc_hd__dlymetal6s2s_1)
                  0.07    0.11    8.27 ^ input279/X (sky130_fd_sc_hd__dlymetal6s2s_1)
     1    0.00                           net7173 (net)
                  0.07    0.00    8.27 ^ hold6450/A (sky130_fd_sc_hd__dlymetal6s2s_1)
                  0.08    0.12    8.40 ^ hold6450/X (sky130_fd_sc_hd__dlymetal6s2s_1)
     1    0.01                           net7059 (net)
                  0.08    0.00    8.40 ^ hold6448/A (sky130_fd_sc_hd__dlymetal6s2s_1)
                  0.10    0.14    8.53 ^ hold6448/X (sky130_fd_sc_hd__dlymetal6s2s_1)
     1    0.01                           net7057 (net)
                  0.10    0.00    8.53 ^ hold6451/A (sky130_fd_sc_hd__dlymetal6s2s_1)
                  0.13    0.16    8.69 ^ hold6451/X (sky130_fd_sc_hd__dlymetal6s2s_1)
     1    0.01                           net7060 (net)
                  0.13    0.00    8.69 ^ input104/A (sky130_fd_sc_hd__buf_6)
                  0.03    0.11    8.80 ^ input104/X (sky130_fd_sc_hd__buf_6)
     1    0.01                           net104 (net)
                  0.03    0.00    8.80 ^ hold6449/A (sky130_fd_sc_hd__buf_6)
                  0.19    0.18    8.99 ^ hold6449/X (sky130_fd_sc_hd__buf_6)
     2    0.09                           net7058 (net)
                  0.19    0.00    8.99 ^ wire6696/A (sky130_fd_sc_hd__buf_8)
                  0.20    0.22    9.20 ^ wire6696/X (sky130_fd_sc_hd__buf_8)
     2    0.13                           net7694 (net)
                  0.20    0.01    9.22 ^ genblk1[0].user_project/wb_rst_i (user_project)
                                  9.22   data arrival time

                          0.00    0.00   clock clk (rise edge)
                          7.25    7.25   clock source latency
                  1.16    0.00    7.25 ^ wb_clk_i (in)
     1    0.03                           wb_clk_i (net)
                  1.16    0.00    7.25 ^ wire2/A (sky130_fd_sc_hd__buf_8)
                  0.06    0.21    7.46 ^ wire2/X (sky130_fd_sc_hd__buf_8)
     1    0.02                           net5186 (net)
                  0.06    0.00    7.46 ^ wire1/A (sky130_fd_sc_hd__buf_8)
                  0.05    0.12    7.58 ^ wire1/X (sky130_fd_sc_hd__buf_8)
     1    0.03                           net5185 (net)
                  0.05    0.00    7.58 ^ clkbuf_0_wb_clk_i/A (sky130_fd_sc_hd__clkbuf_16)
                  0.18    0.23    7.81 ^ clkbuf_0_wb_clk_i/X (sky130_fd_sc_hd__clkbuf_16)
     3    0.17                           clknet_0_wb_clk_i (net)
                  0.19    0.03    7.84 ^ clkbuf_1_0_0_wb_clk_i/A (sky130_fd_sc_hd__clkbuf_8)
                  0.12    0.23    8.07 ^ clkbuf_1_0_0_wb_clk_i/X (sky130_fd_sc_hd__clkbuf_8)
     1    0.06                           clknet_1_0_0_wb_clk_i (net)
                  0.12    0.01    8.08 ^ wire9/A (sky130_fd_sc_hd__buf_8)
                  0.19    0.22    8.30 ^ wire9/X (sky130_fd_sc_hd__buf_8)
     2    0.12                           net5193 (net)
                  0.20    0.02    8.32 ^ wire8/A (sky130_fd_sc_hd__clkbuf_16)
                  0.10    0.23    8.55 ^ wire8/X (sky130_fd_sc_hd__clkbuf_16)
     2    0.09                           net5192 (net)
                  0.10    0.01    8.56 ^ wire7/A (sky130_fd_sc_hd__buf_8)
                  0.10    0.16    8.72 ^ wire7/X (sky130_fd_sc_hd__buf_8)
     1    0.06                           net5191 (net)
                  0.10    0.01    8.73 ^ wire6/A (sky130_fd_sc_hd__buf_12)
                  0.24    0.24    8.97 ^ wire6/X (sky130_fd_sc_hd__buf_12)
     1    0.21                           net5190 (net)
                  0.26    0.05    9.02 ^ genblk1[0].user_project/wb_clk_i (user_project)
                          0.10    9.12   clock uncertainty
                          0.00    9.12   clock reconvergence pessimism
                         -0.45    8.67   library removal time
                                  8.67   data required time
-----------------------------------------------------------------------------
                                  8.67   data required time
                                 -9.22   data arrival time
-----------------------------------------------------------------------------
                                  0.54   slack (MET)


Startpoint: wb_rst_i (input port clocked by clk)
Endpoint: genblk1[1].user_project (removal check against rising-edge clock clk)
Path Group: **async_default**
Path Type: min

Fanout     Cap    Slew   Delay    Time   Description
-----------------------------------------------------------------------------
                          0.00    0.00   clock clk (rise edge)
                          6.00    6.00   clock network delay (propagated)
                          1.60    7.60 ^ input external delay
                  0.12    0.00    7.60 ^ wb_rst_i (in)
     1    0.00                           wb_rst_i (net)
                  0.12    0.00    7.60 ^ hold6907/A (sky130_fd_sc_hd__clkdlybuf4s50_2)
                  0.03    0.48    8.08 ^ hold6907/X (sky130_fd_sc_hd__clkdlybuf4s50_2)
     1    0.00                           net7905 (net)
                  0.03    0.00    8.08 ^ hold1/A (sky130_fd_sc_hd__dlymetal6s2s_1)
                  0.05    0.09    8.17 ^ hold1/X (sky130_fd_sc_hd__dlymetal6s2s_1)
     1    0.00                           net5091 (net)
                  0.05    0.00    8.17 ^ input279/A (sky130_fd_sc_hd__dlymetal6s2s_1)
                  0.07    0.11    8.27 ^ input279/X (sky130_fd_sc_hd__dlymetal6s2s_1)
     1    0.00                           net7173 (net)
                  0.07    0.00    8.27 ^ hold6450/A (sky130_fd_sc_hd__dlymetal6s2s_1)
                  0.08    0.12    8.40 ^ hold6450/X (sky130_fd_sc_hd__dlymetal6s2s_1)
     1    0.01                           net7059 (net)
                  0.08    0.00    8.40 ^ hold6448/A (sky130_fd_sc_hd__dlymetal6s2s_1)
                  0.10    0.14    8.53 ^ hold6448/X (sky130_fd_sc_hd__dlymetal6s2s_1)
     1    0.01                           net7057 (net)
                  0.10    0.00    8.53 ^ hold6451/A (sky130_fd_sc_hd__dlymetal6s2s_1)
                  0.13    0.16    8.69 ^ hold6451/X (sky130_fd_sc_hd__dlymetal6s2s_1)
     1    0.01                           net7060 (net)
                  0.13    0.00    8.69 ^ input104/A (sky130_fd_sc_hd__buf_6)
                  0.03    0.11    8.80 ^ input104/X (sky130_fd_sc_hd__buf_6)
     1    0.01                           net104 (net)
                  0.03    0.00    8.80 ^ hold6449/A (sky130_fd_sc_hd__buf_6)
                  0.19    0.18    8.99 ^ hold6449/X (sky130_fd_sc_hd__buf_6)
     2    0.09                           net7058 (net)
                  0.19    0.02    9.01 ^ wire5060/A (sky130_fd_sc_hd__buf_6)
                  0.15    0.20    9.20 ^ wire5060/X (sky130_fd_sc_hd__buf_6)
     1    0.07                           net5060 (net)
                  0.15    0.02    9.22 ^ wire5923/A (sky130_fd_sc_hd__buf_6)
                  0.12    0.18    9.40 ^ wire5923/X (sky130_fd_sc_hd__buf_6)
     2    0.06                           net6532 (net)
                  0.12    0.01    9.40 ^ wire6525/A (sky130_fd_sc_hd__buf_8)
                  0.28    0.27    9.67 ^ wire6525/X (sky130_fd_sc_hd__buf_8)
     2    0.18                           net7523 (net)
                  0.29    0.02    9.70 ^ genblk1[1].user_project/wb_rst_i (user_project)
                                  9.70   data arrival time

                          0.00    0.00   clock clk (rise edge)
                          7.25    7.25   clock source latency
                  1.16    0.00    7.25 ^ wb_clk_i (in)
     1    0.03                           wb_clk_i (net)
                  1.16    0.00    7.25 ^ wire2/A (sky130_fd_sc_hd__buf_8)
                  0.06    0.21    7.46 ^ wire2/X (sky130_fd_sc_hd__buf_8)
     1    0.02                           net5186 (net)
                  0.06    0.00    7.46 ^ wire1/A (sky130_fd_sc_hd__buf_8)
                  0.05    0.12    7.58 ^ wire1/X (sky130_fd_sc_hd__buf_8)
     1    0.03                           net5185 (net)
                  0.05    0.00    7.58 ^ clkbuf_0_wb_clk_i/A (sky130_fd_sc_hd__clkbuf_16)
                  0.18    0.23    7.81 ^ clkbuf_0_wb_clk_i/X (sky130_fd_sc_hd__clkbuf_16)
     3    0.17                           clknet_0_wb_clk_i (net)
                  0.19    0.03    7.84 ^ clkbuf_1_0_0_wb_clk_i/A (sky130_fd_sc_hd__clkbuf_8)
                  0.12    0.23    8.07 ^ clkbuf_1_0_0_wb_clk_i/X (sky130_fd_sc_hd__clkbuf_8)
     1    0.06                           clknet_1_0_0_wb_clk_i (net)
                  0.12    0.01    8.08 ^ wire9/A (sky130_fd_sc_hd__buf_8)
                  0.19    0.22    8.30 ^ wire9/X (sky130_fd_sc_hd__buf_8)
     2    0.12                           net5193 (net)
                  0.20    0.03    8.33 ^ wire5/A (sky130_fd_sc_hd__clkbuf_8)
                  0.03    0.17    8.50 ^ wire5/X (sky130_fd_sc_hd__clkbuf_8)
     1    0.01                           net5189 (net)
                  0.03    0.00    8.50 ^ wire192/A (sky130_fd_sc_hd__buf_6)
                  0.29    0.25    8.75 ^ wire192/X (sky130_fd_sc_hd__buf_6)
     2    0.15                           net5089 (net)
                  0.31    0.06    8.81 ^ wire4/A (sky130_fd_sc_hd__buf_8)
                  0.06    0.17    8.98 ^ wire4/X (sky130_fd_sc_hd__buf_8)
     1    0.02                           net5188 (net)
                  0.06    0.00    8.98 ^ clkbuf_0_net5188/A (sky130_fd_sc_hd__clkbuf_16)
                  0.05    0.14    9.12 ^ clkbuf_0_net5188/X (sky130_fd_sc_hd__clkbuf_16)
     2    0.02                           clknet_0_net5188 (net)
                  0.05    0.00    9.12 ^ clkbuf_1_0__f_net5188/A (sky130_fd_sc_hd__clkbuf_16)
                  0.05    0.13    9.25 ^ clkbuf_1_0__f_net5188/X (sky130_fd_sc_hd__clkbuf_16)
     1    0.02                           clknet_1_0__leaf_net5188 (net)
                  0.05    0.00    9.26 ^ wire3/A (sky130_fd_sc_hd__buf_12)
                  0.24    0.22    9.48 ^ wire3/X (sky130_fd_sc_hd__buf_12)
     1    0.21                           net5187 (net)
                  0.25    0.04    9.52 ^ genblk1[1].user_project/wb_clk_i (user_project)
                          0.10    9.62   clock uncertainty
                          0.00    9.62   clock reconvergence pessimism
                         -0.47    9.15   library removal time
                                  9.15   data required time
-----------------------------------------------------------------------------
                                  9.15   data required time
                                 -9.70   data arrival time
-----------------------------------------------------------------------------
                                  0.55   slack (MET)


Startpoint: wb_rst_i (input port clocked by clk)
Endpoint: _1070_ (removal check against rising-edge clock clk)
Path Group: **async_default**
Path Type: min

Fanout     Cap    Slew   Delay    Time   Description
-----------------------------------------------------------------------------
                          0.00    0.00   clock clk (rise edge)
                          6.00    6.00   clock network delay (propagated)
                          1.60    7.60 v input external delay
                  0.12    0.00    7.60 v wb_rst_i (in)
     1    0.00                           wb_rst_i (net)
                  0.12    0.00    7.60 v hold6907/A (sky130_fd_sc_hd__clkdlybuf4s50_2)
                  0.04    0.48    8.08 v hold6907/X (sky130_fd_sc_hd__clkdlybuf4s50_2)
     1    0.00                           net7905 (net)
                  0.04    0.00    8.08 v hold1/A (sky130_fd_sc_hd__dlymetal6s2s_1)
                  0.04    0.12    8.20 v hold1/X (sky130_fd_sc_hd__dlymetal6s2s_1)
     1    0.00                           net5091 (net)
                  0.04    0.00    8.20 v input279/A (sky130_fd_sc_hd__dlymetal6s2s_1)
                  0.04    0.13    8.34 v input279/X (sky130_fd_sc_hd__dlymetal6s2s_1)
     1    0.00                           net7173 (net)
                  0.04    0.00    8.34 v hold6450/A (sky130_fd_sc_hd__dlymetal6s2s_1)
                  0.05    0.14    8.48 v hold6450/X (sky130_fd_sc_hd__dlymetal6s2s_1)
     1    0.01                           net7059 (net)
                  0.05    0.00    8.48 v hold6448/A (sky130_fd_sc_hd__dlymetal6s2s_1)
                  0.06    0.15    8.62 v hold6448/X (sky130_fd_sc_hd__dlymetal6s2s_1)
     1    0.01                           net7057 (net)
                  0.06    0.00    8.63 v hold6451/A (sky130_fd_sc_hd__dlymetal6s2s_1)
                  0.07    0.16    8.79 v hold6451/X (sky130_fd_sc_hd__dlymetal6s2s_1)
     1    0.01                           net7060 (net)
                  0.07    0.00    8.79 v input104/A (sky130_fd_sc_hd__buf_6)
                  0.02    0.12    8.91 v input104/X (sky130_fd_sc_hd__buf_6)
     1    0.01                           net104 (net)
                  0.02    0.00    8.91 v hold6449/A (sky130_fd_sc_hd__buf_6)
                  0.09    0.15    9.06 v hold6449/X (sky130_fd_sc_hd__buf_6)
     2    0.09                           net7058 (net)
                  0.10    0.02    9.08 v wire5060/A (sky130_fd_sc_hd__buf_6)
                  0.07    0.17    9.25 v wire5060/X (sky130_fd_sc_hd__buf_6)
     1    0.07                           net5060 (net)
                  0.08    0.02    9.26 v wire5923/A (sky130_fd_sc_hd__buf_6)
                  0.06    0.16    9.42 v wire5923/X (sky130_fd_sc_hd__buf_6)
     2    0.05                           net6532 (net)
                  0.06    0.01    9.43 v wire6525/A (sky130_fd_sc_hd__buf_8)
                  0.13    0.19    9.62 v wire6525/X (sky130_fd_sc_hd__buf_8)
     2    0.18                           net7523 (net)
                  0.14    0.02    9.65 v max_length5059/A (sky130_fd_sc_hd__buf_6)
                  0.05    0.18    9.82 v max_length5059/X (sky130_fd_sc_hd__buf_6)
     1    0.04                           net5059 (net)
                  0.05    0.01    9.83 v wire5875/A (sky130_fd_sc_hd__buf_12)
                  0.07    0.15    9.98 v wire5875/X (sky130_fd_sc_hd__buf_12)
     3    0.13                           net6484 (net)
                  0.07    0.01    9.98 v _0464_/A (sky130_fd_sc_hd__clkinv_4)
                  0.08    0.09   10.07 ^ _0464_/Y (sky130_fd_sc_hd__clkinv_4)
     1    0.04                           _0001_ (net)
                  0.08    0.01   10.08 ^ _1070_/RESET_B (sky130_fd_sc_hd__dfrtp_4)
                                 10.08   data arrival time

                          0.00    0.00   clock clk (rise edge)
                          7.25    7.25   clock source latency
                  1.16    0.00    7.25 ^ wb_clk_i (in)
     1    0.03                           wb_clk_i (net)
                  1.16    0.00    7.25 ^ wire2/A (sky130_fd_sc_hd__buf_8)
                  0.06    0.21    7.46 ^ wire2/X (sky130_fd_sc_hd__buf_8)
     1    0.02                           net5186 (net)
                  0.06    0.00    7.46 ^ wire1/A (sky130_fd_sc_hd__buf_8)
                  0.05    0.12    7.58 ^ wire1/X (sky130_fd_sc_hd__buf_8)
     1    0.03                           net5185 (net)
                  0.05    0.00    7.58 ^ clkbuf_0_wb_clk_i/A (sky130_fd_sc_hd__clkbuf_16)
                  0.18    0.23    7.81 ^ clkbuf_0_wb_clk_i/X (sky130_fd_sc_hd__clkbuf_16)
     3    0.17                           clknet_0_wb_clk_i (net)
                  0.19    0.03    7.84 ^ clkbuf_1_0_0_wb_clk_i/A (sky130_fd_sc_hd__clkbuf_8)
                  0.12    0.23    8.07 ^ clkbuf_1_0_0_wb_clk_i/X (sky130_fd_sc_hd__clkbuf_8)
     1    0.06                           clknet_1_0_0_wb_clk_i (net)
                  0.12    0.01    8.08 ^ wire9/A (sky130_fd_sc_hd__buf_8)
                  0.19    0.22    8.30 ^ wire9/X (sky130_fd_sc_hd__buf_8)
     2    0.12                           net5193 (net)
                  0.20    0.03    8.33 ^ wire5/A (sky130_fd_sc_hd__clkbuf_8)
                  0.03    0.17    8.50 ^ wire5/X (sky130_fd_sc_hd__clkbuf_8)
     1    0.01                           net5189 (net)
                  0.03    0.00    8.50 ^ wire192/A (sky130_fd_sc_hd__buf_6)
                  0.29    0.25    8.75 ^ wire192/X (sky130_fd_sc_hd__buf_6)
     2    0.15                           net5089 (net)
                  0.32    0.06    8.81 ^ _1070_/CLK (sky130_fd_sc_hd__dfrtp_4)
                          0.10    8.91   clock uncertainty
                          0.00    8.91   clock reconvergence pessimism
                          0.40    9.32   library removal time
                                  9.32   data required time
-----------------------------------------------------------------------------
                                  9.32   data required time
                                -10.08   data arrival time
-----------------------------------------------------------------------------
                                  0.76   slack (MET)


Startpoint: wbs_adr_i[18] (input port clocked by clk)
Endpoint: _1071_ (rising edge-triggered flip-flop clocked by clk)
Path Group: clk
Path Type: min

Fanout     Cap    Slew   Delay    Time   Description
-----------------------------------------------------------------------------
                          0.00    0.00   clock clk (rise edge)
                          6.00    6.00   clock network delay (propagated)
                          1.80    7.80 v input external delay
                  0.08    0.00    7.80 v wbs_adr_i[18] (in)
     1    0.00                           wbs_adr_i[18] (net)
                  0.08    0.00    7.80 v input289/A (sky130_fd_sc_hd__clkbuf_4)
                  0.10    0.20    8.00 v input289/X (sky130_fd_sc_hd__clkbuf_4)
     2    0.05                           net7183 (net)
                  0.10    0.01    8.01 v input114/A (sky130_fd_sc_hd__clkbuf_4)
                  0.11    0.22    8.23 v input114/X (sky130_fd_sc_hd__clkbuf_4)
     1    0.05                           net114 (net)
                  0.11    0.01    8.24 v wire5007/A (sky130_fd_sc_hd__buf_6)
                  0.06    0.17    8.41 v wire5007/X (sky130_fd_sc_hd__buf_6)
     2    0.05                           net5007 (net)
                  0.06    0.00    8.41 v wire6877/A (sky130_fd_sc_hd__buf_12)
                  0.12    0.19    8.60 v wire6877/X (sky130_fd_sc_hd__buf_12)
     2    0.23                           net7875 (net)
                  0.13    0.02    8.61 v wire5006/A (sky130_fd_sc_hd__buf_6)
                  0.06    0.18    8.79 v wire5006/X (sky130_fd_sc_hd__buf_6)
     1    0.05                           net5006 (net)
                  0.06    0.01    8.80 v wire5565/A (sky130_fd_sc_hd__buf_6)
                  0.09    0.17    8.97 v wire5565/X (sky130_fd_sc_hd__buf_6)
     2    0.09                           net6174 (net)
                  0.09    0.01    8.98 v wire5564/A (sky130_fd_sc_hd__buf_6)
                  0.03    0.14    9.12 v wire5564/X (sky130_fd_sc_hd__buf_6)
     1    0.02                           net6173 (net)
                  0.03    0.00    9.12 v _0480_/D (sky130_fd_sc_hd__nand4bb_2)
                  0.09    0.11    9.23 ^ _0480_/Y (sky130_fd_sc_hd__nand4bb_2)
     1    0.01                           _0302_ (net)
                  0.09    0.00    9.23 ^ _0481_/B (sky130_fd_sc_hd__nor2_2)
                  0.04    0.05    9.28 v _0481_/Y (sky130_fd_sc_hd__nor2_2)
     1    0.01                           _0303_ (net)
                  0.04    0.00    9.28 v hold6454/A (sky130_fd_sc_hd__dlymetal6s2s_1)
                  0.06    0.15    9.43 v hold6454/X (sky130_fd_sc_hd__dlymetal6s2s_1)
     1    0.01                           net7063 (net)
                  0.06    0.00    9.43 v wire765/A (sky130_fd_sc_hd__buf_4)
                  0.06    0.17    9.60 v wire765/X (sky130_fd_sc_hd__buf_4)
     3    0.03                           net765 (net)
                  0.06    0.00    9.60 v _0485_/D (sky130_fd_sc_hd__nand4_2)
                  0.06    0.10    9.70 ^ _0485_/Y (sky130_fd_sc_hd__nand4_2)
     1    0.01                           _0306_ (net)
                  0.06    0.00    9.70 ^ hold6455/A (sky130_fd_sc_hd__dlymetal6s2s_1)
                  0.14    0.16    9.85 ^ hold6455/X (sky130_fd_sc_hd__dlymetal6s2s_1)
     1    0.01                           net7064 (net)
                  0.14    0.00    9.86 ^ _0486_/B2 (sky130_fd_sc_hd__o2bb2ai_2)
                  0.06    0.09    9.95 v _0486_/Y (sky130_fd_sc_hd__o2bb2ai_2)
     1    0.01                           _0005_ (net)
                  0.06    0.00    9.95 v hold6456/A (sky130_fd_sc_hd__dlymetal6s2s_1)
                  0.08    0.17   10.12 v hold6456/X (sky130_fd_sc_hd__dlymetal6s2s_1)
     1    0.01                           net7065 (net)
                  0.08    0.00   10.12 v _1071_/D (sky130_fd_sc_hd__dfrtp_4)
                                 10.12   data arrival time

                          0.00    0.00   clock clk (rise edge)
                          7.25    7.25   clock source latency
                  1.16    0.00    7.25 ^ wb_clk_i (in)
     1    0.03                           wb_clk_i (net)
                  1.16    0.00    7.25 ^ wire2/A (sky130_fd_sc_hd__buf_8)
                  0.06    0.21    7.46 ^ wire2/X (sky130_fd_sc_hd__buf_8)
     1    0.02                           net5186 (net)
                  0.06    0.00    7.46 ^ wire1/A (sky130_fd_sc_hd__buf_8)
                  0.05    0.12    7.58 ^ wire1/X (sky130_fd_sc_hd__buf_8)
     1    0.03                           net5185 (net)
                  0.05    0.00    7.58 ^ clkbuf_0_wb_clk_i/A (sky130_fd_sc_hd__clkbuf_16)
                  0.18    0.23    7.81 ^ clkbuf_0_wb_clk_i/X (sky130_fd_sc_hd__clkbuf_16)
     3    0.17                           clknet_0_wb_clk_i (net)
                  0.19    0.03    7.84 ^ clkbuf_1_0_0_wb_clk_i/A (sky130_fd_sc_hd__clkbuf_8)
                  0.12    0.23    8.07 ^ clkbuf_1_0_0_wb_clk_i/X (sky130_fd_sc_hd__clkbuf_8)
     1    0.06                           clknet_1_0_0_wb_clk_i (net)
                  0.12    0.01    8.08 ^ wire9/A (sky130_fd_sc_hd__buf_8)
                  0.19    0.22    8.30 ^ wire9/X (sky130_fd_sc_hd__buf_8)
     2    0.12                           net5193 (net)
                  0.20    0.03    8.33 ^ wire5/A (sky130_fd_sc_hd__clkbuf_8)
                  0.03    0.17    8.50 ^ wire5/X (sky130_fd_sc_hd__clkbuf_8)
     1    0.01                           net5189 (net)
                  0.03    0.00    8.50 ^ wire192/A (sky130_fd_sc_hd__buf_6)
                  0.29    0.25    8.75 ^ wire192/X (sky130_fd_sc_hd__buf_6)
     2    0.15                           net5089 (net)
                  0.31    0.06    8.81 ^ wire4/A (sky130_fd_sc_hd__buf_8)
                  0.06    0.17    8.98 ^ wire4/X (sky130_fd_sc_hd__buf_8)
     1    0.02                           net5188 (net)
                  0.06    0.00    8.98 ^ clkbuf_0_net5188/A (sky130_fd_sc_hd__clkbuf_16)
                  0.05    0.14    9.12 ^ clkbuf_0_net5188/X (sky130_fd_sc_hd__clkbuf_16)
     2    0.02                           clknet_0_net5188 (net)
                  0.05    0.00    9.12 ^ clkbuf_1_1__f_net5188/A (sky130_fd_sc_hd__clkbuf_16)
                  0.04    0.13    9.25 ^ clkbuf_1_1__f_net5188/X (sky130_fd_sc_hd__clkbuf_16)
     1    0.02                           clknet_1_1__leaf_net5188 (net)
                  0.04    0.00    9.25 ^ _1071_/CLK (sky130_fd_sc_hd__dfrtp_4)
                          0.10    9.35   clock uncertainty
                          0.00    9.35   clock reconvergence pessimism
                         -0.06    9.30   library hold time
                                  9.30   data required time
-----------------------------------------------------------------------------
                                  9.30   data required time
                                -10.12   data arrival time
-----------------------------------------------------------------------------
                                  0.82   slack (MET)


Startpoint: wbs_adr_i[18] (input port clocked by clk)
Endpoint: _1070_ (rising edge-triggered flip-flop clocked by clk)
Path Group: clk
Path Type: min

Fanout     Cap    Slew   Delay    Time   Description
-----------------------------------------------------------------------------
                          0.00    0.00   clock clk (rise edge)
                          6.00    6.00   clock network delay (propagated)
                          1.80    7.80 v input external delay
                  0.08    0.00    7.80 v wbs_adr_i[18] (in)
     1    0.00                           wbs_adr_i[18] (net)
                  0.08    0.00    7.80 v input289/A (sky130_fd_sc_hd__clkbuf_4)
                  0.10    0.20    8.00 v input289/X (sky130_fd_sc_hd__clkbuf_4)
     2    0.05                           net7183 (net)
                  0.10    0.01    8.01 v input114/A (sky130_fd_sc_hd__clkbuf_4)
                  0.11    0.22    8.23 v input114/X (sky130_fd_sc_hd__clkbuf_4)
     1    0.05                           net114 (net)
                  0.11    0.01    8.24 v wire5007/A (sky130_fd_sc_hd__buf_6)
                  0.06    0.17    8.41 v wire5007/X (sky130_fd_sc_hd__buf_6)
     2    0.05                           net5007 (net)
                  0.06    0.00    8.41 v wire6877/A (sky130_fd_sc_hd__buf_12)
                  0.12    0.19    8.60 v wire6877/X (sky130_fd_sc_hd__buf_12)
     2    0.23                           net7875 (net)
                  0.13    0.02    8.61 v wire5006/A (sky130_fd_sc_hd__buf_6)
                  0.06    0.18    8.79 v wire5006/X (sky130_fd_sc_hd__buf_6)
     1    0.05                           net5006 (net)
                  0.06    0.01    8.80 v wire5565/A (sky130_fd_sc_hd__buf_6)
                  0.09    0.17    8.97 v wire5565/X (sky130_fd_sc_hd__buf_6)
     2    0.09                           net6174 (net)
                  0.09    0.01    8.98 v wire5564/A (sky130_fd_sc_hd__buf_6)
                  0.03    0.14    9.12 v wire5564/X (sky130_fd_sc_hd__buf_6)
     1    0.02                           net6173 (net)
                  0.03    0.00    9.12 v _0480_/D (sky130_fd_sc_hd__nand4bb_2)
                  0.09    0.11    9.23 ^ _0480_/Y (sky130_fd_sc_hd__nand4bb_2)
     1    0.01                           _0302_ (net)
                  0.09    0.00    9.23 ^ _0481_/B (sky130_fd_sc_hd__nor2_2)
                  0.04    0.05    9.28 v _0481_/Y (sky130_fd_sc_hd__nor2_2)
     1    0.01                           _0303_ (net)
                  0.04    0.00    9.28 v hold6454/A (sky130_fd_sc_hd__dlymetal6s2s_1)
                  0.06    0.15    9.43 v hold6454/X (sky130_fd_sc_hd__dlymetal6s2s_1)
     1    0.01                           net7063 (net)
                  0.06    0.00    9.43 v wire765/A (sky130_fd_sc_hd__buf_4)
                  0.06    0.17    9.60 v wire765/X (sky130_fd_sc_hd__buf_4)
     3    0.03                           net765 (net)
                  0.06    0.00    9.60 v _0487_/D (sky130_fd_sc_hd__nand4_2)
                  0.11    0.13    9.73 ^ _0487_/Y (sky130_fd_sc_hd__nand4_2)
     1    0.02                           _0307_ (net)
                  0.11    0.00    9.73 ^ _0488_/B2 (sky130_fd_sc_hd__o2bb2ai_2)
                  0.06    0.08    9.82 v _0488_/Y (sky130_fd_sc_hd__o2bb2ai_2)
     1    0.01                           _0004_ (net)
                  0.06    0.00    9.82 v hold6460/A (sky130_fd_sc_hd__dlymetal6s2s_1)
                  0.07    0.17    9.98 v hold6460/X (sky130_fd_sc_hd__dlymetal6s2s_1)
     1    0.01                           net7069 (net)
                  0.07    0.00    9.98 v _1070_/D (sky130_fd_sc_hd__dfrtp_4)
                                  9.98   data arrival time

                          0.00    0.00   clock clk (rise edge)
                          7.25    7.25   clock source latency
                  1.16    0.00    7.25 ^ wb_clk_i (in)
     1    0.03                           wb_clk_i (net)
                  1.16    0.00    7.25 ^ wire2/A (sky130_fd_sc_hd__buf_8)
                  0.06    0.21    7.46 ^ wire2/X (sky130_fd_sc_hd__buf_8)
     1    0.02                           net5186 (net)
                  0.06    0.00    7.46 ^ wire1/A (sky130_fd_sc_hd__buf_8)
                  0.05    0.12    7.58 ^ wire1/X (sky130_fd_sc_hd__buf_8)
     1    0.03                           net5185 (net)
                  0.05    0.00    7.58 ^ clkbuf_0_wb_clk_i/A (sky130_fd_sc_hd__clkbuf_16)
                  0.18    0.23    7.81 ^ clkbuf_0_wb_clk_i/X (sky130_fd_sc_hd__clkbuf_16)
     3    0.17                           clknet_0_wb_clk_i (net)
                  0.19    0.03    7.84 ^ clkbuf_1_0_0_wb_clk_i/A (sky130_fd_sc_hd__clkbuf_8)
                  0.12    0.23    8.07 ^ clkbuf_1_0_0_wb_clk_i/X (sky130_fd_sc_hd__clkbuf_8)
     1    0.06                           clknet_1_0_0_wb_clk_i (net)
                  0.12    0.01    8.08 ^ wire9/A (sky130_fd_sc_hd__buf_8)
                  0.19    0.22    8.30 ^ wire9/X (sky130_fd_sc_hd__buf_8)
     2    0.12                           net5193 (net)
                  0.20    0.03    8.33 ^ wire5/A (sky130_fd_sc_hd__clkbuf_8)
                  0.03    0.17    8.50 ^ wire5/X (sky130_fd_sc_hd__clkbuf_8)
     1    0.01                           net5189 (net)
                  0.03    0.00    8.50 ^ wire192/A (sky130_fd_sc_hd__buf_6)
                  0.29    0.25    8.75 ^ wire192/X (sky130_fd_sc_hd__buf_6)
     2    0.15                           net5089 (net)
                  0.32    0.06    8.81 ^ _1070_/CLK (sky130_fd_sc_hd__dfrtp_4)
                          0.10    8.91   clock uncertainty
                          0.00    8.91   clock reconvergence pessimism
                          0.01    8.92   library hold time
                                  8.92   data required time
-----------------------------------------------------------------------------
                                  8.92   data required time
                                 -9.98   data arrival time
-----------------------------------------------------------------------------
                                  1.06   slack (MET)


Startpoint: wbs_adr_i[18] (input port clocked by clk)
Endpoint: _1072_ (rising edge-triggered flip-flop clocked by clk)
Path Group: clk
Path Type: min

Fanout     Cap    Slew   Delay    Time   Description
-----------------------------------------------------------------------------
                          0.00    0.00   clock clk (rise edge)
                          6.00    6.00   clock network delay (propagated)
                          1.80    7.80 v input external delay
                  0.08    0.00    7.80 v wbs_adr_i[18] (in)
     1    0.00                           wbs_adr_i[18] (net)
                  0.08    0.00    7.80 v input289/A (sky130_fd_sc_hd__clkbuf_4)
                  0.10    0.20    8.00 v input289/X (sky130_fd_sc_hd__clkbuf_4)
     2    0.05                           net7183 (net)
                  0.10    0.01    8.01 v input114/A (sky130_fd_sc_hd__clkbuf_4)
                  0.11    0.22    8.23 v input114/X (sky130_fd_sc_hd__clkbuf_4)
     1    0.05                           net114 (net)
                  0.11    0.01    8.24 v wire5007/A (sky130_fd_sc_hd__buf_6)
                  0.06    0.17    8.41 v wire5007/X (sky130_fd_sc_hd__buf_6)
     2    0.05                           net5007 (net)
                  0.06    0.00    8.41 v wire6877/A (sky130_fd_sc_hd__buf_12)
                  0.12    0.19    8.60 v wire6877/X (sky130_fd_sc_hd__buf_12)
     2    0.23                           net7875 (net)
                  0.13    0.02    8.61 v wire5006/A (sky130_fd_sc_hd__buf_6)
                  0.06    0.18    8.79 v wire5006/X (sky130_fd_sc_hd__buf_6)
     1    0.05                           net5006 (net)
                  0.06    0.01    8.80 v wire5565/A (sky130_fd_sc_hd__buf_6)
                  0.09    0.17    8.97 v wire5565/X (sky130_fd_sc_hd__buf_6)
     2    0.09                           net6174 (net)
                  0.09    0.01    8.98 v wire5564/A (sky130_fd_sc_hd__buf_6)
                  0.03    0.14    9.12 v wire5564/X (sky130_fd_sc_hd__buf_6)
     1    0.02                           net6173 (net)
                  0.03    0.00    9.12 v _0480_/D (sky130_fd_sc_hd__nand4bb_2)
                  0.09    0.11    9.23 ^ _0480_/Y (sky130_fd_sc_hd__nand4bb_2)
     1    0.01                           _0302_ (net)
                  0.09    0.00    9.23 ^ _0481_/B (sky130_fd_sc_hd__nor2_2)
                  0.04    0.05    9.28 v _0481_/Y (sky130_fd_sc_hd__nor2_2)
     1    0.01                           _0303_ (net)
                  0.04    0.00    9.28 v hold6454/A (sky130_fd_sc_hd__dlymetal6s2s_1)
                  0.06    0.15    9.43 v hold6454/X (sky130_fd_sc_hd__dlymetal6s2s_1)
     1    0.01                           net7063 (net)
                  0.06    0.00    9.43 v wire765/A (sky130_fd_sc_hd__buf_4)
                  0.06    0.17    9.60 v wire765/X (sky130_fd_sc_hd__buf_4)
     3    0.03                           net765 (net)
                  0.06    0.00    9.60 v _0482_/D (sky130_fd_sc_hd__nand4_4)
                  0.32    0.28    9.88 ^ _0482_/Y (sky130_fd_sc_hd__nand4_4)
     3    0.11                           _0304_ (net)
                  0.32    0.02    9.90 ^ wire479/A (sky130_fd_sc_hd__buf_6)
                  0.11    0.20   10.10 ^ wire479/X (sky130_fd_sc_hd__buf_6)
     1    0.05                           net479 (net)
                  0.11    0.01   10.11 ^ _0483_/A (sky130_fd_sc_hd__clkinv_4)
                  0.09    0.10   10.21 v _0483_/Y (sky130_fd_sc_hd__clkinv_4)
     2    0.04                           _0000_ (net)
                  0.09    0.01   10.22 v _1072_/D (sky130_fd_sc_hd__dfrtp_4)
                                 10.22   data arrival time

                          0.00    0.00   clock clk (rise edge)
                          7.25    7.25   clock source latency
                  1.16    0.00    7.25 ^ wb_clk_i (in)
     1    0.03                           wb_clk_i (net)
                  1.16    0.00    7.25 ^ wire2/A (sky130_fd_sc_hd__buf_8)
                  0.06    0.21    7.46 ^ wire2/X (sky130_fd_sc_hd__buf_8)
     1    0.02                           net5186 (net)
                  0.06    0.00    7.46 ^ wire1/A (sky130_fd_sc_hd__buf_8)
                  0.05    0.12    7.58 ^ wire1/X (sky130_fd_sc_hd__buf_8)
     1    0.03                           net5185 (net)
                  0.05    0.00    7.58 ^ clkbuf_0_wb_clk_i/A (sky130_fd_sc_hd__clkbuf_16)
                  0.18    0.23    7.81 ^ clkbuf_0_wb_clk_i/X (sky130_fd_sc_hd__clkbuf_16)
     3    0.17                           clknet_0_wb_clk_i (net)
                  0.19    0.03    7.84 ^ clkbuf_1_0_0_wb_clk_i/A (sky130_fd_sc_hd__clkbuf_8)
                  0.12    0.23    8.07 ^ clkbuf_1_0_0_wb_clk_i/X (sky130_fd_sc_hd__clkbuf_8)
     1    0.06                           clknet_1_0_0_wb_clk_i (net)
                  0.12    0.01    8.08 ^ wire9/A (sky130_fd_sc_hd__buf_8)
                  0.19    0.22    8.30 ^ wire9/X (sky130_fd_sc_hd__buf_8)
     2    0.12                           net5193 (net)
                  0.20    0.02    8.32 ^ wire8/A (sky130_fd_sc_hd__clkbuf_16)
                  0.10    0.23    8.55 ^ wire8/X (sky130_fd_sc_hd__clkbuf_16)
     2    0.09                           net5192 (net)
                  0.10    0.01    8.56 ^ _1072_/CLK (sky130_fd_sc_hd__dfrtp_4)
                          0.10    8.66   clock uncertainty
                          0.00    8.66   clock reconvergence pessimism
                         -0.05    8.61   library hold time
                                  8.61   data required time
-----------------------------------------------------------------------------
                                  8.61   data required time
                                -10.22   data arrival time
-----------------------------------------------------------------------------
                                  1.60   slack (MET)


Startpoint: _1071_ (rising edge-triggered flip-flop clocked by clk)
Endpoint: la_data_out[29] (output port clocked by clk)
Path Group: clk
Path Type: min

Fanout     Cap    Slew   Delay    Time   Description
-----------------------------------------------------------------------------
                          0.00    0.00   clock clk (rise edge)
                          6.00    6.00   clock source latency
                  1.16    0.00    6.00 ^ wb_clk_i (in)
     1    0.03                           wb_clk_i (net)
                  1.16    0.00    6.00 ^ wire2/A (sky130_fd_sc_hd__buf_8)
                  0.06    0.19    6.19 ^ wire2/X (sky130_fd_sc_hd__buf_8)
     1    0.02                           net5186 (net)
                  0.06    0.00    6.19 ^ wire1/A (sky130_fd_sc_hd__buf_8)
                  0.05    0.11    6.30 ^ wire1/X (sky130_fd_sc_hd__buf_8)
     1    0.03                           net5185 (net)
                  0.05    0.00    6.30 ^ clkbuf_0_wb_clk_i/A (sky130_fd_sc_hd__clkbuf_16)
                  0.18    0.21    6.52 ^ clkbuf_0_wb_clk_i/X (sky130_fd_sc_hd__clkbuf_16)
     3    0.17                           clknet_0_wb_clk_i (net)
                  0.19    0.03    6.54 ^ clkbuf_1_0_0_wb_clk_i/A (sky130_fd_sc_hd__clkbuf_8)
                  0.12    0.22    6.76 ^ clkbuf_1_0_0_wb_clk_i/X (sky130_fd_sc_hd__clkbuf_8)
     1    0.06                           clknet_1_0_0_wb_clk_i (net)
                  0.12    0.01    6.77 ^ wire9/A (sky130_fd_sc_hd__buf_8)
                  0.19    0.20    6.97 ^ wire9/X (sky130_fd_sc_hd__buf_8)
     2    0.12                           net5193 (net)
                  0.20    0.03    7.00 ^ wire5/A (sky130_fd_sc_hd__clkbuf_8)
                  0.03    0.16    7.16 ^ wire5/X (sky130_fd_sc_hd__clkbuf_8)
     1    0.01                           net5189 (net)
                  0.03    0.00    7.16 ^ wire192/A (sky130_fd_sc_hd__buf_6)
                  0.29    0.23    7.39 ^ wire192/X (sky130_fd_sc_hd__buf_6)
     2    0.15                           net5089 (net)
                  0.31    0.06    7.45 ^ wire4/A (sky130_fd_sc_hd__buf_8)
                  0.06    0.16    7.60 ^ wire4/X (sky130_fd_sc_hd__buf_8)
     1    0.02                           net5188 (net)
                  0.06    0.00    7.61 ^ clkbuf_0_net5188/A (sky130_fd_sc_hd__clkbuf_16)
                  0.05    0.13    7.73 ^ clkbuf_0_net5188/X (sky130_fd_sc_hd__clkbuf_16)
     2    0.02                           clknet_0_net5188 (net)
                  0.05    0.00    7.74 ^ clkbuf_1_1__f_net5188/A (sky130_fd_sc_hd__clkbuf_16)
                  0.04    0.12    7.86 ^ clkbuf_1_1__f_net5188/X (sky130_fd_sc_hd__clkbuf_16)
     1    0.02                           clknet_1_1__leaf_net5188 (net)
                  0.04    0.00    7.86 ^ _1071_/CLK (sky130_fd_sc_hd__dfrtp_4)
                  0.10    0.43    8.29 ^ _1071_/Q (sky130_fd_sc_hd__dfrtp_4)
     1    0.03                           configuration[1] (net)
                  0.10    0.00    8.29 ^ fanout4308/A (sky130_fd_sc_hd__buf_6)
                  0.11    0.16    8.45 ^ fanout4308/X (sky130_fd_sc_hd__buf_6)
     4    0.05                           net4308 (net)
                  0.11    0.00    8.45 ^ fanout4289/A (sky130_fd_sc_hd__buf_6)
                  0.17    0.20    8.66 ^ fanout4289/X (sky130_fd_sc_hd__buf_6)
     4    0.09                           net4289 (net)
                  0.18    0.01    8.67 ^ _0609_/B1 (sky130_fd_sc_hd__a2bb2o_2)
                  0.08    0.22    8.89 ^ _0609_/X (sky130_fd_sc_hd__a2bb2o_2)
     1    0.01                           _0399_ (net)
                  0.08    0.00    8.89 ^ _0610_/A2_N (sky130_fd_sc_hd__o2bb2a_2)
                  0.11    0.28    9.17 v _0610_/X (sky130_fd_sc_hd__o2bb2a_2)
     1    0.04                           net273 (net)
                  0.11    0.00    9.18 v wire420/A (sky130_fd_sc_hd__buf_6)
                  0.05    0.16    9.34 v wire420/X (sky130_fd_sc_hd__buf_6)
     1    0.04                           net420 (net)
                  0.05    0.01    9.35 v wire159/A (sky130_fd_sc_hd__buf_6)
                  0.07    0.15    9.49 v wire159/X (sky130_fd_sc_hd__buf_6)
     1    0.06                           net5343 (net)
                  0.07    0.01    9.50 v output273/A (sky130_fd_sc_hd__buf_6)
                  0.04    0.14    9.65 v output273/X (sky130_fd_sc_hd__buf_6)
     1    0.03                           net7342 (net)
                  0.04    0.00    9.65 v output448/A (sky130_fd_sc_hd__buf_6)
                  0.06    0.14    9.79 v output448/X (sky130_fd_sc_hd__buf_6)
     1    0.05                           la_data_out[29] (net)
                  0.06    0.00    9.79 v la_data_out[29] (out)
                                  9.79   data arrival time

                          0.00    0.00   clock clk (rise edge)
                          7.25    7.25   clock network delay (propagated)
                          0.10    7.35   clock uncertainty
                          0.00    7.35   clock reconvergence pessimism
                         -0.27    7.08   output external delay
                                  7.08   data required time
-----------------------------------------------------------------------------
                                  7.08   data required time
                                 -9.79   data arrival time
-----------------------------------------------------------------------------
                                  2.71   slack (MET)


Startpoint: _1072_ (rising edge-triggered flip-flop clocked by clk)
Endpoint: wbs_ack_o (output port clocked by clk)
Path Group: clk
Path Type: min

Fanout     Cap    Slew   Delay    Time   Description
-----------------------------------------------------------------------------
                          0.00    0.00   clock clk (rise edge)
                          6.00    6.00   clock source latency
                  1.16    0.00    6.00 ^ wb_clk_i (in)
     1    0.03                           wb_clk_i (net)
                  1.16    0.00    6.00 ^ wire2/A (sky130_fd_sc_hd__buf_8)
                  0.06    0.19    6.19 ^ wire2/X (sky130_fd_sc_hd__buf_8)
     1    0.02                           net5186 (net)
                  0.06    0.00    6.19 ^ wire1/A (sky130_fd_sc_hd__buf_8)
                  0.05    0.11    6.30 ^ wire1/X (sky130_fd_sc_hd__buf_8)
     1    0.03                           net5185 (net)
                  0.05    0.00    6.30 ^ clkbuf_0_wb_clk_i/A (sky130_fd_sc_hd__clkbuf_16)
                  0.18    0.21    6.52 ^ clkbuf_0_wb_clk_i/X (sky130_fd_sc_hd__clkbuf_16)
     3    0.17                           clknet_0_wb_clk_i (net)
                  0.19    0.03    6.54 ^ clkbuf_1_0_0_wb_clk_i/A (sky130_fd_sc_hd__clkbuf_8)
                  0.12    0.22    6.76 ^ clkbuf_1_0_0_wb_clk_i/X (sky130_fd_sc_hd__clkbuf_8)
     1    0.06                           clknet_1_0_0_wb_clk_i (net)
                  0.12    0.01    6.77 ^ wire9/A (sky130_fd_sc_hd__buf_8)
                  0.19    0.20    6.97 ^ wire9/X (sky130_fd_sc_hd__buf_8)
     2    0.12                           net5193 (net)
                  0.20    0.02    6.99 ^ wire8/A (sky130_fd_sc_hd__clkbuf_16)
                  0.10    0.21    7.21 ^ wire8/X (sky130_fd_sc_hd__clkbuf_16)
     2    0.09                           net5192 (net)
                  0.10    0.01    7.21 ^ _1072_/CLK (sky130_fd_sc_hd__dfrtp_4)
                  0.21    0.54    7.75 ^ _1072_/Q (sky130_fd_sc_hd__dfrtp_4)
     2    0.07                           cfg_ack (net)
                  0.21    0.01    7.76 ^ _1067_/C1 (sky130_fd_sc_hd__a211o_4)
                  0.22    0.25    8.01 ^ _1067_/X (sky130_fd_sc_hd__a211o_4)
     1    0.08                           net287 (net)
                  0.22    0.02    8.03 ^ output287/A (sky130_fd_sc_hd__buf_8)
                  0.12    0.18    8.21 ^ output287/X (sky130_fd_sc_hd__buf_8)
     1    0.07                           net7356 (net)
                  0.12    0.01    8.22 ^ output462/A (sky130_fd_sc_hd__buf_12)
                  0.19    0.22    8.44 ^ output462/X (sky130_fd_sc_hd__buf_12)
     1    0.16                           wbs_ack_o (net)
                  0.19    0.00    8.45 ^ wbs_ack_o (out)
                                  8.45   data arrival time

                          0.00    0.00   clock clk (rise edge)
                          7.25    7.25   clock network delay (propagated)
                          0.10    7.35   clock uncertainty
                          0.00    7.35   clock reconvergence pessimism
                         -1.70    5.65   output external delay
                                  5.65   data required time
-----------------------------------------------------------------------------
                                  5.65   data required time
                                 -8.45   data arrival time
-----------------------------------------------------------------------------
                                  2.80   slack (MET)


