
===========================================================================
report_parasitic_annotation -report_unannotated
============================================================================
Found 221 unannotated nets.
 analog_io[0]
 analog_io[10]
 analog_io[11]
 analog_io[12]
 analog_io[13]
 analog_io[14]
 analog_io[15]
 analog_io[16]
 analog_io[17]
 analog_io[18]
 analog_io[19]
 analog_io[1]
 analog_io[20]
 analog_io[21]
 analog_io[22]
 analog_io[23]
 analog_io[24]
 analog_io[25]
 analog_io[26]
 analog_io[27]
 analog_io[28]
 analog_io[2]
 analog_io[3]
 analog_io[4]
 analog_io[5]
 analog_io[6]
 analog_io[7]
 analog_io[8]
 analog_io[9]
 la_data_in[100]
 la_data_in[101]
 la_data_in[102]
 la_data_in[103]
 la_data_in[104]
 la_data_in[105]
 la_data_in[106]
 la_data_in[107]
 la_data_in[108]
 la_data_in[109]
 la_data_in[110]
 la_data_in[111]
 la_data_in[112]
 la_data_in[113]
 la_data_in[114]
 la_data_in[115]
 la_data_in[116]
 la_data_in[117]
 la_data_in[118]
 la_data_in[119]
 la_data_in[120]
 la_data_in[121]
 la_data_in[122]
 la_data_in[123]
 la_data_in[124]
 la_data_in[125]
 la_data_in[126]
 la_data_in[127]
 la_data_in[32]
 la_data_in[33]
 la_data_in[34]
 la_data_in[35]
 la_data_in[36]
 la_data_in[37]
 la_data_in[38]
 la_data_in[39]
 la_data_in[40]
 la_data_in[41]
 la_data_in[42]
 la_data_in[43]
 la_data_in[44]
 la_data_in[45]
 la_data_in[46]
 la_data_in[47]
 la_data_in[48]
 la_data_in[49]
 la_data_in[50]
 la_data_in[51]
 la_data_in[52]
 la_data_in[53]
 la_data_in[54]
 la_data_in[55]
 la_data_in[56]
 la_data_in[57]
 la_data_in[58]
 la_data_in[59]
 la_data_in[60]
 la_data_in[61]
 la_data_in[62]
 la_data_in[63]
 la_data_in[64]
 la_data_in[65]
 la_data_in[66]
 la_data_in[67]
 la_data_in[68]
 la_data_in[69]
 la_data_in[70]
 la_data_in[71]
 la_data_in[72]
 la_data_in[73]
 la_data_in[74]
 la_data_in[75]
 la_data_in[76]
 la_data_in[77]
 la_data_in[78]
 la_data_in[79]
 la_data_in[80]
 la_data_in[81]
 la_data_in[82]
 la_data_in[83]
 la_data_in[84]
 la_data_in[85]
 la_data_in[86]
 la_data_in[87]
 la_data_in[88]
 la_data_in[89]
 la_data_in[90]
 la_data_in[91]
 la_data_in[92]
 la_data_in[93]
 la_data_in[94]
 la_data_in[95]
 la_data_in[96]
 la_data_in[97]
 la_data_in[98]
 la_data_in[99]
 la_oenb[100]
 la_oenb[101]
 la_oenb[102]
 la_oenb[103]
 la_oenb[104]
 la_oenb[105]
 la_oenb[106]
 la_oenb[107]
 la_oenb[108]
 la_oenb[109]
 la_oenb[110]
 la_oenb[111]
 la_oenb[112]
 la_oenb[113]
 la_oenb[114]
 la_oenb[115]
 la_oenb[116]
 la_oenb[117]
 la_oenb[118]
 la_oenb[119]
 la_oenb[120]
 la_oenb[121]
 la_oenb[122]
 la_oenb[123]
 la_oenb[124]
 la_oenb[125]
 la_oenb[126]
 la_oenb[127]
 la_oenb[32]
 la_oenb[33]
 la_oenb[34]
 la_oenb[35]
 la_oenb[36]
 la_oenb[37]
 la_oenb[38]
 la_oenb[39]
 la_oenb[40]
 la_oenb[41]
 la_oenb[42]
 la_oenb[43]
 la_oenb[44]
 la_oenb[45]
 la_oenb[46]
 la_oenb[47]
 la_oenb[48]
 la_oenb[49]
 la_oenb[50]
 la_oenb[51]
 la_oenb[52]
 la_oenb[53]
 la_oenb[54]
 la_oenb[55]
 la_oenb[56]
 la_oenb[57]
 la_oenb[58]
 la_oenb[59]
 la_oenb[60]
 la_oenb[61]
 la_oenb[62]
 la_oenb[63]
 la_oenb[64]
 la_oenb[65]
 la_oenb[66]
 la_oenb[67]
 la_oenb[68]
 la_oenb[69]
 la_oenb[70]
 la_oenb[71]
 la_oenb[72]
 la_oenb[73]
 la_oenb[74]
 la_oenb[75]
 la_oenb[76]
 la_oenb[77]
 la_oenb[78]
 la_oenb[79]
 la_oenb[80]
 la_oenb[81]
 la_oenb[82]
 la_oenb[83]
 la_oenb[84]
 la_oenb[85]
 la_oenb[86]
 la_oenb[87]
 la_oenb[88]
 la_oenb[89]
 la_oenb[90]
 la_oenb[91]
 la_oenb[92]
 la_oenb[93]
 la_oenb[94]
 la_oenb[95]
 la_oenb[96]
 la_oenb[97]
 la_oenb[98]
 la_oenb[99]
Found 671 partially unannotated nets.
 net7
  ANTENNA_user_projects\[3\].genblk1.user_project_io_in[15]/DIODE
 net27
  ANTENNA_user_projects\[0\].genblk1.user_project_io_in[33]/DIODE
 net33
  ANTENNA_user_projects\[1\].genblk1.user_project_io_in[4]/DIODE
 net34
  ANTENNA_user_projects\[1\].genblk1.user_project_io_in[5]/DIODE
 net4155
  ANTENNA_user_projects\[0\].genblk1.user_project_la_oenb[6]/DIODE
 net4160
  ANTENNA_user_projects\[0\].genblk1.user_project_la_oenb[5]/DIODE
 net4165
  ANTENNA_user_projects\[0\].genblk1.user_project_la_oenb[4]/DIODE
 net4170
  ANTENNA_user_projects\[0\].genblk1.user_project_la_oenb[3]/DIODE
 net4175
  ANTENNA_user_projects\[0\].genblk1.user_project_la_oenb[31]/DIODE
 net4180
  ANTENNA_user_projects\[0\].genblk1.user_project_la_oenb[30]/DIODE
 net4185
  ANTENNA_user_projects\[0\].genblk1.user_project_la_oenb[2]/DIODE
 net4190
  ANTENNA_user_projects\[0\].genblk1.user_project_la_oenb[29]/DIODE
 net4195
  ANTENNA_user_projects\[0\].genblk1.user_project_la_oenb[28]/DIODE
 net4200
  ANTENNA_user_projects\[0\].genblk1.user_project_la_oenb[27]/DIODE
 net4209
  ANTENNA_user_projects\[0\].genblk1.user_project_la_oenb[26]/DIODE
 net4214
  ANTENNA_user_projects\[0\].genblk1.user_project_la_oenb[25]/DIODE
 net4219
  ANTENNA_user_projects\[0\].genblk1.user_project_la_oenb[24]/DIODE
 net4224
  ANTENNA_user_projects\[0\].genblk1.user_project_la_oenb[23]/DIODE
 net4229
  ANTENNA_user_projects\[0\].genblk1.user_project_la_oenb[22]/DIODE
 net4234
  ANTENNA_user_projects\[0\].genblk1.user_project_la_oenb[21]/DIODE
 net4239
  ANTENNA_user_projects\[0\].genblk1.user_project_la_oenb[20]/DIODE
 net4244
  ANTENNA_user_projects\[0\].genblk1.user_project_la_oenb[1]/DIODE
 net4249
  ANTENNA_user_projects\[0\].genblk1.user_project_la_oenb[19]/DIODE
 net4254
  ANTENNA_user_projects\[0\].genblk1.user_project_la_oenb[18]/DIODE
 net4259
  ANTENNA_user_projects\[3\].genblk1.user_project_io_in[16]/DIODE
 net4263
  ANTENNA_user_projects\[0\].genblk1.user_project_la_oenb[17]/DIODE
 net4268
  ANTENNA_user_projects\[0\].genblk1.user_project_la_oenb[16]/DIODE
 net4273
  ANTENNA_user_projects\[0\].genblk1.user_project_la_oenb[15]/DIODE
 net4278
  ANTENNA_user_projects\[0\].genblk1.user_project_la_oenb[14]/DIODE
 net4283
  ANTENNA_user_projects\[0\].genblk1.user_project_la_oenb[13]/DIODE
 net4288
  ANTENNA_user_projects\[0\].genblk1.user_project_la_oenb[12]/DIODE
 net4293
  ANTENNA_user_projects\[0\].genblk1.user_project_la_oenb[11]/DIODE
 net4298
  ANTENNA_user_projects\[0\].genblk1.user_project_la_oenb[10]/DIODE
 net4303
  ANTENNA_user_projects\[0\].genblk1.user_project_la_oenb[0]/DIODE
 net4464
  ANTENNA_user_projects\[1\].genblk1.user_project_io_in[6]/DIODE
 net4614
  ANTENNA_user_projects\[0\].genblk1.user_project_io_in[35]/DIODE
 net4618
  ANTENNA_user_projects\[0\].genblk1.user_project_io_in[34]/DIODE
 net4678
  ANTENNA_user_projects\[0\].genblk1.user_project_wbs_sel_i[2]/DIODE
 net4682
  ANTENNA_user_projects\[0\].genblk1.user_project_wbs_sel_i[1]/DIODE
 net4698
  ANTENNA_user_projects\[0\].genblk1.user_project_wbs_dat_i[8]/DIODE
 net4702
  ANTENNA_user_projects\[0\].genblk1.user_project_wbs_dat_i[7]/DIODE
 net4706
  ANTENNA_user_projects\[0\].genblk1.user_project_wbs_dat_i[6]/DIODE
 net4710
  ANTENNA_user_projects\[0\].genblk1.user_project_wbs_dat_i[5]/DIODE
 net4714
  ANTENNA_user_projects\[0\].genblk1.user_project_wbs_dat_i[4]/DIODE
 net4722
  ANTENNA_user_projects\[0\].genblk1.user_project_wbs_dat_i[31]/DIODE
 net4730
  ANTENNA_user_projects\[0\].genblk1.user_project_wbs_dat_i[2]/DIODE
 net4738
  ANTENNA_user_projects\[0\].genblk1.user_project_wbs_dat_i[29]/DIODE
 net4742
  ANTENNA_user_projects\[0\].genblk1.user_project_wbs_dat_i[28]/DIODE
 net4746
  ANTENNA_user_projects\[0\].genblk1.user_project_wbs_dat_i[27]/DIODE
 net4750
  ANTENNA_user_projects\[0\].genblk1.user_project_wbs_dat_i[26]/DIODE
 net4754
  ANTENNA_user_projects\[0\].genblk1.user_project_wbs_dat_i[25]/DIODE
 net4758
  ANTENNA_user_projects\[0\].genblk1.user_project_wbs_dat_i[24]/DIODE
 net4762
  ANTENNA_user_projects\[0\].genblk1.user_project_wbs_dat_i[23]/DIODE
 net4766
  ANTENNA_user_projects\[0\].genblk1.user_project_wbs_dat_i[22]/DIODE
 net4770
  ANTENNA_user_projects\[0\].genblk1.user_project_wbs_dat_i[21]/DIODE
 net4774
  ANTENNA_user_projects\[0\].genblk1.user_project_wbs_dat_i[20]/DIODE
 net4786
  ANTENNA_user_projects\[0\].genblk1.user_project_wbs_dat_i[19]/DIODE
 net4790
  ANTENNA_user_projects\[0\].genblk1.user_project_wbs_dat_i[18]/DIODE
 net4794
  ANTENNA_user_projects\[0\].genblk1.user_project_wbs_dat_i[17]/DIODE
 net4798
  ANTENNA_user_projects\[0\].genblk1.user_project_wbs_dat_i[16]/DIODE
 net4802
  ANTENNA_user_projects\[0\].genblk1.user_project_wbs_dat_i[15]/DIODE
 net4806
  ANTENNA_user_projects\[0\].genblk1.user_project_wbs_dat_i[14]/DIODE
 net4810
  ANTENNA_user_projects\[0\].genblk1.user_project_wbs_dat_i[13]/DIODE
 net4814
  ANTENNA_user_projects\[0\].genblk1.user_project_wbs_dat_i[12]/DIODE
 net4818
  ANTENNA_user_projects\[0\].genblk1.user_project_wbs_dat_i[11]/DIODE
 net4826
  ANTENNA_user_projects\[0\].genblk1.user_project_wbs_dat_i[10]/DIODE
 net4838
  ANTENNA_user_projects\[0\].genblk1.user_project_wbs_adr_i[9]/DIODE
 net4842
  ANTENNA_user_projects\[0\].genblk1.user_project_wbs_adr_i[8]/DIODE
 net4846
  ANTENNA_user_projects\[0\].genblk1.user_project_wbs_adr_i[7]/DIODE
 net4850
  ANTENNA_user_projects\[0\].genblk1.user_project_wbs_adr_i[6]/DIODE
 net4854
  ANTENNA_user_projects\[0\].genblk1.user_project_wbs_adr_i[5]/DIODE
 net4858
  ANTENNA_user_projects\[0\].genblk1.user_project_wbs_adr_i[4]/DIODE
 net4862
  ANTENNA_user_projects\[0\].genblk1.user_project_wbs_adr_i[3]/DIODE
 net4870
  ANTENNA_user_projects\[0\].genblk1.user_project_wbs_adr_i[31]/DIODE
 net4874
  ANTENNA_user_projects\[0\].genblk1.user_project_wbs_adr_i[30]/DIODE
 net4878
  ANTENNA_user_projects\[0\].genblk1.user_project_wbs_adr_i[2]/DIODE
 net4882
  ANTENNA_user_projects\[0\].genblk1.user_project_wbs_adr_i[29]/DIODE
 net4886
  ANTENNA_user_projects\[0\].genblk1.user_project_wbs_adr_i[28]/DIODE
 net4890
  ANTENNA_user_projects\[0\].genblk1.user_project_wbs_adr_i[27]/DIODE
 net4894
  ANTENNA_user_projects\[0\].genblk1.user_project_wbs_adr_i[26]/DIODE
 net4898
  ANTENNA_user_projects\[0\].genblk1.user_project_wbs_adr_i[25]/DIODE
 net4902
  ANTENNA_user_projects\[0\].genblk1.user_project_wbs_adr_i[24]/DIODE
 net4906
  ANTENNA_user_projects\[0\].genblk1.user_project_wbs_adr_i[23]/DIODE
 net4915
  ANTENNA_user_projects\[0\].genblk1.user_project_wbs_adr_i[22]/DIODE
 net4919
  ANTENNA_user_projects\[0\].genblk1.user_project_wbs_adr_i[21]/DIODE
 net4923
  ANTENNA_user_projects\[0\].genblk1.user_project_wbs_adr_i[20]/DIODE
 net4927
  ANTENNA_user_projects\[0\].genblk1.user_project_wbs_adr_i[1]/DIODE
 net4931
  ANTENNA_user_projects\[0\].genblk1.user_project_wbs_adr_i[19]/DIODE
 net4935
  ANTENNA_user_projects\[0\].genblk1.user_project_wbs_adr_i[18]/DIODE
 net4939
  ANTENNA_user_projects\[0\].genblk1.user_project_wbs_adr_i[17]/DIODE
 net4943
  ANTENNA_user_projects\[0\].genblk1.user_project_wbs_adr_i[16]/DIODE
 net4947
  ANTENNA_user_projects\[0\].genblk1.user_project_wbs_adr_i[15]/DIODE
 net4951
  ANTENNA_user_projects\[0\].genblk1.user_project_wbs_adr_i[14]/DIODE
 net4959
  ANTENNA_user_projects\[0\].genblk1.user_project_wbs_adr_i[13]/DIODE
 net4963
  ANTENNA_user_projects\[0\].genblk1.user_project_wbs_adr_i[12]/DIODE
 net4967
  ANTENNA_user_projects\[0\].genblk1.user_project_wbs_adr_i[11]/DIODE
 net4971
  ANTENNA_user_projects\[0\].genblk1.user_project_wbs_adr_i[10]/DIODE
 net4987
  ANTENNA_user_projects\[0\].genblk1.user_project_la_oenb[9]/DIODE
 net4992
  ANTENNA_user_projects\[0\].genblk1.user_project_la_oenb[8]/DIODE
 net4997
  ANTENNA_user_projects\[0\].genblk1.user_project_la_oenb[7]/DIODE
 net5540
  ANTENNA_user_projects\[2\].genblk1.user_project_io_in[0]/DIODE
 net5542
  ANTENNA_user_projects\[3\].genblk1.user_project_la_oenb[7]/DIODE
 net5543
  ANTENNA_user_projects\[3\].genblk1.user_project_la_oenb[8]/DIODE
 net5544
  ANTENNA_user_projects\[3\].genblk1.user_project_la_oenb[9]/DIODE
 net5545
  ANTENNA_user_projects\[2\].genblk1.user_project_io_in[1]/DIODE
 net5558
  ANTENNA_user_projects\[3\].genblk1.user_project_la_oenb[0]/DIODE
 net5559
  ANTENNA_user_projects\[3\].genblk1.user_project_la_oenb[10]/DIODE
 net5561
  ANTENNA_user_projects\[3\].genblk1.user_project_la_oenb[11]/DIODE
 net5563
  ANTENNA_user_projects\[3\].genblk1.user_project_la_oenb[12]/DIODE
 net5565
  ANTENNA_user_projects\[3\].genblk1.user_project_la_oenb[13]/DIODE
 net5567
  ANTENNA_user_projects\[3\].genblk1.user_project_la_oenb[14]/DIODE
 net5569
  ANTENNA_user_projects\[3\].genblk1.user_project_la_oenb[15]/DIODE
 net5573
  ANTENNA_user_projects\[3\].genblk1.user_project_la_oenb[17]/DIODE
 net5579
  ANTENNA_user_projects\[3\].genblk1.user_project_la_oenb[1]/DIODE
 net5598
  ANTENNA_user_projects\[3\].genblk1.user_project_la_oenb[29]/DIODE
 net5600
  ANTENNA_user_projects\[3\].genblk1.user_project_la_oenb[2]/DIODE
 net5603
  ANTENNA_user_projects\[3\].genblk1.user_project_la_oenb[31]/DIODE
 net5605
  ANTENNA_user_projects\[3\].genblk1.user_project_la_oenb[3]/DIODE
 net5606
  ANTENNA_user_projects\[3\].genblk1.user_project_la_oenb[4]/DIODE
 net5607
  ANTENNA_user_projects\[3\].genblk1.user_project_la_oenb[5]/DIODE
 net5608
  ANTENNA_user_projects\[3\].genblk1.user_project_la_oenb[6]/DIODE
 net5623
  ANTENNA_user_projects\[3\].genblk1.user_project_wbs_adr_i[0]/DIODE
 net5624
  ANTENNA_user_projects\[3\].genblk1.user_project_wbs_adr_i[10]/DIODE
 net5625
  ANTENNA_user_projects\[3\].genblk1.user_project_wbs_adr_i[11]/DIODE
 net5626
  ANTENNA_user_projects\[3\].genblk1.user_project_wbs_adr_i[12]/DIODE
 net5627
  ANTENNA_user_projects\[3\].genblk1.user_project_wbs_adr_i[13]/DIODE
 net5628
  ANTENNA_user_projects\[3\].genblk1.user_project_wbs_adr_i[14]/DIODE
 net5629
  ANTENNA_user_projects\[3\].genblk1.user_project_wbs_adr_i[15]/DIODE
 net5630
  ANTENNA_user_projects\[3\].genblk1.user_project_wbs_adr_i[16]/DIODE
 net5631
  ANTENNA_user_projects\[3\].genblk1.user_project_wbs_adr_i[17]/DIODE
 net5632
  ANTENNA_user_projects\[3\].genblk1.user_project_wbs_adr_i[18]/DIODE
 net5633
  ANTENNA_user_projects\[3\].genblk1.user_project_wbs_adr_i[19]/DIODE
 net5634
  ANTENNA_user_projects\[3\].genblk1.user_project_wbs_adr_i[1]/DIODE
 net5635
  ANTENNA_user_projects\[3\].genblk1.user_project_wbs_adr_i[20]/DIODE
 net5636
  ANTENNA_user_projects\[3\].genblk1.user_project_wbs_adr_i[21]/DIODE
 net5637
  ANTENNA_user_projects\[3\].genblk1.user_project_wbs_adr_i[22]/DIODE
 net5639
  ANTENNA_user_projects\[3\].genblk1.user_project_wbs_adr_i[23]/DIODE
 net5640
  ANTENNA_user_projects\[3\].genblk1.user_project_wbs_adr_i[24]/DIODE
 net5641
  ANTENNA_user_projects\[3\].genblk1.user_project_wbs_adr_i[25]/DIODE
 net5642
  ANTENNA_user_projects\[3\].genblk1.user_project_wbs_adr_i[26]/DIODE
 net5643
  ANTENNA_user_projects\[3\].genblk1.user_project_wbs_adr_i[27]/DIODE
 net5644
  ANTENNA_user_projects\[3\].genblk1.user_project_wbs_adr_i[28]/DIODE
 net5645
  ANTENNA_user_projects\[3\].genblk1.user_project_wbs_adr_i[29]/DIODE
 net5646
  ANTENNA_user_projects\[3\].genblk1.user_project_wbs_adr_i[2]/DIODE
 net5647
  ANTENNA_user_projects\[3\].genblk1.user_project_wbs_adr_i[30]/DIODE
 net5648
  ANTENNA_user_projects\[3\].genblk1.user_project_wbs_adr_i[31]/DIODE
 net5649
  ANTENNA_user_projects\[3\].genblk1.user_project_wbs_adr_i[3]/DIODE
 net5650
  ANTENNA_user_projects\[3\].genblk1.user_project_wbs_adr_i[4]/DIODE
 net5651
  ANTENNA_user_projects\[3\].genblk1.user_project_wbs_adr_i[5]/DIODE
 net5652
  ANTENNA_user_projects\[3\].genblk1.user_project_wbs_adr_i[6]/DIODE
 net5653
  ANTENNA_user_projects\[3\].genblk1.user_project_wbs_adr_i[7]/DIODE
 net5654
  ANTENNA_user_projects\[3\].genblk1.user_project_wbs_adr_i[8]/DIODE
 net5655
  ANTENNA_user_projects\[3\].genblk1.user_project_wbs_adr_i[9]/DIODE
 net5657
  ANTENNA_user_projects\[3\].genblk1.user_project_wbs_dat_i[0]/DIODE
 net5658
  ANTENNA_user_projects\[3\].genblk1.user_project_wbs_dat_i[10]/DIODE
 net5659
  ANTENNA_user_projects\[3\].genblk1.user_project_wbs_dat_i[11]/DIODE
 net5660
  ANTENNA_user_projects\[3\].genblk1.user_project_wbs_dat_i[12]/DIODE
 net5661
  ANTENNA_user_projects\[3\].genblk1.user_project_wbs_dat_i[13]/DIODE
 net5662
  ANTENNA_user_projects\[3\].genblk1.user_project_wbs_dat_i[14]/DIODE
 net5663
  ANTENNA_user_projects\[3\].genblk1.user_project_wbs_dat_i[15]/DIODE
 net5664
  ANTENNA_user_projects\[3\].genblk1.user_project_wbs_dat_i[16]/DIODE
 net5665
  ANTENNA_user_projects\[3\].genblk1.user_project_wbs_dat_i[17]/DIODE
 net5666
  ANTENNA_user_projects\[3\].genblk1.user_project_wbs_dat_i[18]/DIODE
 net5667
  ANTENNA_user_projects\[3\].genblk1.user_project_wbs_dat_i[19]/DIODE
 net5668
  ANTENNA_user_projects\[3\].genblk1.user_project_wbs_dat_i[1]/DIODE
 net5669
  ANTENNA_user_projects\[1\].genblk1.user_project_io_in[22]/DIODE
 net5670
  ANTENNA_user_projects\[3\].genblk1.user_project_wbs_dat_i[20]/DIODE
 net5671
  ANTENNA_user_projects\[3\].genblk1.user_project_wbs_dat_i[21]/DIODE
 net5672
  ANTENNA_user_projects\[3\].genblk1.user_project_wbs_dat_i[22]/DIODE
 net5673
  ANTENNA_user_projects\[3\].genblk1.user_project_wbs_dat_i[23]/DIODE
 net5674
  ANTENNA_user_projects\[3\].genblk1.user_project_wbs_dat_i[24]/DIODE
 net5675
  ANTENNA_user_projects\[3\].genblk1.user_project_wbs_dat_i[25]/DIODE
 net5676
  ANTENNA_user_projects\[3\].genblk1.user_project_wbs_dat_i[26]/DIODE
 net5677
  ANTENNA_user_projects\[3\].genblk1.user_project_wbs_dat_i[27]/DIODE
 net5678
  ANTENNA_user_projects\[3\].genblk1.user_project_wbs_dat_i[28]/DIODE
 net5679
  ANTENNA_user_projects\[3\].genblk1.user_project_wbs_dat_i[29]/DIODE
 net5680
  ANTENNA_user_projects\[1\].genblk1.user_project_io_in[23]/DIODE
 net5681
  ANTENNA_user_projects\[3\].genblk1.user_project_wbs_dat_i[2]/DIODE
 net5682
  ANTENNA_user_projects\[3\].genblk1.user_project_wbs_dat_i[30]/DIODE
 net5683
  ANTENNA_user_projects\[3\].genblk1.user_project_wbs_dat_i[31]/DIODE
 net5684
  ANTENNA_user_projects\[3\].genblk1.user_project_wbs_dat_i[3]/DIODE
 net5685
  ANTENNA_user_projects\[3\].genblk1.user_project_wbs_dat_i[4]/DIODE
 net5686
  ANTENNA_user_projects\[3\].genblk1.user_project_wbs_dat_i[5]/DIODE
 net5687
  ANTENNA_user_projects\[3\].genblk1.user_project_wbs_dat_i[6]/DIODE
 net5688
  ANTENNA_user_projects\[3\].genblk1.user_project_wbs_dat_i[7]/DIODE
 net5689
  ANTENNA_user_projects\[3\].genblk1.user_project_wbs_dat_i[8]/DIODE
 net5690
  ANTENNA_user_projects\[3\].genblk1.user_project_wbs_dat_i[9]/DIODE
 net5691
  ANTENNA_user_projects\[1\].genblk1.user_project_io_in[24]/DIODE
 net5692
  ANTENNA_user_projects\[3\].genblk1.user_project_wbs_sel_i[0]/DIODE
 net5693
  ANTENNA_user_projects\[3\].genblk1.user_project_wbs_sel_i[1]/DIODE
 net5694
  ANTENNA_user_projects\[3\].genblk1.user_project_wbs_sel_i[2]/DIODE
 net5695
  ANTENNA_user_projects\[3\].genblk1.user_project_wbs_sel_i[3]/DIODE
 net5698
  ANTENNA_user_projects\[2\].genblk1.user_project_io_in[2]/DIODE
 net5700
  ANTENNA_user_projects\[3\].genblk1.user_project_io_in[33]/DIODE
 net5702
  ANTENNA_user_projects\[3\].genblk1.user_project_io_in[34]/DIODE
 net5704
  ANTENNA_user_projects\[3\].genblk1.user_project_io_in[35]/DIODE
 net5714
  ANTENNA_user_projects\[2\].genblk1.user_project_io_in[3]/DIODE
 net5716
  ANTENNA_user_projects\[2\].genblk1.user_project_io_in[4]/DIODE
 net5718
  ANTENNA_user_projects\[2\].genblk1.user_project_io_in[5]/DIODE
 net5720
  ANTENNA_user_projects\[0\].genblk1.user_project_io_in[14]/DIODE
 net5721
  ANTENNA_user_projects\[0\].genblk1.user_project_io_in[15]/DIODE
 net5739
  ANTENNA_user_projects\[0\].genblk1.user_project_io_in[16]/DIODE
 net5767
  ANTENNA_user_projects\[0\].genblk1.user_project_io_in[0]/DIODE
 net5769
  ANTENNA_user_projects\[1\].genblk1.user_project_io_in[18]/DIODE
 net5771
  ANTENNA_user_projects\[0\].genblk1.user_project_io_in[18]/DIODE
 net5773
  ANTENNA_user_projects\[1\].genblk1.user_project_la_oenb[7]/DIODE
 net5774
  ANTENNA_user_projects\[1\].genblk1.user_project_la_oenb[8]/DIODE
 net5775
  ANTENNA_user_projects\[1\].genblk1.user_project_la_oenb[9]/DIODE
 net5781
  ANTENNA_user_projects\[2\].genblk1.user_project_wbs_adr_i[11]/DIODE
 net5787
  ANTENNA_user_projects\[1\].genblk1.user_project_io_in[19]/DIODE
 net5789
  ANTENNA_user_projects\[0\].genblk1.user_project_io_in[19]/DIODE
 net5808
  ANTENNA_user_projects\[0\].genblk1.user_project_io_in[1]/DIODE
 net5820
  ANTENNA_user_projects\[1\].genblk1.user_project_io_in[20]/DIODE
 net5822
  ANTENNA_user_projects\[0\].genblk1.user_project_io_in[20]/DIODE
 net5827
  ANTENNA_user_projects\[2\].genblk1.user_project_wbs_adr_i[5]/DIODE
 net5841
  ANTENNA_user_projects\[1\].genblk1.user_project_io_in[21]/DIODE
 net5843
  ANTENNA_user_projects\[0\].genblk1.user_project_io_in[21]/DIODE
 net5864
  ANTENNA_user_projects\[0\].genblk1.user_project_io_in[22]/DIODE
 net5882
  ANTENNA_user_projects\[2\].genblk1.user_project_wbs_dat_i[4]/DIODE
 net5894
  ANTENNA_user_projects\[0\].genblk1.user_project_io_in[24]/DIODE
 net5898
  ANTENNA_user_projects\[2\].genblk1.user_project_wbs_sel_i[3]/DIODE
 net5902
  ANTENNA_user_projects\[3\].genblk1.user_project_io_in[25]/DIODE
 net5903
  ANTENNA_user_projects\[1\].genblk1.user_project_io_in[25]/DIODE
 net5904
  ANTENNA_user_projects\[3\].genblk1.user_project_io_in[26]/DIODE
 net5905
  ANTENNA_user_projects\[1\].genblk1.user_project_io_in[26]/DIODE
 net5906
  ANTENNA_user_projects\[2\].genblk1.user_project_io_in[10]/DIODE
 net5908
  ANTENNA_user_projects\[0\].genblk1.user_project_io_in[10]/DIODE
 net5910
  ANTENNA_user_projects\[3\].genblk1.user_project_io_in[27]/DIODE
 net5912
  ANTENNA_user_projects\[1\].genblk1.user_project_io_in[27]/DIODE
 net5914
  ANTENNA_user_projects\[3\].genblk1.user_project_io_in[28]/DIODE
 net5916
  ANTENNA_user_projects\[1\].genblk1.user_project_io_in[28]/DIODE
 net5918
  ANTENNA_user_projects\[3\].genblk1.user_project_io_in[29]/DIODE
 net5920
  ANTENNA_user_projects\[1\].genblk1.user_project_io_in[29]/DIODE
 net5923
  ANTENNA_user_projects\[3\].genblk1.user_project_io_in[30]/DIODE
 net5925
  ANTENNA_user_projects\[1\].genblk1.user_project_io_in[30]/DIODE
 net5927
  ANTENNA_user_projects\[3\].genblk1.user_project_io_in[31]/DIODE
 net5929
  ANTENNA_user_projects\[1\].genblk1.user_project_io_in[31]/DIODE
 net5931
  ANTENNA_user_projects\[3\].genblk1.user_project_io_in[32]/DIODE
 net5933
  ANTENNA_user_projects\[1\].genblk1.user_project_io_in[32]/DIODE
 net5938
  ANTENNA_user_projects\[2\].genblk1.user_project_io_in[11]/DIODE
 net5940
  ANTENNA_user_projects\[0\].genblk1.user_project_io_in[11]/DIODE
 net5951
  ANTENNA_user_projects\[2\].genblk1.user_project_io_in[6]/DIODE
 net5953
  ANTENNA_user_projects\[0\].genblk1.user_project_io_in[6]/DIODE
 net5955
  ANTENNA_user_projects\[2\].genblk1.user_project_io_in[7]/DIODE
 net5957
  ANTENNA_user_projects\[0\].genblk1.user_project_io_in[7]/DIODE
 net5961
  ANTENNA_user_projects\[0\].genblk1.user_project_io_in[8]/DIODE
 net5963
  ANTENNA_user_projects\[2\].genblk1.user_project_io_in[9]/DIODE
 net5965
  ANTENNA_user_projects\[0\].genblk1.user_project_io_in[9]/DIODE
 net5967
  ANTENNA_user_projects\[3\].genblk1.user_project_la_data_in[0]/DIODE
 net5968
  ANTENNA_user_projects\[2\].genblk1.user_project_la_data_in[0]/DIODE
 net5969
  ANTENNA_user_projects\[2\].genblk1.user_project_io_in[12]/DIODE
 net5971
  ANTENNA_user_projects\[0\].genblk1.user_project_io_in[12]/DIODE
 net5973
  ANTENNA_user_projects\[3\].genblk1.user_project_la_data_in[10]/DIODE
 net5974
  ANTENNA_user_projects\[2\].genblk1.user_project_la_data_in[10]/DIODE
 net5975
  ANTENNA_user_projects\[3\].genblk1.user_project_la_data_in[11]/DIODE
 net5976
  ANTENNA_user_projects\[2\].genblk1.user_project_la_data_in[11]/DIODE
 net5977
  ANTENNA_user_projects\[3\].genblk1.user_project_la_data_in[12]/DIODE
 net5978
  ANTENNA_user_projects\[2\].genblk1.user_project_la_data_in[12]/DIODE
 net5979
  ANTENNA_user_projects\[3\].genblk1.user_project_la_data_in[13]/DIODE
 net5980
  ANTENNA_user_projects\[2\].genblk1.user_project_la_data_in[13]/DIODE
 net5981
  ANTENNA_user_projects\[3\].genblk1.user_project_la_data_in[14]/DIODE
 net5982
  ANTENNA_user_projects\[2\].genblk1.user_project_la_data_in[14]/DIODE
 net5983
  ANTENNA_user_projects\[3\].genblk1.user_project_la_data_in[15]/DIODE
 net5984
  ANTENNA_user_projects\[2\].genblk1.user_project_la_data_in[15]/DIODE
 net5985
  ANTENNA_user_projects\[3\].genblk1.user_project_la_data_in[16]/DIODE
 net5986
  ANTENNA_user_projects\[2\].genblk1.user_project_la_data_in[16]/DIODE
 net5987
  ANTENNA_user_projects\[3\].genblk1.user_project_la_data_in[17]/DIODE
 net5988
  ANTENNA_user_projects\[2\].genblk1.user_project_la_data_in[17]/DIODE
 net5989
  ANTENNA_user_projects\[3\].genblk1.user_project_la_data_in[18]/DIODE
 net5990
  ANTENNA_user_projects\[2\].genblk1.user_project_la_data_in[18]/DIODE
 net5991
  ANTENNA_user_projects\[3\].genblk1.user_project_la_data_in[19]/DIODE
 net5992
  ANTENNA_user_projects\[2\].genblk1.user_project_la_data_in[19]/DIODE
 net5993
  ANTENNA_user_projects\[2\].genblk1.user_project_io_in[13]/DIODE
 net5994
  ANTENNA_user_projects\[0\].genblk1.user_project_io_in[13]/DIODE
 net5995
  ANTENNA_user_projects\[3\].genblk1.user_project_la_data_in[1]/DIODE
 net5996
  ANTENNA_user_projects\[2\].genblk1.user_project_la_data_in[1]/DIODE
 net5997
  ANTENNA_user_projects\[3\].genblk1.user_project_la_data_in[20]/DIODE
 net5998
  ANTENNA_user_projects\[2\].genblk1.user_project_la_data_in[20]/DIODE
 net5999
  ANTENNA_user_projects\[3\].genblk1.user_project_la_data_in[21]/DIODE
 net6000
  ANTENNA_user_projects\[2\].genblk1.user_project_la_data_in[21]/DIODE
 net6001
  ANTENNA_user_projects\[3\].genblk1.user_project_la_data_in[22]/DIODE
 net6002
  ANTENNA_user_projects\[2\].genblk1.user_project_la_data_in[22]/DIODE
 net6003
  ANTENNA_user_projects\[3\].genblk1.user_project_la_data_in[23]/DIODE
 net6004
  ANTENNA_user_projects\[2\].genblk1.user_project_la_data_in[23]/DIODE
 net6005
  ANTENNA_user_projects\[3\].genblk1.user_project_la_data_in[24]/DIODE
 net6006
  ANTENNA_user_projects\[2\].genblk1.user_project_la_data_in[24]/DIODE
 net6007
  ANTENNA_user_projects\[3\].genblk1.user_project_la_data_in[25]/DIODE
 net6008
  ANTENNA_user_projects\[2\].genblk1.user_project_la_data_in[25]/DIODE
 net6009
  ANTENNA_user_projects\[3\].genblk1.user_project_la_data_in[26]/DIODE
 net6010
  ANTENNA_user_projects\[2\].genblk1.user_project_la_data_in[26]/DIODE
 net6011
  ANTENNA_user_projects\[3\].genblk1.user_project_la_data_in[27]/DIODE
 net6012
  ANTENNA_user_projects\[2\].genblk1.user_project_la_data_in[27]/DIODE
 net6013
  ANTENNA_user_projects\[3\].genblk1.user_project_la_data_in[28]/DIODE
 net6014
  ANTENNA_user_projects\[2\].genblk1.user_project_la_data_in[28]/DIODE
 net6015
  ANTENNA_user_projects\[1\].genblk1.user_project_io_in[14]/DIODE
 net6016
  ANTENNA_user_projects\[3\].genblk1.user_project_la_data_in[29]/DIODE
 net6017
  ANTENNA_user_projects\[2\].genblk1.user_project_la_data_in[29]/DIODE
 net6018
  ANTENNA_user_projects\[3\].genblk1.user_project_la_data_in[2]/DIODE
 net6019
  ANTENNA_user_projects\[2\].genblk1.user_project_la_data_in[2]/DIODE
 net6020
  ANTENNA_user_projects\[3\].genblk1.user_project_la_data_in[30]/DIODE
 net6021
  ANTENNA_user_projects\[2\].genblk1.user_project_la_data_in[30]/DIODE
 net6022
  ANTENNA_user_projects\[3\].genblk1.user_project_la_data_in[31]/DIODE
 net6023
  ANTENNA_user_projects\[2\].genblk1.user_project_la_data_in[31]/DIODE
 net6024
  ANTENNA_user_projects\[3\].genblk1.user_project_la_data_in[3]/DIODE
 net6025
  ANTENNA_user_projects\[2\].genblk1.user_project_la_data_in[3]/DIODE
 net6026
  ANTENNA_user_projects\[3\].genblk1.user_project_la_data_in[4]/DIODE
 net6027
  ANTENNA_user_projects\[2\].genblk1.user_project_la_data_in[4]/DIODE
 net6028
  ANTENNA_user_projects\[3\].genblk1.user_project_la_data_in[5]/DIODE
 net6029
  ANTENNA_user_projects\[2\].genblk1.user_project_la_data_in[5]/DIODE
 net6030
  ANTENNA_user_projects\[3\].genblk1.user_project_la_data_in[6]/DIODE
 net6031
  ANTENNA_user_projects\[2\].genblk1.user_project_la_data_in[6]/DIODE
 net6032
  ANTENNA_user_projects\[3\].genblk1.user_project_la_data_in[7]/DIODE
 net6033
  ANTENNA_user_projects\[2\].genblk1.user_project_la_data_in[7]/DIODE
 net6034
  ANTENNA_user_projects\[3\].genblk1.user_project_la_data_in[8]/DIODE
 net6035
  ANTENNA_user_projects\[2\].genblk1.user_project_la_data_in[8]/DIODE
 net6037
  ANTENNA_user_projects\[3\].genblk1.user_project_la_data_in[9]/DIODE
 net6038
  ANTENNA_user_projects\[2\].genblk1.user_project_la_data_in[9]/DIODE
 net6039
  ANTENNA_user_projects\[1\].genblk1.user_project_la_oenb[0]/DIODE
 net6040
  ANTENNA_user_projects\[1\].genblk1.user_project_la_oenb[10]/DIODE
 net6042
  ANTENNA_user_projects\[1\].genblk1.user_project_la_oenb[11]/DIODE
 net6044
  ANTENNA_user_projects\[1\].genblk1.user_project_la_oenb[12]/DIODE
 net6046
  ANTENNA_user_projects\[1\].genblk1.user_project_la_oenb[13]/DIODE
 net6048
  ANTENNA_user_projects\[1\].genblk1.user_project_la_oenb[14]/DIODE
 net6050
  ANTENNA_user_projects\[1\].genblk1.user_project_la_oenb[15]/DIODE
 net6052
  ANTENNA_user_projects\[1\].genblk1.user_project_la_oenb[16]/DIODE
 net6054
  ANTENNA_user_projects\[1\].genblk1.user_project_la_oenb[17]/DIODE
 net6061
  ANTENNA_user_projects\[1\].genblk1.user_project_la_oenb[1]/DIODE
 net6076
  ANTENNA_user_projects\[1\].genblk1.user_project_io_in[17]/DIODE
 net6078
  ANTENNA_user_projects\[0\].genblk1.user_project_io_in[17]/DIODE
 net6084
  ANTENNA_user_projects\[1\].genblk1.user_project_la_oenb[29]/DIODE
 net6086
  ANTENNA_user_projects\[1\].genblk1.user_project_la_oenb[2]/DIODE
 net6087
  ANTENNA_user_projects\[1\].genblk1.user_project_la_oenb[30]/DIODE
 net6089
  ANTENNA_user_projects\[1\].genblk1.user_project_la_oenb[31]/DIODE
 net6091
  ANTENNA_user_projects\[1\].genblk1.user_project_la_oenb[3]/DIODE
 net6092
  ANTENNA_user_projects\[1\].genblk1.user_project_la_oenb[4]/DIODE
 net6093
  ANTENNA_user_projects\[1\].genblk1.user_project_la_oenb[5]/DIODE
 net6094
  ANTENNA_user_projects\[1\].genblk1.user_project_la_oenb[6]/DIODE
 net6133
  ANTENNA_user_projects\[3\].genblk1.user_project_io_in[18]/DIODE
 net6135
  ANTENNA_user_projects\[2\].genblk1.user_project_io_in[18]/DIODE
 net6144
  ANTENNA_user_projects\[1\].genblk1.user_project_wbs_adr_i[0]/DIODE
 net6145
  ANTENNA_user_projects\[1\].genblk1.user_project_wbs_adr_i[10]/DIODE
 net6146
  ANTENNA_user_projects\[1\].genblk1.user_project_wbs_adr_i[11]/DIODE
 net6147
  ANTENNA_user_projects\[1\].genblk1.user_project_wbs_adr_i[12]/DIODE
 net6148
  ANTENNA_user_projects\[1\].genblk1.user_project_wbs_adr_i[13]/DIODE
 net6151
  ANTENNA_user_projects\[3\].genblk1.user_project_io_in[19]/DIODE
 net6152
  ANTENNA_user_projects\[2\].genblk1.user_project_io_in[19]/DIODE
 net6154
  ANTENNA_user_projects\[1\].genblk1.user_project_wbs_adr_i[14]/DIODE
 net6155
  ANTENNA_user_projects\[1\].genblk1.user_project_wbs_adr_i[15]/DIODE
 net6156
  ANTENNA_user_projects\[1\].genblk1.user_project_wbs_adr_i[16]/DIODE
 net6157
  ANTENNA_user_projects\[1\].genblk1.user_project_wbs_adr_i[17]/DIODE
 net6158
  ANTENNA_user_projects\[1\].genblk1.user_project_wbs_adr_i[18]/DIODE
 net6159
  ANTENNA_user_projects\[1\].genblk1.user_project_wbs_adr_i[19]/DIODE
 net6160
  ANTENNA_user_projects\[1\].genblk1.user_project_wbs_adr_i[1]/DIODE
 net6161
  ANTENNA_user_projects\[1\].genblk1.user_project_wbs_adr_i[20]/DIODE
 net6162
  ANTENNA_user_projects\[1\].genblk1.user_project_wbs_adr_i[21]/DIODE
 net6163
  ANTENNA_user_projects\[1\].genblk1.user_project_wbs_adr_i[22]/DIODE
 net6165
  ANTENNA_user_projects\[1\].genblk1.user_project_wbs_adr_i[23]/DIODE
 net6166
  ANTENNA_user_projects\[1\].genblk1.user_project_wbs_adr_i[24]/DIODE
 net6167
  ANTENNA_user_projects\[1\].genblk1.user_project_wbs_adr_i[25]/DIODE
 net6168
  ANTENNA_user_projects\[1\].genblk1.user_project_wbs_adr_i[26]/DIODE
 net6169
  ANTENNA_user_projects\[1\].genblk1.user_project_wbs_adr_i[27]/DIODE
 net6170
  ANTENNA_user_projects\[1\].genblk1.user_project_wbs_adr_i[28]/DIODE
 net6171
  ANTENNA_user_projects\[1\].genblk1.user_project_wbs_adr_i[29]/DIODE
 net6172
  ANTENNA_user_projects\[1\].genblk1.user_project_wbs_adr_i[2]/DIODE
 net6173
  ANTENNA_user_projects\[1\].genblk1.user_project_wbs_adr_i[30]/DIODE
 net6174
  ANTENNA_user_projects\[1\].genblk1.user_project_wbs_adr_i[31]/DIODE
 net6176
  ANTENNA_user_projects\[3\].genblk1.user_project_io_in[20]/DIODE
 net6179
  ANTENNA_user_projects\[2\].genblk1.user_project_io_in[20]/DIODE
 net6180
  ANTENNA_user_projects\[1\].genblk1.user_project_wbs_adr_i[3]/DIODE
 net6181
  ANTENNA_user_projects\[1\].genblk1.user_project_wbs_adr_i[4]/DIODE
 net6182
  ANTENNA_user_projects\[1\].genblk1.user_project_wbs_adr_i[5]/DIODE
 net6183
  ANTENNA_user_projects\[1\].genblk1.user_project_wbs_adr_i[6]/DIODE
 net6184
  ANTENNA_user_projects\[1\].genblk1.user_project_wbs_adr_i[7]/DIODE
 net6185
  ANTENNA_user_projects\[1\].genblk1.user_project_wbs_adr_i[8]/DIODE
 net6186
  ANTENNA_user_projects\[1\].genblk1.user_project_wbs_adr_i[9]/DIODE
 net6188
  ANTENNA_user_projects\[1\].genblk1.user_project_wbs_dat_i[0]/DIODE
 net6189
  ANTENNA_user_projects\[1\].genblk1.user_project_wbs_dat_i[10]/DIODE
 net6191
  ANTENNA_user_projects\[3\].genblk1.user_project_io_in[21]/DIODE
 net6193
  ANTENNA_user_projects\[2\].genblk1.user_project_io_in[21]/DIODE
 net6194
  ANTENNA_user_projects\[1\].genblk1.user_project_wbs_dat_i[11]/DIODE
 net6195
  ANTENNA_user_projects\[1\].genblk1.user_project_wbs_dat_i[12]/DIODE
 net6196
  ANTENNA_user_projects\[1\].genblk1.user_project_wbs_dat_i[13]/DIODE
 net6197
  ANTENNA_user_projects\[1\].genblk1.user_project_wbs_dat_i[14]/DIODE
 net6198
  ANTENNA_user_projects\[1\].genblk1.user_project_wbs_dat_i[15]/DIODE
 net6199
  ANTENNA_user_projects\[1\].genblk1.user_project_wbs_dat_i[16]/DIODE
 net6200
  ANTENNA_user_projects\[1\].genblk1.user_project_wbs_dat_i[17]/DIODE
 net6201
  ANTENNA_user_projects\[1\].genblk1.user_project_wbs_dat_i[18]/DIODE
 net6202
  ANTENNA_user_projects\[1\].genblk1.user_project_wbs_dat_i[19]/DIODE
 net6203
  ANTENNA_user_projects\[1\].genblk1.user_project_wbs_dat_i[1]/DIODE
 net6204
  ANTENNA_user_projects\[3\].genblk1.user_project_io_in[22]/DIODE
 net6205
  ANTENNA_user_projects\[1\].genblk1.user_project_wbs_dat_i[20]/DIODE
 net6206
  ANTENNA_user_projects\[1\].genblk1.user_project_wbs_dat_i[21]/DIODE
 net6207
  ANTENNA_user_projects\[1\].genblk1.user_project_wbs_dat_i[22]/DIODE
 net6208
  ANTENNA_user_projects\[1\].genblk1.user_project_wbs_dat_i[23]/DIODE
 net6209
  ANTENNA_user_projects\[1\].genblk1.user_project_wbs_dat_i[24]/DIODE
 net6210
  ANTENNA_user_projects\[1\].genblk1.user_project_wbs_dat_i[25]/DIODE
 net6211
  ANTENNA_user_projects\[1\].genblk1.user_project_wbs_dat_i[26]/DIODE
 net6212
  ANTENNA_user_projects\[1\].genblk1.user_project_wbs_dat_i[27]/DIODE
 net6213
  ANTENNA_user_projects\[1\].genblk1.user_project_wbs_dat_i[28]/DIODE
 net6214
  ANTENNA_user_projects\[1\].genblk1.user_project_wbs_dat_i[29]/DIODE
 net6215
  ANTENNA_user_projects\[3\].genblk1.user_project_io_in[23]/DIODE
 net6216
  ANTENNA_user_projects\[1\].genblk1.user_project_wbs_dat_i[2]/DIODE
 net6217
  ANTENNA_user_projects\[1\].genblk1.user_project_wbs_dat_i[30]/DIODE
 net6218
  ANTENNA_user_projects\[1\].genblk1.user_project_wbs_dat_i[31]/DIODE
 net6219
  ANTENNA_user_projects\[1\].genblk1.user_project_wbs_dat_i[3]/DIODE
 net6220
  ANTENNA_user_projects\[1\].genblk1.user_project_wbs_dat_i[4]/DIODE
 net6221
  ANTENNA_user_projects\[1\].genblk1.user_project_wbs_dat_i[5]/DIODE
 net6222
  ANTENNA_user_projects\[1\].genblk1.user_project_wbs_dat_i[6]/DIODE
 net6223
  ANTENNA_user_projects\[1\].genblk1.user_project_wbs_dat_i[7]/DIODE
 net6224
  ANTENNA_user_projects\[1\].genblk1.user_project_wbs_dat_i[8]/DIODE
 net6225
  ANTENNA_user_projects\[1\].genblk1.user_project_wbs_dat_i[9]/DIODE
 net6226
  ANTENNA_user_projects\[3\].genblk1.user_project_io_in[24]/DIODE
 net6227
  ANTENNA_user_projects\[1\].genblk1.user_project_wbs_sel_i[0]/DIODE
 net6228
  ANTENNA_user_projects\[1\].genblk1.user_project_wbs_sel_i[1]/DIODE
 net6229
  ANTENNA_user_projects\[1\].genblk1.user_project_wbs_sel_i[2]/DIODE
 net6230
  ANTENNA_user_projects\[1\].genblk1.user_project_wbs_sel_i[3]/DIODE
 net6236
  ANTENNA_user_projects\[0\].genblk1.user_project_io_in[26]/DIODE
 net6238
  ANTENNA_user_projects\[3\].genblk1.user_project_io_in[10]/DIODE
 net6240
  ANTENNA_user_projects\[1\].genblk1.user_project_io_in[10]/DIODE
 net6244
  ANTENNA_user_projects\[0\].genblk1.user_project_io_in[27]/DIODE
 net6246
  ANTENNA_user_projects\[2\].genblk1.user_project_io_in[28]/DIODE
 net6248
  ANTENNA_user_projects\[0\].genblk1.user_project_io_in[28]/DIODE
 net6250
  ANTENNA_user_projects\[2\].genblk1.user_project_io_in[29]/DIODE
 net6252
  ANTENNA_user_projects\[0\].genblk1.user_project_io_in[29]/DIODE
 net6253
  ANTENNA_user_projects\[0\].genblk1.user_project_io_in[2]/DIODE
 net6255
  ANTENNA_user_projects\[2\].genblk1.user_project_io_in[30]/DIODE
 net6259
  ANTENNA_user_projects\[1\].genblk1.user_project_io_in[33]/DIODE
 net6261
  ANTENNA_user_projects\[1\].genblk1.user_project_io_in[34]/DIODE
 net6263
  ANTENNA_user_projects\[1\].genblk1.user_project_io_in[35]/DIODE
 net6268
  ANTENNA_user_projects\[1\].genblk1.user_project_io_in[11]/DIODE
 net6271
  ANTENNA_user_projects\[0\].genblk1.user_project_io_in[3]/DIODE
 net6273
  ANTENNA_user_projects\[0\].genblk1.user_project_io_in[4]/DIODE
 net6275
  ANTENNA_user_projects\[0\].genblk1.user_project_io_in[5]/DIODE
 net6281
  ANTENNA_user_projects\[3\].genblk1.user_project_io_in[9]/DIODE
 net6283
  ANTENNA_user_projects\[1\].genblk1.user_project_io_in[9]/DIODE
 net6289
  ANTENNA_user_projects\[1\].genblk1.user_project_io_in[12]/DIODE
 net6303
  ANTENNA_user_projects\[0\].genblk1.user_project_la_data_in[12]/DIODE
 net6311
  ANTENNA_user_projects\[1\].genblk1.user_project_la_data_in[14]/DIODE
 net6316
  ANTENNA_user_projects\[1\].genblk1.user_project_la_data_in[15]/DIODE
 net6320
  ANTENNA_user_projects\[1\].genblk1.user_project_la_data_in[16]/DIODE
 net6324
  ANTENNA_user_projects\[1\].genblk1.user_project_la_data_in[17]/DIODE
 net6328
  ANTENNA_user_projects\[1\].genblk1.user_project_la_data_in[18]/DIODE
 net6332
  ANTENNA_user_projects\[1\].genblk1.user_project_la_data_in[19]/DIODE
 net6336
  ANTENNA_user_projects\[1\].genblk1.user_project_io_in[13]/DIODE
 net6341
  ANTENNA_user_projects\[0\].genblk1.user_project_la_data_in[1]/DIODE
 net6344
  ANTENNA_user_projects\[1\].genblk1.user_project_la_data_in[20]/DIODE
 net6348
  ANTENNA_user_projects\[1\].genblk1.user_project_la_data_in[21]/DIODE
 net6352
  ANTENNA_user_projects\[1\].genblk1.user_project_la_data_in[22]/DIODE
 net6356
  ANTENNA_user_projects\[1\].genblk1.user_project_la_data_in[23]/DIODE
 net6360
  ANTENNA_user_projects\[1\].genblk1.user_project_la_data_in[24]/DIODE
 net6364
  ANTENNA_user_projects\[1\].genblk1.user_project_la_data_in[25]/DIODE
 net6368
  ANTENNA_user_projects\[1\].genblk1.user_project_la_data_in[26]/DIODE
 net6372
  ANTENNA_user_projects\[1\].genblk1.user_project_la_data_in[27]/DIODE
 net6376
  ANTENNA_user_projects\[1\].genblk1.user_project_la_data_in[28]/DIODE
 net6379
  ANTENNA_user_projects\[2\].genblk1.user_project_io_in[14]/DIODE
 net6381
  ANTENNA_user_projects\[1\].genblk1.user_project_la_data_in[29]/DIODE
 net6388
  ANTENNA_user_projects\[0\].genblk1.user_project_la_data_in[2]/DIODE
 net6418
  ANTENNA_user_projects\[0\].genblk1.user_project_la_data_in[6]/DIODE
 net6424
  ANTENNA_user_projects\[0\].genblk1.user_project_la_data_in[7]/DIODE
 net6430
  ANTENNA_user_projects\[0\].genblk1.user_project_la_data_in[8]/DIODE
 net6432
  ANTENNA_user_projects\[2\].genblk1.user_project_io_in[15]/DIODE
 net6436
  ANTENNA_user_projects\[0\].genblk1.user_project_la_data_in[9]/DIODE
 net6455
  ANTENNA_user_projects\[2\].genblk1.user_project_io_in[16]/DIODE
 net6467
  ANTENNA_user_projects\[3\].genblk1.user_project_io_in[17]/DIODE
 net6469
  ANTENNA_user_projects\[2\].genblk1.user_project_io_in[17]/DIODE
 net6560
  ANTENNA_user_projects\[2\].genblk1.user_project_io_in[22]/DIODE
 net6584
  ANTENNA_user_projects\[0\].genblk1.user_project_wbs_dat_i[30]/DIODE
 net6593
  ANTENNA_user_projects\[0\].genblk1.user_project_wbs_dat_i[9]/DIODE
 net6615
  ANTENNA_user_projects\[3\].genblk1.user_project_io_in[14]/DIODE
 net7045
  ANTENNA_user_projects\[3\].genblk1.user_project_io_in[8]/DIODE
 net7046
  ANTENNA_user_projects\[3\].genblk1.user_project_io_in[7]/DIODE
 net7047
  ANTENNA_user_projects\[2\].genblk1.user_project_io_in[31]/DIODE
 net5030
  ANTENNA_user_projects\[3\].genblk1.user_project_la_oenb[16]/DIODE
 net5042
  ANTENNA_user_projects\[3\].genblk1.user_project_la_oenb[30]/DIODE
 net5043
  ANTENNA_user_projects\[3\].genblk1.user_project_la_oenb[28]/DIODE
 net5044
  ANTENNA_user_projects\[3\].genblk1.user_project_la_oenb[27]/DIODE
 net5045
  ANTENNA_user_projects\[3\].genblk1.user_project_la_oenb[26]/DIODE
 net5046
  ANTENNA_user_projects\[3\].genblk1.user_project_la_oenb[25]/DIODE
 net5047
  ANTENNA_user_projects\[3\].genblk1.user_project_la_oenb[24]/DIODE
 net5048
  ANTENNA_user_projects\[3\].genblk1.user_project_la_oenb[23]/DIODE
 net5049
  ANTENNA_user_projects\[3\].genblk1.user_project_la_oenb[22]/DIODE
 net5050
  ANTENNA_user_projects\[3\].genblk1.user_project_la_oenb[21]/DIODE
 net5051
  ANTENNA_user_projects\[3\].genblk1.user_project_la_oenb[20]/DIODE
 net5052
  ANTENNA_user_projects\[3\].genblk1.user_project_la_oenb[19]/DIODE
 net5053
  ANTENNA_user_projects\[3\].genblk1.user_project_la_oenb[18]/DIODE
 net5057
  ANTENNA_user_projects\[2\].genblk1.user_project_wbs_adr_i[14]/DIODE
 net5059
  ANTENNA_user_projects\[2\].genblk1.user_project_wbs_adr_i[19]/DIODE
 net5060
  ANTENNA_user_projects\[2\].genblk1.user_project_wbs_adr_i[20]/DIODE
 net5061
  ANTENNA_user_projects\[2\].genblk1.user_project_wbs_dat_i[13]/DIODE
 net5063
  ANTENNA_user_projects\[2\].genblk1.user_project_wbs_dat_i[14]/DIODE
 net5065
  ANTENNA_user_projects\[2\].genblk1.user_project_wbs_dat_i[17]/DIODE
 net5066
  ANTENNA_user_projects\[2\].genblk1.user_project_wbs_dat_i[18]/DIODE
 net5067
  ANTENNA_user_projects\[2\].genblk1.user_project_wbs_dat_i[19]/DIODE
 net5077
  ANTENNA_user_projects\[2\].genblk1.user_project_wbs_adr_i[21]/DIODE
 net5079
  ANTENNA_user_projects\[2\].genblk1.user_project_wbs_adr_i[22]/DIODE
 net5081
  ANTENNA_user_projects\[2\].genblk1.user_project_wbs_adr_i[23]/DIODE
 net5082
  ANTENNA_user_projects\[2\].genblk1.user_project_wbs_dat_i[20]/DIODE
 net5083
  ANTENNA_user_projects\[2\].genblk1.user_project_wbs_dat_i[21]/DIODE
 net5084
  ANTENNA_user_projects\[2\].genblk1.user_project_wbs_dat_i[22]/DIODE
 net5085
  ANTENNA_user_projects\[2\].genblk1.user_project_wbs_dat_i[23]/DIODE
 net5086
  ANTENNA_user_projects\[2\].genblk1.user_project_wbs_dat_i[9]/DIODE
 net5087
  ANTENNA_user_projects\[2\].genblk1.user_project_wbs_dat_i[16]/DIODE
 net5088
  ANTENNA_user_projects\[2\].genblk1.user_project_wbs_dat_i[15]/DIODE
 net5089
  ANTENNA_user_projects\[2\].genblk1.user_project_wbs_dat_i[12]/DIODE
 net5090
  ANTENNA_user_projects\[2\].genblk1.user_project_wbs_dat_i[11]/DIODE
 net5091
  ANTENNA_user_projects\[2\].genblk1.user_project_wbs_dat_i[10]/DIODE
 net5092
  ANTENNA_user_projects\[2\].genblk1.user_project_wbs_adr_i[18]/DIODE
 net5093
  ANTENNA_user_projects\[2\].genblk1.user_project_wbs_adr_i[17]/DIODE
 net5094
  ANTENNA_user_projects\[2\].genblk1.user_project_wbs_adr_i[16]/DIODE
 net5095
  ANTENNA_user_projects\[2\].genblk1.user_project_wbs_adr_i[15]/DIODE
 net5096
  ANTENNA_user_projects\[2\].genblk1.user_project_wbs_adr_i[13]/DIODE
 net5097
  ANTENNA_user_projects\[2\].genblk1.user_project_wbs_adr_i[12]/DIODE
 net5104
  ANTENNA_user_projects\[2\].genblk1.user_project_wbs_adr_i[3]/DIODE
 net5105
  ANTENNA_user_projects\[2\].genblk1.user_project_wbs_dat_i[0]/DIODE
 net5106
  ANTENNA_user_projects\[2\].genblk1.user_project_wbs_dat_i[1]/DIODE
 net5107
  ANTENNA_user_projects\[2\].genblk1.user_project_wbs_sel_i[1]/DIODE
 net7152
  ANTENNA_user_projects\[2\].genblk1.user_project_wbs_sel_i[2]/DIODE
 net7154
  ANTENNA_user_projects\[2\].genblk1.user_project_io_in[8]/DIODE
 net7157
  ANTENNA_user_projects\[2\].genblk1.user_project_wbs_dat_i[8]/DIODE
 net7158
  ANTENNA_user_projects\[2\].genblk1.user_project_wbs_dat_i[7]/DIODE
 net7159
  ANTENNA_user_projects\[2\].genblk1.user_project_wbs_dat_i[6]/DIODE
 net7160
  ANTENNA_user_projects\[2\].genblk1.user_project_wbs_dat_i[5]/DIODE
 net7161
  ANTENNA_user_projects\[2\].genblk1.user_project_wbs_dat_i[3]/DIODE
 net7162
  ANTENNA_user_projects\[2\].genblk1.user_project_wbs_dat_i[30]/DIODE
 net7164
  ANTENNA_user_projects\[2\].genblk1.user_project_wbs_dat_i[29]/DIODE
 net7165
  ANTENNA_user_projects\[2\].genblk1.user_project_wbs_dat_i[28]/DIODE
 net7166
  ANTENNA_user_projects\[2\].genblk1.user_project_wbs_dat_i[27]/DIODE
 net7167
  ANTENNA_user_projects\[2\].genblk1.user_project_wbs_dat_i[26]/DIODE
 net7168
  ANTENNA_user_projects\[2\].genblk1.user_project_wbs_dat_i[25]/DIODE
 net7169
  ANTENNA_user_projects\[2\].genblk1.user_project_wbs_dat_i[24]/DIODE
 net7175
  ANTENNA_user_projects\[2\].genblk1.user_project_wbs_adr_i[9]/DIODE
 net7176
  ANTENNA_user_projects\[2\].genblk1.user_project_wbs_adr_i[8]/DIODE
 net7177
  ANTENNA_user_projects\[2\].genblk1.user_project_wbs_adr_i[7]/DIODE
 net7178
  ANTENNA_user_projects\[2\].genblk1.user_project_wbs_adr_i[6]/DIODE
 net7179
  ANTENNA_user_projects\[2\].genblk1.user_project_wbs_adr_i[4]/DIODE
 net7181
  ANTENNA_user_projects\[2\].genblk1.user_project_wbs_adr_i[30]/DIODE
 net7182
  ANTENNA_user_projects\[2\].genblk1.user_project_wbs_adr_i[29]/DIODE
 net7183
  ANTENNA_user_projects\[2\].genblk1.user_project_wbs_adr_i[28]/DIODE
 net7184
  ANTENNA_user_projects\[2\].genblk1.user_project_wbs_adr_i[27]/DIODE
 net7185
  ANTENNA_user_projects\[2\].genblk1.user_project_wbs_adr_i[26]/DIODE
 net7186
  ANTENNA_user_projects\[2\].genblk1.user_project_wbs_adr_i[25]/DIODE
 net7187
  ANTENNA_user_projects\[2\].genblk1.user_project_wbs_adr_i[24]/DIODE
 net7194
  ANTENNA_user_projects\[2\].genblk1.user_project_wbs_adr_i[10]/DIODE
 net7195
  ANTENNA_user_projects\[2\].genblk1.user_project_la_oenb[6]/DIODE
 net7197
  ANTENNA_user_projects\[2\].genblk1.user_project_la_oenb[5]/DIODE
 net7200
  ANTENNA_user_projects\[2\].genblk1.user_project_la_oenb[4]/DIODE
 net7202
  ANTENNA_user_projects\[2\].genblk1.user_project_la_oenb[3]/DIODE
 net7203
  ANTENNA_user_projects\[2\].genblk1.user_project_la_oenb[31]/DIODE
 net7205
  ANTENNA_user_projects\[2\].genblk1.user_project_la_oenb[30]/DIODE
 net7207
  ANTENNA_user_projects\[2\].genblk1.user_project_la_oenb[2]/DIODE
 net7208
  ANTENNA_user_projects\[2\].genblk1.user_project_la_oenb[29]/DIODE
 net7209
  ANTENNA_user_projects\[2\].genblk1.user_project_la_oenb[28]/DIODE
 net7210
  ANTENNA_user_projects\[2\].genblk1.user_project_la_oenb[27]/DIODE
 net7211
  ANTENNA_user_projects\[2\].genblk1.user_project_la_oenb[26]/DIODE
 net7212
  ANTENNA_user_projects\[2\].genblk1.user_project_la_oenb[25]/DIODE
 net7213
  ANTENNA_user_projects\[2\].genblk1.user_project_la_oenb[24]/DIODE
 net7214
  ANTENNA_user_projects\[2\].genblk1.user_project_la_oenb[23]/DIODE
 net7215
  ANTENNA_user_projects\[2\].genblk1.user_project_la_oenb[22]/DIODE
 net7216
  ANTENNA_user_projects\[2\].genblk1.user_project_la_oenb[21]/DIODE
 net7217
  ANTENNA_user_projects\[2\].genblk1.user_project_la_oenb[20]/DIODE
 net7219
  ANTENNA_user_projects\[2\].genblk1.user_project_la_oenb[1]/DIODE
 net7220
  ANTENNA_user_projects\[2\].genblk1.user_project_la_oenb[19]/DIODE
 net7221
  ANTENNA_user_projects\[2\].genblk1.user_project_la_oenb[18]/DIODE
 net7222
  ANTENNA_user_projects\[2\].genblk1.user_project_la_oenb[17]/DIODE
 net7223
  ANTENNA_user_projects\[2\].genblk1.user_project_la_oenb[16]/DIODE
 net7224
  ANTENNA_user_projects\[2\].genblk1.user_project_la_oenb[15]/DIODE
 net7225
  ANTENNA_user_projects\[2\].genblk1.user_project_la_oenb[14]/DIODE
 net7226
  ANTENNA_user_projects\[2\].genblk1.user_project_la_oenb[13]/DIODE
 net7227
  ANTENNA_user_projects\[2\].genblk1.user_project_la_oenb[12]/DIODE
 net7228
  ANTENNA_user_projects\[2\].genblk1.user_project_la_oenb[11]/DIODE
 net7229
  ANTENNA_user_projects\[2\].genblk1.user_project_la_oenb[10]/DIODE
 net7231
  ANTENNA_user_projects\[2\].genblk1.user_project_la_oenb[0]/DIODE
 net7235
  ANTENNA_user_projects\[3\].genblk1.user_project_io_in[1]/DIODE
 net7237
  ANTENNA_user_projects\[2\].genblk1.user_project_la_oenb[9]/DIODE
 net7239
  ANTENNA_user_projects\[2\].genblk1.user_project_la_oenb[8]/DIODE
 net7241
  ANTENNA_user_projects\[2\].genblk1.user_project_la_oenb[7]/DIODE
 net7243
  ANTENNA_user_projects\[3\].genblk1.user_project_io_in[0]/DIODE
 net7246
  ANTENNA_user_projects\[0\].genblk1.user_project_io_in[23]/DIODE
 net7247
  ANTENNA_user_projects\[1\].genblk1.user_project_io_in[16]/DIODE
 net7248
  ANTENNA_user_projects\[1\].genblk1.user_project_la_data_in[0]/DIODE
 net7249
  ANTENNA_user_projects\[1\].genblk1.user_project_la_oenb[28]/DIODE
 net7250
  ANTENNA_user_projects\[1\].genblk1.user_project_la_oenb[27]/DIODE
 net7253
  ANTENNA_user_projects\[1\].genblk1.user_project_la_oenb[26]/DIODE
 net7254
  ANTENNA_user_projects\[1\].genblk1.user_project_la_oenb[25]/DIODE
 net7255
  ANTENNA_user_projects\[1\].genblk1.user_project_la_oenb[24]/DIODE
 net7256
  ANTENNA_user_projects\[1\].genblk1.user_project_la_oenb[23]/DIODE
 net7257
  ANTENNA_user_projects\[1\].genblk1.user_project_la_oenb[22]/DIODE
 net7258
  ANTENNA_user_projects\[1\].genblk1.user_project_la_oenb[21]/DIODE
 net7259
  ANTENNA_user_projects\[1\].genblk1.user_project_la_oenb[20]/DIODE
 net7260
  ANTENNA_user_projects\[1\].genblk1.user_project_la_oenb[19]/DIODE
 net7261
  ANTENNA_user_projects\[1\].genblk1.user_project_la_oenb[18]/DIODE
 net7265
  ANTENNA_user_projects\[3\].genblk1.user_project_io_in[5]/DIODE
 net7266
  ANTENNA_user_projects\[3\].genblk1.user_project_io_in[4]/DIODE
 net7268
  ANTENNA_user_projects\[3\].genblk1.user_project_io_in[3]/DIODE
 net7272
  ANTENNA_user_projects\[2\].genblk1.user_project_io_in[33]/DIODE
 net7276
  ANTENNA_user_projects\[2\].genblk1.user_project_wbs_sel_i[0]/DIODE
 net7283
  ANTENNA_user_projects\[2\].genblk1.user_project_wbs_dat_i[31]/DIODE
 net7285
  ANTENNA_user_projects\[2\].genblk1.user_project_wbs_dat_i[2]/DIODE
 net7294
  ANTENNA_user_projects\[2\].genblk1.user_project_wbs_adr_i[31]/DIODE
 net7296
  ANTENNA_user_projects\[2\].genblk1.user_project_wbs_adr_i[2]/DIODE
 net7297
  ANTENNA_user_projects\[2\].genblk1.user_project_wbs_adr_i[1]/DIODE
 net7299
  ANTENNA_user_projects\[2\].genblk1.user_project_wbs_adr_i[0]/DIODE
 net7303
  ANTENNA_user_projects\[3\].genblk1.user_project_io_in[6]/DIODE
 net7308
  ANTENNA_user_projects\[1\].genblk1.user_project_io_in[15]/DIODE
 net7310
  ANTENNA_user_projects\[2\].genblk1.user_project_io_in[35]/DIODE
 net7312
  ANTENNA_user_projects\[2\].genblk1.user_project_io_in[34]/DIODE
 net7317
  ANTENNA_user_projects\[3\].genblk1.user_project_io_in[2]/DIODE
 net7342
  ANTENNA_user_projects\[1\].genblk1.user_project_la_data_in[8]/DIODE
 net7343
  ANTENNA_user_projects\[1\].genblk1.user_project_la_data_in[7]/DIODE
 net7344
  ANTENNA_user_projects\[1\].genblk1.user_project_la_data_in[6]/DIODE
 net7345
  ANTENNA_user_projects\[0\].genblk1.user_project_la_data_in[5]/DIODE
 net7346
  ANTENNA_user_projects\[1\].genblk1.user_project_la_data_in[5]/DIODE
 net7347
  ANTENNA_user_projects\[0\].genblk1.user_project_la_data_in[4]/DIODE
 net7348
  ANTENNA_user_projects\[1\].genblk1.user_project_la_data_in[4]/DIODE
 net7349
  ANTENNA_user_projects\[0\].genblk1.user_project_la_data_in[3]/DIODE
 net7350
  ANTENNA_user_projects\[1\].genblk1.user_project_la_data_in[3]/DIODE
 net7351
  ANTENNA_user_projects\[1\].genblk1.user_project_la_data_in[2]/DIODE
 net7352
  ANTENNA_user_projects\[1\].genblk1.user_project_la_data_in[1]/DIODE
 net7354
  ANTENNA_user_projects\[0\].genblk1.user_project_la_data_in[14]/DIODE
 net7355
  ANTENNA_user_projects\[0\].genblk1.user_project_la_data_in[13]/DIODE
 net7356
  ANTENNA_user_projects\[0\].genblk1.user_project_la_data_in[11]/DIODE
 net7357
  ANTENNA_user_projects\[0\].genblk1.user_project_la_data_in[10]/DIODE
 net7362
  ANTENNA_user_projects\[0\].genblk1.user_project_io_in[25]/DIODE
 net7369
  ANTENNA_user_projects\[0\].genblk1.user_project_la_data_in[0]/DIODE
 net7373
  ANTENNA_user_projects\[1\].genblk1.user_project_la_data_in[9]/DIODE
 net7377
  ANTENNA_user_projects\[0\].genblk1.user_project_la_data_in[31]/DIODE
 net7378
  ANTENNA_user_projects\[0\].genblk1.user_project_la_data_in[30]/DIODE
 net7380
  ANTENNA_user_projects\[0\].genblk1.user_project_la_data_in[29]/DIODE
 net7381
  ANTENNA_user_projects\[0\].genblk1.user_project_la_data_in[28]/DIODE
 net7382
  ANTENNA_user_projects\[0\].genblk1.user_project_la_data_in[27]/DIODE
 net7383
  ANTENNA_user_projects\[0\].genblk1.user_project_la_data_in[26]/DIODE
 net7384
  ANTENNA_user_projects\[0\].genblk1.user_project_la_data_in[25]/DIODE
 net7385
  ANTENNA_user_projects\[0\].genblk1.user_project_la_data_in[24]/DIODE
 net7386
  ANTENNA_user_projects\[0\].genblk1.user_project_la_data_in[23]/DIODE
 net7387
  ANTENNA_user_projects\[0\].genblk1.user_project_la_data_in[22]/DIODE
 net7388
  ANTENNA_user_projects\[0\].genblk1.user_project_la_data_in[21]/DIODE
 net7389
  ANTENNA_user_projects\[0\].genblk1.user_project_la_data_in[20]/DIODE
 net7391
  ANTENNA_user_projects\[0\].genblk1.user_project_la_data_in[19]/DIODE
 net7392
  ANTENNA_user_projects\[0\].genblk1.user_project_la_data_in[18]/DIODE
 net7393
  ANTENNA_user_projects\[0\].genblk1.user_project_la_data_in[17]/DIODE
 net7394
  ANTENNA_user_projects\[0\].genblk1.user_project_la_data_in[16]/DIODE
 net7395
  ANTENNA_user_projects\[0\].genblk1.user_project_la_data_in[15]/DIODE
 net7396
  ANTENNA_user_projects\[1\].genblk1.user_project_la_data_in[13]/DIODE
 net7397
  ANTENNA_user_projects\[1\].genblk1.user_project_la_data_in[12]/DIODE
 net7398
  ANTENNA_user_projects\[1\].genblk1.user_project_la_data_in[11]/DIODE
 net7399
  ANTENNA_user_projects\[1\].genblk1.user_project_la_data_in[10]/DIODE
 net7401
  ANTENNA_user_projects\[3\].genblk1.user_project_io_in[11]/DIODE
 net7404
  ANTENNA_user_projects\[2\].genblk1.user_project_io_in[32]/DIODE
 net7406
  ANTENNA_user_projects\[0\].genblk1.user_project_io_in[30]/DIODE
 net7411
  ANTENNA_user_projects\[2\].genblk1.user_project_io_in[27]/DIODE
 net7417
  ANTENNA_user_projects\[1\].genblk1.user_project_io_in[1]/DIODE
 net7420
  ANTENNA_user_projects\[1\].genblk1.user_project_io_in[0]/DIODE
 net7421
  ANTENNA_user_projects\[0\].genblk1.user_project_wbs_adr_i[0]/DIODE
 net7434
  ANTENNA_user_projects\[0\].genblk1.user_project_wbs_dat_i[0]/DIODE
 net7437
  ANTENNA_user_projects\[0\].genblk1.user_project_wbs_dat_i[1]/DIODE
 net7440
  ANTENNA_user_projects\[0\].genblk1.user_project_wbs_dat_i[3]/DIODE
 net7446
  ANTENNA_user_projects\[2\].genblk1.user_project_io_in[24]/DIODE
 net7447
  ANTENNA_user_projects\[0\].genblk1.user_project_wbs_sel_i[0]/DIODE
 net7450
  ANTENNA_user_projects\[0\].genblk1.user_project_wbs_sel_i[3]/DIODE
 net7452
  ANTENNA_user_projects\[3\].genblk1.user_project_io_in[13]/DIODE
 net7460
  ANTENNA_user_projects\[1\].genblk1.user_project_io_in[8]/DIODE
 net7464
  ANTENNA_user_projects\[1\].genblk1.user_project_la_data_in[30]/DIODE
 net7465
  ANTENNA_user_projects\[1\].genblk1.user_project_la_data_in[31]/DIODE
 net7467
  ANTENNA_user_projects\[2\].genblk1.user_project_io_in[23]/DIODE
 net7469
  ANTENNA_user_projects\[2\].genblk1.user_project_io_in[25]/DIODE
 net7470
  ANTENNA_user_projects\[2\].genblk1.user_project_io_in[26]/DIODE
 net7471
  ANTENNA_user_projects\[0\].genblk1.user_project_io_in[31]/DIODE
 net7473
  ANTENNA_user_projects\[0\].genblk1.user_project_io_in[32]/DIODE
 net7475
  ANTENNA_user_projects\[1\].genblk1.user_project_io_in[7]/DIODE
 net7476
  ANTENNA_user_projects\[3\].genblk1.user_project_io_in[12]/DIODE
 net7481
  ANTENNA_user_projects\[1\].genblk1.user_project_io_in[2]/DIODE
parastic_annotation_check
check_slew

===========================================================================
 report_check_types -max_slew -max_cap -max_fanout -violators
============================================================================
max slew

Pin                                    Limit    Slew   Slack
------------------------------------------------------------
user_projects[3].genblk1.user_project/wb_clk_i    0.10    0.37   -0.27 (VIOLATED)
user_projects[1].genblk1.user_project/wb_clk_i    0.10    0.32   -0.22 (VIOLATED)
user_projects[0].genblk1.user_project/wb_clk_i    0.10    0.24   -0.14 (VIOLATED)
user_projects[2].genblk1.user_project/wb_clk_i    0.10    0.23   -0.13 (VIOLATED)

max fanout

Pin                                   Limit Fanout  Slack
---------------------------------------------------------
fanout4477/X                             18     36    -18 (VIOLATED)
fanout4478/X                             18     36    -18 (VIOLATED)
fanout4486/X                             18     36    -18 (VIOLATED)
fanout4487/X                             18     36    -18 (VIOLATED)
fanout4493/X                             18     36    -18 (VIOLATED)
fanout4494/X                             18     36    -18 (VIOLATED)
fanout4497/X                             18     36    -18 (VIOLATED)
fanout4499/X                             18     36    -18 (VIOLATED)
fanout4500/X                             18     36    -18 (VIOLATED)
fanout4510/X                             18     36    -18 (VIOLATED)
fanout4523/X                             18     36    -18 (VIOLATED)
fanout4540/X                             18     36    -18 (VIOLATED)
fanout4543/X                             18     36    -18 (VIOLATED)
fanout4548/X                             18     36    -18 (VIOLATED)
fanout4550/X                             18     36    -18 (VIOLATED)
fanout4558/X                             18     36    -18 (VIOLATED)
fanout4560/X                             18     36    -18 (VIOLATED)
fanout4561/X                             18     36    -18 (VIOLATED)
fanout4565/X                             18     36    -18 (VIOLATED)
fanout4568/X                             18     36    -18 (VIOLATED)
fanout4569/X                             18     36    -18 (VIOLATED)
fanout4576/X                             18     36    -18 (VIOLATED)
fanout4586/X                             18     36    -18 (VIOLATED)
fanout4498/X                             18     34    -16 (VIOLATED)
fanout4542/X                             18     34    -16 (VIOLATED)
fanout4591/X                             18     34    -16 (VIOLATED)
wire6073/X                               18     34    -16 (VIOLATED)
wire6083/X                               18     30    -12 (VIOLATED)
fanout4489/X                             18     28    -10 (VIOLATED)
fanout4541/X                             18     28    -10 (VIOLATED)
max_length4503/X                         18     28    -10 (VIOLATED)
wire4530/X                               18     28    -10 (VIOLATED)
wire4548/X                               18     28    -10 (VIOLATED)
wire6067/X                               18     28    -10 (VIOLATED)
wire6074/X                               18     28    -10 (VIOLATED)
wire6075/X                               18     28    -10 (VIOLATED)
wire6255/X                               18     28    -10 (VIOLATED)
fanout4480/X                             18     26     -8 (VIOLATED)
fanout4567/X                             18     26     -8 (VIOLATED)
fanout4578/X                             18     26     -8 (VIOLATED)
wire4520/X                               18     26     -8 (VIOLATED)
wire4890/X                               18     26     -8 (VIOLATED)
fanout4566/X                             18     24     -6 (VIOLATED)
wire6085/X                               18     24     -6 (VIOLATED)
wire4519/X                               18     23     -5 (VIOLATED)
fanout4495/X                             18     20     -2 (VIOLATED)
fanout4524/X                             18     20     -2 (VIOLATED)
fanout4587/X                             18     20     -2 (VIOLATED)
wire4512/X                               18     20     -2 (VIOLATED)
wire4581/X                               18     20     -2 (VIOLATED)
wire4586/X                               18     20     -2 (VIOLATED)
wire4898/X                               18     20     -2 (VIOLATED)
input47/X                                18     19        (VIOLATED)
wire5830/X                               18     19        (VIOLATED)


===========================================================================
max slew violation count 4
max fanout violation count 54
max cap violation count 0
============================================================================
check_slew_end
tns_report

===========================================================================
 report_tns
============================================================================
tns 0.00
tns_report_end
wns_report

===========================================================================
 report_wns
============================================================================
wns 0.00
wns_report_end
worst_slack

===========================================================================
 report_worst_slack -max (Setup)
============================================================================
worst slack 5.06

===========================================================================
 report_worst_slack -min (Hold)
============================================================================
worst slack 1.00
worst_slack_end
clock_skew

===========================================================================
 report_clock_skew
============================================================================
Clock clk
No launch/capture paths found.

clock_skew_end
power_report

===========================================================================
 report_power
============================================================================
Group                  Internal  Switching    Leakage      Total
                          Power      Power      Power      Power (Watts)
----------------------------------------------------------------
Sequential             0.00e+00   0.00e+00   0.00e+00   0.00e+00   0.0%
Combinational          1.04e-03   2.58e-03   2.08e-07   3.62e-03 100.0%
Macro                  0.00e+00   0.00e+00   0.00e+00   0.00e+00   0.0%
Pad                    0.00e+00   0.00e+00   0.00e+00   0.00e+00   0.0%
----------------------------------------------------------------
Total                  1.04e-03   2.58e-03   2.08e-07   3.62e-03 100.0%
                          28.7%      71.3%       0.0%
power_report_end
area_report

===========================================================================
 report_design_area
============================================================================
Design area 8475595 u^2 83% utilization.
area_report_end
Setting global connections for newly added cells...
[WARNING] Did not save OpenROAD database!
Writing SDF to /home/hosni/mpc/openlane/user_project_wrapper/runs/23_03_20_08_59/results/routing/mca/process_corner_nom/user_project_wrapper.sdf...

