
===========================================================================
report_checks -path_delay max (Setup)
============================================================================
Startpoint: wb_rst_i (input port clocked by clk)
Endpoint: user_projects[3].genblk1.user_project
          (recovery check against rising-edge clock clk)
Path Group: **async_default**
Path Type: max

Fanout     Cap    Slew   Delay    Time   Description
-----------------------------------------------------------------------------
                          0.00    0.00   clock clk (rise edge)
                          7.25    7.25   clock network delay (propagated)
                          1.72    8.97 ^ input external delay
                  0.12    0.00    8.97 ^ wb_rst_i (in)
     2    0.00                           wb_rst_i (net)
                  0.12    0.00    8.97 ^ input279/A (sky130_fd_sc_hd__dlymetal6s2s_1)
                  0.19    0.23    9.20 ^ input279/X (sky130_fd_sc_hd__dlymetal6s2s_1)
     2    0.02                           net6800 (net)
                  0.19    0.00    9.20 ^ hold6063/A (sky130_fd_sc_hd__dlygate4sd1_1)
                  0.21    0.36    9.56 ^ hold6063/X (sky130_fd_sc_hd__dlygate4sd1_1)
     2    0.02                           net6696 (net)
                  0.21    0.00    9.56 ^ hold6060/A (sky130_fd_sc_hd__clkdlybuf4s50_2)
                  0.12    0.63   10.19 ^ hold6060/X (sky130_fd_sc_hd__clkdlybuf4s50_2)
     2    0.02                           net6693 (net)
                  0.12    0.00   10.19 ^ input104/A (sky130_fd_sc_hd__buf_6)
                  0.06    0.14   10.33 ^ input104/X (sky130_fd_sc_hd__buf_6)
     2    0.03                           net104 (net)
                  0.06    0.00   10.34 ^ hold6061/A (sky130_fd_sc_hd__buf_6)
                  0.24    0.25   10.58 ^ hold6061/X (sky130_fd_sc_hd__buf_6)
     4    0.12                           net6694 (net)
                  0.24    0.01   10.59 ^ max_length4979/A (sky130_fd_sc_hd__buf_6)
                  0.04    0.14   10.73 ^ max_length4979/X (sky130_fd_sc_hd__buf_6)
     1    0.01                           net4979 (net)
                  0.04    0.00   10.73 ^ wire6334/A (sky130_fd_sc_hd__buf_8)
                  0.26    0.21   10.94 ^ wire6334/X (sky130_fd_sc_hd__buf_8)
     4    0.16                           net7324 (net)
                  0.29    0.08   11.02 ^ wire5850/A (sky130_fd_sc_hd__buf_6)
                  0.16    0.24   11.26 ^ wire5850/X (sky130_fd_sc_hd__buf_6)
     2    0.08                           net6483 (net)
                  0.16    0.03   11.28 ^ wire4977/A (sky130_fd_sc_hd__buf_6)
                  0.17    0.23   11.51 ^ wire4977/X (sky130_fd_sc_hd__buf_6)
     2    0.08                           net4977 (net)
                  0.17    0.01   11.52 ^ wire5144/A (sky130_fd_sc_hd__buf_6)
                  0.04    0.13   11.65 ^ wire5144/X (sky130_fd_sc_hd__buf_6)
     1    0.01                           net5777 (net)
                  0.04    0.00   11.65 ^ wire6152/A (sky130_fd_sc_hd__buf_12)
                  0.24    0.18   11.83 ^ wire6152/X (sky130_fd_sc_hd__buf_12)
     4    0.21                           net5098 (net)
                  0.33    0.12   11.95 ^ wire4976/A (sky130_fd_sc_hd__buf_6)
                  0.22    0.27   12.23 ^ wire4976/X (sky130_fd_sc_hd__buf_6)
     2    0.11                           net4976 (net)
                  0.24    0.04   12.27 ^ wire4923/A (sky130_fd_sc_hd__buf_6)
                  0.22    0.27   12.54 ^ wire4923/X (sky130_fd_sc_hd__buf_6)
     2    0.11                           net5622 (net)
                  0.23    0.03   12.57 ^ user_projects[3].genblk1.user_project/wb_rst_i (user_project)
                                 12.57   data arrival time

                         30.00   30.00   clock clk (rise edge)
                          6.00   36.00   clock source latency
                  1.16    0.00   36.00 ^ wb_clk_i (in)
     2    0.03                           wb_clk_i (net)
                  1.16    0.00   36.00 ^ wire2/A (sky130_fd_sc_hd__buf_8)
                  0.08    0.21   36.21 ^ wire2/X (sky130_fd_sc_hd__buf_8)
     2    0.03                           net5109 (net)
                  0.08    0.00   36.22 ^ wire1/A (sky130_fd_sc_hd__buf_8)
                  0.07    0.12   36.34 ^ wire1/X (sky130_fd_sc_hd__buf_8)
     2    0.03                           net5108 (net)
                  0.07    0.00   36.34 ^ clkbuf_0_wb_clk_i/A (sky130_fd_sc_hd__clkbuf_16)
                  0.13    0.19   36.54 ^ clkbuf_0_wb_clk_i/X (sky130_fd_sc_hd__clkbuf_16)
     4    0.11                           clknet_0_wb_clk_i (net)
                  0.13    0.01   36.54 ^ clkbuf_1_1_0_wb_clk_i/A (sky130_fd_sc_hd__clkbuf_8)
                  0.16    0.22   36.76 ^ clkbuf_1_1_0_wb_clk_i/X (sky130_fd_sc_hd__clkbuf_8)
     2    0.09                           clknet_1_1_0_wb_clk_i (net)
                  0.17    0.03   36.79 ^ wire12/A (sky130_fd_sc_hd__clkbuf_16)
                  0.05    0.17   36.96 ^ wire12/X (sky130_fd_sc_hd__clkbuf_16)
     2    0.03                           net5119 (net)
                  0.05    0.00   36.97 ^ wire6062/A (sky130_fd_sc_hd__buf_12)
                  0.23    0.18   37.14 ^ wire6062/X (sky130_fd_sc_hd__buf_12)
     4    0.20                           net5008 (net)
                  0.29    0.09   37.23 ^ wire11/A (sky130_fd_sc_hd__buf_8)
                  0.17    0.22   37.45 ^ wire11/X (sky130_fd_sc_hd__buf_8)
     4    0.10                           net5118 (net)
                  0.18    0.03   37.48 ^ wire10/A (sky130_fd_sc_hd__buf_12)
                  0.31    0.24   37.72 ^ wire10/X (sky130_fd_sc_hd__buf_12)
     2    0.27                           net5117 (net)
                  0.37    0.10   37.82 ^ user_projects[3].genblk1.user_project/wb_clk_i (user_project)
                         -0.10   37.72   clock uncertainty
                          0.00   37.72   clock reconvergence pessimism
                         -2.75   34.98   library recovery time
                                 34.98   data required time
-----------------------------------------------------------------------------
                                 34.98   data required time
                                -12.57   data arrival time
-----------------------------------------------------------------------------
                                 22.40   slack (MET)


Startpoint: wb_rst_i (input port clocked by clk)
Endpoint: user_projects[2].genblk1.user_project
          (recovery check against rising-edge clock clk)
Path Group: **async_default**
Path Type: max

Fanout     Cap    Slew   Delay    Time   Description
-----------------------------------------------------------------------------
                          0.00    0.00   clock clk (rise edge)
                          7.25    7.25   clock network delay (propagated)
                          1.72    8.97 ^ input external delay
                  0.12    0.00    8.97 ^ wb_rst_i (in)
     2    0.00                           wb_rst_i (net)
                  0.12    0.00    8.97 ^ input279/A (sky130_fd_sc_hd__dlymetal6s2s_1)
                  0.19    0.23    9.20 ^ input279/X (sky130_fd_sc_hd__dlymetal6s2s_1)
     2    0.02                           net6800 (net)
                  0.19    0.00    9.20 ^ hold6063/A (sky130_fd_sc_hd__dlygate4sd1_1)
                  0.21    0.36    9.56 ^ hold6063/X (sky130_fd_sc_hd__dlygate4sd1_1)
     2    0.02                           net6696 (net)
                  0.21    0.00    9.56 ^ hold6060/A (sky130_fd_sc_hd__clkdlybuf4s50_2)
                  0.12    0.63   10.19 ^ hold6060/X (sky130_fd_sc_hd__clkdlybuf4s50_2)
     2    0.02                           net6693 (net)
                  0.12    0.00   10.19 ^ input104/A (sky130_fd_sc_hd__buf_6)
                  0.06    0.14   10.33 ^ input104/X (sky130_fd_sc_hd__buf_6)
     2    0.03                           net104 (net)
                  0.06    0.00   10.34 ^ hold6061/A (sky130_fd_sc_hd__buf_6)
                  0.24    0.25   10.58 ^ hold6061/X (sky130_fd_sc_hd__buf_6)
     4    0.12                           net6694 (net)
                  0.24    0.01   10.59 ^ max_length4979/A (sky130_fd_sc_hd__buf_6)
                  0.04    0.14   10.73 ^ max_length4979/X (sky130_fd_sc_hd__buf_6)
     1    0.01                           net4979 (net)
                  0.04    0.00   10.73 ^ wire6334/A (sky130_fd_sc_hd__buf_8)
                  0.26    0.21   10.94 ^ wire6334/X (sky130_fd_sc_hd__buf_8)
     4    0.16                           net7324 (net)
                  0.29    0.08   11.02 ^ wire5850/A (sky130_fd_sc_hd__buf_6)
                  0.16    0.24   11.26 ^ wire5850/X (sky130_fd_sc_hd__buf_6)
     2    0.08                           net6483 (net)
                  0.16    0.03   11.28 ^ wire4977/A (sky130_fd_sc_hd__buf_6)
                  0.17    0.23   11.51 ^ wire4977/X (sky130_fd_sc_hd__buf_6)
     2    0.08                           net4977 (net)
                  0.17    0.01   11.52 ^ wire5144/A (sky130_fd_sc_hd__buf_6)
                  0.04    0.13   11.65 ^ wire5144/X (sky130_fd_sc_hd__buf_6)
     1    0.01                           net5777 (net)
                  0.04    0.00   11.65 ^ wire6152/A (sky130_fd_sc_hd__buf_12)
                  0.24    0.18   11.83 ^ wire6152/X (sky130_fd_sc_hd__buf_12)
     4    0.21                           net5098 (net)
                  0.29    0.09   11.92 ^ user_projects[2].genblk1.user_project/wb_rst_i (user_project)
                                 11.92   data arrival time

                         30.00   30.00   clock clk (rise edge)
                          6.00   36.00   clock source latency
                  1.16    0.00   36.00 ^ wb_clk_i (in)
     2    0.03                           wb_clk_i (net)
                  1.16    0.00   36.00 ^ wire2/A (sky130_fd_sc_hd__buf_8)
                  0.08    0.21   36.21 ^ wire2/X (sky130_fd_sc_hd__buf_8)
     2    0.03                           net5109 (net)
                  0.08    0.00   36.22 ^ wire1/A (sky130_fd_sc_hd__buf_8)
                  0.07    0.12   36.34 ^ wire1/X (sky130_fd_sc_hd__buf_8)
     2    0.03                           net5108 (net)
                  0.07    0.00   36.34 ^ clkbuf_0_wb_clk_i/A (sky130_fd_sc_hd__clkbuf_16)
                  0.13    0.19   36.54 ^ clkbuf_0_wb_clk_i/X (sky130_fd_sc_hd__clkbuf_16)
     4    0.11                           clknet_0_wb_clk_i (net)
                  0.13    0.01   36.54 ^ clkbuf_1_1_0_wb_clk_i/A (sky130_fd_sc_hd__clkbuf_8)
                  0.16    0.22   36.76 ^ clkbuf_1_1_0_wb_clk_i/X (sky130_fd_sc_hd__clkbuf_8)
     2    0.09                           clknet_1_1_0_wb_clk_i (net)
                  0.17    0.03   36.79 ^ wire12/A (sky130_fd_sc_hd__clkbuf_16)
                  0.05    0.17   36.96 ^ wire12/X (sky130_fd_sc_hd__clkbuf_16)
     2    0.03                           net5119 (net)
                  0.05    0.00   36.97 ^ wire6062/A (sky130_fd_sc_hd__buf_12)
                  0.23    0.18   37.14 ^ wire6062/X (sky130_fd_sc_hd__buf_12)
     4    0.20                           net5008 (net)
                  0.27    0.07   37.22 ^ wire9/A (sky130_fd_sc_hd__buf_8)
                  0.06    0.15   37.37 ^ wire9/X (sky130_fd_sc_hd__buf_8)
     2    0.03                           net5116 (net)
                  0.06    0.00   37.37 ^ wire8/A (sky130_fd_sc_hd__buf_12)
                  0.22    0.21   37.58 ^ wire8/X (sky130_fd_sc_hd__buf_12)
     2    0.19                           net5115 (net)
                  0.23    0.02   37.61 ^ user_projects[2].genblk1.user_project/wb_clk_i (user_project)
                         -0.10   37.51   clock uncertainty
                          0.00   37.51   clock reconvergence pessimism
                         -2.78   34.72   library recovery time
                                 34.72   data required time
-----------------------------------------------------------------------------
                                 34.72   data required time
                                -11.92   data arrival time
-----------------------------------------------------------------------------
                                 22.80   slack (MET)


Startpoint: wb_rst_i (input port clocked by clk)
Endpoint: user_projects[0].genblk1.user_project
          (recovery check against rising-edge clock clk)
Path Group: **async_default**
Path Type: max

Fanout     Cap    Slew   Delay    Time   Description
-----------------------------------------------------------------------------
                          0.00    0.00   clock clk (rise edge)
                          7.25    7.25   clock network delay (propagated)
                          1.72    8.97 ^ input external delay
                  0.12    0.00    8.97 ^ wb_rst_i (in)
     2    0.00                           wb_rst_i (net)
                  0.12    0.00    8.97 ^ input279/A (sky130_fd_sc_hd__dlymetal6s2s_1)
                  0.19    0.23    9.20 ^ input279/X (sky130_fd_sc_hd__dlymetal6s2s_1)
     2    0.02                           net6800 (net)
                  0.19    0.00    9.20 ^ hold6063/A (sky130_fd_sc_hd__dlygate4sd1_1)
                  0.21    0.36    9.56 ^ hold6063/X (sky130_fd_sc_hd__dlygate4sd1_1)
     2    0.02                           net6696 (net)
                  0.21    0.00    9.56 ^ hold6060/A (sky130_fd_sc_hd__clkdlybuf4s50_2)
                  0.12    0.63   10.19 ^ hold6060/X (sky130_fd_sc_hd__clkdlybuf4s50_2)
     2    0.02                           net6693 (net)
                  0.12    0.00   10.19 ^ input104/A (sky130_fd_sc_hd__buf_6)
                  0.06    0.14   10.33 ^ input104/X (sky130_fd_sc_hd__buf_6)
     2    0.03                           net104 (net)
                  0.06    0.00   10.34 ^ hold6061/A (sky130_fd_sc_hd__buf_6)
                  0.24    0.25   10.58 ^ hold6061/X (sky130_fd_sc_hd__buf_6)
     4    0.12                           net6694 (net)
                  0.24    0.01   10.59 ^ max_length4979/A (sky130_fd_sc_hd__buf_6)
                  0.04    0.14   10.73 ^ max_length4979/X (sky130_fd_sc_hd__buf_6)
     1    0.01                           net4979 (net)
                  0.04    0.00   10.73 ^ wire6334/A (sky130_fd_sc_hd__buf_8)
                  0.26    0.21   10.94 ^ wire6334/X (sky130_fd_sc_hd__buf_8)
     4    0.16                           net7324 (net)
                  0.28    0.05   11.00 ^ hold6062/A (sky130_fd_sc_hd__dlymetal6s2s_1)
                  0.35    0.37   11.37 ^ hold6062/X (sky130_fd_sc_hd__dlymetal6s2s_1)
     2    0.03                           net6695 (net)
                  0.35    0.00   11.37 ^ user_projects[0].genblk1.user_project/wb_rst_i (user_project)
                                 11.37   data arrival time

                         30.00   30.00   clock clk (rise edge)
                          6.00   36.00   clock source latency
                  1.16    0.00   36.00 ^ wb_clk_i (in)
     2    0.03                           wb_clk_i (net)
                  1.16    0.00   36.00 ^ wire2/A (sky130_fd_sc_hd__buf_8)
                  0.08    0.21   36.21 ^ wire2/X (sky130_fd_sc_hd__buf_8)
     2    0.03                           net5109 (net)
                  0.08    0.00   36.22 ^ wire1/A (sky130_fd_sc_hd__buf_8)
                  0.07    0.12   36.34 ^ wire1/X (sky130_fd_sc_hd__buf_8)
     2    0.03                           net5108 (net)
                  0.07    0.00   36.34 ^ clkbuf_0_wb_clk_i/A (sky130_fd_sc_hd__clkbuf_16)
                  0.13    0.19   36.54 ^ clkbuf_0_wb_clk_i/X (sky130_fd_sc_hd__clkbuf_16)
     4    0.11                           clknet_0_wb_clk_i (net)
                  0.13    0.00   36.54 ^ clkbuf_1_0_0_wb_clk_i/A (sky130_fd_sc_hd__clkbuf_8)
                  0.16    0.22   36.76 ^ clkbuf_1_0_0_wb_clk_i/X (sky130_fd_sc_hd__clkbuf_8)
     2    0.09                           clknet_1_0_0_wb_clk_i (net)
                  0.16    0.03   36.79 ^ wire7/A (sky130_fd_sc_hd__clkbuf_16)
                  0.12    0.21   37.00 ^ wire7/X (sky130_fd_sc_hd__clkbuf_16)
     4    0.10                           net5114 (net)
                  0.12    0.01   37.00 ^ wire4/A (sky130_fd_sc_hd__buf_8)
                  0.07    0.13   37.14 ^ wire4/X (sky130_fd_sc_hd__buf_8)
     2    0.03                           net5111 (net)
                  0.07    0.00   37.14 ^ wire3/A (sky130_fd_sc_hd__buf_12)
                  0.23    0.22   37.36 ^ wire3/X (sky130_fd_sc_hd__buf_12)
     2    0.20                           net5110 (net)
                  0.24    0.03   37.39 ^ user_projects[0].genblk1.user_project/wb_clk_i (user_project)
                         -0.10   37.29   clock uncertainty
                          0.00   37.29   clock reconvergence pessimism
                         -2.79   34.50   library recovery time
                                 34.50   data required time
-----------------------------------------------------------------------------
                                 34.50   data required time
                                -11.37   data arrival time
-----------------------------------------------------------------------------
                                 23.12   slack (MET)


Startpoint: wb_rst_i (input port clocked by clk)
Endpoint: user_projects[1].genblk1.user_project
          (recovery check against rising-edge clock clk)
Path Group: **async_default**
Path Type: max

Fanout     Cap    Slew   Delay    Time   Description
-----------------------------------------------------------------------------
                          0.00    0.00   clock clk (rise edge)
                          7.25    7.25   clock network delay (propagated)
                          1.72    8.97 ^ input external delay
                  0.12    0.00    8.97 ^ wb_rst_i (in)
     2    0.00                           wb_rst_i (net)
                  0.12    0.00    8.97 ^ input279/A (sky130_fd_sc_hd__dlymetal6s2s_1)
                  0.19    0.23    9.20 ^ input279/X (sky130_fd_sc_hd__dlymetal6s2s_1)
     2    0.02                           net6800 (net)
                  0.19    0.00    9.20 ^ hold6063/A (sky130_fd_sc_hd__dlygate4sd1_1)
                  0.21    0.36    9.56 ^ hold6063/X (sky130_fd_sc_hd__dlygate4sd1_1)
     2    0.02                           net6696 (net)
                  0.21    0.00    9.56 ^ hold6060/A (sky130_fd_sc_hd__clkdlybuf4s50_2)
                  0.12    0.63   10.19 ^ hold6060/X (sky130_fd_sc_hd__clkdlybuf4s50_2)
     2    0.02                           net6693 (net)
                  0.12    0.00   10.19 ^ input104/A (sky130_fd_sc_hd__buf_6)
                  0.06    0.14   10.33 ^ input104/X (sky130_fd_sc_hd__buf_6)
     2    0.03                           net104 (net)
                  0.06    0.00   10.34 ^ hold6061/A (sky130_fd_sc_hd__buf_6)
                  0.24    0.25   10.58 ^ hold6061/X (sky130_fd_sc_hd__buf_6)
     4    0.12                           net6694 (net)
                  0.24    0.02   10.60 ^ wire4978/A (sky130_fd_sc_hd__buf_6)
                  0.17    0.24   10.85 ^ wire4978/X (sky130_fd_sc_hd__buf_6)
     2    0.08                           net4978 (net)
                  0.18    0.02   10.87 ^ wire5510/A (sky130_fd_sc_hd__buf_6)
                  0.19    0.24   11.11 ^ wire5510/X (sky130_fd_sc_hd__buf_6)
     2    0.09                           net6143 (net)
                  0.19    0.01   11.12 ^ user_projects[1].genblk1.user_project/wb_rst_i (user_project)
                                 11.12   data arrival time

                         30.00   30.00   clock clk (rise edge)
                          6.00   36.00   clock source latency
                  1.16    0.00   36.00 ^ wb_clk_i (in)
     2    0.03                           wb_clk_i (net)
                  1.16    0.00   36.00 ^ wire2/A (sky130_fd_sc_hd__buf_8)
                  0.08    0.21   36.21 ^ wire2/X (sky130_fd_sc_hd__buf_8)
     2    0.03                           net5109 (net)
                  0.08    0.00   36.22 ^ wire1/A (sky130_fd_sc_hd__buf_8)
                  0.07    0.12   36.34 ^ wire1/X (sky130_fd_sc_hd__buf_8)
     2    0.03                           net5108 (net)
                  0.07    0.00   36.34 ^ clkbuf_0_wb_clk_i/A (sky130_fd_sc_hd__clkbuf_16)
                  0.13    0.19   36.54 ^ clkbuf_0_wb_clk_i/X (sky130_fd_sc_hd__clkbuf_16)
     4    0.11                           clknet_0_wb_clk_i (net)
                  0.13    0.00   36.54 ^ clkbuf_1_0_0_wb_clk_i/A (sky130_fd_sc_hd__clkbuf_8)
                  0.16    0.22   36.76 ^ clkbuf_1_0_0_wb_clk_i/X (sky130_fd_sc_hd__clkbuf_8)
     2    0.09                           clknet_1_0_0_wb_clk_i (net)
                  0.16    0.03   36.79 ^ wire7/A (sky130_fd_sc_hd__clkbuf_16)
                  0.12    0.21   37.00 ^ wire7/X (sky130_fd_sc_hd__clkbuf_16)
     4    0.10                           net5114 (net)
                  0.13    0.03   37.02 ^ wire6/A (sky130_fd_sc_hd__buf_8)
                  0.14    0.18   37.20 ^ wire6/X (sky130_fd_sc_hd__buf_8)
     2    0.09                           net5113 (net)
                  0.15    0.02   37.22 ^ wire5/A (sky130_fd_sc_hd__buf_12)
                  0.31    0.28   37.50 ^ wire5/X (sky130_fd_sc_hd__buf_12)
     2    0.27                           net5112 (net)
                  0.32    0.04   37.55 ^ user_projects[1].genblk1.user_project/wb_clk_i (user_project)
                         -0.10   37.45   clock uncertainty
                          0.00   37.45   clock reconvergence pessimism
                         -2.74   34.70   library recovery time
                                 34.70   data required time
-----------------------------------------------------------------------------
                                 34.70   data required time
                                -11.12   data arrival time
-----------------------------------------------------------------------------
                                 23.58   slack (MET)


Startpoint: user_projects[3].genblk1.user_project
            (rising edge-triggered flip-flop clocked by clk)
Endpoint: wbs_ack_o (output port clocked by clk)
Path Group: clk
Path Type: max

Fanout     Cap    Slew   Delay    Time   Description
-----------------------------------------------------------------------------
                          0.00    0.00   clock clk (rise edge)
                          7.25    7.25   clock source latency
                  1.16    0.00    7.25 ^ wb_clk_i (in)
     2    0.03                           wb_clk_i (net)
                  1.16    0.00    7.25 ^ wire2/A (sky130_fd_sc_hd__buf_8)
                  0.08    0.23    7.48 ^ wire2/X (sky130_fd_sc_hd__buf_8)
     2    0.03                           net5109 (net)
                  0.08    0.00    7.48 ^ wire1/A (sky130_fd_sc_hd__buf_8)
                  0.07    0.13    7.61 ^ wire1/X (sky130_fd_sc_hd__buf_8)
     2    0.03                           net5108 (net)
                  0.07    0.00    7.62 ^ clkbuf_0_wb_clk_i/A (sky130_fd_sc_hd__clkbuf_16)
                  0.13    0.21    7.83 ^ clkbuf_0_wb_clk_i/X (sky130_fd_sc_hd__clkbuf_16)
     4    0.11                           clknet_0_wb_clk_i (net)
                  0.13    0.01    7.84 ^ clkbuf_1_1_0_wb_clk_i/A (sky130_fd_sc_hd__clkbuf_8)
                  0.16    0.24    8.07 ^ clkbuf_1_1_0_wb_clk_i/X (sky130_fd_sc_hd__clkbuf_8)
     2    0.09                           clknet_1_1_0_wb_clk_i (net)
                  0.17    0.03    8.10 ^ wire12/A (sky130_fd_sc_hd__clkbuf_16)
                  0.05    0.18    8.29 ^ wire12/X (sky130_fd_sc_hd__clkbuf_16)
     2    0.03                           net5119 (net)
                  0.05    0.00    8.29 ^ wire6062/A (sky130_fd_sc_hd__buf_12)
                  0.23    0.19    8.48 ^ wire6062/X (sky130_fd_sc_hd__buf_12)
     4    0.20                           net5008 (net)
                  0.29    0.09    8.58 ^ wire11/A (sky130_fd_sc_hd__buf_8)
                  0.17    0.24    8.81 ^ wire11/X (sky130_fd_sc_hd__buf_8)
     4    0.10                           net5118 (net)
                  0.18    0.03    8.84 ^ wire10/A (sky130_fd_sc_hd__buf_12)
                  0.31    0.26    9.10 ^ wire10/X (sky130_fd_sc_hd__buf_12)
     2    0.27                           net5117 (net)
                  0.37    0.11    9.21 ^ user_projects[3].genblk1.user_project/wb_clk_i (user_project)
                  0.56   10.07   19.28 ^ user_projects[3].genblk1.user_project/wbs_ack_o (user_project)
     2    0.06                           proj_wbs_ack_o[3] (net)
                  0.56    0.01   19.29 ^ wire2584/A (sky130_fd_sc_hd__buf_6)
                  0.11    0.24   19.53 ^ wire2584/X (sky130_fd_sc_hd__buf_6)
     2    0.05                           net2584 (net)
                  0.11    0.01   19.54 ^ wire2583/A (sky130_fd_sc_hd__buf_6)
                  0.09    0.16   19.70 ^ wire2583/X (sky130_fd_sc_hd__buf_6)
     2    0.04                           net2583 (net)
                  0.09    0.01   19.71 ^ wire2582/A (sky130_fd_sc_hd__buf_6)
                  0.09    0.15   19.86 ^ wire2582/X (sky130_fd_sc_hd__buf_6)
     2    0.04                           net2582 (net)
                  0.09    0.01   19.87 ^ wire2581/A (sky130_fd_sc_hd__buf_6)
                  0.09    0.15   20.03 ^ wire2581/X (sky130_fd_sc_hd__buf_6)
     2    0.04                           net2581 (net)
                  0.09    0.01   20.03 ^ wire2580/A (sky130_fd_sc_hd__buf_6)
                  0.08    0.15   20.18 ^ wire2580/X (sky130_fd_sc_hd__buf_6)
     2    0.04                           net2580 (net)
                  0.08    0.01   20.19 ^ wire2579/A (sky130_fd_sc_hd__buf_6)
                  0.10    0.15   20.34 ^ wire2579/X (sky130_fd_sc_hd__buf_6)
     2    0.04                           net2579 (net)
                  0.10    0.01   20.35 ^ wire2578/A (sky130_fd_sc_hd__buf_6)
                  0.10    0.16   20.51 ^ wire2578/X (sky130_fd_sc_hd__buf_6)
     2    0.05                           net2578 (net)
                  0.10    0.01   20.52 ^ _1087_/C (sky130_fd_sc_hd__nand3_4)
                  0.42    0.33   20.85 v _1087_/Y (sky130_fd_sc_hd__nand3_4)
     2    0.13                           _0075_ (net)
                  0.42    0.05   20.90 v wire1959/A (sky130_fd_sc_hd__buf_6)
                  0.06    0.30   21.20 v wire1959/X (sky130_fd_sc_hd__buf_6)
     2    0.04                           net1959 (net)
                  0.06    0.01   21.21 v wire81/A (sky130_fd_sc_hd__buf_6)
                  0.05    0.15   21.36 v wire81/X (sky130_fd_sc_hd__buf_6)
     2    0.04                           net5188 (net)
                  0.05    0.01   21.36 v wire1958/A (sky130_fd_sc_hd__buf_6)
                  0.05    0.15   21.51 v wire1958/X (sky130_fd_sc_hd__buf_6)
     2    0.05                           net1958 (net)
                  0.06    0.01   21.52 v _1089_/A2 (sky130_fd_sc_hd__a31oi_4)
                  0.29    0.29   21.82 ^ _1089_/Y (sky130_fd_sc_hd__a31oi_4)
     2    0.03                           net283 (net)
                  0.29    0.00   21.82 ^ wire702/A (sky130_fd_sc_hd__buf_6)
                  0.07    0.19   22.01 ^ wire702/X (sky130_fd_sc_hd__buf_6)
     2    0.03                           net702 (net)
                  0.07    0.00   22.01 ^ wire701/A (sky130_fd_sc_hd__buf_6)
                  0.07    0.13   22.14 ^ wire701/X (sky130_fd_sc_hd__buf_6)
     2    0.03                           net701 (net)
                  0.07    0.00   22.14 ^ wire700/A (sky130_fd_sc_hd__buf_6)
                  0.06    0.12   22.27 ^ wire700/X (sky130_fd_sc_hd__buf_6)
     2    0.02                           net700 (net)
                  0.06    0.00   22.27 ^ output283/A (sky130_fd_sc_hd__buf_6)
                  0.07    0.13   22.40 ^ output283/X (sky130_fd_sc_hd__buf_6)
     2    0.03                           net6979 (net)
                  0.07    0.00   22.40 ^ output458/A (sky130_fd_sc_hd__buf_12)
                  0.19    0.22   22.63 ^ output458/X (sky130_fd_sc_hd__buf_12)
     1    0.16                           wbs_ack_o (net)
                  0.19    0.00   22.63 ^ wbs_ack_o (out)
                                 22.63   data arrival time

                         30.00   30.00   clock clk (rise edge)
                          6.00   36.00   clock network delay (propagated)
                         -0.10   35.90   clock uncertainty
                          0.00   35.90   clock reconvergence pessimism
                         -8.21   27.69   output external delay
                                 27.69   data required time
-----------------------------------------------------------------------------
                                 27.69   data required time
                                -22.63   data arrival time
-----------------------------------------------------------------------------
                                  5.06   slack (MET)


Startpoint: user_projects[0].genblk1.user_project
            (rising edge-triggered flip-flop clocked by clk)
Endpoint: wbs_dat_o[7] (output port clocked by clk)
Path Group: clk
Path Type: max

Fanout     Cap    Slew   Delay    Time   Description
-----------------------------------------------------------------------------
                          0.00    0.00   clock clk (rise edge)
                          7.25    7.25   clock source latency
                  1.16    0.00    7.25 ^ wb_clk_i (in)
     2    0.03                           wb_clk_i (net)
                  1.16    0.00    7.25 ^ wire2/A (sky130_fd_sc_hd__buf_8)
                  0.08    0.23    7.48 ^ wire2/X (sky130_fd_sc_hd__buf_8)
     2    0.03                           net5109 (net)
                  0.08    0.00    7.48 ^ wire1/A (sky130_fd_sc_hd__buf_8)
                  0.07    0.13    7.61 ^ wire1/X (sky130_fd_sc_hd__buf_8)
     2    0.03                           net5108 (net)
                  0.07    0.00    7.62 ^ clkbuf_0_wb_clk_i/A (sky130_fd_sc_hd__clkbuf_16)
                  0.13    0.21    7.83 ^ clkbuf_0_wb_clk_i/X (sky130_fd_sc_hd__clkbuf_16)
     4    0.11                           clknet_0_wb_clk_i (net)
                  0.13    0.00    7.83 ^ clkbuf_1_0_0_wb_clk_i/A (sky130_fd_sc_hd__clkbuf_8)
                  0.16    0.24    8.07 ^ clkbuf_1_0_0_wb_clk_i/X (sky130_fd_sc_hd__clkbuf_8)
     2    0.09                           clknet_1_0_0_wb_clk_i (net)
                  0.16    0.03    8.10 ^ wire7/A (sky130_fd_sc_hd__clkbuf_16)
                  0.12    0.23    8.32 ^ wire7/X (sky130_fd_sc_hd__clkbuf_16)
     4    0.10                           net5114 (net)
                  0.12    0.01    8.33 ^ wire4/A (sky130_fd_sc_hd__buf_8)
                  0.07    0.14    8.47 ^ wire4/X (sky130_fd_sc_hd__buf_8)
     2    0.03                           net5111 (net)
                  0.07    0.00    8.48 ^ wire3/A (sky130_fd_sc_hd__buf_12)
                  0.23    0.23    8.71 ^ wire3/X (sky130_fd_sc_hd__buf_12)
     2    0.20                           net5110 (net)
                  0.24    0.03    8.75 ^ user_projects[0].genblk1.user_project/wb_clk_i (user_project)
                  0.18   10.16   18.90 v user_projects[0].genblk1.user_project/wbs_dat_o[7] (user_project)
     2    0.03                           proj_wbs_dat_o[0][7] (net)
                  0.18    0.00   18.91 v wire3761/A (sky130_fd_sc_hd__clkbuf_4)
                  0.08    0.25   19.16 v wire3761/X (sky130_fd_sc_hd__clkbuf_4)
     2    0.03                           net3761 (net)
                  0.08    0.00   19.16 v wire3760/A (sky130_fd_sc_hd__buf_6)
                  0.04    0.16   19.32 v wire3760/X (sky130_fd_sc_hd__buf_6)
     2    0.03                           net3760 (net)
                  0.04    0.00   19.32 v _0934_/C (sky130_fd_sc_hd__nor3_2)
                  0.41    0.33   19.66 ^ _0934_/Y (sky130_fd_sc_hd__nor3_2)
     2    0.02                           _0647_ (net)
                  0.41    0.00   19.66 ^ wire2132/A (sky130_fd_sc_hd__dlymetal6s2s_1)
                  0.23    0.30   19.96 ^ wire2132/X (sky130_fd_sc_hd__dlymetal6s2s_1)
     1    0.02                           net2132 (net)
                  0.23    0.00   19.96 ^ wire2131/A (sky130_fd_sc_hd__dlymetal6s2s_1)
                  0.25    0.29   20.25 ^ wire2131/X (sky130_fd_sc_hd__dlymetal6s2s_1)
     2    0.02                           net2131 (net)
                  0.25    0.00   20.26 ^ wire2130/A (sky130_fd_sc_hd__clkbuf_4)
                  0.09    0.25   20.50 ^ wire2130/X (sky130_fd_sc_hd__clkbuf_4)
     2    0.03                           net2130 (net)
                  0.09    0.00   20.51 ^ wire2129/A (sky130_fd_sc_hd__buf_6)
                  0.06    0.13   20.64 ^ wire2129/X (sky130_fd_sc_hd__buf_6)
     1    0.02                           net2129 (net)
                  0.06    0.00   20.64 ^ wire120/A (sky130_fd_sc_hd__buf_6)
                  0.07    0.13   20.77 ^ wire120/X (sky130_fd_sc_hd__buf_6)
     2    0.03                           net5227 (net)
                  0.07    0.00   20.77 ^ wire2128/A (sky130_fd_sc_hd__buf_6)
                  0.09    0.14   20.91 ^ wire2128/X (sky130_fd_sc_hd__buf_6)
     2    0.04                           net2128 (net)
                  0.09    0.00   20.92 ^ wire2127/A (sky130_fd_sc_hd__buf_6)
                  0.08    0.14   21.06 ^ wire2127/X (sky130_fd_sc_hd__buf_6)
     2    0.03                           net2127 (net)
                  0.08    0.00   21.07 ^ wire2126/A (sky130_fd_sc_hd__buf_6)
                  0.06    0.13   21.19 ^ wire2126/X (sky130_fd_sc_hd__buf_6)
     2    0.02                           net2126 (net)
                  0.06    0.00   21.19 ^ wire2125/A (sky130_fd_sc_hd__clkbuf_4)
                  0.09    0.18   21.37 ^ wire2125/X (sky130_fd_sc_hd__clkbuf_4)
     2    0.03                           net2125 (net)
                  0.09    0.00   21.38 ^ wire2124/A (sky130_fd_sc_hd__buf_6)
                  0.06    0.13   21.51 ^ wire2124/X (sky130_fd_sc_hd__buf_6)
     2    0.03                           net2124 (net)
                  0.06    0.00   21.51 ^ wire2123/A (sky130_fd_sc_hd__buf_6)
                  0.06    0.12   21.64 ^ wire2123/X (sky130_fd_sc_hd__buf_6)
     2    0.03                           net2123 (net)
                  0.06    0.00   21.64 ^ wire2122/A (sky130_fd_sc_hd__buf_6)
                  0.07    0.13   21.77 ^ wire2122/X (sky130_fd_sc_hd__buf_6)
     2    0.03                           net2122 (net)
                  0.07    0.00   21.77 ^ _0939_/B1 (sky130_fd_sc_hd__a31oi_4)
                  0.12    0.06   21.83 v _0939_/Y (sky130_fd_sc_hd__a31oi_4)
     2    0.03                           net313 (net)
                  0.12    0.00   21.83 v wire932/A (sky130_fd_sc_hd__dlymetal6s2s_1)
                  0.12    0.25   22.08 v wire932/X (sky130_fd_sc_hd__dlymetal6s2s_1)
     2    0.02                           net932 (net)
                  0.12    0.00   22.08 v wire931/A (sky130_fd_sc_hd__clkbuf_4)
                  0.07    0.21   22.30 v wire931/X (sky130_fd_sc_hd__clkbuf_4)
     2    0.03                           net931 (net)
                  0.07    0.00   22.30 v wire930/A (sky130_fd_sc_hd__buf_6)
                  0.04    0.15   22.45 v wire930/X (sky130_fd_sc_hd__buf_6)
     2    0.03                           net930 (net)
                  0.04    0.00   22.45 v wire929/A (sky130_fd_sc_hd__buf_6)
                  0.04    0.13   22.58 v wire929/X (sky130_fd_sc_hd__buf_6)
     2    0.03                           net929 (net)
                  0.04    0.00   22.58 v wire15/A (sky130_fd_sc_hd__buf_6)
                  0.06    0.15   22.73 v wire15/X (sky130_fd_sc_hd__buf_6)
     2    0.05                           net5122 (net)
                  0.06    0.01   22.74 v wire928/A (sky130_fd_sc_hd__clkbuf_4)
                  0.08    0.19   22.93 v wire928/X (sky130_fd_sc_hd__clkbuf_4)
     2    0.04                           net928 (net)
                  0.08    0.00   22.94 v wire927/A (sky130_fd_sc_hd__buf_6)
                  0.04    0.16   23.09 v wire927/X (sky130_fd_sc_hd__buf_6)
     2    0.03                           net927 (net)
                  0.04    0.00   23.10 v wire926/A (sky130_fd_sc_hd__buf_6)
                  0.04    0.14   23.23 v wire926/X (sky130_fd_sc_hd__buf_6)
     2    0.03                           net926 (net)
                  0.04    0.00   23.24 v wire925/A (sky130_fd_sc_hd__buf_6)
                  0.04    0.13   23.37 v wire925/X (sky130_fd_sc_hd__buf_6)
     2    0.03                           net925 (net)
                  0.04    0.00   23.37 v wire924/A (sky130_fd_sc_hd__buf_6)
                  0.04    0.13   23.50 v wire924/X (sky130_fd_sc_hd__buf_6)
     2    0.03                           net924 (net)
                  0.04    0.00   23.51 v wire923/A (sky130_fd_sc_hd__buf_6)
                  0.04    0.13   23.64 v wire923/X (sky130_fd_sc_hd__buf_6)
     2    0.03                           net923 (net)
                  0.04    0.00   23.64 v wire922/A (sky130_fd_sc_hd__buf_6)
                  0.04    0.13   23.78 v wire922/X (sky130_fd_sc_hd__buf_6)
     2    0.03                           net922 (net)
                  0.04    0.00   23.78 v wire921/A (sky130_fd_sc_hd__buf_6)
                  0.04    0.13   23.91 v wire921/X (sky130_fd_sc_hd__buf_6)
     2    0.03                           net921 (net)
                  0.04    0.00   23.91 v wire920/A (sky130_fd_sc_hd__buf_6)
                  0.04    0.13   24.04 v wire920/X (sky130_fd_sc_hd__buf_6)
     1    0.02                           net920 (net)
                  0.04    0.00   24.05 v output313/A (sky130_fd_sc_hd__buf_6)
                  0.04    0.13   24.18 v output313/X (sky130_fd_sc_hd__buf_6)
     2    0.03                           net7009 (net)
                  0.04    0.00   24.18 v output488/A (sky130_fd_sc_hd__buf_12)
                  0.07    0.17   24.35 v output488/X (sky130_fd_sc_hd__buf_12)
     1    0.11                           wbs_dat_o[7] (net)
                  0.07    0.00   24.35 v wbs_dat_o[7] (out)
                                 24.35   data arrival time

                         30.00   30.00   clock clk (rise edge)
                          6.00   36.00   clock network delay (propagated)
                         -0.10   35.90   clock uncertainty
                          0.00   35.90   clock reconvergence pessimism
                         -2.81   33.09   output external delay
                                 33.09   data required time
-----------------------------------------------------------------------------
                                 33.09   data required time
                                -24.35   data arrival time
-----------------------------------------------------------------------------
                                  8.74   slack (MET)


Startpoint: user_projects[3].genblk1.user_project
            (rising edge-triggered flip-flop clocked by clk)
Endpoint: wbs_dat_o[29] (output port clocked by clk)
Path Group: clk
Path Type: max

Fanout     Cap    Slew   Delay    Time   Description
-----------------------------------------------------------------------------
                          0.00    0.00   clock clk (rise edge)
                          7.25    7.25   clock source latency
                  1.16    0.00    7.25 ^ wb_clk_i (in)
     2    0.03                           wb_clk_i (net)
                  1.16    0.00    7.25 ^ wire2/A (sky130_fd_sc_hd__buf_8)
                  0.08    0.23    7.48 ^ wire2/X (sky130_fd_sc_hd__buf_8)
     2    0.03                           net5109 (net)
                  0.08    0.00    7.48 ^ wire1/A (sky130_fd_sc_hd__buf_8)
                  0.07    0.13    7.61 ^ wire1/X (sky130_fd_sc_hd__buf_8)
     2    0.03                           net5108 (net)
                  0.07    0.00    7.62 ^ clkbuf_0_wb_clk_i/A (sky130_fd_sc_hd__clkbuf_16)
                  0.13    0.21    7.83 ^ clkbuf_0_wb_clk_i/X (sky130_fd_sc_hd__clkbuf_16)
     4    0.11                           clknet_0_wb_clk_i (net)
                  0.13    0.01    7.84 ^ clkbuf_1_1_0_wb_clk_i/A (sky130_fd_sc_hd__clkbuf_8)
                  0.16    0.24    8.07 ^ clkbuf_1_1_0_wb_clk_i/X (sky130_fd_sc_hd__clkbuf_8)
     2    0.09                           clknet_1_1_0_wb_clk_i (net)
                  0.17    0.03    8.10 ^ wire12/A (sky130_fd_sc_hd__clkbuf_16)
                  0.05    0.18    8.29 ^ wire12/X (sky130_fd_sc_hd__clkbuf_16)
     2    0.03                           net5119 (net)
                  0.05    0.00    8.29 ^ wire6062/A (sky130_fd_sc_hd__buf_12)
                  0.23    0.19    8.48 ^ wire6062/X (sky130_fd_sc_hd__buf_12)
     4    0.20                           net5008 (net)
                  0.29    0.09    8.58 ^ wire11/A (sky130_fd_sc_hd__buf_8)
                  0.17    0.24    8.81 ^ wire11/X (sky130_fd_sc_hd__buf_8)
     4    0.10                           net5118 (net)
                  0.18    0.03    8.84 ^ wire10/A (sky130_fd_sc_hd__buf_12)
                  0.31    0.26    9.10 ^ wire10/X (sky130_fd_sc_hd__buf_12)
     2    0.27                           net5117 (net)
                  0.37    0.11    9.21 ^ user_projects[3].genblk1.user_project/wb_clk_i (user_project)
                  0.40   10.09   19.31 ^ user_projects[3].genblk1.user_project/wbs_dat_o[29] (user_project)
     2    0.04                           proj_wbs_dat_o[3][29] (net)
                  0.40    0.00   19.31 ^ wire2401/A (sky130_fd_sc_hd__clkbuf_4)
                  0.12    0.31   19.62 ^ wire2401/X (sky130_fd_sc_hd__clkbuf_4)
     2    0.04                           net2401 (net)
                  0.12    0.00   19.62 ^ wire2400/A (sky130_fd_sc_hd__clkbuf_4)
                  0.13    0.23   19.85 ^ wire2400/X (sky130_fd_sc_hd__clkbuf_4)
     2    0.04                           net2400 (net)
                  0.13    0.00   19.86 ^ wire2399/A (sky130_fd_sc_hd__buf_6)
                  0.09    0.17   20.02 ^ wire2399/X (sky130_fd_sc_hd__buf_6)
     2    0.04                           net2399 (net)
                  0.09    0.00   20.02 ^ wire2398/A (sky130_fd_sc_hd__buf_6)
                  0.07    0.14   20.16 ^ wire2398/X (sky130_fd_sc_hd__buf_6)
     2    0.03                           net2398 (net)
                  0.07    0.00   20.17 ^ wire2397/A (sky130_fd_sc_hd__clkbuf_4)
                  0.10    0.19   20.36 ^ wire2397/X (sky130_fd_sc_hd__clkbuf_4)
     2    0.03                           net2397 (net)
                  0.10    0.00   20.36 ^ wire2396/A (sky130_fd_sc_hd__buf_6)
                  0.18    0.21   20.57 ^ wire2396/X (sky130_fd_sc_hd__buf_6)
     2    0.09                           net2396 (net)
                  0.18    0.02   20.60 ^ wire148/A (sky130_fd_sc_hd__buf_6)
                  0.08    0.17   20.77 ^ wire148/X (sky130_fd_sc_hd__buf_6)
     2    0.04                           net5255 (net)
                  0.08    0.00   20.77 ^ wire2395/A (sky130_fd_sc_hd__buf_6)
                  0.07    0.14   20.91 ^ wire2395/X (sky130_fd_sc_hd__buf_6)
     2    0.03                           net2395 (net)
                  0.07    0.00   20.91 ^ wire2394/A (sky130_fd_sc_hd__buf_6)
                  0.08    0.14   21.05 ^ wire2394/X (sky130_fd_sc_hd__buf_6)
     2    0.03                           net2394 (net)
                  0.08    0.00   21.05 ^ wire2393/A (sky130_fd_sc_hd__buf_6)
                  0.08    0.14   21.19 ^ wire2393/X (sky130_fd_sc_hd__buf_6)
     2    0.04                           net2393 (net)
                  0.08    0.01   21.20 ^ _1070_/C (sky130_fd_sc_hd__nand3_2)
                  0.21    0.20   21.40 v _1070_/Y (sky130_fd_sc_hd__nand3_2)
     2    0.03                           _0061_ (net)
                  0.21    0.00   21.40 v wire1970/A (sky130_fd_sc_hd__buf_6)
                  0.05    0.22   21.62 v wire1970/X (sky130_fd_sc_hd__buf_6)
     2    0.03                           net1970 (net)
                  0.05    0.00   21.62 v wire64/A (sky130_fd_sc_hd__buf_6)
                  0.05    0.14   21.76 v wire64/X (sky130_fd_sc_hd__buf_6)
     2    0.04                           net5171 (net)
                  0.05    0.01   21.77 v _1071_/A3 (sky130_fd_sc_hd__a31oi_4)
                  0.26    0.29   22.06 ^ _1071_/Y (sky130_fd_sc_hd__a31oi_4)
     2    0.03                           net305 (net)
                  0.26    0.00   22.06 ^ wire727/A (sky130_fd_sc_hd__clkbuf_4)
                  0.10    0.26   22.32 ^ wire727/X (sky130_fd_sc_hd__clkbuf_4)
     2    0.03                           net727 (net)
                  0.10    0.00   22.33 ^ wire726/A (sky130_fd_sc_hd__buf_6)
                  0.08    0.15   22.48 ^ wire726/X (sky130_fd_sc_hd__buf_6)
     2    0.04                           net726 (net)
                  0.08    0.00   22.48 ^ wire28/A (sky130_fd_sc_hd__buf_6)
                  0.13    0.18   22.66 ^ wire28/X (sky130_fd_sc_hd__buf_6)
     2    0.06                           net5135 (net)
                  0.14    0.01   22.67 ^ wire725/A (sky130_fd_sc_hd__buf_6)
                  0.08    0.16   22.83 ^ wire725/X (sky130_fd_sc_hd__buf_6)
     2    0.04                           net725 (net)
                  0.08    0.00   22.84 ^ wire724/A (sky130_fd_sc_hd__buf_6)
                  0.07    0.14   22.97 ^ wire724/X (sky130_fd_sc_hd__buf_6)
     2    0.03                           net724 (net)
                  0.07    0.00   22.98 ^ wire723/A (sky130_fd_sc_hd__buf_6)
                  0.07    0.13   23.11 ^ wire723/X (sky130_fd_sc_hd__buf_6)
     2    0.03                           net723 (net)
                  0.07    0.00   23.11 ^ wire722/A (sky130_fd_sc_hd__buf_6)
                  0.06    0.12   23.24 ^ wire722/X (sky130_fd_sc_hd__buf_6)
     2    0.03                           net722 (net)
                  0.06    0.00   23.24 ^ wire721/A (sky130_fd_sc_hd__buf_6)
                  0.06    0.12   23.36 ^ wire721/X (sky130_fd_sc_hd__buf_6)
     2    0.03                           net721 (net)
                  0.06    0.00   23.36 ^ wire720/A (sky130_fd_sc_hd__buf_6)
                  0.06    0.13   23.49 ^ wire720/X (sky130_fd_sc_hd__buf_6)
     2    0.03                           net720 (net)
                  0.06    0.00   23.49 ^ output305/A (sky130_fd_sc_hd__buf_6)
                  0.07    0.13   23.62 ^ output305/X (sky130_fd_sc_hd__buf_6)
     2    0.03                           net7001 (net)
                  0.07    0.00   23.63 ^ output480/A (sky130_fd_sc_hd__buf_12)
                  0.13    0.18   23.81 ^ output480/X (sky130_fd_sc_hd__buf_12)
     1    0.11                           wbs_dat_o[29] (net)
                  0.13    0.00   23.81 ^ wbs_dat_o[29] (out)
                                 23.81   data arrival time

                         30.00   30.00   clock clk (rise edge)
                          6.00   36.00   clock network delay (propagated)
                         -0.10   35.90   clock uncertainty
                          0.00   35.90   clock reconvergence pessimism
                         -2.97   32.93   output external delay
                                 32.93   data required time
-----------------------------------------------------------------------------
                                 32.93   data required time
                                -23.81   data arrival time
-----------------------------------------------------------------------------
                                  9.12   slack (MET)


Startpoint: user_projects[3].genblk1.user_project
            (rising edge-triggered flip-flop clocked by clk)
Endpoint: wbs_dat_o[19] (output port clocked by clk)
Path Group: clk
Path Type: max

Fanout     Cap    Slew   Delay    Time   Description
-----------------------------------------------------------------------------
                          0.00    0.00   clock clk (rise edge)
                          7.25    7.25   clock source latency
                  1.16    0.00    7.25 ^ wb_clk_i (in)
     2    0.03                           wb_clk_i (net)
                  1.16    0.00    7.25 ^ wire2/A (sky130_fd_sc_hd__buf_8)
                  0.08    0.23    7.48 ^ wire2/X (sky130_fd_sc_hd__buf_8)
     2    0.03                           net5109 (net)
                  0.08    0.00    7.48 ^ wire1/A (sky130_fd_sc_hd__buf_8)
                  0.07    0.13    7.61 ^ wire1/X (sky130_fd_sc_hd__buf_8)
     2    0.03                           net5108 (net)
                  0.07    0.00    7.62 ^ clkbuf_0_wb_clk_i/A (sky130_fd_sc_hd__clkbuf_16)
                  0.13    0.21    7.83 ^ clkbuf_0_wb_clk_i/X (sky130_fd_sc_hd__clkbuf_16)
     4    0.11                           clknet_0_wb_clk_i (net)
                  0.13    0.01    7.84 ^ clkbuf_1_1_0_wb_clk_i/A (sky130_fd_sc_hd__clkbuf_8)
                  0.16    0.24    8.07 ^ clkbuf_1_1_0_wb_clk_i/X (sky130_fd_sc_hd__clkbuf_8)
     2    0.09                           clknet_1_1_0_wb_clk_i (net)
                  0.17    0.03    8.10 ^ wire12/A (sky130_fd_sc_hd__clkbuf_16)
                  0.05    0.18    8.29 ^ wire12/X (sky130_fd_sc_hd__clkbuf_16)
     2    0.03                           net5119 (net)
                  0.05    0.00    8.29 ^ wire6062/A (sky130_fd_sc_hd__buf_12)
                  0.23    0.19    8.48 ^ wire6062/X (sky130_fd_sc_hd__buf_12)
     4    0.20                           net5008 (net)
                  0.29    0.09    8.58 ^ wire11/A (sky130_fd_sc_hd__buf_8)
                  0.17    0.24    8.81 ^ wire11/X (sky130_fd_sc_hd__buf_8)
     4    0.10                           net5118 (net)
                  0.18    0.03    8.84 ^ wire10/A (sky130_fd_sc_hd__buf_12)
                  0.31    0.26    9.10 ^ wire10/X (sky130_fd_sc_hd__buf_12)
     2    0.27                           net5117 (net)
                  0.37    0.11    9.21 ^ user_projects[3].genblk1.user_project/wb_clk_i (user_project)
                  0.37   10.19   19.41 ^ user_projects[3].genblk1.user_project/wbs_dat_o[19] (user_project)
     2    0.04                           proj_wbs_dat_o[3][19] (net)
                  0.37    0.00   19.41 ^ wire2501/A (sky130_fd_sc_hd__clkbuf_4)
                  0.12    0.30   19.71 ^ wire2501/X (sky130_fd_sc_hd__clkbuf_4)
     2    0.04                           net2501 (net)
                  0.12    0.00   19.71 ^ wire2500/A (sky130_fd_sc_hd__clkbuf_4)
                  0.12    0.23   19.94 ^ wire2500/X (sky130_fd_sc_hd__clkbuf_4)
     2    0.04                           net2500 (net)
                  0.12    0.00   19.95 ^ wire2499/A (sky130_fd_sc_hd__buf_6)
                  0.08    0.16   20.10 ^ wire2499/X (sky130_fd_sc_hd__buf_6)
     2    0.04                           net2499 (net)
                  0.08    0.00   20.11 ^ wire2498/A (sky130_fd_sc_hd__buf_6)
                  0.12    0.17   20.28 ^ wire2498/X (sky130_fd_sc_hd__buf_6)
     2    0.06                           net2498 (net)
                  0.12    0.01   20.29 ^ wire2497/A (sky130_fd_sc_hd__buf_6)
                  0.08    0.16   20.45 ^ wire2497/X (sky130_fd_sc_hd__buf_6)
     2    0.03                           net2497 (net)
                  0.08    0.00   20.45 ^ wire191/A (sky130_fd_sc_hd__buf_6)
                  0.08    0.14   20.59 ^ wire191/X (sky130_fd_sc_hd__buf_6)
     2    0.03                           net5298 (net)
                  0.08    0.00   20.60 ^ wire2496/A (sky130_fd_sc_hd__buf_6)
                  0.07    0.13   20.73 ^ wire2496/X (sky130_fd_sc_hd__buf_6)
     2    0.03                           net2496 (net)
                  0.07    0.00   20.73 ^ wire2495/A (sky130_fd_sc_hd__buf_6)
                  0.07    0.13   20.87 ^ wire2495/X (sky130_fd_sc_hd__buf_6)
     2    0.03                           net2495 (net)
                  0.07    0.00   20.87 ^ wire2494/A (sky130_fd_sc_hd__buf_6)
                  0.07    0.13   21.00 ^ wire2494/X (sky130_fd_sc_hd__buf_6)
     2    0.03                           net2494 (net)
                  0.07    0.00   21.00 ^ wire2493/A (sky130_fd_sc_hd__buf_6)
                  0.08    0.14   21.14 ^ wire2493/X (sky130_fd_sc_hd__buf_6)
     2    0.04                           net2493 (net)
                  0.08    0.00   21.15 ^ _1009_/C (sky130_fd_sc_hd__nand3_4)
                  0.14    0.13   21.28 v _1009_/Y (sky130_fd_sc_hd__nand3_4)
     2    0.03                           _0010_ (net)
                  0.14    0.00   21.28 v wire2035/A (sky130_fd_sc_hd__buf_6)
                  0.04    0.18   21.46 v wire2035/X (sky130_fd_sc_hd__buf_6)
     2    0.03                           net2035 (net)
                  0.04    0.00   21.47 v wire57/A (sky130_fd_sc_hd__buf_6)
                  0.04    0.14   21.60 v wire57/X (sky130_fd_sc_hd__buf_6)
     2    0.03                           net5164 (net)
                  0.04    0.00   21.61 v _1011_/A2 (sky130_fd_sc_hd__a31oi_4)
                  0.26    0.27   21.88 ^ _1011_/Y (sky130_fd_sc_hd__a31oi_4)
     2    0.03                           net294 (net)
                  0.26    0.00   21.88 ^ wire814/A (sky130_fd_sc_hd__clkbuf_4)
                  0.11    0.27   22.15 ^ wire814/X (sky130_fd_sc_hd__clkbuf_4)
     2    0.03                           net814 (net)
                  0.11    0.00   22.15 ^ wire813/A (sky130_fd_sc_hd__buf_6)
                  0.08    0.15   22.30 ^ wire813/X (sky130_fd_sc_hd__buf_6)
     2    0.04                           net813 (net)
                  0.08    0.00   22.31 ^ wire26/A (sky130_fd_sc_hd__buf_6)
                  0.09    0.15   22.46 ^ wire26/X (sky130_fd_sc_hd__buf_6)
     2    0.04                           net5133 (net)
                  0.10    0.01   22.47 ^ wire812/A (sky130_fd_sc_hd__buf_6)
                  0.07    0.14   22.61 ^ wire812/X (sky130_fd_sc_hd__buf_6)
     2    0.03                           net812 (net)
                  0.07    0.00   22.61 ^ wire811/A (sky130_fd_sc_hd__buf_6)
                  0.07    0.13   22.74 ^ wire811/X (sky130_fd_sc_hd__buf_6)
     2    0.03                           net811 (net)
                  0.07    0.00   22.75 ^ wire810/A (sky130_fd_sc_hd__buf_6)
                  0.07    0.13   22.88 ^ wire810/X (sky130_fd_sc_hd__buf_6)
     2    0.03                           net810 (net)
                  0.07    0.00   22.88 ^ wire809/A (sky130_fd_sc_hd__buf_6)
                  0.07    0.13   23.01 ^ wire809/X (sky130_fd_sc_hd__buf_6)
     2    0.03                           net809 (net)
                  0.07    0.00   23.01 ^ wire808/A (sky130_fd_sc_hd__buf_6)
                  0.06    0.12   23.14 ^ wire808/X (sky130_fd_sc_hd__buf_6)
     2    0.02                           net808 (net)
                  0.06    0.00   23.14 ^ wire807/A (sky130_fd_sc_hd__buf_6)
                  0.07    0.13   23.26 ^ wire807/X (sky130_fd_sc_hd__buf_6)
     2    0.03                           net807 (net)
                  0.07    0.00   23.27 ^ wire806/A (sky130_fd_sc_hd__buf_6)
                  0.07    0.13   23.40 ^ wire806/X (sky130_fd_sc_hd__buf_6)
     2    0.03                           net806 (net)
                  0.07    0.00   23.40 ^ output294/A (sky130_fd_sc_hd__buf_6)
                  0.08    0.14   23.54 ^ output294/X (sky130_fd_sc_hd__buf_6)
     2    0.03                           net6990 (net)
                  0.08    0.00   23.54 ^ output469/A (sky130_fd_sc_hd__buf_12)
                  0.13    0.19   23.73 ^ output469/X (sky130_fd_sc_hd__buf_12)
     1    0.11                           wbs_dat_o[19] (net)
                  0.13    0.00   23.73 ^ wbs_dat_o[19] (out)
                                 23.73   data arrival time

                         30.00   30.00   clock clk (rise edge)
                          6.00   36.00   clock network delay (propagated)
                         -0.10   35.90   clock uncertainty
                          0.00   35.90   clock reconvergence pessimism
                         -3.00   32.90   output external delay
                                 32.90   data required time
-----------------------------------------------------------------------------
                                 32.90   data required time
                                -23.73   data arrival time
-----------------------------------------------------------------------------
                                  9.17   slack (MET)


Startpoint: user_projects[3].genblk1.user_project
            (rising edge-triggered flip-flop clocked by clk)
Endpoint: wbs_dat_o[18] (output port clocked by clk)
Path Group: clk
Path Type: max

Fanout     Cap    Slew   Delay    Time   Description
-----------------------------------------------------------------------------
                          0.00    0.00   clock clk (rise edge)
                          7.25    7.25   clock source latency
                  1.16    0.00    7.25 ^ wb_clk_i (in)
     2    0.03                           wb_clk_i (net)
                  1.16    0.00    7.25 ^ wire2/A (sky130_fd_sc_hd__buf_8)
                  0.08    0.23    7.48 ^ wire2/X (sky130_fd_sc_hd__buf_8)
     2    0.03                           net5109 (net)
                  0.08    0.00    7.48 ^ wire1/A (sky130_fd_sc_hd__buf_8)
                  0.07    0.13    7.61 ^ wire1/X (sky130_fd_sc_hd__buf_8)
     2    0.03                           net5108 (net)
                  0.07    0.00    7.62 ^ clkbuf_0_wb_clk_i/A (sky130_fd_sc_hd__clkbuf_16)
                  0.13    0.21    7.83 ^ clkbuf_0_wb_clk_i/X (sky130_fd_sc_hd__clkbuf_16)
     4    0.11                           clknet_0_wb_clk_i (net)
                  0.13    0.01    7.84 ^ clkbuf_1_1_0_wb_clk_i/A (sky130_fd_sc_hd__clkbuf_8)
                  0.16    0.24    8.07 ^ clkbuf_1_1_0_wb_clk_i/X (sky130_fd_sc_hd__clkbuf_8)
     2    0.09                           clknet_1_1_0_wb_clk_i (net)
                  0.17    0.03    8.10 ^ wire12/A (sky130_fd_sc_hd__clkbuf_16)
                  0.05    0.18    8.29 ^ wire12/X (sky130_fd_sc_hd__clkbuf_16)
     2    0.03                           net5119 (net)
                  0.05    0.00    8.29 ^ wire6062/A (sky130_fd_sc_hd__buf_12)
                  0.23    0.19    8.48 ^ wire6062/X (sky130_fd_sc_hd__buf_12)
     4    0.20                           net5008 (net)
                  0.29    0.09    8.58 ^ wire11/A (sky130_fd_sc_hd__buf_8)
                  0.17    0.24    8.81 ^ wire11/X (sky130_fd_sc_hd__buf_8)
     4    0.10                           net5118 (net)
                  0.18    0.03    8.84 ^ wire10/A (sky130_fd_sc_hd__buf_12)
                  0.31    0.26    9.10 ^ wire10/X (sky130_fd_sc_hd__buf_12)
     2    0.27                           net5117 (net)
                  0.37    0.11    9.21 ^ user_projects[3].genblk1.user_project/wb_clk_i (user_project)
                  0.35   10.08   19.30 ^ user_projects[3].genblk1.user_project/wbs_dat_o[18] (user_project)
     2    0.04                           proj_wbs_dat_o[3][18] (net)
                  0.35    0.00   19.30 ^ wire2510/A (sky130_fd_sc_hd__clkbuf_4)
                  0.12    0.30   19.60 ^ wire2510/X (sky130_fd_sc_hd__clkbuf_4)
     2    0.04                           net2510 (net)
                  0.12    0.00   19.60 ^ wire2509/A (sky130_fd_sc_hd__clkbuf_4)
                  0.12    0.23   19.83 ^ wire2509/X (sky130_fd_sc_hd__clkbuf_4)
     2    0.04                           net2509 (net)
                  0.12    0.00   19.83 ^ wire2508/A (sky130_fd_sc_hd__buf_6)
                  0.08    0.16   19.99 ^ wire2508/X (sky130_fd_sc_hd__buf_6)
     2    0.04                           net2508 (net)
                  0.08    0.00   19.99 ^ wire2507/A (sky130_fd_sc_hd__buf_6)
                  0.15    0.19   20.18 ^ wire2507/X (sky130_fd_sc_hd__buf_6)
     2    0.07                           net2507 (net)
                  0.16    0.02   20.20 ^ wire289/A (sky130_fd_sc_hd__buf_6)
                  0.08    0.16   20.36 ^ wire289/X (sky130_fd_sc_hd__buf_6)
     2    0.03                           net5396 (net)
                  0.08    0.00   20.37 ^ wire2506/A (sky130_fd_sc_hd__clkbuf_4)
                  0.11    0.20   20.57 ^ wire2506/X (sky130_fd_sc_hd__clkbuf_4)
     2    0.03                           net2506 (net)
                  0.11    0.00   20.57 ^ wire2505/A (sky130_fd_sc_hd__buf_6)
                  0.07    0.15   20.72 ^ wire2505/X (sky130_fd_sc_hd__buf_6)
     2    0.03                           net2505 (net)
                  0.07    0.00   20.72 ^ wire2504/A (sky130_fd_sc_hd__buf_6)
                  0.07    0.14   20.86 ^ wire2504/X (sky130_fd_sc_hd__buf_6)
     2    0.03                           net2504 (net)
                  0.07    0.00   20.86 ^ wire2503/A (sky130_fd_sc_hd__buf_6)
                  0.07    0.14   21.00 ^ wire2503/X (sky130_fd_sc_hd__buf_6)
     2    0.03                           net2503 (net)
                  0.07    0.00   21.00 ^ wire2502/A (sky130_fd_sc_hd__buf_6)
                  0.09    0.14   21.15 ^ wire2502/X (sky130_fd_sc_hd__buf_6)
     2    0.04                           net2502 (net)
                  0.09    0.01   21.15 ^ _1003_/C (sky130_fd_sc_hd__nand3_4)
                  0.15    0.14   21.30 v _1003_/Y (sky130_fd_sc_hd__nand3_4)
     2    0.03                           _0005_ (net)
                  0.15    0.00   21.30 v wire2043/A (sky130_fd_sc_hd__buf_6)
                  0.04    0.19   21.49 v wire2043/X (sky130_fd_sc_hd__buf_6)
     2    0.03                           net2043 (net)
                  0.04    0.00   21.49 v wire56/A (sky130_fd_sc_hd__buf_6)
                  0.05    0.14   21.63 v wire56/X (sky130_fd_sc_hd__buf_6)
     2    0.04                           net5163 (net)
                  0.05    0.01   21.64 v _1005_/A2 (sky130_fd_sc_hd__a31oi_4)
                  0.30    0.30   21.94 ^ _1005_/Y (sky130_fd_sc_hd__a31oi_4)
     2    0.03                           net293 (net)
                  0.30    0.00   21.95 ^ wire823/A (sky130_fd_sc_hd__clkbuf_4)
                  0.16    0.31   22.26 ^ wire823/X (sky130_fd_sc_hd__clkbuf_4)
     2    0.05                           net823 (net)
                  0.16    0.01   22.27 ^ wire822/A (sky130_fd_sc_hd__buf_6)
                  0.08    0.17   22.43 ^ wire822/X (sky130_fd_sc_hd__buf_6)
     2    0.04                           net822 (net)
                  0.08    0.00   22.44 ^ wire821/A (sky130_fd_sc_hd__buf_6)
                  0.07    0.14   22.58 ^ wire821/X (sky130_fd_sc_hd__buf_6)
     2    0.03                           net821 (net)
                  0.07    0.00   22.58 ^ wire820/A (sky130_fd_sc_hd__buf_6)
                  0.06    0.13   22.71 ^ wire820/X (sky130_fd_sc_hd__buf_6)
     2    0.03                           net820 (net)
                  0.06    0.00   22.71 ^ wire819/A (sky130_fd_sc_hd__clkbuf_4)
                  0.10    0.18   22.89 ^ wire819/X (sky130_fd_sc_hd__clkbuf_4)
     2    0.03                           net819 (net)
                  0.10    0.00   22.90 ^ wire818/A (sky130_fd_sc_hd__buf_6)
                  0.06    0.14   23.03 ^ wire818/X (sky130_fd_sc_hd__buf_6)
     2    0.03                           net818 (net)
                  0.06    0.00   23.04 ^ wire817/A (sky130_fd_sc_hd__buf_6)
                  0.06    0.12   23.16 ^ wire817/X (sky130_fd_sc_hd__buf_6)
     2    0.02                           net817 (net)
                  0.06    0.00   23.16 ^ wire816/A (sky130_fd_sc_hd__buf_6)
                  0.06    0.12   23.28 ^ wire816/X (sky130_fd_sc_hd__buf_6)
     2    0.03                           net816 (net)
                  0.06    0.00   23.29 ^ wire815/A (sky130_fd_sc_hd__buf_6)
                  0.06    0.12   23.41 ^ wire815/X (sky130_fd_sc_hd__buf_6)
     1    0.02                           net815 (net)
                  0.06    0.00   23.41 ^ output293/A (sky130_fd_sc_hd__buf_6)
                  0.07    0.13   23.54 ^ output293/X (sky130_fd_sc_hd__buf_6)
     2    0.03                           net6989 (net)
                  0.07    0.00   23.54 ^ output468/A (sky130_fd_sc_hd__buf_12)
                  0.17    0.21   23.75 ^ output468/X (sky130_fd_sc_hd__buf_12)
     1    0.14                           wbs_dat_o[18] (net)
                  0.17    0.00   23.75 ^ wbs_dat_o[18] (out)
                                 23.75   data arrival time

                         30.00   30.00   clock clk (rise edge)
                          6.00   36.00   clock network delay (propagated)
                         -0.10   35.90   clock uncertainty
                          0.00   35.90   clock reconvergence pessimism
                         -2.94   32.96   output external delay
                                 32.96   data required time
-----------------------------------------------------------------------------
                                 32.96   data required time
                                -23.75   data arrival time
-----------------------------------------------------------------------------
                                  9.21   slack (MET)


