
===========================================================================
report_checks -path_delay min (Hold)
============================================================================
Startpoint: wb_rst_i (input port clocked by clk)
Endpoint: user_projects[1].genblk1.user_project
          (removal check against rising-edge clock clk)
Path Group: **async_default**
Path Type: min

Fanout     Cap    Slew   Delay    Time   Description
-----------------------------------------------------------------------------
                          0.00    0.00   clock clk (rise edge)
                          6.00    6.00   clock network delay (propagated)
                          1.60    7.60 ^ input external delay
                  0.12    0.00    7.60 ^ wb_rst_i (in)
     2    0.00                           wb_rst_i (net)
                  0.12    0.00    7.60 ^ input279/A (sky130_fd_sc_hd__dlymetal6s2s_1)
                  0.19    0.21    7.81 ^ input279/X (sky130_fd_sc_hd__dlymetal6s2s_1)
     2    0.02                           net6800 (net)
                  0.19    0.00    7.81 ^ hold6063/A (sky130_fd_sc_hd__dlygate4sd1_1)
                  0.21    0.33    8.14 ^ hold6063/X (sky130_fd_sc_hd__dlygate4sd1_1)
     2    0.02                           net6696 (net)
                  0.21    0.00    8.15 ^ hold6060/A (sky130_fd_sc_hd__clkdlybuf4s50_2)
                  0.12    0.58    8.73 ^ hold6060/X (sky130_fd_sc_hd__clkdlybuf4s50_2)
     2    0.02                           net6693 (net)
                  0.12    0.00    8.73 ^ input104/A (sky130_fd_sc_hd__buf_6)
                  0.06    0.13    8.86 ^ input104/X (sky130_fd_sc_hd__buf_6)
     2    0.03                           net104 (net)
                  0.06    0.00    8.87 ^ hold6061/A (sky130_fd_sc_hd__buf_6)
                  0.24    0.23    9.09 ^ hold6061/X (sky130_fd_sc_hd__buf_6)
     4    0.12                           net6694 (net)
                  0.24    0.02    9.11 ^ wire4978/A (sky130_fd_sc_hd__buf_6)
                  0.17    0.23    9.34 ^ wire4978/X (sky130_fd_sc_hd__buf_6)
     2    0.08                           net4978 (net)
                  0.18    0.02    9.36 ^ wire5510/A (sky130_fd_sc_hd__buf_6)
                  0.19    0.23    9.59 ^ wire5510/X (sky130_fd_sc_hd__buf_6)
     2    0.09                           net6143 (net)
                  0.19    0.01    9.60 ^ user_projects[1].genblk1.user_project/wb_rst_i (user_project)
                                  9.60   data arrival time

                          0.00    0.00   clock clk (rise edge)
                          7.25    7.25   clock source latency
                  1.16    0.00    7.25 ^ wb_clk_i (in)
     2    0.03                           wb_clk_i (net)
                  1.16    0.00    7.25 ^ wire2/A (sky130_fd_sc_hd__buf_8)
                  0.08    0.23    7.48 ^ wire2/X (sky130_fd_sc_hd__buf_8)
     2    0.03                           net5109 (net)
                  0.08    0.00    7.48 ^ wire1/A (sky130_fd_sc_hd__buf_8)
                  0.07    0.13    7.61 ^ wire1/X (sky130_fd_sc_hd__buf_8)
     2    0.03                           net5108 (net)
                  0.07    0.00    7.62 ^ clkbuf_0_wb_clk_i/A (sky130_fd_sc_hd__clkbuf_16)
                  0.13    0.21    7.83 ^ clkbuf_0_wb_clk_i/X (sky130_fd_sc_hd__clkbuf_16)
     4    0.11                           clknet_0_wb_clk_i (net)
                  0.13    0.00    7.83 ^ clkbuf_1_0_0_wb_clk_i/A (sky130_fd_sc_hd__clkbuf_8)
                  0.16    0.24    8.07 ^ clkbuf_1_0_0_wb_clk_i/X (sky130_fd_sc_hd__clkbuf_8)
     2    0.09                           clknet_1_0_0_wb_clk_i (net)
                  0.16    0.03    8.10 ^ wire7/A (sky130_fd_sc_hd__clkbuf_16)
                  0.12    0.23    8.32 ^ wire7/X (sky130_fd_sc_hd__clkbuf_16)
     4    0.10                           net5114 (net)
                  0.13    0.03    8.35 ^ wire6/A (sky130_fd_sc_hd__buf_8)
                  0.14    0.19    8.55 ^ wire6/X (sky130_fd_sc_hd__buf_8)
     2    0.09                           net5113 (net)
                  0.15    0.02    8.57 ^ wire5/A (sky130_fd_sc_hd__buf_12)
                  0.31    0.30    8.87 ^ wire5/X (sky130_fd_sc_hd__buf_12)
     2    0.27                           net5112 (net)
                  0.32    0.05    8.92 ^ user_projects[1].genblk1.user_project/wb_clk_i (user_project)
                          0.10    9.02   clock uncertainty
                          0.00    9.02   clock reconvergence pessimism
                         -0.42    8.60   library removal time
                                  8.60   data required time
-----------------------------------------------------------------------------
                                  8.60   data required time
                                 -9.60   data arrival time
-----------------------------------------------------------------------------
                                  1.00   slack (MET)


Startpoint: wb_rst_i (input port clocked by clk)
Endpoint: user_projects[0].genblk1.user_project
          (removal check against rising-edge clock clk)
Path Group: **async_default**
Path Type: min

Fanout     Cap    Slew   Delay    Time   Description
-----------------------------------------------------------------------------
                          0.00    0.00   clock clk (rise edge)
                          6.00    6.00   clock network delay (propagated)
                          1.60    7.60 ^ input external delay
                  0.12    0.00    7.60 ^ wb_rst_i (in)
     2    0.00                           wb_rst_i (net)
                  0.12    0.00    7.60 ^ input279/A (sky130_fd_sc_hd__dlymetal6s2s_1)
                  0.19    0.21    7.81 ^ input279/X (sky130_fd_sc_hd__dlymetal6s2s_1)
     2    0.02                           net6800 (net)
                  0.19    0.00    7.81 ^ hold6063/A (sky130_fd_sc_hd__dlygate4sd1_1)
                  0.21    0.33    8.14 ^ hold6063/X (sky130_fd_sc_hd__dlygate4sd1_1)
     2    0.02                           net6696 (net)
                  0.21    0.00    8.15 ^ hold6060/A (sky130_fd_sc_hd__clkdlybuf4s50_2)
                  0.12    0.58    8.73 ^ hold6060/X (sky130_fd_sc_hd__clkdlybuf4s50_2)
     2    0.02                           net6693 (net)
                  0.12    0.00    8.73 ^ input104/A (sky130_fd_sc_hd__buf_6)
                  0.06    0.13    8.86 ^ input104/X (sky130_fd_sc_hd__buf_6)
     2    0.03                           net104 (net)
                  0.06    0.00    8.87 ^ hold6061/A (sky130_fd_sc_hd__buf_6)
                  0.24    0.23    9.09 ^ hold6061/X (sky130_fd_sc_hd__buf_6)
     4    0.12                           net6694 (net)
                  0.24    0.01    9.10 ^ max_length4979/A (sky130_fd_sc_hd__buf_6)
                  0.04    0.13    9.23 ^ max_length4979/X (sky130_fd_sc_hd__buf_6)
     1    0.01                           net4979 (net)
                  0.04    0.00    9.23 ^ wire6334/A (sky130_fd_sc_hd__buf_8)
                  0.26    0.20    9.43 ^ wire6334/X (sky130_fd_sc_hd__buf_8)
     4    0.16                           net7324 (net)
                  0.28    0.05    9.48 ^ hold6062/A (sky130_fd_sc_hd__dlymetal6s2s_1)
                  0.35    0.35    9.83 ^ hold6062/X (sky130_fd_sc_hd__dlymetal6s2s_1)
     2    0.03                           net6695 (net)
                  0.35    0.00    9.83 ^ user_projects[0].genblk1.user_project/wb_rst_i (user_project)
                                  9.83   data arrival time

                          0.00    0.00   clock clk (rise edge)
                          7.25    7.25   clock source latency
                  1.16    0.00    7.25 ^ wb_clk_i (in)
     2    0.03                           wb_clk_i (net)
                  1.16    0.00    7.25 ^ wire2/A (sky130_fd_sc_hd__buf_8)
                  0.08    0.23    7.48 ^ wire2/X (sky130_fd_sc_hd__buf_8)
     2    0.03                           net5109 (net)
                  0.08    0.00    7.48 ^ wire1/A (sky130_fd_sc_hd__buf_8)
                  0.07    0.13    7.61 ^ wire1/X (sky130_fd_sc_hd__buf_8)
     2    0.03                           net5108 (net)
                  0.07    0.00    7.62 ^ clkbuf_0_wb_clk_i/A (sky130_fd_sc_hd__clkbuf_16)
                  0.13    0.21    7.83 ^ clkbuf_0_wb_clk_i/X (sky130_fd_sc_hd__clkbuf_16)
     4    0.11                           clknet_0_wb_clk_i (net)
                  0.13    0.00    7.83 ^ clkbuf_1_0_0_wb_clk_i/A (sky130_fd_sc_hd__clkbuf_8)
                  0.16    0.24    8.07 ^ clkbuf_1_0_0_wb_clk_i/X (sky130_fd_sc_hd__clkbuf_8)
     2    0.09                           clknet_1_0_0_wb_clk_i (net)
                  0.16    0.03    8.10 ^ wire7/A (sky130_fd_sc_hd__clkbuf_16)
                  0.12    0.23    8.32 ^ wire7/X (sky130_fd_sc_hd__clkbuf_16)
     4    0.10                           net5114 (net)
                  0.12    0.01    8.33 ^ wire4/A (sky130_fd_sc_hd__buf_8)
                  0.07    0.14    8.47 ^ wire4/X (sky130_fd_sc_hd__buf_8)
     2    0.03                           net5111 (net)
                  0.07    0.00    8.48 ^ wire3/A (sky130_fd_sc_hd__buf_12)
                  0.23    0.23    8.71 ^ wire3/X (sky130_fd_sc_hd__buf_12)
     2    0.20                           net5110 (net)
                  0.24    0.03    8.75 ^ user_projects[0].genblk1.user_project/wb_clk_i (user_project)
                          0.10    8.85   clock uncertainty
                          0.00    8.85   clock reconvergence pessimism
                         -0.48    8.36   library removal time
                                  8.36   data required time
-----------------------------------------------------------------------------
                                  8.36   data required time
                                 -9.83   data arrival time
-----------------------------------------------------------------------------
                                  1.47   slack (MET)


Startpoint: wb_rst_i (input port clocked by clk)
Endpoint: user_projects[2].genblk1.user_project
          (removal check against rising-edge clock clk)
Path Group: **async_default**
Path Type: min

Fanout     Cap    Slew   Delay    Time   Description
-----------------------------------------------------------------------------
                          0.00    0.00   clock clk (rise edge)
                          6.00    6.00   clock network delay (propagated)
                          1.60    7.60 ^ input external delay
                  0.12    0.00    7.60 ^ wb_rst_i (in)
     2    0.00                           wb_rst_i (net)
                  0.12    0.00    7.60 ^ input279/A (sky130_fd_sc_hd__dlymetal6s2s_1)
                  0.19    0.21    7.81 ^ input279/X (sky130_fd_sc_hd__dlymetal6s2s_1)
     2    0.02                           net6800 (net)
                  0.19    0.00    7.81 ^ hold6063/A (sky130_fd_sc_hd__dlygate4sd1_1)
                  0.21    0.33    8.14 ^ hold6063/X (sky130_fd_sc_hd__dlygate4sd1_1)
     2    0.02                           net6696 (net)
                  0.21    0.00    8.15 ^ hold6060/A (sky130_fd_sc_hd__clkdlybuf4s50_2)
                  0.12    0.58    8.73 ^ hold6060/X (sky130_fd_sc_hd__clkdlybuf4s50_2)
     2    0.02                           net6693 (net)
                  0.12    0.00    8.73 ^ input104/A (sky130_fd_sc_hd__buf_6)
                  0.06    0.13    8.86 ^ input104/X (sky130_fd_sc_hd__buf_6)
     2    0.03                           net104 (net)
                  0.06    0.00    8.87 ^ hold6061/A (sky130_fd_sc_hd__buf_6)
                  0.24    0.23    9.09 ^ hold6061/X (sky130_fd_sc_hd__buf_6)
     4    0.12                           net6694 (net)
                  0.24    0.01    9.10 ^ max_length4979/A (sky130_fd_sc_hd__buf_6)
                  0.04    0.13    9.23 ^ max_length4979/X (sky130_fd_sc_hd__buf_6)
     1    0.01                           net4979 (net)
                  0.04    0.00    9.23 ^ wire6334/A (sky130_fd_sc_hd__buf_8)
                  0.26    0.20    9.43 ^ wire6334/X (sky130_fd_sc_hd__buf_8)
     4    0.16                           net7324 (net)
                  0.29    0.07    9.50 ^ wire5850/A (sky130_fd_sc_hd__buf_6)
                  0.16    0.22    9.72 ^ wire5850/X (sky130_fd_sc_hd__buf_6)
     2    0.08                           net6483 (net)
                  0.16    0.02    9.75 ^ wire4977/A (sky130_fd_sc_hd__buf_6)
                  0.17    0.21    9.96 ^ wire4977/X (sky130_fd_sc_hd__buf_6)
     2    0.08                           net4977 (net)
                  0.17    0.01    9.97 ^ wire5144/A (sky130_fd_sc_hd__buf_6)
                  0.04    0.12   10.09 ^ wire5144/X (sky130_fd_sc_hd__buf_6)
     1    0.01                           net5777 (net)
                  0.04    0.00   10.09 ^ wire6152/A (sky130_fd_sc_hd__buf_12)
                  0.24    0.17   10.25 ^ wire6152/X (sky130_fd_sc_hd__buf_12)
     4    0.21                           net5098 (net)
                  0.29    0.08   10.34 ^ user_projects[2].genblk1.user_project/wb_rst_i (user_project)
                                 10.34   data arrival time

                          0.00    0.00   clock clk (rise edge)
                          7.25    7.25   clock source latency
                  1.16    0.00    7.25 ^ wb_clk_i (in)
     2    0.03                           wb_clk_i (net)
                  1.16    0.00    7.25 ^ wire2/A (sky130_fd_sc_hd__buf_8)
                  0.08    0.23    7.48 ^ wire2/X (sky130_fd_sc_hd__buf_8)
     2    0.03                           net5109 (net)
                  0.08    0.00    7.48 ^ wire1/A (sky130_fd_sc_hd__buf_8)
                  0.07    0.13    7.61 ^ wire1/X (sky130_fd_sc_hd__buf_8)
     2    0.03                           net5108 (net)
                  0.07    0.00    7.62 ^ clkbuf_0_wb_clk_i/A (sky130_fd_sc_hd__clkbuf_16)
                  0.13    0.21    7.83 ^ clkbuf_0_wb_clk_i/X (sky130_fd_sc_hd__clkbuf_16)
     4    0.11                           clknet_0_wb_clk_i (net)
                  0.13    0.01    7.84 ^ clkbuf_1_1_0_wb_clk_i/A (sky130_fd_sc_hd__clkbuf_8)
                  0.16    0.24    8.07 ^ clkbuf_1_1_0_wb_clk_i/X (sky130_fd_sc_hd__clkbuf_8)
     2    0.09                           clknet_1_1_0_wb_clk_i (net)
                  0.17    0.03    8.10 ^ wire12/A (sky130_fd_sc_hd__clkbuf_16)
                  0.05    0.18    8.29 ^ wire12/X (sky130_fd_sc_hd__clkbuf_16)
     2    0.03                           net5119 (net)
                  0.05    0.00    8.29 ^ wire6062/A (sky130_fd_sc_hd__buf_12)
                  0.23    0.19    8.48 ^ wire6062/X (sky130_fd_sc_hd__buf_12)
     4    0.20                           net5008 (net)
                  0.27    0.08    8.56 ^ wire9/A (sky130_fd_sc_hd__buf_8)
                  0.06    0.17    8.73 ^ wire9/X (sky130_fd_sc_hd__buf_8)
     2    0.03                           net5116 (net)
                  0.06    0.00    8.73 ^ wire8/A (sky130_fd_sc_hd__buf_12)
                  0.22    0.23    8.96 ^ wire8/X (sky130_fd_sc_hd__buf_12)
     2    0.19                           net5115 (net)
                  0.23    0.03    8.98 ^ user_projects[2].genblk1.user_project/wb_clk_i (user_project)
                          0.10    9.08   clock uncertainty
                          0.00    9.08   clock reconvergence pessimism
                         -0.48    8.60   library removal time
                                  8.60   data required time
-----------------------------------------------------------------------------
                                  8.60   data required time
                                -10.34   data arrival time
-----------------------------------------------------------------------------
                                  1.74   slack (MET)


Startpoint: wb_rst_i (input port clocked by clk)
Endpoint: user_projects[3].genblk1.user_project
          (removal check against rising-edge clock clk)
Path Group: **async_default**
Path Type: min

Fanout     Cap    Slew   Delay    Time   Description
-----------------------------------------------------------------------------
                          0.00    0.00   clock clk (rise edge)
                          6.00    6.00   clock network delay (propagated)
                          1.60    7.60 ^ input external delay
                  0.12    0.00    7.60 ^ wb_rst_i (in)
     2    0.00                           wb_rst_i (net)
                  0.12    0.00    7.60 ^ input279/A (sky130_fd_sc_hd__dlymetal6s2s_1)
                  0.19    0.21    7.81 ^ input279/X (sky130_fd_sc_hd__dlymetal6s2s_1)
     2    0.02                           net6800 (net)
                  0.19    0.00    7.81 ^ hold6063/A (sky130_fd_sc_hd__dlygate4sd1_1)
                  0.21    0.33    8.14 ^ hold6063/X (sky130_fd_sc_hd__dlygate4sd1_1)
     2    0.02                           net6696 (net)
                  0.21    0.00    8.15 ^ hold6060/A (sky130_fd_sc_hd__clkdlybuf4s50_2)
                  0.12    0.58    8.73 ^ hold6060/X (sky130_fd_sc_hd__clkdlybuf4s50_2)
     2    0.02                           net6693 (net)
                  0.12    0.00    8.73 ^ input104/A (sky130_fd_sc_hd__buf_6)
                  0.06    0.13    8.86 ^ input104/X (sky130_fd_sc_hd__buf_6)
     2    0.03                           net104 (net)
                  0.06    0.00    8.87 ^ hold6061/A (sky130_fd_sc_hd__buf_6)
                  0.24    0.23    9.09 ^ hold6061/X (sky130_fd_sc_hd__buf_6)
     4    0.12                           net6694 (net)
                  0.24    0.01    9.10 ^ max_length4979/A (sky130_fd_sc_hd__buf_6)
                  0.04    0.13    9.23 ^ max_length4979/X (sky130_fd_sc_hd__buf_6)
     1    0.01                           net4979 (net)
                  0.04    0.00    9.23 ^ wire6334/A (sky130_fd_sc_hd__buf_8)
                  0.26    0.20    9.43 ^ wire6334/X (sky130_fd_sc_hd__buf_8)
     4    0.16                           net7324 (net)
                  0.29    0.07    9.50 ^ wire5850/A (sky130_fd_sc_hd__buf_6)
                  0.16    0.22    9.72 ^ wire5850/X (sky130_fd_sc_hd__buf_6)
     2    0.08                           net6483 (net)
                  0.16    0.02    9.75 ^ wire4977/A (sky130_fd_sc_hd__buf_6)
                  0.17    0.21    9.96 ^ wire4977/X (sky130_fd_sc_hd__buf_6)
     2    0.08                           net4977 (net)
                  0.17    0.01    9.97 ^ wire5144/A (sky130_fd_sc_hd__buf_6)
                  0.04    0.12   10.09 ^ wire5144/X (sky130_fd_sc_hd__buf_6)
     1    0.01                           net5777 (net)
                  0.04    0.00   10.09 ^ wire6152/A (sky130_fd_sc_hd__buf_12)
                  0.24    0.17   10.25 ^ wire6152/X (sky130_fd_sc_hd__buf_12)
     4    0.21                           net5098 (net)
                  0.33    0.11   10.37 ^ wire4976/A (sky130_fd_sc_hd__buf_6)
                  0.22    0.25   10.62 ^ wire4976/X (sky130_fd_sc_hd__buf_6)
     2    0.11                           net4976 (net)
                  0.24    0.04   10.66 ^ wire4923/A (sky130_fd_sc_hd__buf_6)
                  0.22    0.25   10.91 ^ wire4923/X (sky130_fd_sc_hd__buf_6)
     2    0.11                           net5622 (net)
                  0.23    0.03   10.94 ^ user_projects[3].genblk1.user_project/wb_rst_i (user_project)
                                 10.94   data arrival time

                          0.00    0.00   clock clk (rise edge)
                          7.25    7.25   clock source latency
                  1.16    0.00    7.25 ^ wb_clk_i (in)
     2    0.03                           wb_clk_i (net)
                  1.16    0.00    7.25 ^ wire2/A (sky130_fd_sc_hd__buf_8)
                  0.08    0.23    7.48 ^ wire2/X (sky130_fd_sc_hd__buf_8)
     2    0.03                           net5109 (net)
                  0.08    0.00    7.48 ^ wire1/A (sky130_fd_sc_hd__buf_8)
                  0.07    0.13    7.61 ^ wire1/X (sky130_fd_sc_hd__buf_8)
     2    0.03                           net5108 (net)
                  0.07    0.00    7.62 ^ clkbuf_0_wb_clk_i/A (sky130_fd_sc_hd__clkbuf_16)
                  0.13    0.21    7.83 ^ clkbuf_0_wb_clk_i/X (sky130_fd_sc_hd__clkbuf_16)
     4    0.11                           clknet_0_wb_clk_i (net)
                  0.13    0.01    7.84 ^ clkbuf_1_1_0_wb_clk_i/A (sky130_fd_sc_hd__clkbuf_8)
                  0.16    0.24    8.07 ^ clkbuf_1_1_0_wb_clk_i/X (sky130_fd_sc_hd__clkbuf_8)
     2    0.09                           clknet_1_1_0_wb_clk_i (net)
                  0.17    0.03    8.10 ^ wire12/A (sky130_fd_sc_hd__clkbuf_16)
                  0.05    0.18    8.29 ^ wire12/X (sky130_fd_sc_hd__clkbuf_16)
     2    0.03                           net5119 (net)
                  0.05    0.00    8.29 ^ wire6062/A (sky130_fd_sc_hd__buf_12)
                  0.23    0.19    8.48 ^ wire6062/X (sky130_fd_sc_hd__buf_12)
     4    0.20                           net5008 (net)
                  0.29    0.09    8.58 ^ wire11/A (sky130_fd_sc_hd__buf_8)
                  0.17    0.24    8.81 ^ wire11/X (sky130_fd_sc_hd__buf_8)
     4    0.10                           net5118 (net)
                  0.18    0.03    8.84 ^ wire10/A (sky130_fd_sc_hd__buf_12)
                  0.31    0.26    9.10 ^ wire10/X (sky130_fd_sc_hd__buf_12)
     2    0.27                           net5117 (net)
                  0.37    0.11    9.21 ^ user_projects[3].genblk1.user_project/wb_clk_i (user_project)
                          0.10    9.31   clock uncertainty
                          0.00    9.31   clock reconvergence pessimism
                         -0.41    8.90   library removal time
                                  8.90   data required time
-----------------------------------------------------------------------------
                                  8.90   data required time
                                -10.94   data arrival time
-----------------------------------------------------------------------------
                                  2.04   slack (MET)


Startpoint: la_data_in[14] (input port clocked by clk)
Endpoint: user_projects[1].genblk1.user_project
          (rising edge-triggered flip-flop clocked by clk)
Path Group: clk
Path Type: min

Fanout     Cap    Slew   Delay    Time   Description
-----------------------------------------------------------------------------
                          0.00    0.00   clock clk (rise edge)
                          6.00    6.00   clock network delay (propagated)
                          0.63    6.63 ^ input external delay
                  0.13    0.00    6.63 ^ la_data_in[14] (in)
     2    0.00                           la_data_in[14] (net)
                  0.13    0.00    6.63 ^ input219/A (sky130_fd_sc_hd__dlymetal6s2s_1)
                  0.14    0.18    6.81 ^ input219/X (sky130_fd_sc_hd__dlymetal6s2s_1)
     1    0.01                           net6740 (net)
                  0.14    0.00    6.81 ^ input44/A (sky130_fd_sc_hd__buf_6)
                  0.21    0.23    7.04 ^ input44/X (sky130_fd_sc_hd__buf_6)
     4    0.10                           net44 (net)
                  0.21    0.01    7.05 ^ wire4424/A (sky130_fd_sc_hd__buf_6)
                  0.28    0.30    7.35 ^ wire4424/X (sky130_fd_sc_hd__buf_6)
     2    0.14                           net4424 (net)
                  0.29    0.01    7.36 ^ wire5678/A (sky130_fd_sc_hd__buf_8)
                  0.21    0.24    7.60 ^ wire5678/X (sky130_fd_sc_hd__buf_8)
     4    0.13                           net6311 (net)
                  0.22    0.02    7.62 ^ user_projects[1].genblk1.user_project/la_data_in[14] (user_project)
                                  7.62   data arrival time

                          0.00    0.00   clock clk (rise edge)
                          7.25    7.25   clock source latency
                  1.16    0.00    7.25 ^ wb_clk_i (in)
     2    0.03                           wb_clk_i (net)
                  1.16    0.00    7.25 ^ wire2/A (sky130_fd_sc_hd__buf_8)
                  0.08    0.23    7.48 ^ wire2/X (sky130_fd_sc_hd__buf_8)
     2    0.03                           net5109 (net)
                  0.08    0.00    7.48 ^ wire1/A (sky130_fd_sc_hd__buf_8)
                  0.07    0.13    7.61 ^ wire1/X (sky130_fd_sc_hd__buf_8)
     2    0.03                           net5108 (net)
                  0.07    0.00    7.62 ^ clkbuf_0_wb_clk_i/A (sky130_fd_sc_hd__clkbuf_16)
                  0.13    0.21    7.83 ^ clkbuf_0_wb_clk_i/X (sky130_fd_sc_hd__clkbuf_16)
     4    0.11                           clknet_0_wb_clk_i (net)
                  0.13    0.00    7.83 ^ clkbuf_1_0_0_wb_clk_i/A (sky130_fd_sc_hd__clkbuf_8)
                  0.16    0.24    8.07 ^ clkbuf_1_0_0_wb_clk_i/X (sky130_fd_sc_hd__clkbuf_8)
     2    0.09                           clknet_1_0_0_wb_clk_i (net)
                  0.16    0.03    8.10 ^ wire7/A (sky130_fd_sc_hd__clkbuf_16)
                  0.12    0.23    8.32 ^ wire7/X (sky130_fd_sc_hd__clkbuf_16)
     4    0.10                           net5114 (net)
                  0.13    0.03    8.35 ^ wire6/A (sky130_fd_sc_hd__buf_8)
                  0.14    0.19    8.55 ^ wire6/X (sky130_fd_sc_hd__buf_8)
     2    0.09                           net5113 (net)
                  0.15    0.02    8.57 ^ wire5/A (sky130_fd_sc_hd__buf_12)
                  0.31    0.30    8.87 ^ wire5/X (sky130_fd_sc_hd__buf_12)
     2    0.27                           net5112 (net)
                  0.32    0.05    8.92 ^ user_projects[1].genblk1.user_project/wb_clk_i (user_project)
                          0.10    9.02   clock uncertainty
                          0.00    9.02   clock reconvergence pessimism
                         -9.01    0.01   library hold time
                                  0.01   data required time
-----------------------------------------------------------------------------
                                  0.01   data required time
                                 -7.62   data arrival time
-----------------------------------------------------------------------------
                                  7.62   slack (MET)


Startpoint: la_data_in[18] (input port clocked by clk)
Endpoint: user_projects[1].genblk1.user_project
          (rising edge-triggered flip-flop clocked by clk)
Path Group: clk
Path Type: min

Fanout     Cap    Slew   Delay    Time   Description
-----------------------------------------------------------------------------
                          0.00    0.00   clock clk (rise edge)
                          6.00    6.00   clock network delay (propagated)
                          0.63    6.63 ^ input external delay
                  0.13    0.00    6.63 ^ la_data_in[18] (in)
     2    0.00                           la_data_in[18] (net)
                  0.13    0.00    6.63 ^ input223/A (sky130_fd_sc_hd__dlymetal6s2s_1)
                  0.15    0.19    6.82 ^ input223/X (sky130_fd_sc_hd__dlymetal6s2s_1)
     1    0.01                           net6744 (net)
                  0.15    0.00    6.82 ^ input48/A (sky130_fd_sc_hd__buf_6)
                  0.23    0.24    7.06 ^ input48/X (sky130_fd_sc_hd__buf_6)
     4    0.11                           net48 (net)
                  0.23    0.01    7.07 ^ wire4408/A (sky130_fd_sc_hd__buf_6)
                  0.26    0.28    7.35 ^ wire4408/X (sky130_fd_sc_hd__buf_6)
     2    0.13                           net4408 (net)
                  0.26    0.02    7.37 ^ wire5695/A (sky130_fd_sc_hd__buf_8)
                  0.22    0.25    7.63 ^ wire5695/X (sky130_fd_sc_hd__buf_8)
     4    0.13                           net6328 (net)
                  0.22    0.02    7.64 ^ user_projects[1].genblk1.user_project/la_data_in[18] (user_project)
                                  7.64   data arrival time

                          0.00    0.00   clock clk (rise edge)
                          7.25    7.25   clock source latency
                  1.16    0.00    7.25 ^ wb_clk_i (in)
     2    0.03                           wb_clk_i (net)
                  1.16    0.00    7.25 ^ wire2/A (sky130_fd_sc_hd__buf_8)
                  0.08    0.23    7.48 ^ wire2/X (sky130_fd_sc_hd__buf_8)
     2    0.03                           net5109 (net)
                  0.08    0.00    7.48 ^ wire1/A (sky130_fd_sc_hd__buf_8)
                  0.07    0.13    7.61 ^ wire1/X (sky130_fd_sc_hd__buf_8)
     2    0.03                           net5108 (net)
                  0.07    0.00    7.62 ^ clkbuf_0_wb_clk_i/A (sky130_fd_sc_hd__clkbuf_16)
                  0.13    0.21    7.83 ^ clkbuf_0_wb_clk_i/X (sky130_fd_sc_hd__clkbuf_16)
     4    0.11                           clknet_0_wb_clk_i (net)
                  0.13    0.00    7.83 ^ clkbuf_1_0_0_wb_clk_i/A (sky130_fd_sc_hd__clkbuf_8)
                  0.16    0.24    8.07 ^ clkbuf_1_0_0_wb_clk_i/X (sky130_fd_sc_hd__clkbuf_8)
     2    0.09                           clknet_1_0_0_wb_clk_i (net)
                  0.16    0.03    8.10 ^ wire7/A (sky130_fd_sc_hd__clkbuf_16)
                  0.12    0.23    8.32 ^ wire7/X (sky130_fd_sc_hd__clkbuf_16)
     4    0.10                           net5114 (net)
                  0.13    0.03    8.35 ^ wire6/A (sky130_fd_sc_hd__buf_8)
                  0.14    0.19    8.55 ^ wire6/X (sky130_fd_sc_hd__buf_8)
     2    0.09                           net5113 (net)
                  0.15    0.02    8.57 ^ wire5/A (sky130_fd_sc_hd__buf_12)
                  0.31    0.30    8.87 ^ wire5/X (sky130_fd_sc_hd__buf_12)
     2    0.27                           net5112 (net)
                  0.32    0.05    8.92 ^ user_projects[1].genblk1.user_project/wb_clk_i (user_project)
                          0.10    9.02   clock uncertainty
                          0.00    9.02   clock reconvergence pessimism
                         -9.02    0.00   library hold time
                                  0.00   data required time
-----------------------------------------------------------------------------
                                  0.00   data required time
                                 -7.64   data arrival time
-----------------------------------------------------------------------------
                                  7.65   slack (MET)


Startpoint: la_data_in[19] (input port clocked by clk)
Endpoint: user_projects[1].genblk1.user_project
          (rising edge-triggered flip-flop clocked by clk)
Path Group: clk
Path Type: min

Fanout     Cap    Slew   Delay    Time   Description
-----------------------------------------------------------------------------
                          0.00    0.00   clock clk (rise edge)
                          6.00    6.00   clock network delay (propagated)
                          0.67    6.67 ^ input external delay
                  0.13    0.00    6.67 ^ la_data_in[19] (in)
     2    0.00                           la_data_in[19] (net)
                  0.13    0.00    6.67 ^ input224/A (sky130_fd_sc_hd__dlymetal6s2s_1)
                  0.20    0.22    6.89 ^ input224/X (sky130_fd_sc_hd__dlymetal6s2s_1)
     1    0.02                           net6745 (net)
                  0.20    0.00    6.89 ^ input49/A (sky130_fd_sc_hd__buf_6)
                  0.26    0.28    7.17 ^ input49/X (sky130_fd_sc_hd__buf_6)
     4    0.13                           net49 (net)
                  0.26    0.01    7.18 ^ wire4404/A (sky130_fd_sc_hd__buf_6)
                  0.23    0.27    7.44 ^ wire4404/X (sky130_fd_sc_hd__buf_6)
     2    0.11                           net4404 (net)
                  0.23    0.02    7.46 ^ wire5699/A (sky130_fd_sc_hd__buf_8)
                  0.24    0.26    7.72 ^ wire5699/X (sky130_fd_sc_hd__buf_8)
     4    0.15                           net6332 (net)
                  0.24    0.02    7.74 ^ user_projects[1].genblk1.user_project/la_data_in[19] (user_project)
                                  7.74   data arrival time

                          0.00    0.00   clock clk (rise edge)
                          7.25    7.25   clock source latency
                  1.16    0.00    7.25 ^ wb_clk_i (in)
     2    0.03                           wb_clk_i (net)
                  1.16    0.00    7.25 ^ wire2/A (sky130_fd_sc_hd__buf_8)
                  0.08    0.23    7.48 ^ wire2/X (sky130_fd_sc_hd__buf_8)
     2    0.03                           net5109 (net)
                  0.08    0.00    7.48 ^ wire1/A (sky130_fd_sc_hd__buf_8)
                  0.07    0.13    7.61 ^ wire1/X (sky130_fd_sc_hd__buf_8)
     2    0.03                           net5108 (net)
                  0.07    0.00    7.62 ^ clkbuf_0_wb_clk_i/A (sky130_fd_sc_hd__clkbuf_16)
                  0.13    0.21    7.83 ^ clkbuf_0_wb_clk_i/X (sky130_fd_sc_hd__clkbuf_16)
     4    0.11                           clknet_0_wb_clk_i (net)
                  0.13    0.00    7.83 ^ clkbuf_1_0_0_wb_clk_i/A (sky130_fd_sc_hd__clkbuf_8)
                  0.16    0.24    8.07 ^ clkbuf_1_0_0_wb_clk_i/X (sky130_fd_sc_hd__clkbuf_8)
     2    0.09                           clknet_1_0_0_wb_clk_i (net)
                  0.16    0.03    8.10 ^ wire7/A (sky130_fd_sc_hd__clkbuf_16)
                  0.12    0.23    8.32 ^ wire7/X (sky130_fd_sc_hd__clkbuf_16)
     4    0.10                           net5114 (net)
                  0.13    0.03    8.35 ^ wire6/A (sky130_fd_sc_hd__buf_8)
                  0.14    0.19    8.55 ^ wire6/X (sky130_fd_sc_hd__buf_8)
     2    0.09                           net5113 (net)
                  0.15    0.02    8.57 ^ wire5/A (sky130_fd_sc_hd__buf_12)
                  0.31    0.30    8.87 ^ wire5/X (sky130_fd_sc_hd__buf_12)
     2    0.27                           net5112 (net)
                  0.32    0.05    8.92 ^ user_projects[1].genblk1.user_project/wb_clk_i (user_project)
                          0.10    9.02   clock uncertainty
                          0.00    9.02   clock reconvergence pessimism
                         -8.97    0.05   library hold time
                                  0.05   data required time
-----------------------------------------------------------------------------
                                  0.05   data required time
                                 -7.74   data arrival time
-----------------------------------------------------------------------------
                                  7.69   slack (MET)


Startpoint: la_data_in[11] (input port clocked by clk)
Endpoint: user_projects[1].genblk1.user_project
          (rising edge-triggered flip-flop clocked by clk)
Path Group: clk
Path Type: min

Fanout     Cap    Slew   Delay    Time   Description
-----------------------------------------------------------------------------
                          0.00    0.00   clock clk (rise edge)
                          6.00    6.00   clock network delay (propagated)
                          0.65    6.65 ^ input external delay
                  0.14    0.00    6.65 ^ la_data_in[11] (in)
     2    0.00                           la_data_in[11] (net)
                  0.14    0.00    6.65 ^ input216/A (sky130_fd_sc_hd__dlymetal6s2s_1)
                  0.13    0.17    6.82 ^ input216/X (sky130_fd_sc_hd__dlymetal6s2s_1)
     1    0.01                           net6737 (net)
                  0.13    0.00    6.82 ^ input41/A (sky130_fd_sc_hd__buf_6)
                  0.23    0.24    7.07 ^ input41/X (sky130_fd_sc_hd__buf_6)
     4    0.12                           net41 (net)
                  0.23    0.02    7.08 ^ wire4436/A (sky130_fd_sc_hd__buf_8)
                  0.28    0.29    7.37 ^ wire4436/X (sky130_fd_sc_hd__buf_8)
     2    0.17                           net4436 (net)
                  0.28    0.03    7.40 ^ wire5663/A (sky130_fd_sc_hd__buf_6)
                  0.03    0.14    7.54 ^ wire5663/X (sky130_fd_sc_hd__buf_6)
     1    0.01                           net6296 (net)
                  0.03    0.00    7.54 ^ wire6408/A (sky130_fd_sc_hd__buf_8)
                  0.22    0.18    7.73 ^ wire6408/X (sky130_fd_sc_hd__buf_8)
     4    0.14                           net7398 (net)
                  0.23    0.03    7.76 ^ user_projects[1].genblk1.user_project/la_data_in[11] (user_project)
                                  7.76   data arrival time

                          0.00    0.00   clock clk (rise edge)
                          7.25    7.25   clock source latency
                  1.16    0.00    7.25 ^ wb_clk_i (in)
     2    0.03                           wb_clk_i (net)
                  1.16    0.00    7.25 ^ wire2/A (sky130_fd_sc_hd__buf_8)
                  0.08    0.23    7.48 ^ wire2/X (sky130_fd_sc_hd__buf_8)
     2    0.03                           net5109 (net)
                  0.08    0.00    7.48 ^ wire1/A (sky130_fd_sc_hd__buf_8)
                  0.07    0.13    7.61 ^ wire1/X (sky130_fd_sc_hd__buf_8)
     2    0.03                           net5108 (net)
                  0.07    0.00    7.62 ^ clkbuf_0_wb_clk_i/A (sky130_fd_sc_hd__clkbuf_16)
                  0.13    0.21    7.83 ^ clkbuf_0_wb_clk_i/X (sky130_fd_sc_hd__clkbuf_16)
     4    0.11                           clknet_0_wb_clk_i (net)
                  0.13    0.00    7.83 ^ clkbuf_1_0_0_wb_clk_i/A (sky130_fd_sc_hd__clkbuf_8)
                  0.16    0.24    8.07 ^ clkbuf_1_0_0_wb_clk_i/X (sky130_fd_sc_hd__clkbuf_8)
     2    0.09                           clknet_1_0_0_wb_clk_i (net)
                  0.16    0.03    8.10 ^ wire7/A (sky130_fd_sc_hd__clkbuf_16)
                  0.12    0.23    8.32 ^ wire7/X (sky130_fd_sc_hd__clkbuf_16)
     4    0.10                           net5114 (net)
                  0.13    0.03    8.35 ^ wire6/A (sky130_fd_sc_hd__buf_8)
                  0.14    0.19    8.55 ^ wire6/X (sky130_fd_sc_hd__buf_8)
     2    0.09                           net5113 (net)
                  0.15    0.02    8.57 ^ wire5/A (sky130_fd_sc_hd__buf_12)
                  0.31    0.30    8.87 ^ wire5/X (sky130_fd_sc_hd__buf_12)
     2    0.27                           net5112 (net)
                  0.32    0.05    8.92 ^ user_projects[1].genblk1.user_project/wb_clk_i (user_project)
                          0.10    9.02   clock uncertainty
                          0.00    9.02   clock reconvergence pessimism
                         -8.99    0.02   library hold time
                                  0.02   data required time
-----------------------------------------------------------------------------
                                  0.02   data required time
                                 -7.76   data arrival time
-----------------------------------------------------------------------------
                                  7.73   slack (MET)


Startpoint: la_data_in[15] (input port clocked by clk)
Endpoint: user_projects[1].genblk1.user_project
          (rising edge-triggered flip-flop clocked by clk)
Path Group: clk
Path Type: min

Fanout     Cap    Slew   Delay    Time   Description
-----------------------------------------------------------------------------
                          0.00    0.00   clock clk (rise edge)
                          6.00    6.00   clock network delay (propagated)
                          0.68    6.68 ^ input external delay
                  0.14    0.00    6.68 ^ la_data_in[15] (in)
     2    0.01                           la_data_in[15] (net)
                  0.14    0.00    6.68 ^ input220/A (sky130_fd_sc_hd__dlymetal6s2s_1)
                  0.19    0.21    6.89 ^ input220/X (sky130_fd_sc_hd__dlymetal6s2s_1)
     1    0.02                           net6741 (net)
                  0.19    0.00    6.90 ^ input45/A (sky130_fd_sc_hd__buf_6)
                  0.24    0.27    7.16 ^ input45/X (sky130_fd_sc_hd__buf_6)
     4    0.12                           net45 (net)
                  0.24    0.01    7.17 ^ wire4420/A (sky130_fd_sc_hd__buf_6)
                  0.04    0.14    7.31 ^ wire4420/X (sky130_fd_sc_hd__buf_6)
     1    0.01                           net4420 (net)
                  0.04    0.00    7.31 ^ wire6473/A (sky130_fd_sc_hd__buf_8)
                  0.26    0.21    7.52 ^ wire6473/X (sky130_fd_sc_hd__buf_8)
     2    0.16                           net7463 (net)
                  0.28    0.05    7.57 ^ wire5683/A (sky130_fd_sc_hd__buf_8)
                  0.21    0.24    7.81 ^ wire5683/X (sky130_fd_sc_hd__buf_8)
     4    0.13                           net6316 (net)
                  0.22    0.02    7.82 ^ user_projects[1].genblk1.user_project/la_data_in[15] (user_project)
                                  7.82   data arrival time

                          0.00    0.00   clock clk (rise edge)
                          7.25    7.25   clock source latency
                  1.16    0.00    7.25 ^ wb_clk_i (in)
     2    0.03                           wb_clk_i (net)
                  1.16    0.00    7.25 ^ wire2/A (sky130_fd_sc_hd__buf_8)
                  0.08    0.23    7.48 ^ wire2/X (sky130_fd_sc_hd__buf_8)
     2    0.03                           net5109 (net)
                  0.08    0.00    7.48 ^ wire1/A (sky130_fd_sc_hd__buf_8)
                  0.07    0.13    7.61 ^ wire1/X (sky130_fd_sc_hd__buf_8)
     2    0.03                           net5108 (net)
                  0.07    0.00    7.62 ^ clkbuf_0_wb_clk_i/A (sky130_fd_sc_hd__clkbuf_16)
                  0.13    0.21    7.83 ^ clkbuf_0_wb_clk_i/X (sky130_fd_sc_hd__clkbuf_16)
     4    0.11                           clknet_0_wb_clk_i (net)
                  0.13    0.00    7.83 ^ clkbuf_1_0_0_wb_clk_i/A (sky130_fd_sc_hd__clkbuf_8)
                  0.16    0.24    8.07 ^ clkbuf_1_0_0_wb_clk_i/X (sky130_fd_sc_hd__clkbuf_8)
     2    0.09                           clknet_1_0_0_wb_clk_i (net)
                  0.16    0.03    8.10 ^ wire7/A (sky130_fd_sc_hd__clkbuf_16)
                  0.12    0.23    8.32 ^ wire7/X (sky130_fd_sc_hd__clkbuf_16)
     4    0.10                           net5114 (net)
                  0.13    0.03    8.35 ^ wire6/A (sky130_fd_sc_hd__buf_8)
                  0.14    0.19    8.55 ^ wire6/X (sky130_fd_sc_hd__buf_8)
     2    0.09                           net5113 (net)
                  0.15    0.02    8.57 ^ wire5/A (sky130_fd_sc_hd__buf_12)
                  0.31    0.30    8.87 ^ wire5/X (sky130_fd_sc_hd__buf_12)
     2    0.27                           net5112 (net)
                  0.32    0.05    8.92 ^ user_projects[1].genblk1.user_project/wb_clk_i (user_project)
                          0.10    9.02   clock uncertainty
                          0.00    9.02   clock reconvergence pessimism
                         -9.01    0.01   library hold time
                                  0.01   data required time
-----------------------------------------------------------------------------
                                  0.01   data required time
                                 -7.82   data arrival time
-----------------------------------------------------------------------------
                                  7.82   slack (MET)


