
===========================================================================
report_checks -path_delay min (Hold)
============================================================================
Startpoint: wb_rst_i (input port clocked by clk)
Endpoint: user_projects[1].genblk1.user_project
          (removal check against rising-edge clock clk)
Path Group: **async_default**
Path Type: min

Fanout     Cap    Slew   Delay    Time   Description
-----------------------------------------------------------------------------
                          0.00    0.00   clock clk (rise edge)
                          6.00    6.00   clock network delay (propagated)
                          1.60    7.60 ^ input external delay
                  0.12    0.00    7.60 ^ wb_rst_i (in)
     2    0.01                           wb_rst_i (net)
                  0.12    0.00    7.60 ^ hold11/A (sky130_fd_sc_hd__clkdlybuf4s50_2)
                  0.08    0.52    8.12 ^ hold11/X (sky130_fd_sc_hd__clkdlybuf4s50_2)
     1    0.01                           net5721 (net)
                  0.08    0.00    8.12 ^ hold10/A (sky130_fd_sc_hd__dlymetal6s2s_1)
                  0.12    0.14    8.27 ^ hold10/X (sky130_fd_sc_hd__dlymetal6s2s_1)
     1    0.01                           net5701 (net)
                  0.12    0.00    8.27 ^ input279/A (sky130_fd_sc_hd__dlymetal6s2s_1)
                  0.12    0.16    8.43 ^ input279/X (sky130_fd_sc_hd__dlymetal6s2s_1)
     1    0.01                           net5990 (net)
                  0.12    0.00    8.43 ^ hold6/A (sky130_fd_sc_hd__dlymetal6s2s_1)
                  0.12    0.16    8.59 ^ hold6/X (sky130_fd_sc_hd__dlymetal6s2s_1)
     1    0.01                           net5883 (net)
                  0.12    0.00    8.59 ^ hold4/A (sky130_fd_sc_hd__dlymetal6s2s_1)
                  0.13    0.17    8.76 ^ hold4/X (sky130_fd_sc_hd__dlymetal6s2s_1)
     1    0.01                           net5813 (net)
                  0.13    0.00    8.76 ^ hold7/A (sky130_fd_sc_hd__dlymetal6s2s_1)
                  0.13    0.17    8.93 ^ hold7/X (sky130_fd_sc_hd__dlymetal6s2s_1)
     1    0.01                           net5884 (net)
                  0.13    0.00    8.93 ^ hold1/A (sky130_fd_sc_hd__dlymetal6s2s_1)
                  0.18    0.20    9.14 ^ hold1/X (sky130_fd_sc_hd__dlymetal6s2s_1)
     1    0.02                           net5810 (net)
                  0.18    0.00    9.14 ^ hold8/A (sky130_fd_sc_hd__dlymetal6s2s_1)
                  0.13    0.18    9.32 ^ hold8/X (sky130_fd_sc_hd__dlymetal6s2s_1)
     1    0.01                           net5885 (net)
                  0.13    0.00    9.32 ^ hold5/A (sky130_fd_sc_hd__dlymetal6s2s_1)
                  0.14    0.18    9.49 ^ hold5/X (sky130_fd_sc_hd__dlymetal6s2s_1)
     1    0.01                           net5814 (net)
                  0.14    0.00    9.49 ^ hold9/A (sky130_fd_sc_hd__dlygate4sd1_1)
                  0.18    0.31    9.80 ^ hold9/X (sky130_fd_sc_hd__dlygate4sd1_1)
     1    0.02                           net5886 (net)
                  0.18    0.00    9.80 ^ input104/A (sky130_fd_sc_hd__buf_6)
                  0.05    0.14    9.94 ^ input104/X (sky130_fd_sc_hd__buf_6)
     1    0.02                           net104 (net)
                  0.05    0.00    9.94 ^ hold2/A (sky130_fd_sc_hd__buf_4)
                  0.27    0.26   10.20 ^ hold2/X (sky130_fd_sc_hd__buf_4)
     4    0.10                           net5811 (net)
                  0.27    0.01   10.21 ^ wire5652/A (sky130_fd_sc_hd__buf_6)
                  0.15    0.22   10.43 ^ wire5652/X (sky130_fd_sc_hd__buf_6)
     3    0.08                           net5652 (net)
                  0.16    0.01   10.45 ^ wire5651/A (sky130_fd_sc_hd__buf_6)
                  0.15    0.20   10.64 ^ wire5651/X (sky130_fd_sc_hd__buf_6)
     2    0.07                           net5651 (net)
                  0.15    0.02   10.66 ^ user_projects[1].genblk1.user_project/wb_rst_i (user_project)
                                 10.66   data arrival time

                          0.00    0.00   clock clk (rise edge)
                          7.25    7.25   clock source latency
                  1.16    0.00    7.25 ^ wb_clk_i (in)
     2    0.02                           wb_clk_i (net)
                  1.16    0.00    7.25 ^ wire3/A (sky130_fd_sc_hd__buf_6)
                  0.07    0.23    7.48 ^ wire3/X (sky130_fd_sc_hd__buf_6)
     2    0.02                           net5801 (net)
                  0.07    0.00    7.48 ^ wire2/A (sky130_fd_sc_hd__buf_6)
                  0.04    0.11    7.59 ^ wire2/X (sky130_fd_sc_hd__buf_6)
     1    0.01                           net5800 (net)
                  0.04    0.00    7.59 ^ wire1/A (sky130_fd_sc_hd__buf_6)
                  0.05    0.11    7.70 ^ wire1/X (sky130_fd_sc_hd__buf_6)
     2    0.02                           net5799 (net)
                  0.05    0.00    7.70 ^ clkbuf_0_wb_clk_i/A (sky130_fd_sc_hd__clkbuf_16)
                  0.08    0.16    7.87 ^ clkbuf_0_wb_clk_i/X (sky130_fd_sc_hd__clkbuf_16)
     4    0.06                           clknet_0_wb_clk_i (net)
                  0.08    0.01    7.87 ^ clkbuf_1_1_0_wb_clk_i/A (sky130_fd_sc_hd__clkbuf_4)
                  0.17    0.24    8.11 ^ clkbuf_1_1_0_wb_clk_i/X (sky130_fd_sc_hd__clkbuf_4)
     2    0.05                           clknet_1_1_0_wb_clk_i (net)
                  0.17    0.01    8.12 ^ wire11/A (sky130_fd_sc_hd__buf_6)
                  0.10    0.18    8.31 ^ wire11/X (sky130_fd_sc_hd__buf_6)
     2    0.05                           net5809 (net)
                  0.10    0.01    8.31 ^ wire58/A (sky130_fd_sc_hd__buf_6)
                  0.11    0.17    8.48 ^ wire58/X (sky130_fd_sc_hd__buf_6)
     2    0.05                           net5700 (net)
                  0.11    0.01    8.49 ^ clkbuf_0_net5809/A (sky130_fd_sc_hd__clkbuf_16)
                  0.03    0.14    8.63 ^ clkbuf_0_net5809/X (sky130_fd_sc_hd__clkbuf_16)
     1    0.01                           clknet_0_net5809 (net)
                  0.03    0.00    8.63 ^ wire89/A (sky130_fd_sc_hd__buf_8)
                  0.18    0.19    8.83 ^ wire89/X (sky130_fd_sc_hd__buf_8)
     4    0.11                           net5722 (net)
                  0.18    0.00    8.83 ^ clkbuf_1_0__f_net5809/A (sky130_fd_sc_hd__clkbuf_16)
                  0.04    0.17    9.00 ^ clkbuf_1_0__f_net5809/X (sky130_fd_sc_hd__clkbuf_16)
     1    0.01                           clknet_1_0__leaf_net5809 (net)
                  0.04    0.00    9.00 ^ wire9/A (sky130_fd_sc_hd__buf_6)
                  0.03    0.09    9.09 ^ wire9/X (sky130_fd_sc_hd__buf_6)
     1    0.01                           net5807 (net)
                  0.03    0.00    9.09 ^ _0664_/C (sky130_fd_sc_hd__and3b_4)
                  0.77    0.69    9.77 ^ _0664_/X (sky130_fd_sc_hd__and3b_4)
     2    0.23                           _0000_ (net)
                  0.78    0.07    9.84 ^ user_projects[1].genblk1.user_project/wb_clk_i (user_project)
                          0.10    9.94   clock uncertainty
                          0.00    9.94   clock reconvergence pessimism
                         -0.23    9.71   library removal time
                                  9.71   data required time
-----------------------------------------------------------------------------
                                  9.71   data required time
                                -10.66   data arrival time
-----------------------------------------------------------------------------
                                  0.95   slack (MET)


Startpoint: wb_rst_i (input port clocked by clk)
Endpoint: user_projects[0].genblk1.user_project
          (removal check against rising-edge clock clk)
Path Group: **async_default**
Path Type: min

Fanout     Cap    Slew   Delay    Time   Description
-----------------------------------------------------------------------------
                          0.00    0.00   clock clk (rise edge)
                          6.00    6.00   clock network delay (propagated)
                          1.60    7.60 ^ input external delay
                  0.12    0.00    7.60 ^ wb_rst_i (in)
     2    0.01                           wb_rst_i (net)
                  0.12    0.00    7.60 ^ hold11/A (sky130_fd_sc_hd__clkdlybuf4s50_2)
                  0.08    0.52    8.12 ^ hold11/X (sky130_fd_sc_hd__clkdlybuf4s50_2)
     1    0.01                           net5721 (net)
                  0.08    0.00    8.12 ^ hold10/A (sky130_fd_sc_hd__dlymetal6s2s_1)
                  0.12    0.14    8.27 ^ hold10/X (sky130_fd_sc_hd__dlymetal6s2s_1)
     1    0.01                           net5701 (net)
                  0.12    0.00    8.27 ^ input279/A (sky130_fd_sc_hd__dlymetal6s2s_1)
                  0.12    0.16    8.43 ^ input279/X (sky130_fd_sc_hd__dlymetal6s2s_1)
     1    0.01                           net5990 (net)
                  0.12    0.00    8.43 ^ hold6/A (sky130_fd_sc_hd__dlymetal6s2s_1)
                  0.12    0.16    8.59 ^ hold6/X (sky130_fd_sc_hd__dlymetal6s2s_1)
     1    0.01                           net5883 (net)
                  0.12    0.00    8.59 ^ hold4/A (sky130_fd_sc_hd__dlymetal6s2s_1)
                  0.13    0.17    8.76 ^ hold4/X (sky130_fd_sc_hd__dlymetal6s2s_1)
     1    0.01                           net5813 (net)
                  0.13    0.00    8.76 ^ hold7/A (sky130_fd_sc_hd__dlymetal6s2s_1)
                  0.13    0.17    8.93 ^ hold7/X (sky130_fd_sc_hd__dlymetal6s2s_1)
     1    0.01                           net5884 (net)
                  0.13    0.00    8.93 ^ hold1/A (sky130_fd_sc_hd__dlymetal6s2s_1)
                  0.18    0.20    9.14 ^ hold1/X (sky130_fd_sc_hd__dlymetal6s2s_1)
     1    0.02                           net5810 (net)
                  0.18    0.00    9.14 ^ hold8/A (sky130_fd_sc_hd__dlymetal6s2s_1)
                  0.13    0.18    9.32 ^ hold8/X (sky130_fd_sc_hd__dlymetal6s2s_1)
     1    0.01                           net5885 (net)
                  0.13    0.00    9.32 ^ hold5/A (sky130_fd_sc_hd__dlymetal6s2s_1)
                  0.14    0.18    9.49 ^ hold5/X (sky130_fd_sc_hd__dlymetal6s2s_1)
     1    0.01                           net5814 (net)
                  0.14    0.00    9.49 ^ hold9/A (sky130_fd_sc_hd__dlygate4sd1_1)
                  0.18    0.31    9.80 ^ hold9/X (sky130_fd_sc_hd__dlygate4sd1_1)
     1    0.02                           net5886 (net)
                  0.18    0.00    9.80 ^ input104/A (sky130_fd_sc_hd__buf_6)
                  0.05    0.14    9.94 ^ input104/X (sky130_fd_sc_hd__buf_6)
     1    0.02                           net104 (net)
                  0.05    0.00    9.94 ^ hold2/A (sky130_fd_sc_hd__buf_4)
                  0.27    0.26   10.20 ^ hold2/X (sky130_fd_sc_hd__buf_4)
     4    0.10                           net5811 (net)
                  0.27    0.00   10.20 ^ max_length5653/A (sky130_fd_sc_hd__buf_6)
                  0.12    0.20   10.40 ^ max_length5653/X (sky130_fd_sc_hd__buf_6)
     2    0.06                           net5653 (net)
                  0.12    0.01   10.41 ^ hold3/A (sky130_fd_sc_hd__buf_4)
                  0.27    0.28   10.69 ^ hold3/X (sky130_fd_sc_hd__buf_4)
     4    0.10                           net5812 (net)
                  0.27    0.02   10.71 ^ user_projects[0].genblk1.user_project/wb_rst_i (user_project)
                                 10.71   data arrival time

                          0.00    0.00   clock clk (rise edge)
                          7.25    7.25   clock source latency
                  1.16    0.00    7.25 ^ wb_clk_i (in)
     2    0.02                           wb_clk_i (net)
                  1.16    0.00    7.25 ^ wire3/A (sky130_fd_sc_hd__buf_6)
                  0.07    0.23    7.48 ^ wire3/X (sky130_fd_sc_hd__buf_6)
     2    0.02                           net5801 (net)
                  0.07    0.00    7.48 ^ wire2/A (sky130_fd_sc_hd__buf_6)
                  0.04    0.11    7.59 ^ wire2/X (sky130_fd_sc_hd__buf_6)
     1    0.01                           net5800 (net)
                  0.04    0.00    7.59 ^ wire1/A (sky130_fd_sc_hd__buf_6)
                  0.05    0.11    7.70 ^ wire1/X (sky130_fd_sc_hd__buf_6)
     2    0.02                           net5799 (net)
                  0.05    0.00    7.70 ^ clkbuf_0_wb_clk_i/A (sky130_fd_sc_hd__clkbuf_16)
                  0.08    0.16    7.87 ^ clkbuf_0_wb_clk_i/X (sky130_fd_sc_hd__clkbuf_16)
     4    0.06                           clknet_0_wb_clk_i (net)
                  0.08    0.00    7.87 ^ clkbuf_1_0_0_wb_clk_i/A (sky130_fd_sc_hd__clkbuf_4)
                  0.14    0.22    8.09 ^ clkbuf_1_0_0_wb_clk_i/X (sky130_fd_sc_hd__clkbuf_4)
     2    0.04                           clknet_1_0_0_wb_clk_i (net)
                  0.14    0.01    8.10 ^ wire15/A (sky130_fd_sc_hd__buf_6)
                  0.06    0.14    8.24 ^ wire15/X (sky130_fd_sc_hd__buf_6)
     2    0.02                           net5699 (net)
                  0.06    0.00    8.24 ^ wire8/A (sky130_fd_sc_hd__buf_6)
                  0.08    0.14    8.38 ^ wire8/X (sky130_fd_sc_hd__buf_6)
     2    0.04                           net5806 (net)
                  0.08    0.01    8.38 ^ clkbuf_0_net5806/A (sky130_fd_sc_hd__clkbuf_16)
                  0.08    0.17    8.56 ^ clkbuf_0_net5806/X (sky130_fd_sc_hd__clkbuf_16)
     4    0.06                           clknet_0_net5806 (net)
                  0.08    0.00    8.56 ^ clkbuf_1_0__f_net5806/A (sky130_fd_sc_hd__clkbuf_16)
                  0.05    0.15    8.71 ^ clkbuf_1_0__f_net5806/X (sky130_fd_sc_hd__clkbuf_16)
     2    0.03                           clknet_1_0__leaf_net5806 (net)
                  0.05    0.00    8.71 ^ wire6/A (sky130_fd_sc_hd__buf_6)
                  0.05    0.11    8.83 ^ wire6/X (sky130_fd_sc_hd__buf_6)
     2    0.02                           net5804 (net)
                  0.05    0.00    8.83 ^ _0663_/C (sky130_fd_sc_hd__and3b_4)
                  0.66    0.63    9.46 ^ _0663_/X (sky130_fd_sc_hd__and3b_4)
     2    0.20                           _0002_ (net)
                  0.66    0.05    9.50 ^ user_projects[0].genblk1.user_project/wb_clk_i (user_project)
                          0.10    9.60   clock uncertainty
                          0.00    9.60   clock reconvergence pessimism
                         -0.31    9.30   library removal time
                                  9.30   data required time
-----------------------------------------------------------------------------
                                  9.30   data required time
                                -10.71   data arrival time
-----------------------------------------------------------------------------
                                  1.41   slack (MET)


Startpoint: wb_rst_i (input port clocked by clk)
Endpoint: user_projects[2].genblk1.user_project
          (removal check against rising-edge clock clk)
Path Group: **async_default**
Path Type: min

Fanout     Cap    Slew   Delay    Time   Description
-----------------------------------------------------------------------------
                          0.00    0.00   clock clk (rise edge)
                          6.00    6.00   clock network delay (propagated)
                          1.60    7.60 ^ input external delay
                  0.12    0.00    7.60 ^ wb_rst_i (in)
     2    0.01                           wb_rst_i (net)
                  0.12    0.00    7.60 ^ hold11/A (sky130_fd_sc_hd__clkdlybuf4s50_2)
                  0.08    0.52    8.12 ^ hold11/X (sky130_fd_sc_hd__clkdlybuf4s50_2)
     1    0.01                           net5721 (net)
                  0.08    0.00    8.12 ^ hold10/A (sky130_fd_sc_hd__dlymetal6s2s_1)
                  0.12    0.14    8.27 ^ hold10/X (sky130_fd_sc_hd__dlymetal6s2s_1)
     1    0.01                           net5701 (net)
                  0.12    0.00    8.27 ^ input279/A (sky130_fd_sc_hd__dlymetal6s2s_1)
                  0.12    0.16    8.43 ^ input279/X (sky130_fd_sc_hd__dlymetal6s2s_1)
     1    0.01                           net5990 (net)
                  0.12    0.00    8.43 ^ hold6/A (sky130_fd_sc_hd__dlymetal6s2s_1)
                  0.12    0.16    8.59 ^ hold6/X (sky130_fd_sc_hd__dlymetal6s2s_1)
     1    0.01                           net5883 (net)
                  0.12    0.00    8.59 ^ hold4/A (sky130_fd_sc_hd__dlymetal6s2s_1)
                  0.13    0.17    8.76 ^ hold4/X (sky130_fd_sc_hd__dlymetal6s2s_1)
     1    0.01                           net5813 (net)
                  0.13    0.00    8.76 ^ hold7/A (sky130_fd_sc_hd__dlymetal6s2s_1)
                  0.13    0.17    8.93 ^ hold7/X (sky130_fd_sc_hd__dlymetal6s2s_1)
     1    0.01                           net5884 (net)
                  0.13    0.00    8.93 ^ hold1/A (sky130_fd_sc_hd__dlymetal6s2s_1)
                  0.18    0.20    9.14 ^ hold1/X (sky130_fd_sc_hd__dlymetal6s2s_1)
     1    0.02                           net5810 (net)
                  0.18    0.00    9.14 ^ hold8/A (sky130_fd_sc_hd__dlymetal6s2s_1)
                  0.13    0.18    9.32 ^ hold8/X (sky130_fd_sc_hd__dlymetal6s2s_1)
     1    0.01                           net5885 (net)
                  0.13    0.00    9.32 ^ hold5/A (sky130_fd_sc_hd__dlymetal6s2s_1)
                  0.14    0.18    9.49 ^ hold5/X (sky130_fd_sc_hd__dlymetal6s2s_1)
     1    0.01                           net5814 (net)
                  0.14    0.00    9.49 ^ hold9/A (sky130_fd_sc_hd__dlygate4sd1_1)
                  0.18    0.31    9.80 ^ hold9/X (sky130_fd_sc_hd__dlygate4sd1_1)
     1    0.02                           net5886 (net)
                  0.18    0.00    9.80 ^ input104/A (sky130_fd_sc_hd__buf_6)
                  0.05    0.14    9.94 ^ input104/X (sky130_fd_sc_hd__buf_6)
     1    0.02                           net104 (net)
                  0.05    0.00    9.94 ^ hold2/A (sky130_fd_sc_hd__buf_4)
                  0.27    0.26   10.20 ^ hold2/X (sky130_fd_sc_hd__buf_4)
     4    0.10                           net5811 (net)
                  0.27    0.00   10.20 ^ max_length5653/A (sky130_fd_sc_hd__buf_6)
                  0.12    0.20   10.40 ^ max_length5653/X (sky130_fd_sc_hd__buf_6)
     2    0.06                           net5653 (net)
                  0.12    0.01   10.41 ^ hold3/A (sky130_fd_sc_hd__buf_4)
                  0.27    0.28   10.69 ^ hold3/X (sky130_fd_sc_hd__buf_4)
     4    0.10                           net5812 (net)
                  0.27    0.03   10.72 ^ wire5732/A (sky130_fd_sc_hd__buf_6)
                  0.14    0.21   10.92 ^ wire5732/X (sky130_fd_sc_hd__buf_6)
     2    0.06                           net6474 (net)
                  0.14    0.02   10.94 ^ wire5650/A (sky130_fd_sc_hd__buf_6)
                  0.13    0.18   11.12 ^ wire5650/X (sky130_fd_sc_hd__buf_6)
     2    0.06                           net5650 (net)
                  0.14    0.02   11.14 ^ wire5649/A (sky130_fd_sc_hd__buf_6)
                  0.14    0.18   11.32 ^ wire5649/X (sky130_fd_sc_hd__buf_6)
     2    0.07                           net5649 (net)
                  0.15    0.02   11.34 ^ wire4884/A (sky130_fd_sc_hd__buf_12)
                  0.18    0.18   11.52 ^ wire4884/X (sky130_fd_sc_hd__buf_12)
     4    0.15                           net6326 (net)
                  0.20    0.04   11.56 ^ user_projects[2].genblk1.user_project/wb_rst_i (user_project)
                                 11.56   data arrival time

                          0.00    0.00   clock clk (rise edge)
                          7.25    7.25   clock source latency
                  1.16    0.00    7.25 ^ wb_clk_i (in)
     2    0.02                           wb_clk_i (net)
                  1.16    0.00    7.25 ^ wire3/A (sky130_fd_sc_hd__buf_6)
                  0.07    0.23    7.48 ^ wire3/X (sky130_fd_sc_hd__buf_6)
     2    0.02                           net5801 (net)
                  0.07    0.00    7.48 ^ wire2/A (sky130_fd_sc_hd__buf_6)
                  0.04    0.11    7.59 ^ wire2/X (sky130_fd_sc_hd__buf_6)
     1    0.01                           net5800 (net)
                  0.04    0.00    7.59 ^ wire1/A (sky130_fd_sc_hd__buf_6)
                  0.05    0.11    7.70 ^ wire1/X (sky130_fd_sc_hd__buf_6)
     2    0.02                           net5799 (net)
                  0.05    0.00    7.70 ^ clkbuf_0_wb_clk_i/A (sky130_fd_sc_hd__clkbuf_16)
                  0.08    0.16    7.87 ^ clkbuf_0_wb_clk_i/X (sky130_fd_sc_hd__clkbuf_16)
     4    0.06                           clknet_0_wb_clk_i (net)
                  0.08    0.00    7.87 ^ clkbuf_1_0_0_wb_clk_i/A (sky130_fd_sc_hd__clkbuf_4)
                  0.14    0.22    8.09 ^ clkbuf_1_0_0_wb_clk_i/X (sky130_fd_sc_hd__clkbuf_4)
     2    0.04                           clknet_1_0_0_wb_clk_i (net)
                  0.14    0.01    8.10 ^ wire15/A (sky130_fd_sc_hd__buf_6)
                  0.06    0.14    8.24 ^ wire15/X (sky130_fd_sc_hd__buf_6)
     2    0.02                           net5699 (net)
                  0.06    0.00    8.24 ^ wire8/A (sky130_fd_sc_hd__buf_6)
                  0.08    0.14    8.38 ^ wire8/X (sky130_fd_sc_hd__buf_6)
     2    0.04                           net5806 (net)
                  0.08    0.01    8.38 ^ clkbuf_0_net5806/A (sky130_fd_sc_hd__clkbuf_16)
                  0.08    0.17    8.56 ^ clkbuf_0_net5806/X (sky130_fd_sc_hd__clkbuf_16)
     4    0.06                           clknet_0_net5806 (net)
                  0.08    0.01    8.57 ^ clkbuf_1_1__f_net5806/A (sky130_fd_sc_hd__clkbuf_16)
                  0.07    0.16    8.73 ^ clkbuf_1_1__f_net5806/X (sky130_fd_sc_hd__clkbuf_16)
     2    0.05                           clknet_1_1__leaf_net5806 (net)
                  0.07    0.01    8.74 ^ wire7/A (sky130_fd_sc_hd__buf_6)
                  0.13    0.17    8.91 ^ wire7/X (sky130_fd_sc_hd__buf_6)
     2    0.06                           net5805 (net)
                  0.13    0.01    8.92 ^ _0665_/B (sky130_fd_sc_hd__and3_4)
                  0.62    0.60    9.52 ^ _0665_/X (sky130_fd_sc_hd__and3_4)
     2    0.22                           _0003_ (net)
                  0.64    0.08    9.59 ^ user_projects[2].genblk1.user_project/wb_clk_i (user_project)
                          0.10    9.69   clock uncertainty
                          0.00    9.69   clock reconvergence pessimism
                         -0.30    9.40   library removal time
                                  9.40   data required time
-----------------------------------------------------------------------------
                                  9.40   data required time
                                -11.56   data arrival time
-----------------------------------------------------------------------------
                                  2.17   slack (MET)


Startpoint: wb_rst_i (input port clocked by clk)
Endpoint: user_projects[3].genblk1.user_project
          (removal check against rising-edge clock clk)
Path Group: **async_default**
Path Type: min

Fanout     Cap    Slew   Delay    Time   Description
-----------------------------------------------------------------------------
                          0.00    0.00   clock clk (rise edge)
                          6.00    6.00   clock network delay (propagated)
                          1.60    7.60 ^ input external delay
                  0.12    0.00    7.60 ^ wb_rst_i (in)
     2    0.01                           wb_rst_i (net)
                  0.12    0.00    7.60 ^ hold11/A (sky130_fd_sc_hd__clkdlybuf4s50_2)
                  0.08    0.52    8.12 ^ hold11/X (sky130_fd_sc_hd__clkdlybuf4s50_2)
     1    0.01                           net5721 (net)
                  0.08    0.00    8.12 ^ hold10/A (sky130_fd_sc_hd__dlymetal6s2s_1)
                  0.12    0.14    8.27 ^ hold10/X (sky130_fd_sc_hd__dlymetal6s2s_1)
     1    0.01                           net5701 (net)
                  0.12    0.00    8.27 ^ input279/A (sky130_fd_sc_hd__dlymetal6s2s_1)
                  0.12    0.16    8.43 ^ input279/X (sky130_fd_sc_hd__dlymetal6s2s_1)
     1    0.01                           net5990 (net)
                  0.12    0.00    8.43 ^ hold6/A (sky130_fd_sc_hd__dlymetal6s2s_1)
                  0.12    0.16    8.59 ^ hold6/X (sky130_fd_sc_hd__dlymetal6s2s_1)
     1    0.01                           net5883 (net)
                  0.12    0.00    8.59 ^ hold4/A (sky130_fd_sc_hd__dlymetal6s2s_1)
                  0.13    0.17    8.76 ^ hold4/X (sky130_fd_sc_hd__dlymetal6s2s_1)
     1    0.01                           net5813 (net)
                  0.13    0.00    8.76 ^ hold7/A (sky130_fd_sc_hd__dlymetal6s2s_1)
                  0.13    0.17    8.93 ^ hold7/X (sky130_fd_sc_hd__dlymetal6s2s_1)
     1    0.01                           net5884 (net)
                  0.13    0.00    8.93 ^ hold1/A (sky130_fd_sc_hd__dlymetal6s2s_1)
                  0.18    0.20    9.14 ^ hold1/X (sky130_fd_sc_hd__dlymetal6s2s_1)
     1    0.02                           net5810 (net)
                  0.18    0.00    9.14 ^ hold8/A (sky130_fd_sc_hd__dlymetal6s2s_1)
                  0.13    0.18    9.32 ^ hold8/X (sky130_fd_sc_hd__dlymetal6s2s_1)
     1    0.01                           net5885 (net)
                  0.13    0.00    9.32 ^ hold5/A (sky130_fd_sc_hd__dlymetal6s2s_1)
                  0.14    0.18    9.49 ^ hold5/X (sky130_fd_sc_hd__dlymetal6s2s_1)
     1    0.01                           net5814 (net)
                  0.14    0.00    9.49 ^ hold9/A (sky130_fd_sc_hd__dlygate4sd1_1)
                  0.18    0.31    9.80 ^ hold9/X (sky130_fd_sc_hd__dlygate4sd1_1)
     1    0.02                           net5886 (net)
                  0.18    0.00    9.80 ^ input104/A (sky130_fd_sc_hd__buf_6)
                  0.05    0.14    9.94 ^ input104/X (sky130_fd_sc_hd__buf_6)
     1    0.02                           net104 (net)
                  0.05    0.00    9.94 ^ hold2/A (sky130_fd_sc_hd__buf_4)
                  0.27    0.26   10.20 ^ hold2/X (sky130_fd_sc_hd__buf_4)
     4    0.10                           net5811 (net)
                  0.27    0.00   10.20 ^ max_length5653/A (sky130_fd_sc_hd__buf_6)
                  0.12    0.20   10.40 ^ max_length5653/X (sky130_fd_sc_hd__buf_6)
     2    0.06                           net5653 (net)
                  0.12    0.01   10.41 ^ hold3/A (sky130_fd_sc_hd__buf_4)
                  0.27    0.28   10.69 ^ hold3/X (sky130_fd_sc_hd__buf_4)
     4    0.10                           net5812 (net)
                  0.27    0.03   10.72 ^ wire5732/A (sky130_fd_sc_hd__buf_6)
                  0.14    0.21   10.92 ^ wire5732/X (sky130_fd_sc_hd__buf_6)
     2    0.06                           net6474 (net)
                  0.14    0.02   10.94 ^ wire5650/A (sky130_fd_sc_hd__buf_6)
                  0.13    0.18   11.12 ^ wire5650/X (sky130_fd_sc_hd__buf_6)
     2    0.06                           net5650 (net)
                  0.14    0.02   11.14 ^ wire5649/A (sky130_fd_sc_hd__buf_6)
                  0.14    0.18   11.32 ^ wire5649/X (sky130_fd_sc_hd__buf_6)
     2    0.07                           net5649 (net)
                  0.15    0.02   11.34 ^ wire4884/A (sky130_fd_sc_hd__buf_12)
                  0.18    0.18   11.52 ^ wire4884/X (sky130_fd_sc_hd__buf_12)
     4    0.15                           net6326 (net)
                  0.22    0.07   11.59 ^ wire5648/A (sky130_fd_sc_hd__buf_6)
                  0.21    0.24   11.83 ^ wire5648/X (sky130_fd_sc_hd__buf_6)
     2    0.10                           net5648 (net)
                  0.22    0.03   11.86 ^ wire5647/A (sky130_fd_sc_hd__buf_6)
                  0.19    0.23   12.08 ^ wire5647/X (sky130_fd_sc_hd__buf_6)
     2    0.09                           net5647 (net)
                  0.20    0.03   12.11 ^ user_projects[3].genblk1.user_project/wb_rst_i (user_project)
                                 12.11   data arrival time

                          0.00    0.00   clock clk (rise edge)
                          7.25    7.25   clock source latency
                  1.16    0.00    7.25 ^ wb_clk_i (in)
     2    0.02                           wb_clk_i (net)
                  1.16    0.00    7.25 ^ wire3/A (sky130_fd_sc_hd__buf_6)
                  0.07    0.23    7.48 ^ wire3/X (sky130_fd_sc_hd__buf_6)
     2    0.02                           net5801 (net)
                  0.07    0.00    7.48 ^ wire2/A (sky130_fd_sc_hd__buf_6)
                  0.04    0.11    7.59 ^ wire2/X (sky130_fd_sc_hd__buf_6)
     1    0.01                           net5800 (net)
                  0.04    0.00    7.59 ^ wire1/A (sky130_fd_sc_hd__buf_6)
                  0.05    0.11    7.70 ^ wire1/X (sky130_fd_sc_hd__buf_6)
     2    0.02                           net5799 (net)
                  0.05    0.00    7.70 ^ clkbuf_0_wb_clk_i/A (sky130_fd_sc_hd__clkbuf_16)
                  0.08    0.16    7.87 ^ clkbuf_0_wb_clk_i/X (sky130_fd_sc_hd__clkbuf_16)
     4    0.06                           clknet_0_wb_clk_i (net)
                  0.08    0.01    7.87 ^ clkbuf_1_1_0_wb_clk_i/A (sky130_fd_sc_hd__clkbuf_4)
                  0.17    0.24    8.11 ^ clkbuf_1_1_0_wb_clk_i/X (sky130_fd_sc_hd__clkbuf_4)
     2    0.05                           clknet_1_1_0_wb_clk_i (net)
                  0.17    0.01    8.12 ^ wire11/A (sky130_fd_sc_hd__buf_6)
                  0.10    0.18    8.31 ^ wire11/X (sky130_fd_sc_hd__buf_6)
     2    0.05                           net5809 (net)
                  0.10    0.01    8.31 ^ wire58/A (sky130_fd_sc_hd__buf_6)
                  0.11    0.17    8.48 ^ wire58/X (sky130_fd_sc_hd__buf_6)
     2    0.05                           net5700 (net)
                  0.11    0.01    8.49 ^ clkbuf_0_net5809/A (sky130_fd_sc_hd__clkbuf_16)
                  0.03    0.14    8.63 ^ clkbuf_0_net5809/X (sky130_fd_sc_hd__clkbuf_16)
     1    0.01                           clknet_0_net5809 (net)
                  0.03    0.00    8.63 ^ wire89/A (sky130_fd_sc_hd__buf_8)
                  0.18    0.19    8.83 ^ wire89/X (sky130_fd_sc_hd__buf_8)
     4    0.11                           net5722 (net)
                  0.18    0.02    8.85 ^ clkbuf_1_1__f_net5809/A (sky130_fd_sc_hd__clkbuf_16)
                  0.08    0.20    9.05 ^ clkbuf_1_1__f_net5809/X (sky130_fd_sc_hd__clkbuf_16)
     2    0.06                           clknet_1_1__leaf_net5809 (net)
                  0.08    0.01    9.06 ^ wire10/A (sky130_fd_sc_hd__buf_6)
                  0.13    0.17    9.23 ^ wire10/X (sky130_fd_sc_hd__buf_6)
     2    0.06                           net5808 (net)
                  0.13    0.02    9.25 ^ _0666_/C (sky130_fd_sc_hd__and3_4)
                  0.19    0.33    9.57 ^ _0666_/X (sky130_fd_sc_hd__and3_4)
     2    0.06                           _0001_ (net)
                  0.19    0.01    9.59 ^ wire5/A (sky130_fd_sc_hd__buf_8)
                  0.11    0.18    9.77 ^ wire5/X (sky130_fd_sc_hd__buf_8)
     2    0.06                           net5803 (net)
                  0.11    0.02    9.79 ^ wire4/A (sky130_fd_sc_hd__buf_12)
                  0.24    0.23   10.02 ^ wire4/X (sky130_fd_sc_hd__buf_12)
     2    0.21                           net5802 (net)
                  0.26    0.06   10.08 ^ user_projects[3].genblk1.user_project/wb_clk_i (user_project)
                          0.10   10.18   clock uncertainty
                          0.00   10.18   clock reconvergence pessimism
                         -0.45    9.73   library removal time
                                  9.73   data required time
-----------------------------------------------------------------------------
                                  9.73   data required time
                                -12.11   data arrival time
-----------------------------------------------------------------------------
                                  2.38   slack (MET)


Startpoint: la_data_in[17] (input port clocked by clk)
Endpoint: user_projects[1].genblk1.user_project
          (rising edge-triggered flip-flop clocked by clk)
Path Group: clk
Path Type: min

Fanout     Cap    Slew   Delay    Time   Description
-----------------------------------------------------------------------------
                          0.00    0.00   clock clk (rise edge)
                          6.00    6.00   clock network delay (propagated)
                          0.73    6.73 ^ input external delay
                  0.15    0.00    6.73 ^ la_data_in[17] (in)
     2    0.01                           la_data_in[17] (net)
                  0.15    0.00    6.73 ^ input222/A (sky130_fd_sc_hd__dlymetal6s2s_1)
                  0.10    0.16    6.89 ^ input222/X (sky130_fd_sc_hd__dlymetal6s2s_1)
     1    0.01                           net5933 (net)
                  0.10    0.00    6.89 ^ input47/A (sky130_fd_sc_hd__clkbuf_4)
                  0.05    0.15    7.04 ^ input47/X (sky130_fd_sc_hd__clkbuf_4)
     1    0.01                           net47 (net)
                  0.05    0.00    7.04 ^ wire4632/A (sky130_fd_sc_hd__buf_8)
                  0.19    0.19    7.23 ^ wire4632/X (sky130_fd_sc_hd__buf_8)
     4    0.12                           net4632 (net)
                  0.19    0.01    7.24 ^ wire4631/A (sky130_fd_sc_hd__buf_8)
                  0.20    0.21    7.45 ^ wire4631/X (sky130_fd_sc_hd__buf_8)
     4    0.12                           net4631 (net)
                  0.22    0.05    7.50 ^ user_projects[1].genblk1.user_project/la_data_in[17] (user_project)
                                  7.50   data arrival time

                          0.00    0.00   clock clk (rise edge)
                          7.25    7.25   clock source latency
                  1.16    0.00    7.25 ^ wb_clk_i (in)
     2    0.02                           wb_clk_i (net)
                  1.16    0.00    7.25 ^ wire3/A (sky130_fd_sc_hd__buf_6)
                  0.07    0.23    7.48 ^ wire3/X (sky130_fd_sc_hd__buf_6)
     2    0.02                           net5801 (net)
                  0.07    0.00    7.48 ^ wire2/A (sky130_fd_sc_hd__buf_6)
                  0.04    0.11    7.59 ^ wire2/X (sky130_fd_sc_hd__buf_6)
     1    0.01                           net5800 (net)
                  0.04    0.00    7.59 ^ wire1/A (sky130_fd_sc_hd__buf_6)
                  0.05    0.11    7.70 ^ wire1/X (sky130_fd_sc_hd__buf_6)
     2    0.02                           net5799 (net)
                  0.05    0.00    7.70 ^ clkbuf_0_wb_clk_i/A (sky130_fd_sc_hd__clkbuf_16)
                  0.08    0.16    7.87 ^ clkbuf_0_wb_clk_i/X (sky130_fd_sc_hd__clkbuf_16)
     4    0.06                           clknet_0_wb_clk_i (net)
                  0.08    0.01    7.87 ^ clkbuf_1_1_0_wb_clk_i/A (sky130_fd_sc_hd__clkbuf_4)
                  0.17    0.24    8.11 ^ clkbuf_1_1_0_wb_clk_i/X (sky130_fd_sc_hd__clkbuf_4)
     2    0.05                           clknet_1_1_0_wb_clk_i (net)
                  0.17    0.01    8.12 ^ wire11/A (sky130_fd_sc_hd__buf_6)
                  0.10    0.18    8.31 ^ wire11/X (sky130_fd_sc_hd__buf_6)
     2    0.05                           net5809 (net)
                  0.10    0.01    8.31 ^ wire58/A (sky130_fd_sc_hd__buf_6)
                  0.11    0.17    8.48 ^ wire58/X (sky130_fd_sc_hd__buf_6)
     2    0.05                           net5700 (net)
                  0.11    0.01    8.49 ^ clkbuf_0_net5809/A (sky130_fd_sc_hd__clkbuf_16)
                  0.03    0.14    8.63 ^ clkbuf_0_net5809/X (sky130_fd_sc_hd__clkbuf_16)
     1    0.01                           clknet_0_net5809 (net)
                  0.03    0.00    8.63 ^ wire89/A (sky130_fd_sc_hd__buf_8)
                  0.18    0.19    8.83 ^ wire89/X (sky130_fd_sc_hd__buf_8)
     4    0.11                           net5722 (net)
                  0.18    0.00    8.83 ^ clkbuf_1_0__f_net5809/A (sky130_fd_sc_hd__clkbuf_16)
                  0.04    0.17    9.00 ^ clkbuf_1_0__f_net5809/X (sky130_fd_sc_hd__clkbuf_16)
     1    0.01                           clknet_1_0__leaf_net5809 (net)
                  0.04    0.00    9.00 ^ wire9/A (sky130_fd_sc_hd__buf_6)
                  0.03    0.09    9.09 ^ wire9/X (sky130_fd_sc_hd__buf_6)
     1    0.01                           net5807 (net)
                  0.03    0.00    9.09 ^ _0664_/C (sky130_fd_sc_hd__and3b_4)
                  0.77    0.69    9.77 ^ _0664_/X (sky130_fd_sc_hd__and3b_4)
     2    0.23                           _0000_ (net)
                  0.78    0.07    9.84 ^ user_projects[1].genblk1.user_project/wb_clk_i (user_project)
                          0.10    9.94   clock uncertainty
                          0.00    9.94   clock reconvergence pessimism
                         -8.84    1.10   library hold time
                                  1.10   data required time
-----------------------------------------------------------------------------
                                  1.10   data required time
                                 -7.50   data arrival time
-----------------------------------------------------------------------------
                                  6.40   slack (MET)


Startpoint: la_data_in[19] (input port clocked by clk)
Endpoint: user_projects[1].genblk1.user_project
          (rising edge-triggered flip-flop clocked by clk)
Path Group: clk
Path Type: min

Fanout     Cap    Slew   Delay    Time   Description
-----------------------------------------------------------------------------
                          0.00    0.00   clock clk (rise edge)
                          6.00    6.00   clock network delay (propagated)
                          0.67    6.67 ^ input external delay
                  0.13    0.00    6.67 ^ la_data_in[19] (in)
     2    0.01                           la_data_in[19] (net)
                  0.13    0.00    6.67 ^ input224/A (sky130_fd_sc_hd__dlymetal6s2s_1)
                  0.11    0.16    6.83 ^ input224/X (sky130_fd_sc_hd__dlymetal6s2s_1)
     1    0.01                           net5935 (net)
                  0.11    0.00    6.83 ^ input49/A (sky130_fd_sc_hd__dlymetal6s2s_1)
                  0.13    0.16    6.99 ^ input49/X (sky130_fd_sc_hd__dlymetal6s2s_1)
     1    0.01                           net49 (net)
                  0.13    0.00    6.99 ^ wire4618/A (sky130_fd_sc_hd__buf_8)
                  0.20    0.22    7.21 ^ wire4618/X (sky130_fd_sc_hd__buf_8)
     4    0.12                           net4618 (net)
                  0.20    0.01    7.23 ^ wire4617/A (sky130_fd_sc_hd__buf_6)
                  0.12    0.18    7.41 ^ wire4617/X (sky130_fd_sc_hd__buf_6)
     2    0.05                           net4617 (net)
                  0.12    0.01    7.42 ^ wire6405/A (sky130_fd_sc_hd__buf_8)
                  0.18    0.19    7.62 ^ wire6405/X (sky130_fd_sc_hd__buf_8)
     4    0.11                           net7147 (net)
                  0.19    0.02    7.64 ^ user_projects[1].genblk1.user_project/la_data_in[19] (user_project)
                                  7.64   data arrival time

                          0.00    0.00   clock clk (rise edge)
                          7.25    7.25   clock source latency
                  1.16    0.00    7.25 ^ wb_clk_i (in)
     2    0.02                           wb_clk_i (net)
                  1.16    0.00    7.25 ^ wire3/A (sky130_fd_sc_hd__buf_6)
                  0.07    0.23    7.48 ^ wire3/X (sky130_fd_sc_hd__buf_6)
     2    0.02                           net5801 (net)
                  0.07    0.00    7.48 ^ wire2/A (sky130_fd_sc_hd__buf_6)
                  0.04    0.11    7.59 ^ wire2/X (sky130_fd_sc_hd__buf_6)
     1    0.01                           net5800 (net)
                  0.04    0.00    7.59 ^ wire1/A (sky130_fd_sc_hd__buf_6)
                  0.05    0.11    7.70 ^ wire1/X (sky130_fd_sc_hd__buf_6)
     2    0.02                           net5799 (net)
                  0.05    0.00    7.70 ^ clkbuf_0_wb_clk_i/A (sky130_fd_sc_hd__clkbuf_16)
                  0.08    0.16    7.87 ^ clkbuf_0_wb_clk_i/X (sky130_fd_sc_hd__clkbuf_16)
     4    0.06                           clknet_0_wb_clk_i (net)
                  0.08    0.01    7.87 ^ clkbuf_1_1_0_wb_clk_i/A (sky130_fd_sc_hd__clkbuf_4)
                  0.17    0.24    8.11 ^ clkbuf_1_1_0_wb_clk_i/X (sky130_fd_sc_hd__clkbuf_4)
     2    0.05                           clknet_1_1_0_wb_clk_i (net)
                  0.17    0.01    8.12 ^ wire11/A (sky130_fd_sc_hd__buf_6)
                  0.10    0.18    8.31 ^ wire11/X (sky130_fd_sc_hd__buf_6)
     2    0.05                           net5809 (net)
                  0.10    0.01    8.31 ^ wire58/A (sky130_fd_sc_hd__buf_6)
                  0.11    0.17    8.48 ^ wire58/X (sky130_fd_sc_hd__buf_6)
     2    0.05                           net5700 (net)
                  0.11    0.01    8.49 ^ clkbuf_0_net5809/A (sky130_fd_sc_hd__clkbuf_16)
                  0.03    0.14    8.63 ^ clkbuf_0_net5809/X (sky130_fd_sc_hd__clkbuf_16)
     1    0.01                           clknet_0_net5809 (net)
                  0.03    0.00    8.63 ^ wire89/A (sky130_fd_sc_hd__buf_8)
                  0.18    0.19    8.83 ^ wire89/X (sky130_fd_sc_hd__buf_8)
     4    0.11                           net5722 (net)
                  0.18    0.00    8.83 ^ clkbuf_1_0__f_net5809/A (sky130_fd_sc_hd__clkbuf_16)
                  0.04    0.17    9.00 ^ clkbuf_1_0__f_net5809/X (sky130_fd_sc_hd__clkbuf_16)
     1    0.01                           clknet_1_0__leaf_net5809 (net)
                  0.04    0.00    9.00 ^ wire9/A (sky130_fd_sc_hd__buf_6)
                  0.03    0.09    9.09 ^ wire9/X (sky130_fd_sc_hd__buf_6)
     1    0.01                           net5807 (net)
                  0.03    0.00    9.09 ^ _0664_/C (sky130_fd_sc_hd__and3b_4)
                  0.77    0.69    9.77 ^ _0664_/X (sky130_fd_sc_hd__and3b_4)
     2    0.23                           _0000_ (net)
                  0.78    0.07    9.84 ^ user_projects[1].genblk1.user_project/wb_clk_i (user_project)
                          0.10    9.94   clock uncertainty
                          0.00    9.94   clock reconvergence pessimism
                         -8.77    1.17   library hold time
                                  1.17   data required time
-----------------------------------------------------------------------------
                                  1.17   data required time
                                 -7.64   data arrival time
-----------------------------------------------------------------------------
                                  6.47   slack (MET)


Startpoint: la_data_in[13] (input port clocked by clk)
Endpoint: user_projects[1].genblk1.user_project
          (rising edge-triggered flip-flop clocked by clk)
Path Group: clk
Path Type: min

Fanout     Cap    Slew   Delay    Time   Description
-----------------------------------------------------------------------------
                          0.00    0.00   clock clk (rise edge)
                          6.00    6.00   clock network delay (propagated)
                          0.73    6.73 ^ input external delay
                  0.14    0.00    6.73 ^ la_data_in[13] (in)
     2    0.01                           la_data_in[13] (net)
                  0.14    0.00    6.73 ^ input218/A (sky130_fd_sc_hd__dlymetal6s2s_1)
                  0.11    0.16    6.89 ^ input218/X (sky130_fd_sc_hd__dlymetal6s2s_1)
     1    0.01                           net5929 (net)
                  0.11    0.00    6.89 ^ input43/A (sky130_fd_sc_hd__clkbuf_4)
                  0.07    0.17    7.06 ^ input43/X (sky130_fd_sc_hd__clkbuf_4)
     1    0.02                           net43 (net)
                  0.07    0.00    7.06 ^ wire4660/A (sky130_fd_sc_hd__buf_12)
                  0.17    0.19    7.26 ^ wire4660/X (sky130_fd_sc_hd__buf_12)
     4    0.15                           net4660 (net)
                  0.17    0.01    7.26 ^ wire4659/A (sky130_fd_sc_hd__buf_6)
                  0.26    0.24    7.50 ^ wire4659/X (sky130_fd_sc_hd__buf_6)
     4    0.13                           net4659 (net)
                  0.28    0.06    7.56 ^ user_projects[1].genblk1.user_project/la_data_in[13] (user_project)
                                  7.56   data arrival time

                          0.00    0.00   clock clk (rise edge)
                          7.25    7.25   clock source latency
                  1.16    0.00    7.25 ^ wb_clk_i (in)
     2    0.02                           wb_clk_i (net)
                  1.16    0.00    7.25 ^ wire3/A (sky130_fd_sc_hd__buf_6)
                  0.07    0.23    7.48 ^ wire3/X (sky130_fd_sc_hd__buf_6)
     2    0.02                           net5801 (net)
                  0.07    0.00    7.48 ^ wire2/A (sky130_fd_sc_hd__buf_6)
                  0.04    0.11    7.59 ^ wire2/X (sky130_fd_sc_hd__buf_6)
     1    0.01                           net5800 (net)
                  0.04    0.00    7.59 ^ wire1/A (sky130_fd_sc_hd__buf_6)
                  0.05    0.11    7.70 ^ wire1/X (sky130_fd_sc_hd__buf_6)
     2    0.02                           net5799 (net)
                  0.05    0.00    7.70 ^ clkbuf_0_wb_clk_i/A (sky130_fd_sc_hd__clkbuf_16)
                  0.08    0.16    7.87 ^ clkbuf_0_wb_clk_i/X (sky130_fd_sc_hd__clkbuf_16)
     4    0.06                           clknet_0_wb_clk_i (net)
                  0.08    0.01    7.87 ^ clkbuf_1_1_0_wb_clk_i/A (sky130_fd_sc_hd__clkbuf_4)
                  0.17    0.24    8.11 ^ clkbuf_1_1_0_wb_clk_i/X (sky130_fd_sc_hd__clkbuf_4)
     2    0.05                           clknet_1_1_0_wb_clk_i (net)
                  0.17    0.01    8.12 ^ wire11/A (sky130_fd_sc_hd__buf_6)
                  0.10    0.18    8.31 ^ wire11/X (sky130_fd_sc_hd__buf_6)
     2    0.05                           net5809 (net)
                  0.10    0.01    8.31 ^ wire58/A (sky130_fd_sc_hd__buf_6)
                  0.11    0.17    8.48 ^ wire58/X (sky130_fd_sc_hd__buf_6)
     2    0.05                           net5700 (net)
                  0.11    0.01    8.49 ^ clkbuf_0_net5809/A (sky130_fd_sc_hd__clkbuf_16)
                  0.03    0.14    8.63 ^ clkbuf_0_net5809/X (sky130_fd_sc_hd__clkbuf_16)
     1    0.01                           clknet_0_net5809 (net)
                  0.03    0.00    8.63 ^ wire89/A (sky130_fd_sc_hd__buf_8)
                  0.18    0.19    8.83 ^ wire89/X (sky130_fd_sc_hd__buf_8)
     4    0.11                           net5722 (net)
                  0.18    0.00    8.83 ^ clkbuf_1_0__f_net5809/A (sky130_fd_sc_hd__clkbuf_16)
                  0.04    0.17    9.00 ^ clkbuf_1_0__f_net5809/X (sky130_fd_sc_hd__clkbuf_16)
     1    0.01                           clknet_1_0__leaf_net5809 (net)
                  0.04    0.00    9.00 ^ wire9/A (sky130_fd_sc_hd__buf_6)
                  0.03    0.09    9.09 ^ wire9/X (sky130_fd_sc_hd__buf_6)
     1    0.01                           net5807 (net)
                  0.03    0.00    9.09 ^ _0664_/C (sky130_fd_sc_hd__and3b_4)
                  0.77    0.69    9.77 ^ _0664_/X (sky130_fd_sc_hd__and3b_4)
     2    0.23                           _0000_ (net)
                  0.78    0.07    9.84 ^ user_projects[1].genblk1.user_project/wb_clk_i (user_project)
                          0.10    9.94   clock uncertainty
                          0.00    9.94   clock reconvergence pessimism
                         -8.85    1.09   library hold time
                                  1.09   data required time
-----------------------------------------------------------------------------
                                  1.09   data required time
                                 -7.56   data arrival time
-----------------------------------------------------------------------------
                                  6.47   slack (MET)


Startpoint: la_data_in[14] (input port clocked by clk)
Endpoint: user_projects[1].genblk1.user_project
          (rising edge-triggered flip-flop clocked by clk)
Path Group: clk
Path Type: min

Fanout     Cap    Slew   Delay    Time   Description
-----------------------------------------------------------------------------
                          0.00    0.00   clock clk (rise edge)
                          6.00    6.00   clock network delay (propagated)
                          0.63    6.63 ^ input external delay
                  0.13    0.00    6.63 ^ la_data_in[14] (in)
     2    0.01                           la_data_in[14] (net)
                  0.13    0.00    6.63 ^ input219/A (sky130_fd_sc_hd__dlymetal6s2s_1)
                  0.13    0.17    6.80 ^ input219/X (sky130_fd_sc_hd__dlymetal6s2s_1)
     1    0.01                           net5930 (net)
                  0.13    0.00    6.80 ^ input44/A (sky130_fd_sc_hd__clkbuf_4)
                  0.05    0.16    6.96 ^ input44/X (sky130_fd_sc_hd__clkbuf_4)
     1    0.01                           net44 (net)
                  0.05    0.00    6.96 ^ wire4653/A (sky130_fd_sc_hd__buf_8)
                  0.20    0.20    7.16 ^ wire4653/X (sky130_fd_sc_hd__buf_8)
     4    0.12                           net4653 (net)
                  0.20    0.01    7.17 ^ wire4652/A (sky130_fd_sc_hd__buf_6)
                  0.14    0.20    7.37 ^ wire4652/X (sky130_fd_sc_hd__buf_6)
     2    0.07                           net4652 (net)
                  0.15    0.02    7.39 ^ wire6393/A (sky130_fd_sc_hd__buf_8)
                  0.17    0.20    7.58 ^ wire6393/X (sky130_fd_sc_hd__buf_8)
     4    0.10                           net7135 (net)
                  0.18    0.02    7.61 ^ user_projects[1].genblk1.user_project/la_data_in[14] (user_project)
                                  7.61   data arrival time

                          0.00    0.00   clock clk (rise edge)
                          7.25    7.25   clock source latency
                  1.16    0.00    7.25 ^ wb_clk_i (in)
     2    0.02                           wb_clk_i (net)
                  1.16    0.00    7.25 ^ wire3/A (sky130_fd_sc_hd__buf_6)
                  0.07    0.23    7.48 ^ wire3/X (sky130_fd_sc_hd__buf_6)
     2    0.02                           net5801 (net)
                  0.07    0.00    7.48 ^ wire2/A (sky130_fd_sc_hd__buf_6)
                  0.04    0.11    7.59 ^ wire2/X (sky130_fd_sc_hd__buf_6)
     1    0.01                           net5800 (net)
                  0.04    0.00    7.59 ^ wire1/A (sky130_fd_sc_hd__buf_6)
                  0.05    0.11    7.70 ^ wire1/X (sky130_fd_sc_hd__buf_6)
     2    0.02                           net5799 (net)
                  0.05    0.00    7.70 ^ clkbuf_0_wb_clk_i/A (sky130_fd_sc_hd__clkbuf_16)
                  0.08    0.16    7.87 ^ clkbuf_0_wb_clk_i/X (sky130_fd_sc_hd__clkbuf_16)
     4    0.06                           clknet_0_wb_clk_i (net)
                  0.08    0.01    7.87 ^ clkbuf_1_1_0_wb_clk_i/A (sky130_fd_sc_hd__clkbuf_4)
                  0.17    0.24    8.11 ^ clkbuf_1_1_0_wb_clk_i/X (sky130_fd_sc_hd__clkbuf_4)
     2    0.05                           clknet_1_1_0_wb_clk_i (net)
                  0.17    0.01    8.12 ^ wire11/A (sky130_fd_sc_hd__buf_6)
                  0.10    0.18    8.31 ^ wire11/X (sky130_fd_sc_hd__buf_6)
     2    0.05                           net5809 (net)
                  0.10    0.01    8.31 ^ wire58/A (sky130_fd_sc_hd__buf_6)
                  0.11    0.17    8.48 ^ wire58/X (sky130_fd_sc_hd__buf_6)
     2    0.05                           net5700 (net)
                  0.11    0.01    8.49 ^ clkbuf_0_net5809/A (sky130_fd_sc_hd__clkbuf_16)
                  0.03    0.14    8.63 ^ clkbuf_0_net5809/X (sky130_fd_sc_hd__clkbuf_16)
     1    0.01                           clknet_0_net5809 (net)
                  0.03    0.00    8.63 ^ wire89/A (sky130_fd_sc_hd__buf_8)
                  0.18    0.19    8.83 ^ wire89/X (sky130_fd_sc_hd__buf_8)
     4    0.11                           net5722 (net)
                  0.18    0.00    8.83 ^ clkbuf_1_0__f_net5809/A (sky130_fd_sc_hd__clkbuf_16)
                  0.04    0.17    9.00 ^ clkbuf_1_0__f_net5809/X (sky130_fd_sc_hd__clkbuf_16)
     1    0.01                           clknet_1_0__leaf_net5809 (net)
                  0.04    0.00    9.00 ^ wire9/A (sky130_fd_sc_hd__buf_6)
                  0.03    0.09    9.09 ^ wire9/X (sky130_fd_sc_hd__buf_6)
     1    0.01                           net5807 (net)
                  0.03    0.00    9.09 ^ _0664_/C (sky130_fd_sc_hd__and3b_4)
                  0.77    0.69    9.77 ^ _0664_/X (sky130_fd_sc_hd__and3b_4)
     2    0.23                           _0000_ (net)
                  0.78    0.07    9.84 ^ user_projects[1].genblk1.user_project/wb_clk_i (user_project)
                          0.10    9.94   clock uncertainty
                          0.00    9.94   clock reconvergence pessimism
                         -8.82    1.12   library hold time
                                  1.12   data required time
-----------------------------------------------------------------------------
                                  1.12   data required time
                                 -7.61   data arrival time
-----------------------------------------------------------------------------
                                  6.49   slack (MET)


Startpoint: la_data_in[18] (input port clocked by clk)
Endpoint: user_projects[1].genblk1.user_project
          (rising edge-triggered flip-flop clocked by clk)
Path Group: clk
Path Type: min

Fanout     Cap    Slew   Delay    Time   Description
-----------------------------------------------------------------------------
                          0.00    0.00   clock clk (rise edge)
                          6.00    6.00   clock network delay (propagated)
                          0.63    6.63 ^ input external delay
                  0.13    0.00    6.63 ^ la_data_in[18] (in)
     2    0.01                           la_data_in[18] (net)
                  0.13    0.00    6.63 ^ input223/A (sky130_fd_sc_hd__dlymetal6s2s_1)
                  0.11    0.15    6.78 ^ input223/X (sky130_fd_sc_hd__dlymetal6s2s_1)
     1    0.01                           net5934 (net)
                  0.11    0.00    6.79 ^ input48/A (sky130_fd_sc_hd__dlymetal6s2s_1)
                  0.16    0.18    6.97 ^ input48/X (sky130_fd_sc_hd__dlymetal6s2s_1)
     1    0.01                           net48 (net)
                  0.16    0.00    6.97 ^ wire4625/A (sky130_fd_sc_hd__clkbuf_16)
                  0.13    0.22    7.19 ^ wire4625/X (sky130_fd_sc_hd__clkbuf_16)
     4    0.12                           net4625 (net)
                  0.13    0.01    7.20 ^ wire4624/A (sky130_fd_sc_hd__buf_6)
                  0.48    0.41    7.61 ^ wire4624/X (sky130_fd_sc_hd__buf_6)
     4    0.24                           net4624 (net)
                  0.48    0.01    7.63 ^ user_projects[1].genblk1.user_project/la_data_in[18] (user_project)
                                  7.63   data arrival time

                          0.00    0.00   clock clk (rise edge)
                          7.25    7.25   clock source latency
                  1.16    0.00    7.25 ^ wb_clk_i (in)
     2    0.02                           wb_clk_i (net)
                  1.16    0.00    7.25 ^ wire3/A (sky130_fd_sc_hd__buf_6)
                  0.07    0.23    7.48 ^ wire3/X (sky130_fd_sc_hd__buf_6)
     2    0.02                           net5801 (net)
                  0.07    0.00    7.48 ^ wire2/A (sky130_fd_sc_hd__buf_6)
                  0.04    0.11    7.59 ^ wire2/X (sky130_fd_sc_hd__buf_6)
     1    0.01                           net5800 (net)
                  0.04    0.00    7.59 ^ wire1/A (sky130_fd_sc_hd__buf_6)
                  0.05    0.11    7.70 ^ wire1/X (sky130_fd_sc_hd__buf_6)
     2    0.02                           net5799 (net)
                  0.05    0.00    7.70 ^ clkbuf_0_wb_clk_i/A (sky130_fd_sc_hd__clkbuf_16)
                  0.08    0.16    7.87 ^ clkbuf_0_wb_clk_i/X (sky130_fd_sc_hd__clkbuf_16)
     4    0.06                           clknet_0_wb_clk_i (net)
                  0.08    0.01    7.87 ^ clkbuf_1_1_0_wb_clk_i/A (sky130_fd_sc_hd__clkbuf_4)
                  0.17    0.24    8.11 ^ clkbuf_1_1_0_wb_clk_i/X (sky130_fd_sc_hd__clkbuf_4)
     2    0.05                           clknet_1_1_0_wb_clk_i (net)
                  0.17    0.01    8.12 ^ wire11/A (sky130_fd_sc_hd__buf_6)
                  0.10    0.18    8.31 ^ wire11/X (sky130_fd_sc_hd__buf_6)
     2    0.05                           net5809 (net)
                  0.10    0.01    8.31 ^ wire58/A (sky130_fd_sc_hd__buf_6)
                  0.11    0.17    8.48 ^ wire58/X (sky130_fd_sc_hd__buf_6)
     2    0.05                           net5700 (net)
                  0.11    0.01    8.49 ^ clkbuf_0_net5809/A (sky130_fd_sc_hd__clkbuf_16)
                  0.03    0.14    8.63 ^ clkbuf_0_net5809/X (sky130_fd_sc_hd__clkbuf_16)
     1    0.01                           clknet_0_net5809 (net)
                  0.03    0.00    8.63 ^ wire89/A (sky130_fd_sc_hd__buf_8)
                  0.18    0.19    8.83 ^ wire89/X (sky130_fd_sc_hd__buf_8)
     4    0.11                           net5722 (net)
                  0.18    0.00    8.83 ^ clkbuf_1_0__f_net5809/A (sky130_fd_sc_hd__clkbuf_16)
                  0.04    0.17    9.00 ^ clkbuf_1_0__f_net5809/X (sky130_fd_sc_hd__clkbuf_16)
     1    0.01                           clknet_1_0__leaf_net5809 (net)
                  0.04    0.00    9.00 ^ wire9/A (sky130_fd_sc_hd__buf_6)
                  0.03    0.09    9.09 ^ wire9/X (sky130_fd_sc_hd__buf_6)
     1    0.01                           net5807 (net)
                  0.03    0.00    9.09 ^ _0664_/C (sky130_fd_sc_hd__and3b_4)
                  0.77    0.69    9.77 ^ _0664_/X (sky130_fd_sc_hd__and3b_4)
     2    0.23                           _0000_ (net)
                  0.78    0.07    9.84 ^ user_projects[1].genblk1.user_project/wb_clk_i (user_project)
                          0.10    9.94   clock uncertainty
                          0.00    9.94   clock reconvergence pessimism
                         -8.88    1.06   library hold time
                                  1.06   data required time
-----------------------------------------------------------------------------
                                  1.06   data required time
                                 -7.63   data arrival time
-----------------------------------------------------------------------------
                                  6.57   slack (MET)


