
===========================================================================
report_checks -unconstrained
============================================================================
Startpoint: wb_rst_i (input port clocked by clk)
Endpoint: user_projects[3].genblk1.user_project
          (recovery check against rising-edge clock clk)
Path Group: **async_default**
Path Type: max

Fanout     Cap    Slew   Delay    Time   Description
-----------------------------------------------------------------------------
                          0.00    0.00   clock clk (rise edge)
                          7.25    7.25   clock network delay (propagated)
                          1.72    8.97 ^ input external delay
                  0.12    0.00    8.97 ^ wb_rst_i (in)
     2    0.01                           wb_rst_i (net)
                  0.12    0.00    8.97 ^ hold11/A (sky130_fd_sc_hd__clkdlybuf4s50_2)
                  0.08    0.57    9.54 ^ hold11/X (sky130_fd_sc_hd__clkdlybuf4s50_2)
     1    0.01                           net5944 (net)
                  0.08    0.00    9.54 ^ input279/A (sky130_fd_sc_hd__dlymetal6s2s_1)
                  0.14    0.17    9.71 ^ input279/X (sky130_fd_sc_hd__dlymetal6s2s_1)
     1    0.01                           net6237 (net)
                  0.14    0.00    9.71 ^ hold7/A (sky130_fd_sc_hd__dlymetal6s2s_1)
                  0.11    0.17    9.89 ^ hold7/X (sky130_fd_sc_hd__dlymetal6s2s_1)
     1    0.01                           net6130 (net)
                  0.11    0.00    9.89 ^ hold4/A (sky130_fd_sc_hd__dlymetal6s2s_1)
                  0.10    0.16   10.04 ^ hold4/X (sky130_fd_sc_hd__dlymetal6s2s_1)
     1    0.01                           net6027 (net)
                  0.10    0.00   10.04 ^ hold8/A (sky130_fd_sc_hd__dlymetal6s2s_1)
                  0.13    0.17   10.22 ^ hold8/X (sky130_fd_sc_hd__dlymetal6s2s_1)
     1    0.01                           net6131 (net)
                  0.13    0.00   10.22 ^ hold1/A (sky130_fd_sc_hd__dlymetal6s2s_1)
                  0.14    0.19   10.41 ^ hold1/X (sky130_fd_sc_hd__dlymetal6s2s_1)
     1    0.01                           net6024 (net)
                  0.14    0.00   10.41 ^ hold9/A (sky130_fd_sc_hd__dlymetal6s2s_1)
                  0.14    0.19   10.60 ^ hold9/X (sky130_fd_sc_hd__dlymetal6s2s_1)
     1    0.01                           net6132 (net)
                  0.14    0.00   10.60 ^ hold5/A (sky130_fd_sc_hd__dlymetal6s2s_1)
                  0.15    0.20   10.81 ^ hold5/X (sky130_fd_sc_hd__dlymetal6s2s_1)
     1    0.01                           net6028 (net)
                  0.15    0.00   10.81 ^ hold10/A (sky130_fd_sc_hd__dlygate4sd1_1)
                  0.17    0.32   11.13 ^ hold10/X (sky130_fd_sc_hd__dlygate4sd1_1)
     1    0.02                           net6133 (net)
                  0.17    0.00   11.13 ^ input104/A (sky130_fd_sc_hd__buf_6)
                  0.04    0.14   11.27 ^ input104/X (sky130_fd_sc_hd__buf_6)
     1    0.02                           net104 (net)
                  0.04    0.00   11.27 ^ hold6/A (sky130_fd_sc_hd__dlymetal6s2s_1)
                  0.20    0.21   11.48 ^ hold6/X (sky130_fd_sc_hd__dlymetal6s2s_1)
     1    0.02                           net6029 (net)
                  0.20    0.00   11.48 ^ hold2/A (sky130_fd_sc_hd__buf_6)
                  0.22    0.28   11.76 ^ hold2/X (sky130_fd_sc_hd__buf_6)
     4    0.11                           net6025 (net)
                  0.22    0.00   11.76 ^ max_length5867/A (sky130_fd_sc_hd__buf_6)
                  0.12    0.21   11.97 ^ max_length5867/X (sky130_fd_sc_hd__buf_6)
     2    0.06                           net5867 (net)
                  0.12    0.01   11.98 ^ hold3/A (sky130_fd_sc_hd__buf_6)
                  0.26    0.27   12.25 ^ hold3/X (sky130_fd_sc_hd__buf_6)
     4    0.13                           net6026 (net)
                  0.27    0.05   12.30 ^ wire5951/A (sky130_fd_sc_hd__buf_6)
                  0.15    0.25   12.54 ^ wire5951/X (sky130_fd_sc_hd__buf_6)
     2    0.08                           net6735 (net)
                  0.16    0.01   12.55 ^ wire5864/A (sky130_fd_sc_hd__buf_6)
                  0.14    0.20   12.75 ^ wire5864/X (sky130_fd_sc_hd__buf_6)
     2    0.07                           net5864 (net)
                  0.14    0.02   12.77 ^ wire5863/A (sky130_fd_sc_hd__buf_6)
                  0.14    0.20   12.97 ^ wire5863/X (sky130_fd_sc_hd__buf_6)
     2    0.07                           net5863 (net)
                  0.15    0.02   12.98 ^ wire5409/A (sky130_fd_sc_hd__buf_12)
                  0.22    0.21   13.19 ^ wire5409/X (sky130_fd_sc_hd__buf_12)
     4    0.19                           net6636 (net)
                  0.28    0.10   13.29 ^ wire5862/A (sky130_fd_sc_hd__buf_6)
                  0.23    0.28   13.57 ^ wire5862/X (sky130_fd_sc_hd__buf_6)
     2    0.11                           net5862 (net)
                  0.24    0.04   13.61 ^ wire5861/A (sky130_fd_sc_hd__buf_6)
                  0.22    0.27   13.88 ^ wire5861/X (sky130_fd_sc_hd__buf_6)
     2    0.11                           net5861 (net)
                  0.23    0.04   13.92 ^ user_projects[3].genblk1.user_project/wb_rst_i (user_project)
                                 13.92   data arrival time

                         30.00   30.00   clock clk (rise edge)
                          6.00   36.00   clock source latency
                  1.16    0.00   36.00 ^ wb_clk_i (in)
     2    0.02                           wb_clk_i (net)
                  1.16    0.00   36.00 ^ wire3/A (sky130_fd_sc_hd__buf_6)
                  0.07    0.21   36.21 ^ wire3/X (sky130_fd_sc_hd__buf_6)
     1    0.02                           net6015 (net)
                  0.07    0.00   36.21 ^ wire2/A (sky130_fd_sc_hd__buf_8)
                  0.04    0.10   36.31 ^ wire2/X (sky130_fd_sc_hd__buf_8)
     1    0.02                           net6014 (net)
                  0.04    0.00   36.31 ^ wire1/A (sky130_fd_sc_hd__buf_8)
                  0.05    0.10   36.41 ^ wire1/X (sky130_fd_sc_hd__buf_8)
     2    0.03                           net6013 (net)
                  0.05    0.00   36.42 ^ clkbuf_0_wb_clk_i/A (sky130_fd_sc_hd__clkbuf_16)
                  0.09    0.16   36.58 ^ clkbuf_0_wb_clk_i/X (sky130_fd_sc_hd__clkbuf_16)
     4    0.08                           clknet_0_wb_clk_i (net)
                  0.10    0.02   36.59 ^ clkbuf_1_1_0_wb_clk_i/A (sky130_fd_sc_hd__clkbuf_4)
                  0.18    0.24   36.83 ^ clkbuf_1_1_0_wb_clk_i/X (sky130_fd_sc_hd__clkbuf_4)
     2    0.06                           clknet_1_1_0_wb_clk_i (net)
                  0.19    0.02   36.84 ^ wire11/A (sky130_fd_sc_hd__buf_8)
                  0.11    0.17   37.02 ^ wire11/X (sky130_fd_sc_hd__buf_8)
     2    0.06                           net6023 (net)
                  0.12    0.02   37.03 ^ wire86/A (sky130_fd_sc_hd__buf_6)
                  0.03    0.11   37.14 ^ wire86/X (sky130_fd_sc_hd__buf_6)
     1    0.01                           net5914 (net)
                  0.03    0.00   37.14 ^ wire129/A (sky130_fd_sc_hd__buf_6)
                  0.21    0.18   37.33 ^ wire129/X (sky130_fd_sc_hd__buf_6)
     2    0.10                           net5945 (net)
                  0.22    0.03   37.36 ^ clkbuf_0_net6023/A (sky130_fd_sc_hd__clkbuf_16)
                  0.10    0.22   37.57 ^ clkbuf_0_net6023/X (sky130_fd_sc_hd__clkbuf_16)
     4    0.08                           clknet_0_net6023 (net)
                  0.11    0.02   37.59 ^ clkbuf_1_1__f_net6023/A (sky130_fd_sc_hd__clkbuf_16)
                  0.07    0.16   37.75 ^ clkbuf_1_1__f_net6023/X (sky130_fd_sc_hd__clkbuf_16)
     2    0.05                           clknet_1_1__leaf_net6023 (net)
                  0.07    0.01   37.76 ^ wire10/A (sky130_fd_sc_hd__buf_6)
                  0.11    0.15   37.91 ^ wire10/X (sky130_fd_sc_hd__buf_6)
     2    0.05                           net6022 (net)
                  0.11    0.01   37.92 ^ _0666_/C (sky130_fd_sc_hd__and3_4)
                  0.13    0.25   38.17 ^ _0666_/X (sky130_fd_sc_hd__and3_4)
     2    0.04                           _0003_ (net)
                  0.13    0.00   38.17 ^ wire5/A (sky130_fd_sc_hd__buf_6)
                  0.08    0.15   38.32 ^ wire5/X (sky130_fd_sc_hd__buf_6)
     2    0.04                           net6017 (net)
                  0.08    0.01   38.33 ^ wire4/A (sky130_fd_sc_hd__buf_12)
                  0.23    0.22   38.55 ^ wire4/X (sky130_fd_sc_hd__buf_12)
     2    0.20                           net6016 (net)
                  0.24    0.03   38.58 ^ user_projects[3].genblk1.user_project/wb_clk_i (user_project)
                         -0.10   38.48   clock uncertainty
                          0.00   38.48   clock reconvergence pessimism
                         -2.77   35.71   library recovery time
                                 35.71   data required time
-----------------------------------------------------------------------------
                                 35.71   data required time
                                -13.92   data arrival time
-----------------------------------------------------------------------------
                                 21.79   slack (MET)


Startpoint: user_projects[3].genblk1.user_project
            (rising edge-triggered flip-flop clocked by clk)
Endpoint: wbs_ack_o (output port clocked by clk)
Path Group: clk
Path Type: max

Fanout     Cap    Slew   Delay    Time   Description
-----------------------------------------------------------------------------
                          0.00    0.00   clock clk (rise edge)
                          7.25    7.25   clock source latency
                  1.16    0.00    7.25 ^ wb_clk_i (in)
     2    0.02                           wb_clk_i (net)
                  1.16    0.00    7.25 ^ wire3/A (sky130_fd_sc_hd__buf_6)
                  0.07    0.23    7.48 ^ wire3/X (sky130_fd_sc_hd__buf_6)
     1    0.02                           net6015 (net)
                  0.07    0.00    7.48 ^ wire2/A (sky130_fd_sc_hd__buf_8)
                  0.04    0.11    7.59 ^ wire2/X (sky130_fd_sc_hd__buf_8)
     1    0.02                           net6014 (net)
                  0.04    0.00    7.59 ^ wire1/A (sky130_fd_sc_hd__buf_8)
                  0.05    0.11    7.70 ^ wire1/X (sky130_fd_sc_hd__buf_8)
     2    0.03                           net6013 (net)
                  0.05    0.00    7.70 ^ clkbuf_0_wb_clk_i/A (sky130_fd_sc_hd__clkbuf_16)
                  0.09    0.17    7.87 ^ clkbuf_0_wb_clk_i/X (sky130_fd_sc_hd__clkbuf_16)
     4    0.08                           clknet_0_wb_clk_i (net)
                  0.10    0.02    7.89 ^ clkbuf_1_1_0_wb_clk_i/A (sky130_fd_sc_hd__clkbuf_4)
                  0.18    0.26    8.14 ^ clkbuf_1_1_0_wb_clk_i/X (sky130_fd_sc_hd__clkbuf_4)
     2    0.06                           clknet_1_1_0_wb_clk_i (net)
                  0.19    0.02    8.16 ^ wire11/A (sky130_fd_sc_hd__buf_8)
                  0.11    0.18    8.34 ^ wire11/X (sky130_fd_sc_hd__buf_8)
     2    0.06                           net6023 (net)
                  0.12    0.02    8.36 ^ wire86/A (sky130_fd_sc_hd__buf_6)
                  0.03    0.12    8.48 ^ wire86/X (sky130_fd_sc_hd__buf_6)
     1    0.01                           net5914 (net)
                  0.03    0.00    8.48 ^ wire129/A (sky130_fd_sc_hd__buf_6)
                  0.21    0.20    8.68 ^ wire129/X (sky130_fd_sc_hd__buf_6)
     2    0.10                           net5945 (net)
                  0.22    0.03    8.71 ^ clkbuf_0_net6023/A (sky130_fd_sc_hd__clkbuf_16)
                  0.10    0.23    8.95 ^ clkbuf_0_net6023/X (sky130_fd_sc_hd__clkbuf_16)
     4    0.08                           clknet_0_net6023 (net)
                  0.11    0.02    8.96 ^ clkbuf_1_1__f_net6023/A (sky130_fd_sc_hd__clkbuf_16)
                  0.07    0.17    9.14 ^ clkbuf_1_1__f_net6023/X (sky130_fd_sc_hd__clkbuf_16)
     2    0.05                           clknet_1_1__leaf_net6023 (net)
                  0.07    0.01    9.15 ^ wire10/A (sky130_fd_sc_hd__buf_6)
                  0.11    0.16    9.31 ^ wire10/X (sky130_fd_sc_hd__buf_6)
     2    0.05                           net6022 (net)
                  0.11    0.01    9.31 ^ _0666_/C (sky130_fd_sc_hd__and3_4)
                  0.13    0.27    9.59 ^ _0666_/X (sky130_fd_sc_hd__and3_4)
     2    0.04                           _0003_ (net)
                  0.13    0.00    9.59 ^ wire5/A (sky130_fd_sc_hd__buf_6)
                  0.08    0.16    9.75 ^ wire5/X (sky130_fd_sc_hd__buf_6)
     2    0.04                           net6017 (net)
                  0.08    0.01    9.76 ^ wire4/A (sky130_fd_sc_hd__buf_12)
                  0.23    0.24   10.00 ^ wire4/X (sky130_fd_sc_hd__buf_12)
     2    0.20                           net6016 (net)
                  0.24    0.03   10.03 ^ user_projects[3].genblk1.user_project/wb_clk_i (user_project)
                  0.56   10.02   20.05 ^ user_projects[3].genblk1.user_project/wbs_ack_o (user_project)
     2    0.06                           proj_wbs_ack_o[3] (net)
                  0.56    0.01   20.06 ^ wire5083/A (sky130_fd_sc_hd__clkbuf_4)
                  0.14    0.35   20.41 ^ wire5083/X (sky130_fd_sc_hd__clkbuf_4)
     2    0.04                           net6574 (net)
                  0.14    0.01   20.42 ^ wire55/A (sky130_fd_sc_hd__clkbuf_4)
                  0.14    0.24   20.66 ^ wire55/X (sky130_fd_sc_hd__clkbuf_4)
     2    0.04                           net6073 (net)
                  0.14    0.01   20.67 ^ wire3627/A (sky130_fd_sc_hd__buf_4)
                  0.13    0.21   20.89 ^ wire3627/X (sky130_fd_sc_hd__buf_4)
     2    0.05                           net3627 (net)
                  0.13    0.01   20.89 ^ wire3626/A (sky130_fd_sc_hd__buf_6)
                  0.10    0.17   21.07 ^ wire3626/X (sky130_fd_sc_hd__buf_6)
     2    0.05                           net3626 (net)
                  0.10    0.01   21.08 ^ wire3625/A (sky130_fd_sc_hd__buf_6)
                  0.10    0.16   21.24 ^ wire3625/X (sky130_fd_sc_hd__buf_6)
     2    0.05                           net3625 (net)
                  0.10    0.01   21.25 ^ wire3624/A (sky130_fd_sc_hd__buf_6)
                  0.11    0.16   21.41 ^ wire3624/X (sky130_fd_sc_hd__buf_6)
     2    0.05                           net3624 (net)
                  0.11    0.01   21.42 ^ wire3623/A (sky130_fd_sc_hd__buf_6)
                  0.26    0.26   21.68 ^ wire3623/X (sky130_fd_sc_hd__buf_6)
     2    0.13                           net3623 (net)
                  0.28    0.05   21.73 ^ wire3622/A (sky130_fd_sc_hd__buf_6)
                  0.10    0.20   21.94 ^ wire3622/X (sky130_fd_sc_hd__buf_6)
     2    0.05                           net3622 (net)
                  0.10    0.01   21.94 ^ _1028_/C (sky130_fd_sc_hd__nand3_4)
                  0.16    0.16   22.10 v _1028_/Y (sky130_fd_sc_hd__nand3_4)
     2    0.04                           _0066_ (net)
                  0.16    0.00   22.11 v wire3230/A (sky130_fd_sc_hd__buf_6)
                  0.05    0.20   22.31 v wire3230/X (sky130_fd_sc_hd__buf_6)
     2    0.04                           net3230 (net)
                  0.05    0.01   22.31 v wire3229/A (sky130_fd_sc_hd__buf_6)
                  0.05    0.15   22.46 v wire3229/X (sky130_fd_sc_hd__buf_6)
     2    0.04                           net3229 (net)
                  0.05    0.01   22.47 v _1030_/A2 (sky130_fd_sc_hd__a31oi_4)
                  0.25    0.26   22.73 ^ _1030_/Y (sky130_fd_sc_hd__a31oi_4)
     2    0.02                           net283 (net)
                  0.25    0.00   22.73 ^ wire401/A (sky130_fd_sc_hd__clkbuf_4)
                  0.09    0.25   22.98 ^ wire401/X (sky130_fd_sc_hd__clkbuf_4)
     1    0.03                           net401 (net)
                  0.09    0.00   22.98 ^ wire400/A (sky130_fd_sc_hd__buf_6)
                  0.06    0.13   23.12 ^ wire400/X (sky130_fd_sc_hd__buf_6)
     1    0.03                           net400 (net)
                  0.06    0.00   23.12 ^ wire399/A (sky130_fd_sc_hd__buf_6)
                  0.05    0.12   23.24 ^ wire399/X (sky130_fd_sc_hd__buf_6)
     1    0.02                           net399 (net)
                  0.05    0.00   23.24 ^ output283/A (sky130_fd_sc_hd__buf_6)
                  0.08    0.13   23.37 ^ output283/X (sky130_fd_sc_hd__buf_6)
     2    0.03                           net6416 (net)
                  0.08    0.00   23.38 ^ output458/A (sky130_fd_sc_hd__buf_12)
                  0.21    0.23   23.60 ^ output458/X (sky130_fd_sc_hd__buf_12)
     1    0.16                           wbs_ack_o (net)
                  0.21    0.02   23.63 ^ wbs_ack_o (out)
                                 23.63   data arrival time

                         30.00   30.00   clock clk (rise edge)
                          6.00   36.00   clock network delay (propagated)
                         -0.10   35.90   clock uncertainty
                          0.00   35.90   clock reconvergence pessimism
                         -8.21   27.69   output external delay
                                 27.69   data required time
-----------------------------------------------------------------------------
                                 27.69   data required time
                                -23.63   data arrival time
-----------------------------------------------------------------------------
                                  4.06   slack (MET)



===========================================================================
report_checks --slack_max -0.01
============================================================================
No paths found.
