
===========================================================================
report_checks -path_delay max (Setup)
============================================================================
Startpoint: wbs_cyc_i (input port clocked by clk)
Endpoint: _620_ (rising edge-triggered flip-flop clocked by clk)
Path Group: clk
Path Type: max

Fanout     Cap    Slew   Delay    Time   Description
-----------------------------------------------------------------------------
                          0.00    0.00   clock clk (rise edge)
                          6.00    6.00   clock network delay (propagated)
                         10.00   16.00 ^ input external delay
                  0.44    0.00   16.00 ^ wbs_cyc_i (in)
     2    0.00                           wbs_cyc_i (net)
                  0.44    0.00   16.00 ^ hold522/A (sky130_fd_sc_hd__dlygate4sd3_1)
                  0.05    0.66   16.66 ^ hold522/X (sky130_fd_sc_hd__dlygate4sd3_1)
     1    0.00                           net942 (net)
                  0.05    0.00   16.66 ^ input66/A (sky130_fd_sc_hd__clkbuf_1)
                  0.11    0.14   16.80 ^ input66/X (sky130_fd_sc_hd__clkbuf_1)
     1    0.01                           net66 (net)
                  0.11    0.00   16.80 ^ hold523/A (sky130_fd_sc_hd__dlygate4sd3_1)
                  0.11    0.65   17.45 ^ hold523/X (sky130_fd_sc_hd__dlygate4sd3_1)
     1    0.01                           net943 (net)
                  0.11    0.00   17.45 ^ _285_/B (sky130_fd_sc_hd__nand2_1)
                  0.04    0.06   17.51 v _285_/Y (sky130_fd_sc_hd__nand2_1)
     1    0.00                           _064_ (net)
                  0.04    0.00   17.51 v hold524/A (sky130_fd_sc_hd__dlygate4sd3_1)
                  0.05    0.58   18.09 v hold524/X (sky130_fd_sc_hd__dlygate4sd3_1)
     1    0.00                           net944 (net)
                  0.05    0.00   18.09 v hold123/A (sky130_fd_sc_hd__clkdlybuf4s50_1)
                  0.04    0.44   18.54 v hold123/X (sky130_fd_sc_hd__clkdlybuf4s50_1)
     1    0.00                           net543 (net)
                  0.04    0.00   18.54 v hold525/A (sky130_fd_sc_hd__dlygate4sd3_1)
                  0.06    0.61   19.14 v hold525/X (sky130_fd_sc_hd__dlygate4sd3_1)
     1    0.01                           net945 (net)
                  0.06    0.00   19.14 v wire336/A (sky130_fd_sc_hd__buf_6)
                  0.03    0.14   19.28 v wire336/X (sky130_fd_sc_hd__buf_6)
     2    0.01                           net336 (net)
                  0.03    0.00   19.28 v hold526/A (sky130_fd_sc_hd__dlygate4sd3_1)
                  0.12    0.68   19.96 v hold526/X (sky130_fd_sc_hd__dlygate4sd3_1)
     1    0.02                           net946 (net)
                  0.12    0.00   19.96 v hold124/A (sky130_fd_sc_hd__buf_8)
                  0.11    0.21   20.17 v hold124/X (sky130_fd_sc_hd__buf_8)
    10    0.15                           net544 (net)
                  0.16    0.07   20.24 v _360_/B1_N (sky130_fd_sc_hd__a21bo_1)
                  0.10    0.28   20.52 ^ _360_/X (sky130_fd_sc_hd__a21bo_1)
     1    0.01                           _108_ (net)
                  0.10    0.00   20.52 ^ hold543/A (sky130_fd_sc_hd__dlygate4sd3_1)
                  0.12    0.66   21.18 ^ hold543/X (sky130_fd_sc_hd__dlygate4sd3_1)
     1    0.01                           net963 (net)
                  0.12    0.00   21.18 ^ hold453/A (sky130_fd_sc_hd__clkbuf_2)
                  0.06    0.15   21.34 ^ hold453/X (sky130_fd_sc_hd__clkbuf_2)
     1    0.01                           net873 (net)
                  0.06    0.00   21.34 ^ hold544/A (sky130_fd_sc_hd__dlygate4sd3_1)
                  0.22    0.73   22.06 ^ hold544/X (sky130_fd_sc_hd__dlygate4sd3_1)
     3    0.02                           net964 (net)
                  0.22    0.00   22.07 ^ _396_/B (sky130_fd_sc_hd__nand4_1)
                  0.10    0.15   22.21 v _396_/Y (sky130_fd_sc_hd__nand4_1)
     1    0.00                           _141_ (net)
                  0.10    0.00   22.21 v hold502/A (sky130_fd_sc_hd__dlygate4sd3_1)
                  0.06    0.64   22.85 v hold502/X (sky130_fd_sc_hd__dlygate4sd3_1)
     1    0.01                           net922 (net)
                  0.06    0.00   22.85 v hold252/A (sky130_fd_sc_hd__clkbuf_2)
                  0.03    0.12   22.96 v hold252/X (sky130_fd_sc_hd__clkbuf_2)
     1    0.00                           net672 (net)
                  0.03    0.00   22.96 v hold503/A (sky130_fd_sc_hd__dlygate4sd3_1)
                  0.17    0.72   23.69 v hold503/X (sky130_fd_sc_hd__dlygate4sd3_1)
     4    0.03                           net923 (net)
                  0.17    0.00   23.69 v _414_/D (sky130_fd_sc_hd__nor4_4)
                  0.56    0.50   24.19 ^ _414_/Y (sky130_fd_sc_hd__nor4_4)
     5    0.04                           _156_ (net)
                  0.56    0.00   24.19 ^ _436_/D (sky130_fd_sc_hd__and4_2)
                  0.23    0.50   24.69 ^ _436_/X (sky130_fd_sc_hd__and4_2)
     4    0.04                           _175_ (net)
                  0.23    0.01   24.70 ^ _453_/D (sky130_fd_sc_hd__and4_4)
                  0.17    0.40   25.10 ^ _453_/X (sky130_fd_sc_hd__and4_4)
     3    0.05                           _189_ (net)
                  0.17    0.01   25.10 ^ wire210/A (sky130_fd_sc_hd__buf_12)
                  0.18    0.21   25.31 ^ wire210/X (sky130_fd_sc_hd__buf_12)
    10    0.16                           net210 (net)
                  0.24    0.09   25.40 ^ _470_/D (sky130_fd_sc_hd__and4_4)
                  0.25    0.45   25.86 ^ _470_/X (sky130_fd_sc_hd__and4_4)
     2    0.08                           _203_ (net)
                  0.25    0.03   25.88 ^ wire208/A (sky130_fd_sc_hd__buf_12)
                  0.16    0.22   26.10 ^ wire208/X (sky130_fd_sc_hd__buf_12)
    10    0.13                           net208 (net)
                  0.21    0.07   26.18 ^ _492_/D (sky130_fd_sc_hd__and4_4)
                  0.21    0.42   26.59 ^ _492_/X (sky130_fd_sc_hd__and4_4)
     7    0.06                           _222_ (net)
                  0.21    0.01   26.61 ^ _516_/C (sky130_fd_sc_hd__and4_4)
                  0.16    0.38   26.98 ^ _516_/X (sky130_fd_sc_hd__and4_4)
     2    0.04                           _242_ (net)
                  0.16    0.01   26.99 ^ wire200/A (sky130_fd_sc_hd__buf_8)
                  0.22    0.24   27.23 ^ wire200/X (sky130_fd_sc_hd__buf_8)
    12    0.13                           net200 (net)
                  0.24    0.06   27.28 ^ _540_/C (sky130_fd_sc_hd__and4_2)
                  0.17    0.39   27.68 ^ _540_/X (sky130_fd_sc_hd__and4_2)
     1    0.03                           _262_ (net)
                  0.17    0.00   27.68 ^ wire196/A (sky130_fd_sc_hd__buf_8)
                  0.19    0.23   27.91 ^ wire196/X (sky130_fd_sc_hd__buf_8)
    12    0.12                           net196 (net)
                  0.21    0.05   27.96 ^ _546_/B (sky130_fd_sc_hd__nand2_1)
                  0.11    0.14   28.10 v _546_/Y (sky130_fd_sc_hd__nand2_1)
     1    0.01                           _267_ (net)
                  0.11    0.00   28.10 v _547_/B1 (sky130_fd_sc_hd__o211a_1)
                  0.07    0.20   28.31 v _547_/X (sky130_fd_sc_hd__o211a_1)
     1    0.01                           _268_ (net)
                  0.07    0.00   28.31 v hold479/A (sky130_fd_sc_hd__dlygate4sd3_1)
                  0.11    0.68   28.99 v hold479/X (sky130_fd_sc_hd__dlygate4sd3_1)
     1    0.02                           net899 (net)
                  0.11    0.00   28.99 v _550_/A1 (sky130_fd_sc_hd__o21a_1)
                  0.04    0.23   29.22 v _550_/X (sky130_fd_sc_hd__o21a_1)
     1    0.00                           _058_ (net)
                  0.04    0.00   29.22 v hold480/A (sky130_fd_sc_hd__dlygate4sd3_1)
                  0.06    0.60   29.81 v hold480/X (sky130_fd_sc_hd__dlygate4sd3_1)
     1    0.00                           net900 (net)
                  0.06    0.00   29.81 v hold245/A (sky130_fd_sc_hd__clkdlybuf4s25_1)
                  0.04    0.26   30.08 v hold245/X (sky130_fd_sc_hd__clkdlybuf4s25_1)
     1    0.00                           net665 (net)
                  0.04    0.00   30.08 v hold481/A (sky130_fd_sc_hd__dlygate4sd3_1)
                  0.06    0.60   30.67 v hold481/X (sky130_fd_sc_hd__dlygate4sd3_1)
     1    0.00                           net901 (net)
                  0.06    0.00   30.68 v hold29/A (sky130_fd_sc_hd__clkdlybuf4s25_1)
                  0.04    0.27   30.94 v hold29/X (sky130_fd_sc_hd__clkdlybuf4s25_1)
     1    0.00                           net449 (net)
                  0.04    0.00   30.94 v hold482/A (sky130_fd_sc_hd__dlygate4sd3_1)
                  0.06    0.59   31.54 v hold482/X (sky130_fd_sc_hd__dlygate4sd3_1)
     1    0.00                           net902 (net)
                  0.06    0.00   31.54 v hold246/A (sky130_fd_sc_hd__clkdlybuf4s25_1)
                  0.05    0.27   31.81 v hold246/X (sky130_fd_sc_hd__clkdlybuf4s25_1)
     1    0.00                           net666 (net)
                  0.05    0.00   31.81 v hold483/A (sky130_fd_sc_hd__dlygate4sd3_1)
                  0.06    0.60   32.41 v hold483/X (sky130_fd_sc_hd__dlygate4sd3_1)
     1    0.00                           net903 (net)
                  0.06    0.00   32.41 v _620_/D (sky130_fd_sc_hd__dfxtp_4)
                                 32.41   data arrival time

                         30.00   30.00   clock clk (rise edge)
                          4.50   34.50   clock source latency
                  0.60    0.00   34.50 ^ wb_clk_i (in)
     2    0.02                           wb_clk_i (net)
                  0.60    0.00   34.50 ^ _280_/A1 (sky130_fd_sc_hd__mux2_2)
                  0.12    0.32   34.82 ^ _280_/X (sky130_fd_sc_hd__mux2_2)
     2    0.02                           _061_ (net)
                  0.12    0.00   34.82 ^ _281_/A (sky130_fd_sc_hd__buf_1)
                  0.68    0.49   35.31 ^ _281_/X (sky130_fd_sc_hd__buf_1)
     2    0.06                           count.clk (net)
                  0.68    0.01   35.33 ^ wire1/A (sky130_fd_sc_hd__buf_8)
                  0.11    0.21   35.54 ^ wire1/X (sky130_fd_sc_hd__buf_8)
     2    0.06                           net418 (net)
                  0.11    0.01   35.56 ^ clkbuf_0_count.clk/A (sky130_fd_sc_hd__clkbuf_16)
                  0.08    0.16   35.72 ^ clkbuf_0_count.clk/X (sky130_fd_sc_hd__clkbuf_16)
     8    0.06                           clknet_0_count.clk (net)
                  0.08    0.01   35.73 ^ clkbuf_3_1_0_count.clk/A (sky130_fd_sc_hd__clkbuf_4)
                  0.15    0.21   35.93 ^ clkbuf_3_1_0_count.clk/X (sky130_fd_sc_hd__clkbuf_4)
     9    0.05                           clknet_3_1_0_count.clk (net)
                  0.15    0.00   35.94 ^ _620_/CLK (sky130_fd_sc_hd__dfxtp_4)
                         -0.30   35.64   clock uncertainty
                          0.00   35.64   clock reconvergence pessimism
                         -0.09   35.54   library setup time
                                 35.54   data required time
-----------------------------------------------------------------------------
                                 35.54   data required time
                                -32.41   data arrival time
-----------------------------------------------------------------------------
                                  3.13   slack (MET)


Startpoint: wbs_cyc_i (input port clocked by clk)
Endpoint: _618_ (rising edge-triggered flip-flop clocked by clk)
Path Group: clk
Path Type: max

Fanout     Cap    Slew   Delay    Time   Description
-----------------------------------------------------------------------------
                          0.00    0.00   clock clk (rise edge)
                          6.00    6.00   clock network delay (propagated)
                         10.00   16.00 ^ input external delay
                  0.44    0.00   16.00 ^ wbs_cyc_i (in)
     2    0.00                           wbs_cyc_i (net)
                  0.44    0.00   16.00 ^ hold522/A (sky130_fd_sc_hd__dlygate4sd3_1)
                  0.05    0.66   16.66 ^ hold522/X (sky130_fd_sc_hd__dlygate4sd3_1)
     1    0.00                           net942 (net)
                  0.05    0.00   16.66 ^ input66/A (sky130_fd_sc_hd__clkbuf_1)
                  0.11    0.14   16.80 ^ input66/X (sky130_fd_sc_hd__clkbuf_1)
     1    0.01                           net66 (net)
                  0.11    0.00   16.80 ^ hold523/A (sky130_fd_sc_hd__dlygate4sd3_1)
                  0.11    0.65   17.45 ^ hold523/X (sky130_fd_sc_hd__dlygate4sd3_1)
     1    0.01                           net943 (net)
                  0.11    0.00   17.45 ^ _285_/B (sky130_fd_sc_hd__nand2_1)
                  0.04    0.06   17.51 v _285_/Y (sky130_fd_sc_hd__nand2_1)
     1    0.00                           _064_ (net)
                  0.04    0.00   17.51 v hold524/A (sky130_fd_sc_hd__dlygate4sd3_1)
                  0.05    0.58   18.09 v hold524/X (sky130_fd_sc_hd__dlygate4sd3_1)
     1    0.00                           net944 (net)
                  0.05    0.00   18.09 v hold123/A (sky130_fd_sc_hd__clkdlybuf4s50_1)
                  0.04    0.44   18.54 v hold123/X (sky130_fd_sc_hd__clkdlybuf4s50_1)
     1    0.00                           net543 (net)
                  0.04    0.00   18.54 v hold525/A (sky130_fd_sc_hd__dlygate4sd3_1)
                  0.06    0.61   19.14 v hold525/X (sky130_fd_sc_hd__dlygate4sd3_1)
     1    0.01                           net945 (net)
                  0.06    0.00   19.14 v wire336/A (sky130_fd_sc_hd__buf_6)
                  0.03    0.14   19.28 v wire336/X (sky130_fd_sc_hd__buf_6)
     2    0.01                           net336 (net)
                  0.03    0.00   19.28 v hold526/A (sky130_fd_sc_hd__dlygate4sd3_1)
                  0.12    0.68   19.96 v hold526/X (sky130_fd_sc_hd__dlygate4sd3_1)
     1    0.02                           net946 (net)
                  0.12    0.00   19.96 v hold124/A (sky130_fd_sc_hd__buf_8)
                  0.11    0.21   20.17 v hold124/X (sky130_fd_sc_hd__buf_8)
    10    0.15                           net544 (net)
                  0.16    0.07   20.24 v _360_/B1_N (sky130_fd_sc_hd__a21bo_1)
                  0.10    0.28   20.52 ^ _360_/X (sky130_fd_sc_hd__a21bo_1)
     1    0.01                           _108_ (net)
                  0.10    0.00   20.52 ^ hold543/A (sky130_fd_sc_hd__dlygate4sd3_1)
                  0.12    0.66   21.18 ^ hold543/X (sky130_fd_sc_hd__dlygate4sd3_1)
     1    0.01                           net963 (net)
                  0.12    0.00   21.18 ^ hold453/A (sky130_fd_sc_hd__clkbuf_2)
                  0.06    0.15   21.34 ^ hold453/X (sky130_fd_sc_hd__clkbuf_2)
     1    0.01                           net873 (net)
                  0.06    0.00   21.34 ^ hold544/A (sky130_fd_sc_hd__dlygate4sd3_1)
                  0.22    0.73   22.06 ^ hold544/X (sky130_fd_sc_hd__dlygate4sd3_1)
     3    0.02                           net964 (net)
                  0.22    0.00   22.07 ^ _396_/B (sky130_fd_sc_hd__nand4_1)
                  0.10    0.15   22.21 v _396_/Y (sky130_fd_sc_hd__nand4_1)
     1    0.00                           _141_ (net)
                  0.10    0.00   22.21 v hold502/A (sky130_fd_sc_hd__dlygate4sd3_1)
                  0.06    0.64   22.85 v hold502/X (sky130_fd_sc_hd__dlygate4sd3_1)
     1    0.01                           net922 (net)
                  0.06    0.00   22.85 v hold252/A (sky130_fd_sc_hd__clkbuf_2)
                  0.03    0.12   22.96 v hold252/X (sky130_fd_sc_hd__clkbuf_2)
     1    0.00                           net672 (net)
                  0.03    0.00   22.96 v hold503/A (sky130_fd_sc_hd__dlygate4sd3_1)
                  0.17    0.72   23.69 v hold503/X (sky130_fd_sc_hd__dlygate4sd3_1)
     4    0.03                           net923 (net)
                  0.17    0.00   23.69 v _414_/D (sky130_fd_sc_hd__nor4_4)
                  0.56    0.50   24.19 ^ _414_/Y (sky130_fd_sc_hd__nor4_4)
     5    0.04                           _156_ (net)
                  0.56    0.00   24.19 ^ _436_/D (sky130_fd_sc_hd__and4_2)
                  0.23    0.50   24.69 ^ _436_/X (sky130_fd_sc_hd__and4_2)
     4    0.04                           _175_ (net)
                  0.23    0.01   24.70 ^ _453_/D (sky130_fd_sc_hd__and4_4)
                  0.17    0.40   25.10 ^ _453_/X (sky130_fd_sc_hd__and4_4)
     3    0.05                           _189_ (net)
                  0.17    0.01   25.10 ^ wire210/A (sky130_fd_sc_hd__buf_12)
                  0.18    0.21   25.31 ^ wire210/X (sky130_fd_sc_hd__buf_12)
    10    0.16                           net210 (net)
                  0.24    0.09   25.40 ^ _470_/D (sky130_fd_sc_hd__and4_4)
                  0.25    0.45   25.86 ^ _470_/X (sky130_fd_sc_hd__and4_4)
     2    0.08                           _203_ (net)
                  0.25    0.03   25.88 ^ wire208/A (sky130_fd_sc_hd__buf_12)
                  0.16    0.22   26.10 ^ wire208/X (sky130_fd_sc_hd__buf_12)
    10    0.13                           net208 (net)
                  0.21    0.07   26.18 ^ _492_/D (sky130_fd_sc_hd__and4_4)
                  0.21    0.42   26.59 ^ _492_/X (sky130_fd_sc_hd__and4_4)
     7    0.06                           _222_ (net)
                  0.21    0.01   26.61 ^ _516_/C (sky130_fd_sc_hd__and4_4)
                  0.16    0.38   26.98 ^ _516_/X (sky130_fd_sc_hd__and4_4)
     2    0.04                           _242_ (net)
                  0.16    0.01   26.99 ^ wire200/A (sky130_fd_sc_hd__buf_8)
                  0.22    0.24   27.23 ^ wire200/X (sky130_fd_sc_hd__buf_8)
    12    0.13                           net200 (net)
                  0.24    0.06   27.29 ^ _521_/B (sky130_fd_sc_hd__nand2_1)
                  0.07    0.11   27.40 v _521_/Y (sky130_fd_sc_hd__nand2_1)
     1    0.01                           _246_ (net)
                  0.07    0.00   27.40 v wire199/A (sky130_fd_sc_hd__buf_6)
                  0.09    0.19   27.59 v wire199/X (sky130_fd_sc_hd__buf_6)
     4    0.10                           net199 (net)
                  0.12    0.04   27.63 v _535_/A (sky130_fd_sc_hd__or2b_2)
                  0.14    0.46   28.09 v _535_/X (sky130_fd_sc_hd__or2b_2)
     2    0.04                           _258_ (net)
                  0.14    0.01   28.10 v _536_/C1 (sky130_fd_sc_hd__o211a_1)
                  0.14    0.26   28.36 v _536_/X (sky130_fd_sc_hd__o211a_1)
     1    0.03                           _259_ (net)
                  0.14    0.00   28.37 v _539_/A1 (sky130_fd_sc_hd__o21a_1)
                  0.04    0.24   28.60 v _539_/X (sky130_fd_sc_hd__o21a_1)
     1    0.00                           _056_ (net)
                  0.04    0.00   28.60 v hold518/A (sky130_fd_sc_hd__dlygate4sd3_1)
                  0.07    0.61   29.21 v hold518/X (sky130_fd_sc_hd__dlygate4sd3_1)
     1    0.01                           net938 (net)
                  0.07    0.00   29.21 v hold261/A (sky130_fd_sc_hd__clkdlybuf4s25_1)
                  0.04    0.27   29.49 v hold261/X (sky130_fd_sc_hd__clkdlybuf4s25_1)
     1    0.00                           net681 (net)
                  0.04    0.00   29.49 v hold519/A (sky130_fd_sc_hd__dlygate4sd3_1)
                  0.06    0.60   30.09 v hold519/X (sky130_fd_sc_hd__dlygate4sd3_1)
     1    0.00                           net939 (net)
                  0.06    0.00   30.09 v hold21/A (sky130_fd_sc_hd__clkdlybuf4s25_1)
                  0.05    0.28   30.37 v hold21/X (sky130_fd_sc_hd__clkdlybuf4s25_1)
     1    0.00                           net441 (net)
                  0.05    0.00   30.37 v hold520/A (sky130_fd_sc_hd__dlygate4sd3_1)
                  0.05    0.59   30.96 v hold520/X (sky130_fd_sc_hd__dlygate4sd3_1)
     1    0.00                           net940 (net)
                  0.05    0.00   30.96 v hold262/A (sky130_fd_sc_hd__clkdlybuf4s25_1)
                  0.04    0.27   31.23 v hold262/X (sky130_fd_sc_hd__clkdlybuf4s25_1)
     1    0.00                           net682 (net)
                  0.04    0.00   31.23 v hold521/A (sky130_fd_sc_hd__dlygate4sd3_1)
                  0.06    0.60   31.82 v hold521/X (sky130_fd_sc_hd__dlygate4sd3_1)
     1    0.00                           net941 (net)
                  0.06    0.00   31.82 v _618_/D (sky130_fd_sc_hd__dfxtp_4)
                                 31.82   data arrival time

                         30.00   30.00   clock clk (rise edge)
                          4.50   34.50   clock source latency
                  0.60    0.00   34.50 ^ wb_clk_i (in)
     2    0.02                           wb_clk_i (net)
                  0.60    0.00   34.50 ^ _280_/A1 (sky130_fd_sc_hd__mux2_2)
                  0.12    0.32   34.82 ^ _280_/X (sky130_fd_sc_hd__mux2_2)
     2    0.02                           _061_ (net)
                  0.12    0.00   34.82 ^ _281_/A (sky130_fd_sc_hd__buf_1)
                  0.68    0.49   35.31 ^ _281_/X (sky130_fd_sc_hd__buf_1)
     2    0.06                           count.clk (net)
                  0.68    0.01   35.33 ^ wire1/A (sky130_fd_sc_hd__buf_8)
                  0.11    0.21   35.54 ^ wire1/X (sky130_fd_sc_hd__buf_8)
     2    0.06                           net418 (net)
                  0.11    0.01   35.56 ^ clkbuf_0_count.clk/A (sky130_fd_sc_hd__clkbuf_16)
                  0.08    0.16   35.72 ^ clkbuf_0_count.clk/X (sky130_fd_sc_hd__clkbuf_16)
     8    0.06                           clknet_0_count.clk (net)
                  0.08    0.01   35.73 ^ clkbuf_3_1_0_count.clk/A (sky130_fd_sc_hd__clkbuf_4)
                  0.15    0.21   35.93 ^ clkbuf_3_1_0_count.clk/X (sky130_fd_sc_hd__clkbuf_4)
     9    0.05                           clknet_3_1_0_count.clk (net)
                  0.15    0.00   35.93 ^ _618_/CLK (sky130_fd_sc_hd__dfxtp_4)
                         -0.30   35.63   clock uncertainty
                          0.00   35.63   clock reconvergence pessimism
                         -0.09   35.54   library setup time
                                 35.54   data required time
-----------------------------------------------------------------------------
                                 35.54   data required time
                                -31.82   data arrival time
-----------------------------------------------------------------------------
                                  3.72   slack (MET)


Startpoint: wbs_cyc_i (input port clocked by clk)
Endpoint: _621_ (rising edge-triggered flip-flop clocked by clk)
Path Group: clk
Path Type: max

Fanout     Cap    Slew   Delay    Time   Description
-----------------------------------------------------------------------------
                          0.00    0.00   clock clk (rise edge)
                          6.00    6.00   clock network delay (propagated)
                         10.00   16.00 ^ input external delay
                  0.44    0.00   16.00 ^ wbs_cyc_i (in)
     2    0.00                           wbs_cyc_i (net)
                  0.44    0.00   16.00 ^ hold522/A (sky130_fd_sc_hd__dlygate4sd3_1)
                  0.05    0.66   16.66 ^ hold522/X (sky130_fd_sc_hd__dlygate4sd3_1)
     1    0.00                           net942 (net)
                  0.05    0.00   16.66 ^ input66/A (sky130_fd_sc_hd__clkbuf_1)
                  0.11    0.14   16.80 ^ input66/X (sky130_fd_sc_hd__clkbuf_1)
     1    0.01                           net66 (net)
                  0.11    0.00   16.80 ^ hold523/A (sky130_fd_sc_hd__dlygate4sd3_1)
                  0.11    0.65   17.45 ^ hold523/X (sky130_fd_sc_hd__dlygate4sd3_1)
     1    0.01                           net943 (net)
                  0.11    0.00   17.45 ^ _285_/B (sky130_fd_sc_hd__nand2_1)
                  0.04    0.06   17.51 v _285_/Y (sky130_fd_sc_hd__nand2_1)
     1    0.00                           _064_ (net)
                  0.04    0.00   17.51 v hold524/A (sky130_fd_sc_hd__dlygate4sd3_1)
                  0.05    0.58   18.09 v hold524/X (sky130_fd_sc_hd__dlygate4sd3_1)
     1    0.00                           net944 (net)
                  0.05    0.00   18.09 v hold123/A (sky130_fd_sc_hd__clkdlybuf4s50_1)
                  0.04    0.44   18.54 v hold123/X (sky130_fd_sc_hd__clkdlybuf4s50_1)
     1    0.00                           net543 (net)
                  0.04    0.00   18.54 v hold525/A (sky130_fd_sc_hd__dlygate4sd3_1)
                  0.06    0.61   19.14 v hold525/X (sky130_fd_sc_hd__dlygate4sd3_1)
     1    0.01                           net945 (net)
                  0.06    0.00   19.14 v wire336/A (sky130_fd_sc_hd__buf_6)
                  0.03    0.14   19.28 v wire336/X (sky130_fd_sc_hd__buf_6)
     2    0.01                           net336 (net)
                  0.03    0.00   19.28 v hold526/A (sky130_fd_sc_hd__dlygate4sd3_1)
                  0.12    0.68   19.96 v hold526/X (sky130_fd_sc_hd__dlygate4sd3_1)
     1    0.02                           net946 (net)
                  0.12    0.00   19.96 v hold124/A (sky130_fd_sc_hd__buf_8)
                  0.11    0.21   20.17 v hold124/X (sky130_fd_sc_hd__buf_8)
    10    0.15                           net544 (net)
                  0.16    0.07   20.24 v _360_/B1_N (sky130_fd_sc_hd__a21bo_1)
                  0.10    0.28   20.52 ^ _360_/X (sky130_fd_sc_hd__a21bo_1)
     1    0.01                           _108_ (net)
                  0.10    0.00   20.52 ^ hold543/A (sky130_fd_sc_hd__dlygate4sd3_1)
                  0.12    0.66   21.18 ^ hold543/X (sky130_fd_sc_hd__dlygate4sd3_1)
     1    0.01                           net963 (net)
                  0.12    0.00   21.18 ^ hold453/A (sky130_fd_sc_hd__clkbuf_2)
                  0.06    0.15   21.34 ^ hold453/X (sky130_fd_sc_hd__clkbuf_2)
     1    0.01                           net873 (net)
                  0.06    0.00   21.34 ^ hold544/A (sky130_fd_sc_hd__dlygate4sd3_1)
                  0.22    0.73   22.06 ^ hold544/X (sky130_fd_sc_hd__dlygate4sd3_1)
     3    0.02                           net964 (net)
                  0.22    0.00   22.07 ^ _396_/B (sky130_fd_sc_hd__nand4_1)
                  0.10    0.15   22.21 v _396_/Y (sky130_fd_sc_hd__nand4_1)
     1    0.00                           _141_ (net)
                  0.10    0.00   22.21 v hold502/A (sky130_fd_sc_hd__dlygate4sd3_1)
                  0.06    0.64   22.85 v hold502/X (sky130_fd_sc_hd__dlygate4sd3_1)
     1    0.01                           net922 (net)
                  0.06    0.00   22.85 v hold252/A (sky130_fd_sc_hd__clkbuf_2)
                  0.03    0.12   22.96 v hold252/X (sky130_fd_sc_hd__clkbuf_2)
     1    0.00                           net672 (net)
                  0.03    0.00   22.96 v hold503/A (sky130_fd_sc_hd__dlygate4sd3_1)
                  0.17    0.72   23.69 v hold503/X (sky130_fd_sc_hd__dlygate4sd3_1)
     4    0.03                           net923 (net)
                  0.17    0.00   23.69 v _414_/D (sky130_fd_sc_hd__nor4_4)
                  0.56    0.50   24.19 ^ _414_/Y (sky130_fd_sc_hd__nor4_4)
     5    0.04                           _156_ (net)
                  0.56    0.00   24.19 ^ _436_/D (sky130_fd_sc_hd__and4_2)
                  0.23    0.50   24.69 ^ _436_/X (sky130_fd_sc_hd__and4_2)
     4    0.04                           _175_ (net)
                  0.23    0.01   24.70 ^ _453_/D (sky130_fd_sc_hd__and4_4)
                  0.17    0.40   25.10 ^ _453_/X (sky130_fd_sc_hd__and4_4)
     3    0.05                           _189_ (net)
                  0.17    0.01   25.10 ^ wire210/A (sky130_fd_sc_hd__buf_12)
                  0.18    0.21   25.31 ^ wire210/X (sky130_fd_sc_hd__buf_12)
    10    0.16                           net210 (net)
                  0.24    0.09   25.40 ^ _470_/D (sky130_fd_sc_hd__and4_4)
                  0.25    0.45   25.86 ^ _470_/X (sky130_fd_sc_hd__and4_4)
     2    0.08                           _203_ (net)
                  0.25    0.03   25.88 ^ wire208/A (sky130_fd_sc_hd__buf_12)
                  0.16    0.22   26.10 ^ wire208/X (sky130_fd_sc_hd__buf_12)
    10    0.13                           net208 (net)
                  0.21    0.07   26.18 ^ _492_/D (sky130_fd_sc_hd__and4_4)
                  0.21    0.42   26.59 ^ _492_/X (sky130_fd_sc_hd__and4_4)
     7    0.06                           _222_ (net)
                  0.21    0.01   26.61 ^ _516_/C (sky130_fd_sc_hd__and4_4)
                  0.16    0.38   26.98 ^ _516_/X (sky130_fd_sc_hd__and4_4)
     2    0.04                           _242_ (net)
                  0.16    0.01   26.99 ^ wire200/A (sky130_fd_sc_hd__buf_8)
                  0.22    0.24   27.23 ^ wire200/X (sky130_fd_sc_hd__buf_8)
    12    0.13                           net200 (net)
                  0.24    0.06   27.28 ^ _540_/C (sky130_fd_sc_hd__and4_2)
                  0.17    0.39   27.68 ^ _540_/X (sky130_fd_sc_hd__and4_2)
     1    0.03                           _262_ (net)
                  0.17    0.00   27.68 ^ wire196/A (sky130_fd_sc_hd__buf_8)
                  0.19    0.23   27.91 ^ wire196/X (sky130_fd_sc_hd__buf_8)
    12    0.12                           net196 (net)
                  0.21    0.05   27.96 ^ _551_/C (sky130_fd_sc_hd__nand3_2)
                  0.14    0.17   28.13 v _551_/Y (sky130_fd_sc_hd__nand3_2)
     2    0.02                           _271_ (net)
                  0.14    0.00   28.13 v _554_/A2 (sky130_fd_sc_hd__a31o_1)
                  0.04    0.25   28.39 v _554_/X (sky130_fd_sc_hd__a31o_1)
     1    0.00                           _274_ (net)
                  0.04    0.00   28.39 v hold594/A (sky130_fd_sc_hd__dlygate4sd3_1)
                  0.06    0.59   28.98 v hold594/X (sky130_fd_sc_hd__dlygate4sd3_1)
     1    0.00                           net1014 (net)
                  0.06    0.00   28.98 v hold418/A (sky130_fd_sc_hd__clkdlybuf4s25_1)
                  0.04    0.26   29.24 v hold418/X (sky130_fd_sc_hd__clkdlybuf4s25_1)
     1    0.00                           net838 (net)
                  0.04    0.00   29.24 v hold595/A (sky130_fd_sc_hd__dlygate4sd3_1)
                  0.05    0.58   29.82 v hold595/X (sky130_fd_sc_hd__dlygate4sd3_1)
     1    0.00                           net1015 (net)
                  0.05    0.00   29.82 v hold118/A (sky130_fd_sc_hd__clkdlybuf4s25_1)
                  0.03    0.25   30.07 v hold118/X (sky130_fd_sc_hd__clkdlybuf4s25_1)
     1    0.00                           net538 (net)
                  0.03    0.00   30.07 v _555_/B (sky130_fd_sc_hd__and2_1)
                  0.04    0.16   30.24 v _555_/X (sky130_fd_sc_hd__and2_1)
     1    0.00                           _275_ (net)
                  0.04    0.00   30.24 v hold419/A (sky130_fd_sc_hd__clkdlybuf4s25_1)
                  0.04    0.25   30.49 v hold419/X (sky130_fd_sc_hd__clkdlybuf4s25_1)
     1    0.00                           net839 (net)
                  0.04    0.00   30.49 v hold119/A (sky130_fd_sc_hd__clkdlybuf4s25_1)
                  0.04    0.25   30.74 v hold119/X (sky130_fd_sc_hd__clkdlybuf4s25_1)
     1    0.00                           net539 (net)
                  0.04    0.00   30.74 v _556_/A (sky130_fd_sc_hd__clkbuf_1)
                  0.04    0.10   30.84 v _556_/X (sky130_fd_sc_hd__clkbuf_1)
     1    0.01                           _059_ (net)
                  0.04    0.00   30.85 v hold120/A (sky130_fd_sc_hd__clkdlybuf4s25_1)
                  0.05    0.26   31.11 v hold120/X (sky130_fd_sc_hd__clkdlybuf4s25_1)
     1    0.00                           net540 (net)
                  0.05    0.00   31.11 v _621_/D (sky130_fd_sc_hd__dfxtp_4)
                                 31.11   data arrival time

                         30.00   30.00   clock clk (rise edge)
                          4.50   34.50   clock source latency
                  0.60    0.00   34.50 ^ wb_clk_i (in)
     2    0.02                           wb_clk_i (net)
                  0.60    0.00   34.50 ^ _280_/A1 (sky130_fd_sc_hd__mux2_2)
                  0.12    0.32   34.82 ^ _280_/X (sky130_fd_sc_hd__mux2_2)
     2    0.02                           _061_ (net)
                  0.12    0.00   34.82 ^ _281_/A (sky130_fd_sc_hd__buf_1)
                  0.68    0.49   35.31 ^ _281_/X (sky130_fd_sc_hd__buf_1)
     2    0.06                           count.clk (net)
                  0.68    0.01   35.33 ^ wire1/A (sky130_fd_sc_hd__buf_8)
                  0.11    0.21   35.54 ^ wire1/X (sky130_fd_sc_hd__buf_8)
     2    0.06                           net418 (net)
                  0.11    0.01   35.56 ^ clkbuf_0_count.clk/A (sky130_fd_sc_hd__clkbuf_16)
                  0.08    0.16   35.72 ^ clkbuf_0_count.clk/X (sky130_fd_sc_hd__clkbuf_16)
     8    0.06                           clknet_0_count.clk (net)
                  0.08    0.01   35.72 ^ clkbuf_3_3_0_count.clk/A (sky130_fd_sc_hd__clkbuf_4)
                  0.08    0.16   35.88 ^ clkbuf_3_3_0_count.clk/X (sky130_fd_sc_hd__clkbuf_4)
     2    0.02                           clknet_3_3_0_count.clk (net)
                  0.08    0.00   35.89 ^ _621_/CLK (sky130_fd_sc_hd__dfxtp_4)
                         -0.30   35.59   clock uncertainty
                          0.00   35.59   clock reconvergence pessimism
                         -0.10   35.48   library setup time
                                 35.48   data required time
-----------------------------------------------------------------------------
                                 35.48   data required time
                                -31.11   data arrival time
-----------------------------------------------------------------------------
                                  4.37   slack (MET)


Startpoint: wbs_cyc_i (input port clocked by clk)
Endpoint: _617_ (rising edge-triggered flip-flop clocked by clk)
Path Group: clk
Path Type: max

Fanout     Cap    Slew   Delay    Time   Description
-----------------------------------------------------------------------------
                          0.00    0.00   clock clk (rise edge)
                          6.00    6.00   clock network delay (propagated)
                         10.00   16.00 ^ input external delay
                  0.44    0.00   16.00 ^ wbs_cyc_i (in)
     2    0.00                           wbs_cyc_i (net)
                  0.44    0.00   16.00 ^ hold522/A (sky130_fd_sc_hd__dlygate4sd3_1)
                  0.05    0.66   16.66 ^ hold522/X (sky130_fd_sc_hd__dlygate4sd3_1)
     1    0.00                           net942 (net)
                  0.05    0.00   16.66 ^ input66/A (sky130_fd_sc_hd__clkbuf_1)
                  0.11    0.14   16.80 ^ input66/X (sky130_fd_sc_hd__clkbuf_1)
     1    0.01                           net66 (net)
                  0.11    0.00   16.80 ^ hold523/A (sky130_fd_sc_hd__dlygate4sd3_1)
                  0.11    0.65   17.45 ^ hold523/X (sky130_fd_sc_hd__dlygate4sd3_1)
     1    0.01                           net943 (net)
                  0.11    0.00   17.45 ^ _285_/B (sky130_fd_sc_hd__nand2_1)
                  0.04    0.06   17.51 v _285_/Y (sky130_fd_sc_hd__nand2_1)
     1    0.00                           _064_ (net)
                  0.04    0.00   17.51 v hold524/A (sky130_fd_sc_hd__dlygate4sd3_1)
                  0.05    0.58   18.09 v hold524/X (sky130_fd_sc_hd__dlygate4sd3_1)
     1    0.00                           net944 (net)
                  0.05    0.00   18.09 v hold123/A (sky130_fd_sc_hd__clkdlybuf4s50_1)
                  0.04    0.44   18.54 v hold123/X (sky130_fd_sc_hd__clkdlybuf4s50_1)
     1    0.00                           net543 (net)
                  0.04    0.00   18.54 v hold525/A (sky130_fd_sc_hd__dlygate4sd3_1)
                  0.06    0.61   19.14 v hold525/X (sky130_fd_sc_hd__dlygate4sd3_1)
     1    0.01                           net945 (net)
                  0.06    0.00   19.14 v wire336/A (sky130_fd_sc_hd__buf_6)
                  0.03    0.14   19.28 v wire336/X (sky130_fd_sc_hd__buf_6)
     2    0.01                           net336 (net)
                  0.03    0.00   19.28 v hold526/A (sky130_fd_sc_hd__dlygate4sd3_1)
                  0.12    0.68   19.96 v hold526/X (sky130_fd_sc_hd__dlygate4sd3_1)
     1    0.02                           net946 (net)
                  0.12    0.00   19.96 v hold124/A (sky130_fd_sc_hd__buf_8)
                  0.11    0.21   20.17 v hold124/X (sky130_fd_sc_hd__buf_8)
    10    0.15                           net544 (net)
                  0.16    0.07   20.24 v _360_/B1_N (sky130_fd_sc_hd__a21bo_1)
                  0.10    0.28   20.52 ^ _360_/X (sky130_fd_sc_hd__a21bo_1)
     1    0.01                           _108_ (net)
                  0.10    0.00   20.52 ^ hold543/A (sky130_fd_sc_hd__dlygate4sd3_1)
                  0.12    0.66   21.18 ^ hold543/X (sky130_fd_sc_hd__dlygate4sd3_1)
     1    0.01                           net963 (net)
                  0.12    0.00   21.18 ^ hold453/A (sky130_fd_sc_hd__clkbuf_2)
                  0.06    0.15   21.34 ^ hold453/X (sky130_fd_sc_hd__clkbuf_2)
     1    0.01                           net873 (net)
                  0.06    0.00   21.34 ^ hold544/A (sky130_fd_sc_hd__dlygate4sd3_1)
                  0.22    0.73   22.06 ^ hold544/X (sky130_fd_sc_hd__dlygate4sd3_1)
     3    0.02                           net964 (net)
                  0.22    0.00   22.07 ^ _396_/B (sky130_fd_sc_hd__nand4_1)
                  0.10    0.15   22.21 v _396_/Y (sky130_fd_sc_hd__nand4_1)
     1    0.00                           _141_ (net)
                  0.10    0.00   22.21 v hold502/A (sky130_fd_sc_hd__dlygate4sd3_1)
                  0.06    0.64   22.85 v hold502/X (sky130_fd_sc_hd__dlygate4sd3_1)
     1    0.01                           net922 (net)
                  0.06    0.00   22.85 v hold252/A (sky130_fd_sc_hd__clkbuf_2)
                  0.03    0.12   22.96 v hold252/X (sky130_fd_sc_hd__clkbuf_2)
     1    0.00                           net672 (net)
                  0.03    0.00   22.96 v hold503/A (sky130_fd_sc_hd__dlygate4sd3_1)
                  0.17    0.72   23.69 v hold503/X (sky130_fd_sc_hd__dlygate4sd3_1)
     4    0.03                           net923 (net)
                  0.17    0.00   23.69 v _414_/D (sky130_fd_sc_hd__nor4_4)
                  0.56    0.50   24.19 ^ _414_/Y (sky130_fd_sc_hd__nor4_4)
     5    0.04                           _156_ (net)
                  0.56    0.00   24.19 ^ _436_/D (sky130_fd_sc_hd__and4_2)
                  0.23    0.50   24.69 ^ _436_/X (sky130_fd_sc_hd__and4_2)
     4    0.04                           _175_ (net)
                  0.23    0.01   24.70 ^ _453_/D (sky130_fd_sc_hd__and4_4)
                  0.17    0.40   25.10 ^ _453_/X (sky130_fd_sc_hd__and4_4)
     3    0.05                           _189_ (net)
                  0.17    0.01   25.10 ^ wire210/A (sky130_fd_sc_hd__buf_12)
                  0.18    0.21   25.31 ^ wire210/X (sky130_fd_sc_hd__buf_12)
    10    0.16                           net210 (net)
                  0.24    0.09   25.40 ^ _470_/D (sky130_fd_sc_hd__and4_4)
                  0.25    0.45   25.86 ^ _470_/X (sky130_fd_sc_hd__and4_4)
     2    0.08                           _203_ (net)
                  0.25    0.03   25.88 ^ wire208/A (sky130_fd_sc_hd__buf_12)
                  0.16    0.22   26.10 ^ wire208/X (sky130_fd_sc_hd__buf_12)
    10    0.13                           net208 (net)
                  0.21    0.07   26.18 ^ _492_/D (sky130_fd_sc_hd__and4_4)
                  0.21    0.42   26.59 ^ _492_/X (sky130_fd_sc_hd__and4_4)
     7    0.06                           _222_ (net)
                  0.21    0.01   26.61 ^ _516_/C (sky130_fd_sc_hd__and4_4)
                  0.16    0.38   26.98 ^ _516_/X (sky130_fd_sc_hd__and4_4)
     2    0.04                           _242_ (net)
                  0.16    0.01   26.99 ^ wire200/A (sky130_fd_sc_hd__buf_8)
                  0.22    0.24   27.23 ^ wire200/X (sky130_fd_sc_hd__buf_8)
    12    0.13                           net200 (net)
                  0.24    0.06   27.29 ^ _529_/C (sky130_fd_sc_hd__and3_2)
                  0.21    0.38   27.67 ^ _529_/X (sky130_fd_sc_hd__and3_2)
     1    0.04                           _253_ (net)
                  0.21    0.01   27.68 ^ wire198/A (sky130_fd_sc_hd__buf_8)
                  0.14    0.22   27.90 ^ wire198/X (sky130_fd_sc_hd__buf_8)
     4    0.08                           net198 (net)
                  0.15    0.03   27.93 ^ _532_/A_N (sky130_fd_sc_hd__and3b_2)
                  0.11    0.32   28.25 v _532_/X (sky130_fd_sc_hd__and3b_2)
     1    0.03                           _256_ (net)
                  0.11    0.01   28.25 v _533_/A2 (sky130_fd_sc_hd__o21a_1)
                  0.04    0.21   28.46 v _533_/X (sky130_fd_sc_hd__o21a_1)
     1    0.00                           _055_ (net)
                  0.04    0.00   28.46 v hold537/A (sky130_fd_sc_hd__dlygate4sd3_1)
                  0.06    0.60   29.06 v hold537/X (sky130_fd_sc_hd__dlygate4sd3_1)
     1    0.00                           net957 (net)
                  0.06    0.00   29.06 v hold281/A (sky130_fd_sc_hd__clkdlybuf4s25_1)
                  0.04    0.27   29.33 v hold281/X (sky130_fd_sc_hd__clkdlybuf4s25_1)
     1    0.00                           net701 (net)
                  0.04    0.00   29.33 v hold538/A (sky130_fd_sc_hd__dlygate4sd3_1)
                  0.06    0.60   29.93 v hold538/X (sky130_fd_sc_hd__dlygate4sd3_1)
     1    0.00                           net958 (net)
                  0.06    0.00   29.93 v hold77/A (sky130_fd_sc_hd__clkdlybuf4s25_1)
                  0.05    0.27   30.20 v hold77/X (sky130_fd_sc_hd__clkdlybuf4s25_1)
     1    0.00                           net497 (net)
                  0.05    0.00   30.20 v hold282/A (sky130_fd_sc_hd__clkdlybuf4s25_1)
                  0.05    0.27   30.47 v hold282/X (sky130_fd_sc_hd__clkdlybuf4s25_1)
     1    0.00                           net702 (net)
                  0.05    0.00   30.47 v _617_/D (sky130_fd_sc_hd__dfxtp_1)
                                 30.47   data arrival time

                         30.00   30.00   clock clk (rise edge)
                          4.50   34.50   clock source latency
                  0.60    0.00   34.50 ^ wb_clk_i (in)
     2    0.02                           wb_clk_i (net)
                  0.60    0.00   34.50 ^ _280_/A1 (sky130_fd_sc_hd__mux2_2)
                  0.12    0.32   34.82 ^ _280_/X (sky130_fd_sc_hd__mux2_2)
     2    0.02                           _061_ (net)
                  0.12    0.00   34.82 ^ _281_/A (sky130_fd_sc_hd__buf_1)
                  0.68    0.49   35.31 ^ _281_/X (sky130_fd_sc_hd__buf_1)
     2    0.06                           count.clk (net)
                  0.68    0.01   35.33 ^ wire1/A (sky130_fd_sc_hd__buf_8)
                  0.11    0.21   35.54 ^ wire1/X (sky130_fd_sc_hd__buf_8)
     2    0.06                           net418 (net)
                  0.11    0.01   35.56 ^ clkbuf_0_count.clk/A (sky130_fd_sc_hd__clkbuf_16)
                  0.08    0.16   35.72 ^ clkbuf_0_count.clk/X (sky130_fd_sc_hd__clkbuf_16)
     8    0.06                           clknet_0_count.clk (net)
                  0.08    0.01   35.73 ^ clkbuf_3_0_0_count.clk/A (sky130_fd_sc_hd__clkbuf_4)
                  0.13    0.19   35.91 ^ clkbuf_3_0_0_count.clk/X (sky130_fd_sc_hd__clkbuf_4)
     7    0.04                           clknet_3_0_0_count.clk (net)
                  0.13    0.00   35.92 ^ _617_/CLK (sky130_fd_sc_hd__dfxtp_1)
                         -0.30   35.62   clock uncertainty
                          0.00   35.62   clock reconvergence pessimism
                         -0.09   35.53   library setup time
                                 35.53   data required time
-----------------------------------------------------------------------------
                                 35.53   data required time
                                -30.47   data arrival time
-----------------------------------------------------------------------------
                                  5.06   slack (MET)


Startpoint: wbs_cyc_i (input port clocked by clk)
Endpoint: _604_ (rising edge-triggered flip-flop clocked by clk)
Path Group: clk
Path Type: max

Fanout     Cap    Slew   Delay    Time   Description
-----------------------------------------------------------------------------
                          0.00    0.00   clock clk (rise edge)
                          6.00    6.00   clock network delay (propagated)
                         10.00   16.00 ^ input external delay
                  0.44    0.00   16.00 ^ wbs_cyc_i (in)
     2    0.00                           wbs_cyc_i (net)
                  0.44    0.00   16.00 ^ hold522/A (sky130_fd_sc_hd__dlygate4sd3_1)
                  0.05    0.66   16.66 ^ hold522/X (sky130_fd_sc_hd__dlygate4sd3_1)
     1    0.00                           net942 (net)
                  0.05    0.00   16.66 ^ input66/A (sky130_fd_sc_hd__clkbuf_1)
                  0.11    0.14   16.80 ^ input66/X (sky130_fd_sc_hd__clkbuf_1)
     1    0.01                           net66 (net)
                  0.11    0.00   16.80 ^ hold523/A (sky130_fd_sc_hd__dlygate4sd3_1)
                  0.11    0.65   17.45 ^ hold523/X (sky130_fd_sc_hd__dlygate4sd3_1)
     1    0.01                           net943 (net)
                  0.11    0.00   17.45 ^ _285_/B (sky130_fd_sc_hd__nand2_1)
                  0.04    0.06   17.51 v _285_/Y (sky130_fd_sc_hd__nand2_1)
     1    0.00                           _064_ (net)
                  0.04    0.00   17.51 v hold524/A (sky130_fd_sc_hd__dlygate4sd3_1)
                  0.05    0.58   18.09 v hold524/X (sky130_fd_sc_hd__dlygate4sd3_1)
     1    0.00                           net944 (net)
                  0.05    0.00   18.09 v hold123/A (sky130_fd_sc_hd__clkdlybuf4s50_1)
                  0.04    0.44   18.54 v hold123/X (sky130_fd_sc_hd__clkdlybuf4s50_1)
     1    0.00                           net543 (net)
                  0.04    0.00   18.54 v hold525/A (sky130_fd_sc_hd__dlygate4sd3_1)
                  0.06    0.61   19.14 v hold525/X (sky130_fd_sc_hd__dlygate4sd3_1)
     1    0.01                           net945 (net)
                  0.06    0.00   19.14 v wire336/A (sky130_fd_sc_hd__buf_6)
                  0.03    0.14   19.28 v wire336/X (sky130_fd_sc_hd__buf_6)
     2    0.01                           net336 (net)
                  0.03    0.00   19.28 v hold526/A (sky130_fd_sc_hd__dlygate4sd3_1)
                  0.12    0.68   19.96 v hold526/X (sky130_fd_sc_hd__dlygate4sd3_1)
     1    0.02                           net946 (net)
                  0.12    0.00   19.96 v hold124/A (sky130_fd_sc_hd__buf_8)
                  0.11    0.21   20.17 v hold124/X (sky130_fd_sc_hd__buf_8)
    10    0.15                           net544 (net)
                  0.12    0.03   20.20 v _286_/B (sky130_fd_sc_hd__nor2_2)
                  0.13    0.17   20.37 ^ _286_/Y (sky130_fd_sc_hd__nor2_2)
     1    0.01                           _065_ (net)
                  0.13    0.00   20.37 ^ hold527/A (sky130_fd_sc_hd__dlygate4sd3_1)
                  0.15    0.69   21.06 ^ hold527/X (sky130_fd_sc_hd__dlygate4sd3_1)
     1    0.01                           net947 (net)
                  0.15    0.00   21.06 ^ hold125/A (sky130_fd_sc_hd__buf_6)
                  0.20    0.26   21.32 ^ hold125/X (sky130_fd_sc_hd__buf_6)
    12    0.10                           net545 (net)
                  0.20    0.01   21.34 ^ _427_/C (sky130_fd_sc_hd__and3_1)
                  0.12    0.26   21.59 ^ _427_/X (sky130_fd_sc_hd__and3_1)
     1    0.01                           _167_ (net)
                  0.12    0.00   21.59 ^ hold319/A (sky130_fd_sc_hd__clkdlybuf4s50_1)
                  0.14    0.61   22.20 ^ hold319/X (sky130_fd_sc_hd__clkdlybuf4s50_1)
     1    0.01                           net739 (net)
                  0.14    0.00   22.21 ^ _428_/A (sky130_fd_sc_hd__buf_6)
                  0.12    0.20   22.40 ^ _428_/X (sky130_fd_sc_hd__buf_6)
     3    0.06                           _168_ (net)
                  0.12    0.01   22.41 ^ hold320/A (sky130_fd_sc_hd__buf_4)
                  0.20    0.27   22.69 ^ hold320/X (sky130_fd_sc_hd__buf_4)
     8    0.07                           net740 (net)
                  0.20    0.00   22.69 ^ _451_/B1 (sky130_fd_sc_hd__a32o_1)
                  0.08    0.18   22.88 ^ _451_/X (sky130_fd_sc_hd__a32o_1)
     1    0.01                           _188_ (net)
                  0.08    0.00   22.88 ^ hold685/A (sky130_fd_sc_hd__dlygate4sd3_1)
                  0.06    0.60   23.47 ^ hold685/X (sky130_fd_sc_hd__dlygate4sd3_1)
     1    0.00                           net1105 (net)
                  0.06    0.00   23.47 ^ hold364/A (sky130_fd_sc_hd__clkdlybuf4s50_1)
                  0.06    0.52   23.99 ^ hold364/X (sky130_fd_sc_hd__clkdlybuf4s50_1)
     1    0.00                           net784 (net)
                  0.06    0.00   23.99 ^ hold686/A (sky130_fd_sc_hd__dlygate4sd3_1)
                  0.06    0.59   24.59 ^ hold686/X (sky130_fd_sc_hd__dlygate4sd3_1)
     1    0.00                           net1106 (net)
                  0.06    0.00   24.59 ^ hold64/A (sky130_fd_sc_hd__clkdlybuf4s50_1)
                  0.06    0.53   25.11 ^ hold64/X (sky130_fd_sc_hd__clkdlybuf4s50_1)
     1    0.00                           net484 (net)
                  0.06    0.00   25.11 ^ hold687/A (sky130_fd_sc_hd__dlygate4sd3_1)
                  0.07    0.60   25.71 ^ hold687/X (sky130_fd_sc_hd__dlygate4sd3_1)
     1    0.00                           net1107 (net)
                  0.07    0.00   25.71 ^ hold365/A (sky130_fd_sc_hd__clkdlybuf4s50_1)
                  0.06    0.52   26.23 ^ hold365/X (sky130_fd_sc_hd__clkdlybuf4s50_1)
     1    0.00                           net785 (net)
                  0.06    0.00   26.23 ^ hold688/A (sky130_fd_sc_hd__dlygate4sd3_1)
                  0.08    0.61   26.84 ^ hold688/X (sky130_fd_sc_hd__dlygate4sd3_1)
     1    0.01                           net1108 (net)
                  0.08    0.00   26.84 ^ _452_/A2 (sky130_fd_sc_hd__o21a_1)
                  0.07    0.14   26.98 ^ _452_/X (sky130_fd_sc_hd__o21a_1)
     1    0.01                           _042_ (net)
                  0.07    0.00   26.98 ^ hold689/A (sky130_fd_sc_hd__dlygate4sd3_1)
                  0.06    0.59   27.57 ^ hold689/X (sky130_fd_sc_hd__dlygate4sd3_1)
     1    0.00                           net1109 (net)
                  0.06    0.00   27.57 ^ hold366/A (sky130_fd_sc_hd__clkdlybuf4s25_1)
                  0.06    0.28   27.85 ^ hold366/X (sky130_fd_sc_hd__clkdlybuf4s25_1)
     1    0.00                           net786 (net)
                  0.06    0.00   27.85 ^ hold690/A (sky130_fd_sc_hd__dlygate4sd3_1)
                  0.06    0.59   28.44 ^ hold690/X (sky130_fd_sc_hd__dlygate4sd3_1)
     1    0.00                           net1110 (net)
                  0.06    0.00   28.44 ^ hold65/A (sky130_fd_sc_hd__clkdlybuf4s25_1)
                  0.05    0.27   28.72 ^ hold65/X (sky130_fd_sc_hd__clkdlybuf4s25_1)
     1    0.00                           net485 (net)
                  0.05    0.00   28.72 ^ hold691/A (sky130_fd_sc_hd__dlygate4sd3_1)
                  0.05    0.58   29.29 ^ hold691/X (sky130_fd_sc_hd__dlygate4sd3_1)
     1    0.00                           net1111 (net)
                  0.05    0.00   29.29 ^ hold367/A (sky130_fd_sc_hd__clkdlybuf4s25_1)
                  0.05    0.27   29.57 ^ hold367/X (sky130_fd_sc_hd__clkdlybuf4s25_1)
     1    0.00                           net787 (net)
                  0.05    0.00   29.57 ^ hold692/A (sky130_fd_sc_hd__dlygate4sd3_1)
                  0.06    0.59   30.16 ^ hold692/X (sky130_fd_sc_hd__dlygate4sd3_1)
     1    0.00                           net1112 (net)
                  0.06    0.00   30.16 ^ _604_/D (sky130_fd_sc_hd__dfxtp_1)
                                 30.16   data arrival time

                         30.00   30.00   clock clk (rise edge)
                          4.50   34.50   clock source latency
                  0.60    0.00   34.50 ^ wb_clk_i (in)
     2    0.02                           wb_clk_i (net)
                  0.60    0.00   34.50 ^ _280_/A1 (sky130_fd_sc_hd__mux2_2)
                  0.12    0.32   34.82 ^ _280_/X (sky130_fd_sc_hd__mux2_2)
     2    0.02                           _061_ (net)
                  0.12    0.00   34.82 ^ _281_/A (sky130_fd_sc_hd__buf_1)
                  0.68    0.49   35.31 ^ _281_/X (sky130_fd_sc_hd__buf_1)
     2    0.06                           count.clk (net)
                  0.68    0.01   35.33 ^ wire1/A (sky130_fd_sc_hd__buf_8)
                  0.11    0.21   35.54 ^ wire1/X (sky130_fd_sc_hd__buf_8)
     2    0.06                           net418 (net)
                  0.11    0.01   35.56 ^ clkbuf_0_count.clk/A (sky130_fd_sc_hd__clkbuf_16)
                  0.08    0.16   35.72 ^ clkbuf_0_count.clk/X (sky130_fd_sc_hd__clkbuf_16)
     8    0.06                           clknet_0_count.clk (net)
                  0.08    0.01   35.73 ^ clkbuf_3_5_0_count.clk/A (sky130_fd_sc_hd__clkbuf_4)
                  0.15    0.21   35.93 ^ clkbuf_3_5_0_count.clk/X (sky130_fd_sc_hd__clkbuf_4)
    12    0.05                           clknet_3_5_0_count.clk (net)
                  0.15    0.00   35.94 ^ _604_/CLK (sky130_fd_sc_hd__dfxtp_1)
                         -0.30   35.64   clock uncertainty
                          0.00   35.64   clock reconvergence pessimism
                         -0.04   35.59   library setup time
                                 35.59   data required time
-----------------------------------------------------------------------------
                                 35.59   data required time
                                -30.16   data arrival time
-----------------------------------------------------------------------------
                                  5.44   slack (MET)


