
===========================================================================
report_checks -unconstrained
============================================================================
Startpoint: wbs_cyc_i (input port clocked by clk)
Endpoint: _620_ (rising edge-triggered flip-flop clocked by clk)
Path Group: clk
Path Type: max

Fanout     Cap    Slew   Delay    Time   Description
-----------------------------------------------------------------------------
                          0.00    0.00   clock clk (rise edge)
                          6.00    6.00   clock network delay (propagated)
                         10.00   16.00 ^ input external delay
                  0.44    0.00   16.00 ^ wbs_cyc_i (in)
     2    0.00                           wbs_cyc_i (net)
                  0.44    0.00   16.00 ^ hold522/A (sky130_fd_sc_hd__dlygate4sd3_1)
                  0.05    0.66   16.66 ^ hold522/X (sky130_fd_sc_hd__dlygate4sd3_1)
     1    0.00                           net942 (net)
                  0.05    0.00   16.66 ^ input66/A (sky130_fd_sc_hd__clkbuf_1)
                  0.11    0.14   16.80 ^ input66/X (sky130_fd_sc_hd__clkbuf_1)
     1    0.01                           net66 (net)
                  0.11    0.00   16.80 ^ hold523/A (sky130_fd_sc_hd__dlygate4sd3_1)
                  0.11    0.65   17.45 ^ hold523/X (sky130_fd_sc_hd__dlygate4sd3_1)
     1    0.01                           net943 (net)
                  0.11    0.00   17.45 ^ _285_/B (sky130_fd_sc_hd__nand2_1)
                  0.04    0.06   17.51 v _285_/Y (sky130_fd_sc_hd__nand2_1)
     1    0.00                           _064_ (net)
                  0.04    0.00   17.51 v hold524/A (sky130_fd_sc_hd__dlygate4sd3_1)
                  0.05    0.58   18.09 v hold524/X (sky130_fd_sc_hd__dlygate4sd3_1)
     1    0.00                           net944 (net)
                  0.05    0.00   18.09 v hold123/A (sky130_fd_sc_hd__clkdlybuf4s50_1)
                  0.04    0.44   18.54 v hold123/X (sky130_fd_sc_hd__clkdlybuf4s50_1)
     1    0.00                           net543 (net)
                  0.04    0.00   18.54 v hold525/A (sky130_fd_sc_hd__dlygate4sd3_1)
                  0.06    0.61   19.14 v hold525/X (sky130_fd_sc_hd__dlygate4sd3_1)
     1    0.01                           net945 (net)
                  0.06    0.00   19.14 v wire336/A (sky130_fd_sc_hd__buf_6)
                  0.03    0.14   19.28 v wire336/X (sky130_fd_sc_hd__buf_6)
     2    0.01                           net336 (net)
                  0.03    0.00   19.28 v hold526/A (sky130_fd_sc_hd__dlygate4sd3_1)
                  0.12    0.68   19.96 v hold526/X (sky130_fd_sc_hd__dlygate4sd3_1)
     1    0.02                           net946 (net)
                  0.12    0.00   19.96 v hold124/A (sky130_fd_sc_hd__buf_8)
                  0.11    0.21   20.17 v hold124/X (sky130_fd_sc_hd__buf_8)
    10    0.15                           net544 (net)
                  0.16    0.07   20.24 v _360_/B1_N (sky130_fd_sc_hd__a21bo_1)
                  0.10    0.28   20.52 ^ _360_/X (sky130_fd_sc_hd__a21bo_1)
     1    0.01                           _108_ (net)
                  0.10    0.00   20.52 ^ hold543/A (sky130_fd_sc_hd__dlygate4sd3_1)
                  0.12    0.66   21.18 ^ hold543/X (sky130_fd_sc_hd__dlygate4sd3_1)
     1    0.01                           net963 (net)
                  0.12    0.00   21.18 ^ hold453/A (sky130_fd_sc_hd__clkbuf_2)
                  0.06    0.15   21.34 ^ hold453/X (sky130_fd_sc_hd__clkbuf_2)
     1    0.01                           net873 (net)
                  0.06    0.00   21.34 ^ hold544/A (sky130_fd_sc_hd__dlygate4sd3_1)
                  0.22    0.73   22.06 ^ hold544/X (sky130_fd_sc_hd__dlygate4sd3_1)
     3    0.02                           net964 (net)
                  0.22    0.00   22.07 ^ _396_/B (sky130_fd_sc_hd__nand4_1)
                  0.10    0.15   22.21 v _396_/Y (sky130_fd_sc_hd__nand4_1)
     1    0.00                           _141_ (net)
                  0.10    0.00   22.21 v hold502/A (sky130_fd_sc_hd__dlygate4sd3_1)
                  0.06    0.64   22.85 v hold502/X (sky130_fd_sc_hd__dlygate4sd3_1)
     1    0.01                           net922 (net)
                  0.06    0.00   22.85 v hold252/A (sky130_fd_sc_hd__clkbuf_2)
                  0.03    0.12   22.96 v hold252/X (sky130_fd_sc_hd__clkbuf_2)
     1    0.00                           net672 (net)
                  0.03    0.00   22.96 v hold503/A (sky130_fd_sc_hd__dlygate4sd3_1)
                  0.17    0.72   23.69 v hold503/X (sky130_fd_sc_hd__dlygate4sd3_1)
     4    0.03                           net923 (net)
                  0.17    0.00   23.69 v _414_/D (sky130_fd_sc_hd__nor4_4)
                  0.56    0.50   24.19 ^ _414_/Y (sky130_fd_sc_hd__nor4_4)
     5    0.04                           _156_ (net)
                  0.56    0.00   24.19 ^ _436_/D (sky130_fd_sc_hd__and4_2)
                  0.23    0.50   24.69 ^ _436_/X (sky130_fd_sc_hd__and4_2)
     4    0.04                           _175_ (net)
                  0.23    0.01   24.70 ^ _453_/D (sky130_fd_sc_hd__and4_4)
                  0.17    0.40   25.10 ^ _453_/X (sky130_fd_sc_hd__and4_4)
     3    0.05                           _189_ (net)
                  0.17    0.01   25.10 ^ wire210/A (sky130_fd_sc_hd__buf_12)
                  0.18    0.21   25.31 ^ wire210/X (sky130_fd_sc_hd__buf_12)
    10    0.16                           net210 (net)
                  0.24    0.09   25.40 ^ _470_/D (sky130_fd_sc_hd__and4_4)
                  0.25    0.45   25.86 ^ _470_/X (sky130_fd_sc_hd__and4_4)
     2    0.08                           _203_ (net)
                  0.25    0.03   25.88 ^ wire208/A (sky130_fd_sc_hd__buf_12)
                  0.16    0.22   26.10 ^ wire208/X (sky130_fd_sc_hd__buf_12)
    10    0.13                           net208 (net)
                  0.21    0.07   26.18 ^ _492_/D (sky130_fd_sc_hd__and4_4)
                  0.21    0.42   26.59 ^ _492_/X (sky130_fd_sc_hd__and4_4)
     7    0.06                           _222_ (net)
                  0.21    0.01   26.61 ^ _516_/C (sky130_fd_sc_hd__and4_4)
                  0.16    0.38   26.98 ^ _516_/X (sky130_fd_sc_hd__and4_4)
     2    0.04                           _242_ (net)
                  0.16    0.01   26.99 ^ wire200/A (sky130_fd_sc_hd__buf_8)
                  0.22    0.24   27.23 ^ wire200/X (sky130_fd_sc_hd__buf_8)
    12    0.13                           net200 (net)
                  0.24    0.06   27.28 ^ _540_/C (sky130_fd_sc_hd__and4_2)
                  0.17    0.39   27.68 ^ _540_/X (sky130_fd_sc_hd__and4_2)
     1    0.03                           _262_ (net)
                  0.17    0.00   27.68 ^ wire196/A (sky130_fd_sc_hd__buf_8)
                  0.19    0.23   27.91 ^ wire196/X (sky130_fd_sc_hd__buf_8)
    12    0.12                           net196 (net)
                  0.21    0.05   27.96 ^ _546_/B (sky130_fd_sc_hd__nand2_1)
                  0.11    0.14   28.10 v _546_/Y (sky130_fd_sc_hd__nand2_1)
     1    0.01                           _267_ (net)
                  0.11    0.00   28.10 v _547_/B1 (sky130_fd_sc_hd__o211a_1)
                  0.07    0.20   28.31 v _547_/X (sky130_fd_sc_hd__o211a_1)
     1    0.01                           _268_ (net)
                  0.07    0.00   28.31 v hold479/A (sky130_fd_sc_hd__dlygate4sd3_1)
                  0.11    0.68   28.99 v hold479/X (sky130_fd_sc_hd__dlygate4sd3_1)
     1    0.02                           net899 (net)
                  0.11    0.00   28.99 v _550_/A1 (sky130_fd_sc_hd__o21a_1)
                  0.04    0.23   29.22 v _550_/X (sky130_fd_sc_hd__o21a_1)
     1    0.00                           _058_ (net)
                  0.04    0.00   29.22 v hold480/A (sky130_fd_sc_hd__dlygate4sd3_1)
                  0.06    0.60   29.81 v hold480/X (sky130_fd_sc_hd__dlygate4sd3_1)
     1    0.00                           net900 (net)
                  0.06    0.00   29.81 v hold245/A (sky130_fd_sc_hd__clkdlybuf4s25_1)
                  0.04    0.26   30.08 v hold245/X (sky130_fd_sc_hd__clkdlybuf4s25_1)
     1    0.00                           net665 (net)
                  0.04    0.00   30.08 v hold481/A (sky130_fd_sc_hd__dlygate4sd3_1)
                  0.06    0.60   30.67 v hold481/X (sky130_fd_sc_hd__dlygate4sd3_1)
     1    0.00                           net901 (net)
                  0.06    0.00   30.68 v hold29/A (sky130_fd_sc_hd__clkdlybuf4s25_1)
                  0.04    0.27   30.94 v hold29/X (sky130_fd_sc_hd__clkdlybuf4s25_1)
     1    0.00                           net449 (net)
                  0.04    0.00   30.94 v hold482/A (sky130_fd_sc_hd__dlygate4sd3_1)
                  0.06    0.59   31.54 v hold482/X (sky130_fd_sc_hd__dlygate4sd3_1)
     1    0.00                           net902 (net)
                  0.06    0.00   31.54 v hold246/A (sky130_fd_sc_hd__clkdlybuf4s25_1)
                  0.05    0.27   31.81 v hold246/X (sky130_fd_sc_hd__clkdlybuf4s25_1)
     1    0.00                           net666 (net)
                  0.05    0.00   31.81 v hold483/A (sky130_fd_sc_hd__dlygate4sd3_1)
                  0.06    0.60   32.41 v hold483/X (sky130_fd_sc_hd__dlygate4sd3_1)
     1    0.00                           net903 (net)
                  0.06    0.00   32.41 v _620_/D (sky130_fd_sc_hd__dfxtp_4)
                                 32.41   data arrival time

                         30.00   30.00   clock clk (rise edge)
                          4.50   34.50   clock source latency
                  0.60    0.00   34.50 ^ wb_clk_i (in)
     2    0.02                           wb_clk_i (net)
                  0.60    0.00   34.50 ^ _280_/A1 (sky130_fd_sc_hd__mux2_2)
                  0.12    0.32   34.82 ^ _280_/X (sky130_fd_sc_hd__mux2_2)
     2    0.02                           _061_ (net)
                  0.12    0.00   34.82 ^ _281_/A (sky130_fd_sc_hd__buf_1)
                  0.68    0.49   35.31 ^ _281_/X (sky130_fd_sc_hd__buf_1)
     2    0.06                           count.clk (net)
                  0.68    0.01   35.33 ^ wire1/A (sky130_fd_sc_hd__buf_8)
                  0.11    0.21   35.54 ^ wire1/X (sky130_fd_sc_hd__buf_8)
     2    0.06                           net418 (net)
                  0.11    0.01   35.56 ^ clkbuf_0_count.clk/A (sky130_fd_sc_hd__clkbuf_16)
                  0.08    0.16   35.72 ^ clkbuf_0_count.clk/X (sky130_fd_sc_hd__clkbuf_16)
     8    0.06                           clknet_0_count.clk (net)
                  0.08    0.01   35.73 ^ clkbuf_3_1_0_count.clk/A (sky130_fd_sc_hd__clkbuf_4)
                  0.15    0.21   35.93 ^ clkbuf_3_1_0_count.clk/X (sky130_fd_sc_hd__clkbuf_4)
     9    0.05                           clknet_3_1_0_count.clk (net)
                  0.15    0.00   35.94 ^ _620_/CLK (sky130_fd_sc_hd__dfxtp_4)
                         -0.30   35.64   clock uncertainty
                          0.00   35.64   clock reconvergence pessimism
                         -0.09   35.54   library setup time
                                 35.54   data required time
-----------------------------------------------------------------------------
                                 35.54   data required time
                                -32.41   data arrival time
-----------------------------------------------------------------------------
                                  3.13   slack (MET)



===========================================================================
report_checks --slack_max -0.01
============================================================================
No paths found.
