Mon Apr 24 00:59:39 UTC 2023 - Executing "openroad -exit -no_init -python /openlane/scripts/odbpy/lefutil.py get_metal_layers -o /home/hosni/mpc/openlane/user_project_1/runs/23_04_23_17_59/tmp/layers.list /home/hosni/OpenFPGA/pdk/sky130A/libs.ref/sky130_fd_sc_hd/techlef/sky130_fd_sc_hd__nom.tlef"

Mon Apr 24 00:59:39 UTC 2023 - Executing "/openlane/scripts/mergeLef.py -o /home/hosni/mpc/openlane/user_project_1/runs/23_04_23_17_59/tmp/merged.nom.lef -i /home/hosni/OpenFPGA/pdk/sky130A/libs.ref/sky130_fd_sc_hd/techlef/sky130_fd_sc_hd__nom.tlef {/home/hosni/OpenFPGA/pdk/sky130A/libs.ref/sky130_fd_sc_hd/lef/sky130_ef_sc_hd.lef /home/hosni/OpenFPGA/pdk/sky130A/libs.ref/sky130_fd_sc_hd/lef/sky130_fd_sc_hd.lef} |& tee /dev/null"

Mon Apr 24 00:59:39 UTC 2023 - Executing "/openlane/scripts/mergeLef.py -o /home/hosni/mpc/openlane/user_project_1/runs/23_04_23_17_59/tmp/merged.min.lef -i /home/hosni/OpenFPGA/pdk/sky130A/libs.ref/sky130_fd_sc_hd/techlef/sky130_fd_sc_hd__min.tlef {/home/hosni/OpenFPGA/pdk/sky130A/libs.ref/sky130_fd_sc_hd/lef/sky130_ef_sc_hd.lef /home/hosni/OpenFPGA/pdk/sky130A/libs.ref/sky130_fd_sc_hd/lef/sky130_fd_sc_hd.lef} |& tee /dev/null"

Mon Apr 24 00:59:39 UTC 2023 - Executing "/openlane/scripts/mergeLef.py -o /home/hosni/mpc/openlane/user_project_1/runs/23_04_23_17_59/tmp/merged.max.lef -i /home/hosni/OpenFPGA/pdk/sky130A/libs.ref/sky130_fd_sc_hd/techlef/sky130_fd_sc_hd__max.tlef {/home/hosni/OpenFPGA/pdk/sky130A/libs.ref/sky130_fd_sc_hd/lef/sky130_ef_sc_hd.lef /home/hosni/OpenFPGA/pdk/sky130A/libs.ref/sky130_fd_sc_hd/lef/sky130_fd_sc_hd.lef} |& tee /dev/null"

Mon Apr 24 00:59:40 UTC 2023 - Executing "python3 /openlane/scripts/mergeLib.py --output /home/hosni/mpc/openlane/user_project_1/runs/23_04_23_17_59/tmp/synthesis/merged.lib --name sky130A_merged /home/hosni/OpenFPGA/pdk/sky130A/libs.ref/sky130_fd_sc_hd/lib/sky130_fd_sc_hd__tt_025C_1v80.lib"

Mon Apr 24 00:59:40 UTC 2023 - Executing "python3 /openlane/scripts/libtrim.py --cell-file /home/hosni/mpc/openlane/user_project_1/runs/23_04_23_17_59/tmp/synthesis/trimmed.lib.exclude.list --output /home/hosni/mpc/openlane/user_project_1/runs/23_04_23_17_59/tmp/synthesis/trimmed.lib /home/hosni/mpc/openlane/user_project_1/runs/23_04_23_17_59/tmp/synthesis/merged.lib"

Mon Apr 24 00:59:40 UTC 2023 - Executing "python3 /openlane/scripts/libtrim.py --cell-file /home/hosni/mpc/openlane/user_project_1/runs/23_04_23_17_59/tmp/cts/cts.lib.exclude.list --output /home/hosni/mpc/openlane/user_project_1/runs/23_04_23_17_59/tmp/cts/cts.lib /home/hosni/OpenFPGA/pdk/sky130A/libs.ref/sky130_fd_sc_hd/lib/sky130_fd_sc_hd__tt_025C_1v80.lib"

Mon Apr 24 00:59:40 UTC 2023 - Executing "python3 /openlane/scripts/new_tracks.py -i /home/hosni/OpenFPGA/pdk/sky130A/libs.tech/openlane/sky130_fd_sc_hd/tracks.info -o /home/hosni/mpc/openlane/user_project_1/runs/23_04_23_17_59/tmp/routing/config.tracks"

Mon Apr 24 00:59:40 UTC 2023 - Executing "echo {OpenLane 1ed36219093ce86ddbc1b981e461c5f38e5bba72} > /home/hosni/mpc/openlane/user_project_1/runs/23_04_23_17_59/OPENLANE_VERSION"

Mon Apr 24 00:59:41 UTC 2023 - Executing "sed -E {s/^([[:space:]]+)pg_pin(.*)/\1pin\2\n\1    direction : "inout";/g} /home/hosni/OpenFPGA/pdk/sky130A/libs.ref/sky130_fd_sc_hd/lib/sky130_fd_sc_hd__tt_025C_1v80.lib > /home/hosni/mpc/openlane/user_project_1/runs/23_04_23_17_59/tmp/synthesis/1-sky130_fd_sc_hd__tt_025C_1v80.no_pg.lib"

Mon Apr 24 00:59:41 UTC 2023 - Executing "sed -E {s/^([[:space:]]+)pg_pin(.*)/\1pin\2\n\1    direction : "inout";/g} /home/hosni/mpc/openlane/user_project_1/runs/23_04_23_17_59/tmp/synthesis/trimmed.lib > /home/hosni/mpc/openlane/user_project_1/runs/23_04_23_17_59/tmp/synthesis/1-trimmed.no_pg.lib"

Mon Apr 24 00:59:41 UTC 2023 - Executing "yosys -c /openlane/scripts/yosys/synth.tcl |& tee /dev/null /home/hosni/mpc/openlane/user_project_1/runs/23_04_23_17_59/logs/synthesis/1-synthesis.log"

Mon Apr 24 00:59:44 UTC 2023 - Executing "sed -i.bak -e {s/\(set ::env(CURRENT_NETLIST)\).*/\1 \/home\/hosni\/mpc\/openlane\/user_project_1\/runs\/23_04_23_17_59\/results\/synthesis\/user_project_1.v/} /home/hosni/mpc/openlane/user_project_1/runs/23_04_23_17_59/config.tcl"

Mon Apr 24 00:59:44 UTC 2023 - Executing "sed -i.bak /defparam/d /home/hosni/mpc/openlane/user_project_1/runs/23_04_23_17_59/results/synthesis/user_project_1.v"

Mon Apr 24 00:59:45 UTC 2023 - Executing "openroad -exit /openlane/scripts/openroad/sta.tcl |& tee /dev/null /home/hosni/mpc/openlane/user_project_1/runs/23_04_23_17_59/logs/synthesis/2-sta.log"

Mon Apr 24 00:59:45 UTC 2023 - Executing "sed -E {s/^([[:space:]]+)pg_pin(.*)/\1pin\2\n\1    direction : "inout";/g} /home/hosni/OpenFPGA/pdk/sky130A/libs.ref/sky130_fd_sc_hd/lib/sky130_fd_sc_hd__tt_025C_1v80.lib > /home/hosni/mpc/openlane/user_project_1/runs/23_04_23_17_59/tmp/synthesis/2-sky130_fd_sc_hd__tt_025C_1v80.no_pg.lib"

Mon Apr 24 00:59:45 UTC 2023 - Executing "sed -E {s/^([[:space:]]+)pg_pin(.*)/\1pin\2\n\1    direction : "inout";/g} /home/hosni/mpc/openlane/user_project_1/runs/23_04_23_17_59/tmp/synthesis/trimmed.lib > /home/hosni/mpc/openlane/user_project_1/runs/23_04_23_17_59/tmp/synthesis/2-trimmed.no_pg.lib"

Mon Apr 24 00:59:45 UTC 2023 - Executing "yosys -c /openlane/scripts/yosys/synth.tcl |& tee /dev/null /dev/null"

Mon Apr 24 00:59:49 UTC 2023 - Executing "sed -i.bak /defparam/d /home/hosni/mpc/openlane/user_project_1/runs/23_04_23_17_59/tmp/synthesis/pg_define.v"

Mon Apr 24 00:59:49 UTC 2023 - Executing "openroad -exit /openlane/scripts/openroad/floorplan.tcl |& tee /dev/null /home/hosni/mpc/openlane/user_project_1/runs/23_04_23_17_59/logs/floorplan/3-initial_fp.log"

Mon Apr 24 00:59:50 UTC 2023 - Executing "openroad -exit -no_init -python /openlane/scripts/odbpy/defutil.py extract_core_dims --output-data /home/hosni/mpc/openlane/user_project_1/runs/23_04_23_17_59/tmp/dimensions.txt --input-lef /home/hosni/mpc/openlane/user_project_1/runs/23_04_23_17_59/tmp/merged.nom.lef /home/hosni/mpc/openlane/user_project_1/runs/23_04_23_17_59/tmp/floorplan/3-initial_fp.def"

Mon Apr 24 00:59:50 UTC 2023 - Executing "openroad -exit -no_init -python /openlane/scripts/odbpy/io_place.py --config /home/hosni/mpc/openlane/user_project_1/pin_order.cfg --hor-layer met3 --ver-layer met2 --ver-width-mult 4 --hor-width-mult 4 --hor-extension 4.8 --ver-extension 4.8 --length 2.4 --unmatched-error --input-lef /home/hosni/mpc/openlane/user_project_1/runs/23_04_23_17_59/tmp/merged.nom.lef --output-def /home/hosni/mpc/openlane/user_project_1/runs/23_04_23_17_59/tmp/floorplan/4-io.def --output /home/hosni/mpc/openlane/user_project_1/runs/23_04_23_17_59/tmp/floorplan/4-io.odb /home/hosni/mpc/openlane/user_project_1/runs/23_04_23_17_59/tmp/floorplan/3-initial_fp.odb |& tee /dev/null /home/hosni/mpc/openlane/user_project_1/runs/23_04_23_17_59/logs/floorplan/4-place_io.log"

Mon Apr 24 00:59:50 UTC 2023 - Executing "openroad -exit /openlane/scripts/openroad/tapcell.tcl |& tee /dev/null /home/hosni/mpc/openlane/user_project_1/runs/23_04_23_17_59/logs/floorplan/5-tap.log"

Mon Apr 24 00:59:51 UTC 2023 - Executing "openroad -exit /openlane/scripts/openroad/pdn.tcl |& tee /dev/null /home/hosni/mpc/openlane/user_project_1/runs/23_04_23_17_59/logs/floorplan/6-pdn.log"

Mon Apr 24 00:59:58 UTC 2023 - Executing "openroad -exit /openlane/scripts/openroad/gpl.tcl |& tee /dev/null /home/hosni/mpc/openlane/user_project_1/runs/23_04_23_17_59/logs/placement/7-global.log"

Mon Apr 24 01:00:01 UTC 2023 - Executing "openroad -exit /openlane/scripts/openroad/resizer.tcl |& tee /dev/null /home/hosni/mpc/openlane/user_project_1/runs/23_04_23_17_59/logs/placement/8-resizer.log"

Mon Apr 24 01:00:03 UTC 2023 - Executing "sed -i.bak -e {s/\(set ::env(CURRENT_NETLIST)\).*/\1 \/home\/hosni\/mpc\/openlane\/user_project_1\/runs\/23_04_23_17_59\/tmp\/placement\/8-resizer.nl.v/} /home/hosni/mpc/openlane/user_project_1/runs/23_04_23_17_59/config.tcl"

Mon Apr 24 01:00:03 UTC 2023 - Executing "openroad -exit /openlane/scripts/openroad/dpl.tcl |& tee /dev/null /home/hosni/mpc/openlane/user_project_1/runs/23_04_23_17_59/logs/placement/9-detailed.log"

Mon Apr 24 01:00:04 UTC 2023 - Executing "sed -i.bak -e {s/\(set ::env(CURRENT_NETLIST)\).*/\1 \/home\/hosni\/mpc\/openlane\/user_project_1\/runs\/23_04_23_17_59\/results\/placement\/user_project_1.nl.v/} /home/hosni/mpc/openlane/user_project_1/runs/23_04_23_17_59/config.tcl"

Mon Apr 24 01:00:04 UTC 2023 - Executing "openroad -exit /openlane/scripts/openroad/cts.tcl |& tee /dev/null /home/hosni/mpc/openlane/user_project_1/runs/23_04_23_17_59/logs/cts/10-cts.log"

Mon Apr 24 01:00:32 UTC 2023 - Executing "openroad -exit /openlane/scripts/openroad/resizer_timing.tcl |& tee /dev/null /home/hosni/mpc/openlane/user_project_1/runs/23_04_23_17_59/logs/cts/11-resizer.log"

Mon Apr 24 01:00:35 UTC 2023 - Executing "sed -i.bak -e {s/\(set ::env(CURRENT_NETLIST)\).*/\1 \/home\/hosni\/mpc\/openlane\/user_project_1\/runs\/23_04_23_17_59\/tmp\/cts\/11-user_project_1.resized.nl.v/} /home/hosni/mpc/openlane/user_project_1/runs/23_04_23_17_59/config.tcl"

Mon Apr 24 01:00:35 UTC 2023 - Executing "openroad -exit /openlane/scripts/openroad/resizer_routing_design.tcl |& tee /dev/null /home/hosni/mpc/openlane/user_project_1/runs/23_04_23_17_59/logs/routing/12-resizer_design.log"

Mon Apr 24 01:00:56 UTC 2023 - Executing "sed -i.bak -e {s/\(set ::env(CURRENT_NETLIST)\).*/\1 \/home\/hosni\/mpc\/openlane\/user_project_1\/runs\/23_04_23_17_59\/tmp\/12-user_project_1.nl.v/} /home/hosni/mpc/openlane/user_project_1/runs/23_04_23_17_59/config.tcl"

Mon Apr 24 01:00:56 UTC 2023 - Executing "openroad -exit /openlane/scripts/openroad/resizer_routing_timing.tcl |& tee /dev/null /home/hosni/mpc/openlane/user_project_1/runs/23_04_23_17_59/logs/routing/13-resizer_timing.log"

Mon Apr 24 01:01:10 UTC 2023 - Executing "sed -i.bak -e {s/\(set ::env(CURRENT_NETLIST)\).*/\1 \/home\/hosni\/mpc\/openlane\/user_project_1\/runs\/23_04_23_17_59\/tmp\/13-user_project_1.nl.v/} /home/hosni/mpc/openlane/user_project_1/runs/23_04_23_17_59/config.tcl"

Mon Apr 24 01:01:10 UTC 2023 - Executing "openroad -exit -no_init -python /openlane/scripts/odbpy/diodes.py place --diode-cell sky130_fd_sc_hd__diode_2 --diode-pin DIODE --threshold Infinity --side-strategy source --port-protect both --input-lef /home/hosni/mpc/openlane/user_project_1/runs/23_04_23_17_59/tmp/merged.nom.lef --output-def /home/hosni/mpc/openlane/user_project_1/runs/23_04_23_17_59/tmp/routing/14-io_diodes.def --output /home/hosni/mpc/openlane/user_project_1/runs/23_04_23_17_59/tmp/routing/14-io_diodes.odb /home/hosni/mpc/openlane/user_project_1/runs/23_04_23_17_59/tmp/13-user_project_1.odb |& tee /dev/null /home/hosni/mpc/openlane/user_project_1/runs/23_04_23_17_59/logs/routing/14-io_diodes.log"

Mon Apr 24 01:01:11 UTC 2023 - Executing "openroad -exit /openlane/scripts/openroad/dpl.tcl |& tee /dev/null /home/hosni/mpc/openlane/user_project_1/runs/23_04_23_17_59/logs/routing/15-io_diode_legalization.log"

Mon Apr 24 01:01:12 UTC 2023 - Executing "sed -i.bak -e {s/\(set ::env(CURRENT_NETLIST)\).*/\1 \/home\/hosni\/mpc\/openlane\/user_project_1\/runs\/23_04_23_17_59\/tmp\/routing\/.\/14-io_diode_legalized.nl.v/} /home/hosni/mpc/openlane/user_project_1/runs/23_04_23_17_59/config.tcl"

Mon Apr 24 01:01:12 UTC 2023 - Executing "openroad -exit -no_init -python /openlane/scripts/odbpy/diodes.py place --diode-cell sky130_fd_sc_hd__diode_2 --diode-pin DIODE --threshold 400 --side-strategy source --port-protect none --input-lef /home/hosni/mpc/openlane/user_project_1/runs/23_04_23_17_59/tmp/merged.nom.lef --output-def /home/hosni/mpc/openlane/user_project_1/runs/23_04_23_17_59/tmp/routing/16-diodes.def --output /home/hosni/mpc/openlane/user_project_1/runs/23_04_23_17_59/tmp/routing/16-diodes.odb /home/hosni/mpc/openlane/user_project_1/runs/23_04_23_17_59/tmp/routing/./14-io_diode_legalized.odb |& tee /dev/null /home/hosni/mpc/openlane/user_project_1/runs/23_04_23_17_59/logs/routing/16-diodes.log"

Mon Apr 24 01:01:13 UTC 2023 - Executing "openroad -exit /openlane/scripts/openroad/dpl.tcl |& tee /dev/null /home/hosni/mpc/openlane/user_project_1/runs/23_04_23_17_59/logs/routing/17-diode_legalization.log"

Mon Apr 24 01:01:14 UTC 2023 - Executing "sed -i.bak -e {s/\(set ::env(CURRENT_NETLIST)\).*/\1 \/home\/hosni\/mpc\/openlane\/user_project_1\/runs\/23_04_23_17_59\/tmp\/routing\/.\/16-diodes_legalized.nl.v/} /home/hosni/mpc/openlane/user_project_1/runs/23_04_23_17_59/config.tcl"

Mon Apr 24 01:01:14 UTC 2023 - Executing "openroad -exit /openlane/scripts/openroad/groute.tcl |& tee /dev/null /home/hosni/mpc/openlane/user_project_1/runs/23_04_23_17_59/logs/routing/18-global.log"

Mon Apr 24 01:01:17 UTC 2023 - Executing "openroad -exit /openlane/scripts/openroad/write_views.tcl |& tee /dev/null /home/hosni/mpc/openlane/user_project_1/runs/23_04_23_17_59/logs/routing/18-global_write_netlist.log"

Mon Apr 24 01:01:18 UTC 2023 - Executing "sed -i.bak -e {s/\(set ::env(CURRENT_NETLIST)\).*/\1 \/home\/hosni\/mpc\/openlane\/user_project_1\/runs\/23_04_23_17_59\/tmp\/routing\/global.nl.v/} /home/hosni/mpc/openlane/user_project_1/runs/23_04_23_17_59/config.tcl"

Mon Apr 24 01:01:18 UTC 2023 - Executing "openroad -exit /openlane/scripts/openroad/fill.tcl |& tee /dev/null /home/hosni/mpc/openlane/user_project_1/runs/23_04_23_17_59/logs/routing/20-fill.log"

Mon Apr 24 01:01:21 UTC 2023 - Executing "sed -i.bak -e {s/\(set ::env(CURRENT_NETLIST)\).*/\1 \/home\/hosni\/mpc\/openlane\/user_project_1\/runs\/23_04_23_17_59\/tmp\/routing\/20-fill.nl.v/} /home/hosni/mpc/openlane/user_project_1/runs/23_04_23_17_59/config.tcl"

Mon Apr 24 01:01:21 UTC 2023 - Executing "openroad -exit /openlane/scripts/openroad/droute.tcl |& tee /dev/null /home/hosni/mpc/openlane/user_project_1/runs/23_04_23_17_59/logs/routing/21-detailed.log"

Mon Apr 24 01:02:12 UTC 2023 - Executing "sed -i.bak -e {s/\(set ::env(CURRENT_NETLIST)\).*/\1 \/home\/hosni\/mpc\/openlane\/user_project_1\/runs\/23_04_23_17_59\/results\/routing\/user_project_1.nl.v/} /home/hosni/mpc/openlane/user_project_1/runs/23_04_23_17_59/config.tcl"

Mon Apr 24 01:02:12 UTC 2023 - Executing "python3 /openlane/scripts/drc_rosetta.py tr to_klayout -o /home/hosni/mpc/openlane/user_project_1/runs/23_04_23_17_59/reports/routing/drt.klayout.xml --design-name user_project_1 /home/hosni/mpc/openlane/user_project_1/runs/23_04_23_17_59/reports/routing/drt.drc"

Mon Apr 24 01:02:12 UTC 2023 - Executing "openroad -exit -no_init -python /openlane/scripts/odbpy/wire_lengths.py --report-out /home/hosni/mpc/openlane/user_project_1/runs/23_04_23_17_59/reports/routing/22-wire_lengths.csv --input-lef /home/hosni/mpc/openlane/user_project_1/runs/23_04_23_17_59/tmp/merged.nom.lef --output-def /dev/null --output /home/hosni/mpc/openlane/user_project_1/runs/23_04_23_17_59/results/routing/user_project_1.odb /home/hosni/mpc/openlane/user_project_1/runs/23_04_23_17_59/results/routing/user_project_1.odb |& tee /dev/null /home/hosni/mpc/openlane/user_project_1/runs/23_04_23_17_59/logs/routing/22-wire_lengths.log"

Mon Apr 24 01:02:14 UTC 2023 - Executing "openroad -exit /openlane/scripts/openroad/rcx.tcl |& tee /dev/null /home/hosni/mpc/openlane/user_project_1/runs/23_04_23_17_59/logs/signoff/23-parasitics_extraction.min.log"

Mon Apr 24 01:02:17 UTC 2023 - Executing "openroad -exit /openlane/scripts/openroad/sta_multi_corner.tcl |& tee /dev/null /home/hosni/mpc/openlane/user_project_1/runs/23_04_23_17_59/logs/signoff/24-rcx_mcsta.min.log"

Mon Apr 24 01:03:05 UTC 2023 - Executing "openroad -exit /openlane/scripts/openroad/rcx.tcl |& tee /dev/null /home/hosni/mpc/openlane/user_project_1/runs/23_04_23_17_59/logs/signoff/25-parasitics_extraction.max.log"

Mon Apr 24 01:03:08 UTC 2023 - Executing "openroad -exit /openlane/scripts/openroad/sta_multi_corner.tcl |& tee /dev/null /home/hosni/mpc/openlane/user_project_1/runs/23_04_23_17_59/logs/signoff/26-rcx_mcsta.max.log"

Mon Apr 24 01:03:56 UTC 2023 - Executing "openroad -exit /openlane/scripts/openroad/rcx.tcl |& tee /dev/null /home/hosni/mpc/openlane/user_project_1/runs/23_04_23_17_59/logs/signoff/27-parasitics_extraction.nom.log"

Mon Apr 24 01:03:59 UTC 2023 - Executing "openroad -exit /openlane/scripts/openroad/sta_multi_corner.tcl |& tee /dev/null /home/hosni/mpc/openlane/user_project_1/runs/23_04_23_17_59/logs/signoff/28-rcx_mcsta.nom.log"

Mon Apr 24 01:04:47 UTC 2023 - Executing "openroad -exit /openlane/scripts/openroad/sta.tcl |& tee /dev/null /home/hosni/mpc/openlane/user_project_1/runs/23_04_23_17_59/logs/signoff/29-rcx_sta.log"

Mon Apr 24 01:05:02 UTC 2023 - Executing "openroad -exit /openlane/scripts/openroad/irdrop.tcl |& tee /dev/null /home/hosni/mpc/openlane/user_project_1/runs/23_04_23_17_59/logs/signoff/30-irdrop.log"

Mon Apr 24 01:05:08 UTC 2023 - Executing "magic -noconsole -dnull -rcfile /home/hosni/OpenFPGA/pdk/sky130A/libs.tech/magic/sky130A.magicrc < /openlane/scripts/magic/def/mag_gds.tcl |& tee /dev/null /home/hosni/mpc/openlane/user_project_1/runs/23_04_23_17_59/logs/signoff/31-gdsii.log"

Mon Apr 24 01:05:22 UTC 2023 - Executing "magic -noconsole -dnull -rcfile /home/hosni/OpenFPGA/pdk/sky130A/libs.tech/magic/sky130A.magicrc < /openlane/scripts/magic/gds/mag_with_pointers.tcl |& tee /dev/null /home/hosni/mpc/openlane/user_project_1/runs/23_04_23_17_59/logs/signoff/31-gds_ptrs.log"

Mon Apr 24 01:05:33 UTC 2023 - Executing "sed -i.bak -n {/^<< properties >>/,/^<< end >>/p} /home/hosni/mpc/openlane/user_project_1/runs/23_04_23_17_59/tmp/signoff/gds_ptrs.mag"

Mon Apr 24 01:05:33 UTC 2023 - Executing "magic -noconsole -dnull -rcfile /home/hosni/OpenFPGA/pdk/sky130A/libs.tech/magic/sky130A.magicrc < /openlane/scripts/magic/mag/lef.tcl |& tee /dev/null /home/hosni/mpc/openlane/user_project_1/runs/23_04_23_17_59/logs/signoff/31-lef.log"

Mon Apr 24 01:06:32 UTC 2023 - Executing "magic -noconsole -dnull -rcfile /home/hosni/OpenFPGA/pdk/sky130A/libs.tech/magic/sky130A.magicrc < /openlane/scripts/magic/lef/maglef.tcl |& tee /dev/null /home/hosni/mpc/openlane/user_project_1/runs/23_04_23_17_59/logs/signoff/31-maglef.log"

Mon Apr 24 01:06:32 UTC 2023 - Executing "magic -noconsole -dnull -rcfile /home/hosni/OpenFPGA/pdk/sky130A/libs.tech/magic/sky130A.magicrc < /openlane/scripts/magic/extract_spice.tcl |& tee /dev/null /home/hosni/mpc/openlane/user_project_1/runs/23_04_23_17_59/logs/signoff/32-spice.log"

Mon Apr 24 01:11:07 UTC 2023 - Executing "openroad -exit -no_init -python /openlane/scripts/odbpy/power_utils.py write_powered_def --output /home/hosni/mpc/openlane/user_project_1/runs/23_04_23_17_59/tmp/signoff/32-user_project_1.p.def --input-lef /home/hosni/mpc/openlane/user_project_1/runs/23_04_23_17_59/tmp/merged.nom.lef --power-port VPWR --ground-port VGND --powered-netlist /home/hosni/mpc/openlane/user_project_1/runs/23_04_23_17_59/tmp/synthesis/pg_define.v /home/hosni/mpc/openlane/user_project_1/runs/23_04_23_17_59/results/routing/user_project_1.def |& tee /dev/null /home/hosni/mpc/openlane/user_project_1/runs/23_04_23_17_59/logs/signoff/33-write_powered_def.log"

Mon Apr 24 01:11:13 UTC 2023 - Executing "openroad -exit /openlane/scripts/openroad/write_views.tcl |& tee /dev/null /home/hosni/mpc/openlane/user_project_1/runs/23_04_23_17_59/logs/signoff/33-write_powered_verilog.log"

Mon Apr 24 01:11:15 UTC 2023 - Executing "sed -i.bak -e {s/\(set ::env(CURRENT_NETLIST)\).*/\1 \/home\/hosni\/mpc\/openlane\/user_project_1\/runs\/23_04_23_17_59\/tmp\/signoff\/32-user_project_1.nl.v/} /home/hosni/mpc/openlane/user_project_1/runs/23_04_23_17_59/config.tcl"

Mon Apr 24 01:11:15 UTC 2023 - Executing "netgen -batch source /home/hosni/mpc/openlane/user_project_1/runs/23_04_23_17_59/tmp/signoff/35-setup_file.lef.lvs |& tee /dev/null /home/hosni/mpc/openlane/user_project_1/runs/23_04_23_17_59/logs/signoff/35-lvs.lef.log"

Mon Apr 24 01:11:29 UTC 2023 - Executing "magic -noconsole -dnull -rcfile /home/hosni/OpenFPGA/pdk/sky130A/libs.tech/magic/sky130A.magicrc < /openlane/scripts/magic/drc.tcl |& tee /dev/null /home/hosni/mpc/openlane/user_project_1/runs/23_04_23_17_59/logs/signoff/36-drc.log"

Mon Apr 24 01:17:39 UTC 2023 - Executing "python3 /openlane/scripts/drc_rosetta.py magic to_tcl -o /home/hosni/mpc/openlane/user_project_1/runs/23_04_23_17_59/reports/signoff/drc.tcl /home/hosni/mpc/openlane/user_project_1/runs/23_04_23_17_59/reports/signoff/drc.rpt"

Mon Apr 24 01:17:39 UTC 2023 - Executing "python3 /openlane/scripts/drc_rosetta.py magic to_tr -o /home/hosni/mpc/openlane/user_project_1/runs/23_04_23_17_59/reports/signoff/drc.tr /home/hosni/mpc/openlane/user_project_1/runs/23_04_23_17_59/reports/signoff/drc.rpt"

Mon Apr 24 01:17:39 UTC 2023 - Executing "python3 /openlane/scripts/drc_rosetta.py tr to_klayout -o /home/hosni/mpc/openlane/user_project_1/runs/23_04_23_17_59/reports/signoff/drc.klayout.xml --design-name user_project_1 /home/hosni/mpc/openlane/user_project_1/runs/23_04_23_17_59/reports/signoff/drc.tr"

Mon Apr 24 01:17:39 UTC 2023 - Executing "python3 /openlane/scripts/drc_rosetta.py magic to_rdb -o /home/hosni/mpc/openlane/user_project_1/runs/23_04_23_17_59/reports/signoff/drc.rdb /home/hosni/mpc/openlane/user_project_1/runs/23_04_23_17_59/reports/signoff/drc.rpt"

Mon Apr 24 01:17:40 UTC 2023 - Executing "openroad -exit /openlane/scripts/openroad/antenna_check.tcl |& tee /dev/null /home/hosni/mpc/openlane/user_project_1/runs/23_04_23_17_59/logs/signoff/37-antenna.log"

Mon Apr 24 01:17:42 UTC 2023 - Executing "python3 /openlane/scripts/extract_antenna_violators.py --output /home/hosni/mpc/openlane/user_project_1/runs/23_04_23_17_59/reports/signoff/37-antenna_violators.rpt /home/hosni/mpc/openlane/user_project_1/runs/23_04_23_17_59/logs/signoff/37-antenna.log"

